#
# A fatal error has been detected by the Java Runtime Environment:
#
#  SIGBUS (0xa) at pc=0x000000010dc654f0, pid=14739, tid=35599
#
# JRE version: Java(TM) SE Runtime Environment (17.0.1+12) (build 17.0.1+12-LTS-39)
# Java VM: Java HotSpot(TM) 64-Bit Server VM (17.0.1+12-LTS-39, mixed mode, sharing, tiered, compressed oops, compressed class ptrs, g1 gc, bsd-aarch64)
# Problematic frame:
# v  ~StubRoutines::SafeFetchN
#
# No core dump will be written. Core dumps have been disabled. To enable core dumping, try "ulimit -c unlimited" before starting Java again
#
# If you would like to submit a bug report, please visit:
#   https://bugreport.java.com/bugreport/crash.jsp
# The crash happened outside the Java Virtual Machine in native code.
# See problematic frame for where to report the bug.
#

---------------  S U M M A R Y ------------

Command Line: -javaagent:/Applications/IntelliJ IDEA.app/Contents/lib/idea_rt.jar=59438:/Applications/IntelliJ IDEA.app/Contents/bin -Dfile.encoding=UTF-8 --module-path=/Users/louislombard/Documents/Cours/4IF/TRUEAGILE/de/target/classes:/Users/louislombard/.m2/repository/org/openjfx/javafx-controls/17.0.1/javafx-controls-17.0.1.jar:/Users/louislombard/.m2/repository/org/openjfx/javafx-controls/17.0.1/javafx-controls-17.0.1-mac-aarch64.jar:/Users/louislombard/.m2/repository/org/openjfx/javafx-graphics/17.0.1/javafx-graphics-17.0.1.jar:/Users/louislombard/.m2/repository/org/openjfx/javafx-graphics/17.0.1/javafx-graphics-17.0.1-mac-aarch64.jar:/Users/louislombard/.m2/repository/org/openjfx/javafx-fxml/17.0.1/javafx-fxml-17.0.1.jar:/Users/louislombard/.m2/repository/org/openjfx/javafx-fxml/17.0.1/javafx-fxml-17.0.1-mac-aarch64.jar:/Users/louislombard/.m2/repository/com/gluonhq/attach/util/4.0.11/util-4.0.11.jar:/Users/louislombard/.m2/repository/com/gluonhq/attach/storage/4.0.11/storage-4.0.11-desktop.jar:/Users/louislombard/.m2/repository/com/gluonhq/maps/2.0.0-ea+1/maps-2.0.0-ea+1.jar:/Users/louislombard/.m2/repository/org/openjfx/javafx-base/11.0.2/javafx-base-11.0.2.jar:/Users/louislombard/.m2/repository/org/openjfx/javafx-base/11.0.2/javafx-base-11.0.2-mac.jar -Djdk.module.main=org.hexanome org.hexanome/org.hexanome.vue.App

Host: "MacBookAir10,1" arm64 1 MHz, 8 cores, 16G, Darwin 21.1.0, macOS 12.0.1 (21A559)
Time: Sat Nov 27 16:40:17 2021 CET elapsed time: 6.949092 seconds (0d 0h 0m 6s)

---------------  T H R E A D  ---------------

Current thread (0x0000000121183800):  JavaThread "InvokeLaterDispatcher" daemon [_thread_in_native, id=35599, stack(0x000000016e7ec000,0x000000016e9ef000)]

Stack: [0x000000016e7ec000,0x000000016e9ef000],  sp=0x000000016e9ee7a0,  free space=2057k
Native frames: (J=compiled Java code, j=interpreted, Vv=VM code, C=native code)
v  ~StubRoutines::SafeFetchN
V  [libjvm.dylib+0x79e208]  _ZN10OopStorage7releaseEPKP7oopDesc+0x20
V  [libjvm.dylib+0x4b8f30]  jni_DeleteGlobalRef+0xc4
C  [libglass.dylib+0xab08]  -[GlassRunnable dealloc]+0x34
C  [Foundation+0x85e0c]  -[_NSThreadPerformInfo dealloc]+0x30
C  [Foundation+0x525e8]  -[NSObject(NSThreadPerformAdditions) performSelectorOnMainThread:withObject:waitUntilDone:]+0x88
C  0x6c5b80010dc6d8ac
J 2884 c1 com.sun.glass.ui.mac.MacApplication.submitForLaterInvocation(Ljava/lang/Runnable;)V javafx.graphics (6 bytes) @ 0x000000010e79b858 [0x000000010e79b7c0+0x0000000000000098]
C  0x000000070c80acd0

Java frames: (J=compiled Java code, j=interpreted, Vv=VM code)
j  com.sun.glass.ui.mac.MacApplication._submitForLaterInvocation(Ljava/lang/Runnable;)V+0 javafx.graphics
J 2884 c1 com.sun.glass.ui.mac.MacApplication.submitForLaterInvocation(Ljava/lang/Runnable;)V javafx.graphics (6 bytes) @ 0x000000010e79b858 [0x000000010e79b7c0+0x0000000000000098]
j  com.sun.glass.ui.InvokeLaterDispatcher.run()V+82 javafx.graphics
v  ~StubRoutines::call_stub

siginfo: si_signo: 10 (SIGBUS), si_code: 1 (BUS_ADRALN), si_addr: 0x000000010dc654f0

Register to memory mapping:

 x0=0x0000000120f08888 is a global jni handle
 x1=0x0 is NULL
 x2=0x000000070fc028a8 is an oop: com.sun.glass.ui.InvokeLaterDispatcher$Future 
{0x000000070fc028a8} - klass: 'com/sun/glass/ui/InvokeLaterDispatcher$Future'
 - ---- fields (total size 3 words):
 - private 'done' 'Z' @12  true
 - private final 'runnable' 'Ljava/lang/Runnable;' @16  a 'com/sun/javafx/application/PlatformImpl$$Lambda$107+0x0000000800c85d50'{0x000000070f87ef60} (e1f0fdec)
 - final synthetic 'this$0' 'Lcom/sun/glass/ui/InvokeLaterDispatcher;' @20  a 'com/sun/glass/ui/InvokeLaterDispatcher'{0x000000070c80acd0} (e190159a)
 x3=0x0 is NULL
 x4=0x00000000000130a8 is an unknown value
 x5=0x0 is NULL
 x6=0x0 is NULL
 x7=0x0 is NULL
 x8=0x000000010dc654ec is at begin+0 in a stub
StubRoutines::SafeFetchN [0x000000010dc654ec, 0x000000010dc654f8] (12 bytes)
 x9=0x0 is NULL
x10=0x2010000030300000 is an unknown value
x11=0x0000000000000007 is an unknown value
x12=0x0 is NULL
x13=0x00006000024d4070 points into unknown readable memory: 0x0000000000000000 | 00 00 00 00 00 00 00 00
x14=0x0000000000000001 is an unknown value
x15=0x0000000120a11f98: OBJC_CLASS_$_GlassRunnable+0 in /Users/louislombard/.openjfx/cache/11.0.2/libglass.dylib at 0x00000001209cc000
x16=0x000000018b6bc340: pthread_getspecific+0 in /usr/lib/system/libsystem_pthread.dylib at 0x000000018b6ba000
x17=0x0000600002e979c0 points into unknown readable memory: 0xfffffffffffffffe | fe ff ff ff ff ff ff ff
x18=0x0 is NULL
x19=0x0000600002195500 points into unknown readable memory: 0x0000600000890360 | 60 03 89 00 00 60 00 00
x20=0x0000000120f08680 points into unknown readable memory: 0x0000000000000000 | 00 00 00 00 00 00 00 00
x21=0x0000000120f08888 is a global jni handle
x22=0x0000000121183800 is a thread
x23=0x0000000000000001 is an unknown value
x24=0x0000000120f08840 is a global jni handle
x25=0x00000001061915d8: _ZN12StubRoutines17_safefetchN_entryE+0 in /Library/Java/JavaVirtualMachines/jdk-17.0.1.jdk/Contents/Home/lib/server/libjvm.dylib at 0x0000000105600000
x26=0x0000000120518bb8 is pointing into metadata
x27=0x0 is NULL
x28=0x0000000121183800 is a thread


Registers:
 x0=0x0000000120f08888  x1=0x0000000000000000  x2=0x000000070fc028a8  x3=0x0000000000000000
 x4=0x00000000000130a8  x5=0x0000000000000000  x6=0x0000000000000000  x7=0x0000000000000000
 x8=0x000000010dc654ec  x9=0x0000000000000000 x10=0x2010000030300000 x11=0x0000000000000007
x12=0x0000000000000000 x13=0x00006000024d4070 x14=0x0000000000000001 x15=0x0000000120a11f98
x16=0x000000018b6bc340 x17=0x0000600002e979c0 x18=0x0000000000000000 x19=0x0000600002195500
x20=0x0000000120f08680 x21=0x0000000120f08888 x22=0x0000000121183800 x23=0x0000000000000001
x24=0x0000000120f08840 x25=0x00000001061915d8 x26=0x0000000120518bb8 x27=0x0000000000000000
x28=0x0000000121183800  fp=0x000000016e9ee7e0  lr=0x0000000105d9cfd8  sp=0x000000016e9ee7a0
pc=0x000000010dc654f0 cpsr=0x0000000060001000
Top of Stack: (sp=0x000000016e9ee7a0)
0x000000016e9ee7a0:   0000000120518bb8 0000000000000001
0x000000016e9ee7b0:   000000016e9ee998 0000600000984840
0x000000016e9ee7c0:   0000000000000000 0000000120f08858
0x000000016e9ee7d0:   0000000120f08858 0000600002195500
0x000000016e9ee7e0:   000000016e9ee820 0000000105d9e208
0x000000016e9ee7f0:   0000000000000001 0000000120f08858
0x000000016e9ee800:   0000000000000000 0000000120f08858
0x000000016e9ee810:   0000000000000001 0000000126931000
0x000000016e9ee820:   000000016e9ee850 0000000105ab8f30
0x000000016e9ee830:   0000600000984850 00000001d58e99f4
0x000000016e9ee840:   0000000000000000 0000600000984850
0x000000016e9ee850:   000000016e9ee880 00000001209d6b08
0x000000016e9ee860:   a90838bf93330034 0000000000000000
0x000000016e9ee870:   0000000000000000 0000600001f7c080
0x000000016e9ee880:   000000016e9ee8c0 000000018c684e0c
0x000000016e9ee890:   000000016e9ee998 0000600000984840
0x000000016e9ee8a0:   0000600000984850 a90838bf93330034
0x000000016e9ee8b0:   0000000000000000 0000000000000000
0x000000016e9ee8c0:   000000016e9ee900 ae5980018c6515e8
0x000000016e9ee8d0:   000000016e9ee998 000000010dc6c7c0
0x000000016e9ee8e0:   0000000000000000 0000000106198f90
0x000000016e9ee8f0:   000000016e9ee910 000000010dc6b730
0x000000016e9ee900:   000000016e9ee970 6c5b80010dc6d8ac
0x000000016e9ee910:   0000000121183800 0000000000000000
0x000000016e9ee920:   000000016e9ee920 0000000000000000
0x000000016e9ee930:   000000016e9ee998 0000000120518bb8
0x000000016e9ee940:   000000070c89d068 0000000000000000
0x000000016e9ee950:   0000000000000000 00000001204f21b8
0x000000016e9ee960:   0000000000000000 000000016e9ee9a0
0x000000016e9ee970:   000000016e9eea80 000000010e79b858
0x000000016e9ee980:   0000000000000000 0000000000000000
0x000000016e9ee990:   000000070fc028a8 000000070c89d0e0 

Instructions: (pc=0x000000010dc654f0)
0x000000010dc653f0:   f2a0c2a9 f2c00029 6d425935 1e640886
0x000000010dc65400:   0c402d31 1e6408c7 1f5654d0 1e6c1017
0x000000010dc65410:   1f5050d0 1f504cd0 1f5048d0 1e650af6
0x000000010dc65420:   1f50d8f6 1f5694d6 1f5158f6 1e762880
0x000000010dc65430:   36000501 1e614000 14000026 2e251ca5
0x000000010dc65440:   d29c3009 f2a0c2a9 f2c00029 6d425d36
0x000000010dc65450:   1e600806 0c402d32 1f5758c7 1e6c101a
0x000000010dc65460:   1f4754c7 1e650805 1f4750c7 d2866668
0x000000010dc65470:   f2a7fa68 1f474cc7 1e6608c0 1f4748c7
0x000000010dc65480:   1e6e1019 eb08007f 540000ac 1f479400
0x000000010dc65490:   1f460340 1e603b20 1400000e d2a7fd29
0x000000010dc654a0:   eb09007f 540000ac 51480069 d3607d29
0x000000010dc654b0:   9e670121 14000002 1e6a5001 1f679417
0x000000010dc654c0:   1f668742 1e613b23 1e773857 1e773860
0x000000010dc654d0:   a8c17ff3 910003bf a8c17bfd d65f03c0
0x000000010dc654e0:   b9400001 aa0103e0 d65f03c0 f9400001
0x000000010dc654f0:   aa0103e0 d65f03c0 00000000 00000000
0x000000010dc65500:   00000000 00000000 00000000 00000000
0x000000010dc65510:   00000000 00000000 00000000 00000000
0x000000010dc65520:   00000000 00000000 00000000 00000000
0x000000010dc65530:   00000000 00000000 00000000 00000000
0x000000010dc65540:   00000000 00000000 00000000 00000000
0x000000010dc65550:   00000000 00000000 00000000 00000000
0x000000010dc65560:   00000000 00000000 00000000 00000000
0x000000010dc65570:   00000000 00000000 00000000 00000000
0x000000010dc65580:   00000000 00000000 00000000 00000000
0x000000010dc65590:   00000000 00000000 00000000 00000000
0x000000010dc655a0:   00000000 00000000 00000000 00000000
0x000000010dc655b0:   00000000 00000000 00000000 00000000
0x000000010dc655c0:   00000000 00000000 00000000 00000000
0x000000010dc655d0:   00000000 00000000 00000000 00000000
0x000000010dc655e0:   00000000 00000000 00000000 00000000 


Stack slot to memory mapping:
stack at sp + 0 slots: 0x0000000120518bb8 is pointing into metadata
stack at sp + 1 slots: 0x0000000000000001 is an unknown value
stack at sp + 2 slots: 0x000000016e9ee998 is pointing into the stack for thread: 0x0000000121183800
stack at sp + 3 slots: 0x0000600000984840 points into unknown readable memory: 0x01000001e439e081 | 81 e0 39 e4 01 00 00 01
stack at sp + 4 slots: 0x0 is NULL
stack at sp + 5 slots: 0x0000000120f08858 is a global jni handle
stack at sp + 6 slots: 0x0000000120f08858 is a global jni handle
stack at sp + 7 slots: 0x0000600002195500 points into unknown readable memory: 0x0000600000890360 | 60 03 89 00 00 60 00 00

StubRoutines::SafeFetchN [0x000000010dc654ec, 0x000000010dc654f8] (12 bytes)
[MachCode]
  0x000000010dc654ec: 0100 40f9 | e003 01aa | c003 5fd6 
[/MachCode]

---------------  P R O C E S S  ---------------

Threads class SMR info:
_java_thread_list=0x0000600000a78120, length=29, elements={
0x0000000122012200, 0x00000001210dc200, 0x000000012680a400, 0x0000000122043e00,
0x0000000122044400, 0x0000000122043400, 0x0000000122047e00, 0x0000000122048400,
0x0000000121808e00, 0x0000000127820200, 0x00000001220bb200, 0x0000000122046a00,
0x0000000121809400, 0x0000000121183800, 0x0000000126931000, 0x00000001219b7600,
0x00000001212b1800, 0x0000000126ce5000, 0x0000000122463800, 0x000000012247cc00,
0x000000012157c600, 0x0000000121588600, 0x0000000122478c00, 0x0000000121886000,
0x0000000121eb8400, 0x0000000121ed4a00, 0x0000000121ed2200, 0x0000000121ec6200,
0x00000001212a8400
}

Java Threads: ( => current thread )
  0x0000000122012200 JavaThread "main" [_thread_blocked, id=6147, stack(0x000000016b9cc000,0x000000016bbcf000)]
  0x00000001210dc200 JavaThread "Reference Handler" daemon [_thread_blocked, id=15363, stack(0x000000016c820000,0x000000016ca23000)]
  0x000000012680a400 JavaThread "Finalizer" daemon [_thread_blocked, id=16643, stack(0x000000016ca2c000,0x000000016cc2f000)]
  0x0000000122043e00 JavaThread "Signal Dispatcher" daemon [_thread_blocked, id=41987, stack(0x000000016cd50000,0x000000016cf53000)]
  0x0000000122044400 JavaThread "Service Thread" daemon [_thread_blocked, id=22531, stack(0x000000016cf5c000,0x000000016d15f000)]
  0x0000000122043400 JavaThread "Monitor Deflation Thread" daemon [_thread_blocked, id=23043, stack(0x000000016d168000,0x000000016d36b000)]
  0x0000000122047e00 JavaThread "C2 CompilerThread0" daemon [_thread_in_native, id=23555, stack(0x000000016d374000,0x000000016d577000)]
  0x0000000122048400 JavaThread "C1 CompilerThread0" daemon [_thread_blocked, id=41475, stack(0x000000016d580000,0x000000016d783000)]
  0x0000000121808e00 JavaThread "Sweeper thread" daemon [_thread_blocked, id=40963, stack(0x000000016d78c000,0x000000016d98f000)]
  0x0000000127820200 JavaThread "Common-Cleaner" daemon [_thread_blocked, id=40451, stack(0x000000016d998000,0x000000016db9b000)]
  0x00000001220bb200 JavaThread "Monitor Ctrl-Break" daemon [_thread_in_native, id=24579, stack(0x000000016dfbc000,0x000000016e1bf000)]
  0x0000000122046a00 JavaThread "Notification Thread" daemon [_thread_blocked, id=25091, stack(0x000000016e1c8000,0x000000016e3cb000)]
  0x0000000121809400 JavaThread "QuantumRenderer-0" daemon [_thread_blocked, id=38915, stack(0x000000016e5e0000,0x000000016e7e3000)]
=>0x0000000121183800 JavaThread "InvokeLaterDispatcher" daemon [_thread_in_native, id=35599, stack(0x000000016e7ec000,0x000000016e9ef000)]
  0x0000000126931000 JavaThread "JavaFX Application Thread" [_thread_in_vm, id=259, stack(0x000000016b144000,0x000000016b940000)]
  0x00000001219b7600 JavaThread "JavaFX-Launcher" [_thread_blocked, id=74499, stack(0x000000016e9f8000,0x000000016ebfb000)]
  0x00000001212b1800 JavaThread "Prism Font Disposer" daemon [_thread_blocked, id=69675, stack(0x000000016f8d8000,0x000000016fadb000)]
  0x0000000126ce5000 JavaThread "Cleaner-0" daemon [_thread_blocked, id=72199, stack(0x000000016fae4000,0x000000016fce7000)]
  0x0000000122463800 JavaThread "Attach Listener" daemon [_thread_blocked, id=51979, stack(0x0000000285ac8000,0x0000000285ccb000)]
  0x000000012247cc00 JavaThread "PulseTimer-CVDisplayLink thread" daemon [_thread_in_native, id=169731, stack(0x0000000286e00000,0x0000000286e83000)]
  0x000000012157c600 JavaThread "C2 CompilerThread1" daemon [_thread_blocked, id=64007, stack(0x0000000287090000,0x0000000287293000)]
  0x0000000121588600 JavaThread "C2 CompilerThread2" daemon [_thread_blocked, id=171551, stack(0x000000028729c000,0x000000028749f000)]
  0x0000000122478c00 JavaThread "TileType CacheImagesThread" daemon [_thread_in_native, id=62223, stack(0x00000002874a8000,0x00000002876ab000)]
  0x0000000121886000 JavaThread "Thread-5" [_thread_blocked, id=171307, stack(0x00000002876b4000,0x00000002878b7000)]
  0x0000000121eb8400 JavaThread "Thread-6" [_thread_blocked, id=72519, stack(0x00000002878c0000,0x0000000287ac3000)]
  0x0000000121ed4a00 JavaThread "Thread-7" [_thread_blocked, id=90371, stack(0x0000000287acc000,0x0000000287ccf000)]
  0x0000000121ed2200 JavaThread "Thread-8" [_thread_blocked, id=168963, stack(0x0000000287cd8000,0x0000000287edb000)]
  0x0000000121ec6200 JavaThread "Thread-9" daemon [_thread_blocked, id=89107, stack(0x00000002890bc000,0x00000002892bf000)]
  0x00000001212a8400 JavaThread "Thread-10" daemon [_thread_blocked, id=173347, stack(0x00000002892c8000,0x00000002894cb000)]

Other Threads:
  0x0000000120e0b9c0 VMThread "VM Thread" [stack: 0x000000016c614000,0x000000016c817000] [id=14851]
  0x0000000120f0f780 WatcherThread [stack: 0x000000016e3d4000,0x000000016e5d7000] [id=25347]
  0x0000000120f07560 GCTaskThread "GC Thread#0" [stack: 0x000000016bbd8000,0x000000016bddb000] [id=20227]
  0x0000000120f368b0 GCTaskThread "GC Thread#1" [stack: 0x000000016ec90000,0x000000016ee93000] [id=55043]
  0x0000000120f36d30 GCTaskThread "GC Thread#2" [stack: 0x000000016ee9c000,0x000000016f09f000] [id=73987]
  0x0000000105408000 GCTaskThread "GC Thread#3" [stack: 0x000000016f0a8000,0x000000016f2ab000] [id=73731]
  0x0000000120f371b0 GCTaskThread "GC Thread#4" [stack: 0x000000016f2b4000,0x000000016f4b7000] [id=73219]
  0x0000000120f37630 GCTaskThread "GC Thread#5" [stack: 0x000000016f4c0000,0x000000016f6c3000] [id=72963]
  0x000000011ff091a0 GCTaskThread "GC Thread#6" [stack: 0x0000000287ee4000,0x00000002880e7000] [id=168451]
  0x000000010540c7f0 GCTaskThread "GC Thread#7" [stack: 0x00000002880f0000,0x00000002882f3000] [id=167939]
  0x0000000120e04ef0 ConcurrentGCThread "G1 Main Marker" [stack: 0x000000016bde4000,0x000000016bfe7000] [id=19715]
  0x0000000120e05770 ConcurrentGCThread "G1 Conc#0" [stack: 0x000000016bff0000,0x000000016c1f3000] [id=18947]
  0x0000000120e075e0 ConcurrentGCThread "G1 Refine#0" [stack: 0x000000016c1fc000,0x000000016c3ff000] [id=18435]
  0x0000000120e07e80 ConcurrentGCThread "G1 Service" [stack: 0x000000016c408000,0x000000016c60b000] [id=17923]

Threads with active compile tasks:
C2 CompilerThread0     6952 2858       4       jdk.internal.org.objectweb.asm.Frame::execute (2305 bytes)

VM state: not at safepoint (normal execution)

VM Mutex/Monitor currently owned by a thread: None

Heap address: 0x0000000700000000, size: 4096 MB, Compressed Oops mode: Zero based, Oop shift amount: 3

CDS archive(s) mapped at: [0x0000000800000000-0x0000000800bd4000-0x0000000800bd4000), size 12402688, SharedBaseAddress: 0x0000000800000000, ArchiveRelocationMode: 0.
Compressed class space mapped at: 0x0000000800c00000-0x0000000840c00000, reserved size: 1073741824
Narrow klass base: 0x0000000800000000, Narrow klass shift: 0, Narrow klass range: 0x100000000

GC Precious Log:
 CPUs: 8 total, 8 available
 Memory: 16384M
 Large Page Support: Disabled
 NUMA Support: Disabled
 Compressed Oops: Enabled (Zero based)
 Heap Region Size: 2M
 Heap Min Capacity: 8M
 Heap Initial Capacity: 256M
 Heap Max Capacity: 4G
 Pre-touch: Disabled
 Parallel Workers: 8
 Concurrent Workers: 2
 Concurrent Refinement Workers: 8
 Periodic GC: Disabled

Heap:
 garbage-first heap   total 266240K, used 21660K [0x0000000700000000, 0x0000000800000000)
  region size 2048K, 10 young (20480K), 4 survivors (8192K)
 Metaspace       used 18622K, committed 19008K, reserved 1064960K
  class space    used 2714K, committed 2880K, reserved 1048576K

Heap Regions: E=young(eden), S=young(survivor), O=old, HS=humongous(starts), HC=humongous(continues), CS=collection set, F=free, OA=open archive, CA=closed archive, TAMS=top-at-mark-start (previous, next)
|   0|0x0000000700000000, 0x0000000700200000, 0x0000000700200000|100%|HS|  |TAMS 0x0000000700000000, 0x0000000700000000| Complete 
|   1|0x0000000700200000, 0x000000070032f000, 0x0000000700400000| 59%| O|  |TAMS 0x0000000700200000, 0x0000000700200000| Untracked 
|   2|0x0000000700400000, 0x0000000700400000, 0x0000000700600000|  0%| F|  |TAMS 0x0000000700400000, 0x0000000700400000| Untracked 
|   3|0x0000000700600000, 0x0000000700600000, 0x0000000700800000|  0%| F|  |TAMS 0x0000000700600000, 0x0000000700600000| Untracked 
|   4|0x0000000700800000, 0x0000000700800000, 0x0000000700a00000|  0%| F|  |TAMS 0x0000000700800000, 0x0000000700800000| Untracked 
|   5|0x0000000700a00000, 0x0000000700a00000, 0x0000000700c00000|  0%| F|  |TAMS 0x0000000700a00000, 0x0000000700a00000| Untracked 
|   6|0x0000000700c00000, 0x0000000700c00000, 0x0000000700e00000|  0%| F|  |TAMS 0x0000000700c00000, 0x0000000700c00000| Untracked 
|   7|0x0000000700e00000, 0x0000000700e00000, 0x0000000701000000|  0%| F|  |TAMS 0x0000000700e00000, 0x0000000700e00000| Untracked 
|   8|0x0000000701000000, 0x0000000701000000, 0x0000000701200000|  0%| F|  |TAMS 0x0000000701000000, 0x0000000701000000| Untracked 
|   9|0x0000000701200000, 0x0000000701200000, 0x0000000701400000|  0%| F|  |TAMS 0x0000000701200000, 0x0000000701200000| Untracked 
|  10|0x0000000701400000, 0x0000000701400000, 0x0000000701600000|  0%| F|  |TAMS 0x0000000701400000, 0x0000000701400000| Untracked 
|  11|0x0000000701600000, 0x0000000701600000, 0x0000000701800000|  0%| F|  |TAMS 0x0000000701600000, 0x0000000701600000| Untracked 
|  12|0x0000000701800000, 0x0000000701800000, 0x0000000701a00000|  0%| F|  |TAMS 0x0000000701800000, 0x0000000701800000| Untracked 
|  13|0x0000000701a00000, 0x0000000701a00000, 0x0000000701c00000|  0%| F|  |TAMS 0x0000000701a00000, 0x0000000701a00000| Untracked 
|  14|0x0000000701c00000, 0x0000000701c00000, 0x0000000701e00000|  0%| F|  |TAMS 0x0000000701c00000, 0x0000000701c00000| Untracked 
|  15|0x0000000701e00000, 0x0000000701e00000, 0x0000000702000000|  0%| F|  |TAMS 0x0000000701e00000, 0x0000000701e00000| Untracked 
|  16|0x0000000702000000, 0x0000000702000000, 0x0000000702200000|  0%| F|  |TAMS 0x0000000702000000, 0x0000000702000000| Untracked 
|  17|0x0000000702200000, 0x0000000702200000, 0x0000000702400000|  0%| F|  |TAMS 0x0000000702200000, 0x0000000702200000| Untracked 
|  18|0x0000000702400000, 0x0000000702400000, 0x0000000702600000|  0%| F|  |TAMS 0x0000000702400000, 0x0000000702400000| Untracked 
|  19|0x0000000702600000, 0x0000000702600000, 0x0000000702800000|  0%| F|  |TAMS 0x0000000702600000, 0x0000000702600000| Untracked 
|  20|0x0000000702800000, 0x0000000702800000, 0x0000000702a00000|  0%| F|  |TAMS 0x0000000702800000, 0x0000000702800000| Untracked 
|  21|0x0000000702a00000, 0x0000000702a00000, 0x0000000702c00000|  0%| F|  |TAMS 0x0000000702a00000, 0x0000000702a00000| Untracked 
|  22|0x0000000702c00000, 0x0000000702c00000, 0x0000000702e00000|  0%| F|  |TAMS 0x0000000702c00000, 0x0000000702c00000| Untracked 
|  23|0x0000000702e00000, 0x0000000702e00000, 0x0000000703000000|  0%| F|  |TAMS 0x0000000702e00000, 0x0000000702e00000| Untracked 
|  24|0x0000000703000000, 0x0000000703000000, 0x0000000703200000|  0%| F|  |TAMS 0x0000000703000000, 0x0000000703000000| Untracked 
|  25|0x0000000703200000, 0x0000000703200000, 0x0000000703400000|  0%| F|  |TAMS 0x0000000703200000, 0x0000000703200000| Untracked 
|  26|0x0000000703400000, 0x0000000703400000, 0x0000000703600000|  0%| F|  |TAMS 0x0000000703400000, 0x0000000703400000| Untracked 
|  27|0x0000000703600000, 0x0000000703600000, 0x0000000703800000|  0%| F|  |TAMS 0x0000000703600000, 0x0000000703600000| Untracked 
|  28|0x0000000703800000, 0x0000000703800000, 0x0000000703a00000|  0%| F|  |TAMS 0x0000000703800000, 0x0000000703800000| Untracked 
|  29|0x0000000703a00000, 0x0000000703a00000, 0x0000000703c00000|  0%| F|  |TAMS 0x0000000703a00000, 0x0000000703a00000| Untracked 
|  30|0x0000000703c00000, 0x0000000703c00000, 0x0000000703e00000|  0%| F|  |TAMS 0x0000000703c00000, 0x0000000703c00000| Untracked 
|  31|0x0000000703e00000, 0x0000000703e00000, 0x0000000704000000|  0%| F|  |TAMS 0x0000000703e00000, 0x0000000703e00000| Untracked 
|  32|0x0000000704000000, 0x0000000704000000, 0x0000000704200000|  0%| F|  |TAMS 0x0000000704000000, 0x0000000704000000| Untracked 
|  33|0x0000000704200000, 0x0000000704200000, 0x0000000704400000|  0%| F|  |TAMS 0x0000000704200000, 0x0000000704200000| Untracked 
|  34|0x0000000704400000, 0x0000000704400000, 0x0000000704600000|  0%| F|  |TAMS 0x0000000704400000, 0x0000000704400000| Untracked 
|  35|0x0000000704600000, 0x0000000704600000, 0x0000000704800000|  0%| F|  |TAMS 0x0000000704600000, 0x0000000704600000| Untracked 
|  36|0x0000000704800000, 0x0000000704800000, 0x0000000704a00000|  0%| F|  |TAMS 0x0000000704800000, 0x0000000704800000| Untracked 
|  37|0x0000000704a00000, 0x0000000704a00000, 0x0000000704c00000|  0%| F|  |TAMS 0x0000000704a00000, 0x0000000704a00000| Untracked 
|  38|0x0000000704c00000, 0x0000000704c00000, 0x0000000704e00000|  0%| F|  |TAMS 0x0000000704c00000, 0x0000000704c00000| Untracked 
|  39|0x0000000704e00000, 0x0000000704e00000, 0x0000000705000000|  0%| F|  |TAMS 0x0000000704e00000, 0x0000000704e00000| Untracked 
|  40|0x0000000705000000, 0x0000000705000000, 0x0000000705200000|  0%| F|  |TAMS 0x0000000705000000, 0x0000000705000000| Untracked 
|  41|0x0000000705200000, 0x0000000705200000, 0x0000000705400000|  0%| F|  |TAMS 0x0000000705200000, 0x0000000705200000| Untracked 
|  42|0x0000000705400000, 0x0000000705400000, 0x0000000705600000|  0%| F|  |TAMS 0x0000000705400000, 0x0000000705400000| Untracked 
|  43|0x0000000705600000, 0x0000000705600000, 0x0000000705800000|  0%| F|  |TAMS 0x0000000705600000, 0x0000000705600000| Untracked 
|  44|0x0000000705800000, 0x0000000705800000, 0x0000000705a00000|  0%| F|  |TAMS 0x0000000705800000, 0x0000000705800000| Untracked 
|  45|0x0000000705a00000, 0x0000000705a00000, 0x0000000705c00000|  0%| F|  |TAMS 0x0000000705a00000, 0x0000000705a00000| Untracked 
|  46|0x0000000705c00000, 0x0000000705c00000, 0x0000000705e00000|  0%| F|  |TAMS 0x0000000705c00000, 0x0000000705c00000| Untracked 
|  47|0x0000000705e00000, 0x0000000705e00000, 0x0000000706000000|  0%| F|  |TAMS 0x0000000705e00000, 0x0000000705e00000| Untracked 
|  48|0x0000000706000000, 0x0000000706000000, 0x0000000706200000|  0%| F|  |TAMS 0x0000000706000000, 0x0000000706000000| Untracked 
|  49|0x0000000706200000, 0x0000000706200000, 0x0000000706400000|  0%| F|  |TAMS 0x0000000706200000, 0x0000000706200000| Untracked 
|  50|0x0000000706400000, 0x0000000706400000, 0x0000000706600000|  0%| F|  |TAMS 0x0000000706400000, 0x0000000706400000| Untracked 
|  51|0x0000000706600000, 0x0000000706600000, 0x0000000706800000|  0%| F|  |TAMS 0x0000000706600000, 0x0000000706600000| Untracked 
|  52|0x0000000706800000, 0x0000000706800000, 0x0000000706a00000|  0%| F|  |TAMS 0x0000000706800000, 0x0000000706800000| Untracked 
|  53|0x0000000706a00000, 0x0000000706a00000, 0x0000000706c00000|  0%| F|  |TAMS 0x0000000706a00000, 0x0000000706a00000| Untracked 
|  54|0x0000000706c00000, 0x0000000706c00000, 0x0000000706e00000|  0%| F|  |TAMS 0x0000000706c00000, 0x0000000706c00000| Untracked 
|  55|0x0000000706e00000, 0x0000000706e00000, 0x0000000707000000|  0%| F|  |TAMS 0x0000000706e00000, 0x0000000706e00000| Untracked 
|  56|0x0000000707000000, 0x0000000707000000, 0x0000000707200000|  0%| F|  |TAMS 0x0000000707000000, 0x0000000707000000| Untracked 
|  57|0x0000000707200000, 0x0000000707200000, 0x0000000707400000|  0%| F|  |TAMS 0x0000000707200000, 0x0000000707200000| Untracked 
|  58|0x0000000707400000, 0x0000000707400000, 0x0000000707600000|  0%| F|  |TAMS 0x0000000707400000, 0x0000000707400000| Untracked 
|  59|0x0000000707600000, 0x0000000707600000, 0x0000000707800000|  0%| F|  |TAMS 0x0000000707600000, 0x0000000707600000| Untracked 
|  60|0x0000000707800000, 0x0000000707800000, 0x0000000707a00000|  0%| F|  |TAMS 0x0000000707800000, 0x0000000707800000| Untracked 
|  61|0x0000000707a00000, 0x0000000707a00000, 0x0000000707c00000|  0%| F|  |TAMS 0x0000000707a00000, 0x0000000707a00000| Untracked 
|  62|0x0000000707c00000, 0x0000000707c00000, 0x0000000707e00000|  0%| F|  |TAMS 0x0000000707c00000, 0x0000000707c00000| Untracked 
|  63|0x0000000707e00000, 0x0000000707e00000, 0x0000000708000000|  0%| F|  |TAMS 0x0000000707e00000, 0x0000000707e00000| Untracked 
|  64|0x0000000708000000, 0x0000000708000000, 0x0000000708200000|  0%| F|  |TAMS 0x0000000708000000, 0x0000000708000000| Untracked 
|  65|0x0000000708200000, 0x0000000708200000, 0x0000000708400000|  0%| F|  |TAMS 0x0000000708200000, 0x0000000708200000| Untracked 
|  66|0x0000000708400000, 0x0000000708400000, 0x0000000708600000|  0%| F|  |TAMS 0x0000000708400000, 0x0000000708400000| Untracked 
|  67|0x0000000708600000, 0x0000000708600000, 0x0000000708800000|  0%| F|  |TAMS 0x0000000708600000, 0x0000000708600000| Untracked 
|  68|0x0000000708800000, 0x0000000708800000, 0x0000000708a00000|  0%| F|  |TAMS 0x0000000708800000, 0x0000000708800000| Untracked 
|  69|0x0000000708a00000, 0x0000000708a00000, 0x0000000708c00000|  0%| F|  |TAMS 0x0000000708a00000, 0x0000000708a00000| Untracked 
|  70|0x0000000708c00000, 0x0000000708c00000, 0x0000000708e00000|  0%| F|  |TAMS 0x0000000708c00000, 0x0000000708c00000| Untracked 
|  71|0x0000000708e00000, 0x0000000708e00000, 0x0000000709000000|  0%| F|  |TAMS 0x0000000708e00000, 0x0000000708e00000| Untracked 
|  72|0x0000000709000000, 0x0000000709000000, 0x0000000709200000|  0%| F|  |TAMS 0x0000000709000000, 0x0000000709000000| Untracked 
|  73|0x0000000709200000, 0x0000000709200000, 0x0000000709400000|  0%| F|  |TAMS 0x0000000709200000, 0x0000000709200000| Untracked 
|  74|0x0000000709400000, 0x0000000709400000, 0x0000000709600000|  0%| F|  |TAMS 0x0000000709400000, 0x0000000709400000| Untracked 
|  75|0x0000000709600000, 0x0000000709600000, 0x0000000709800000|  0%| F|  |TAMS 0x0000000709600000, 0x0000000709600000| Untracked 
|  76|0x0000000709800000, 0x0000000709800000, 0x0000000709a00000|  0%| F|  |TAMS 0x0000000709800000, 0x0000000709800000| Untracked 
|  77|0x0000000709a00000, 0x0000000709a00000, 0x0000000709c00000|  0%| F|  |TAMS 0x0000000709a00000, 0x0000000709a00000| Untracked 
|  78|0x0000000709c00000, 0x0000000709c00000, 0x0000000709e00000|  0%| F|  |TAMS 0x0000000709c00000, 0x0000000709c00000| Untracked 
|  79|0x0000000709e00000, 0x0000000709e00000, 0x000000070a000000|  0%| F|  |TAMS 0x0000000709e00000, 0x0000000709e00000| Untracked 
|  80|0x000000070a000000, 0x000000070a000000, 0x000000070a200000|  0%| F|  |TAMS 0x000000070a000000, 0x000000070a000000| Untracked 
|  81|0x000000070a200000, 0x000000070a200000, 0x000000070a400000|  0%| F|  |TAMS 0x000000070a200000, 0x000000070a200000| Untracked 
|  82|0x000000070a400000, 0x000000070a400000, 0x000000070a600000|  0%| F|  |TAMS 0x000000070a400000, 0x000000070a400000| Untracked 
|  83|0x000000070a600000, 0x000000070a600000, 0x000000070a800000|  0%| F|  |TAMS 0x000000070a600000, 0x000000070a600000| Untracked 
|  84|0x000000070a800000, 0x000000070a800000, 0x000000070aa00000|  0%| F|  |TAMS 0x000000070a800000, 0x000000070a800000| Untracked 
|  85|0x000000070aa00000, 0x000000070aa00000, 0x000000070ac00000|  0%| F|  |TAMS 0x000000070aa00000, 0x000000070aa00000| Untracked 
|  86|0x000000070ac00000, 0x000000070ac00000, 0x000000070ae00000|  0%| F|  |TAMS 0x000000070ac00000, 0x000000070ac00000| Untracked 
|  87|0x000000070ae00000, 0x000000070ae00000, 0x000000070b000000|  0%| F|  |TAMS 0x000000070ae00000, 0x000000070ae00000| Untracked 
|  88|0x000000070b000000, 0x000000070b000000, 0x000000070b200000|  0%| F|  |TAMS 0x000000070b000000, 0x000000070b000000| Untracked 
|  89|0x000000070b200000, 0x000000070b200000, 0x000000070b400000|  0%| F|  |TAMS 0x000000070b200000, 0x000000070b200000| Untracked 
|  90|0x000000070b400000, 0x000000070b400000, 0x000000070b600000|  0%| F|  |TAMS 0x000000070b400000, 0x000000070b400000| Untracked 
|  91|0x000000070b600000, 0x000000070b600000, 0x000000070b800000|  0%| F|  |TAMS 0x000000070b600000, 0x000000070b600000| Untracked 
|  92|0x000000070b800000, 0x000000070b800000, 0x000000070ba00000|  0%| F|  |TAMS 0x000000070b800000, 0x000000070b800000| Untracked 
|  93|0x000000070ba00000, 0x000000070ba00000, 0x000000070bc00000|  0%| F|  |TAMS 0x000000070ba00000, 0x000000070ba00000| Untracked 
|  94|0x000000070bc00000, 0x000000070bc00000, 0x000000070be00000|  0%| F|  |TAMS 0x000000070bc00000, 0x000000070bc00000| Untracked 
|  95|0x000000070be00000, 0x000000070be00000, 0x000000070c000000|  0%| F|  |TAMS 0x000000070be00000, 0x000000070be00000| Untracked 
|  96|0x000000070c000000, 0x000000070c000000, 0x000000070c200000|  0%| F|  |TAMS 0x000000070c000000, 0x000000070c000000| Untracked 
|  97|0x000000070c200000, 0x000000070c400000, 0x000000070c400000|100%| S|CS|TAMS 0x000000070c200000, 0x000000070c200000| Complete 
|  98|0x000000070c400000, 0x000000070c600000, 0x000000070c600000|100%| S|CS|TAMS 0x000000070c400000, 0x000000070c400000| Complete 
|  99|0x000000070c600000, 0x000000070c800000, 0x000000070c800000|100%| S|CS|TAMS 0x000000070c600000, 0x000000070c600000| Complete 
| 100|0x000000070c800000, 0x000000070ca00000, 0x000000070ca00000|100%| S|CS|TAMS 0x000000070c800000, 0x000000070c800000| Complete 
| 101|0x000000070ca00000, 0x000000070ca00000, 0x000000070cc00000|  0%| F|  |TAMS 0x000000070ca00000, 0x000000070ca00000| Untracked 
| 102|0x000000070cc00000, 0x000000070cc00000, 0x000000070ce00000|  0%| F|  |TAMS 0x000000070cc00000, 0x000000070cc00000| Untracked 
| 103|0x000000070ce00000, 0x000000070ce00000, 0x000000070d000000|  0%| F|  |TAMS 0x000000070ce00000, 0x000000070ce00000| Untracked 
| 104|0x000000070d000000, 0x000000070d000000, 0x000000070d200000|  0%| F|  |TAMS 0x000000070d000000, 0x000000070d000000| Untracked 
| 105|0x000000070d200000, 0x000000070d200000, 0x000000070d400000|  0%| F|  |TAMS 0x000000070d200000, 0x000000070d200000| Untracked 
| 106|0x000000070d400000, 0x000000070d400000, 0x000000070d600000|  0%| F|  |TAMS 0x000000070d400000, 0x000000070d400000| Untracked 
| 107|0x000000070d600000, 0x000000070d600000, 0x000000070d800000|  0%| F|  |TAMS 0x000000070d600000, 0x000000070d600000| Untracked 
| 108|0x000000070d800000, 0x000000070d800000, 0x000000070da00000|  0%| F|  |TAMS 0x000000070d800000, 0x000000070d800000| Untracked 
| 109|0x000000070da00000, 0x000000070da00000, 0x000000070dc00000|  0%| F|  |TAMS 0x000000070da00000, 0x000000070da00000| Untracked 
| 110|0x000000070dc00000, 0x000000070dc00000, 0x000000070de00000|  0%| F|  |TAMS 0x000000070dc00000, 0x000000070dc00000| Untracked 
| 111|0x000000070de00000, 0x000000070de00000, 0x000000070e000000|  0%| F|  |TAMS 0x000000070de00000, 0x000000070de00000| Untracked 
| 112|0x000000070e000000, 0x000000070e000000, 0x000000070e200000|  0%| F|  |TAMS 0x000000070e000000, 0x000000070e000000| Untracked 
| 113|0x000000070e200000, 0x000000070e200000, 0x000000070e400000|  0%| F|  |TAMS 0x000000070e200000, 0x000000070e200000| Untracked 
| 114|0x000000070e400000, 0x000000070e400000, 0x000000070e600000|  0%| F|  |TAMS 0x000000070e400000, 0x000000070e400000| Untracked 
| 115|0x000000070e600000, 0x000000070e600000, 0x000000070e800000|  0%| F|  |TAMS 0x000000070e600000, 0x000000070e600000| Untracked 
| 116|0x000000070e800000, 0x000000070e800000, 0x000000070ea00000|  0%| F|  |TAMS 0x000000070e800000, 0x000000070e800000| Untracked 
| 117|0x000000070ea00000, 0x000000070ea00000, 0x000000070ec00000|  0%| F|  |TAMS 0x000000070ea00000, 0x000000070ea00000| Untracked 
| 118|0x000000070ec00000, 0x000000070ec00000, 0x000000070ee00000|  0%| F|  |TAMS 0x000000070ec00000, 0x000000070ec00000| Untracked 
| 119|0x000000070ee00000, 0x000000070ee00000, 0x000000070f000000|  0%| F|  |TAMS 0x000000070ee00000, 0x000000070ee00000| Untracked 
| 120|0x000000070f000000, 0x000000070f000000, 0x000000070f200000|  0%| F|  |TAMS 0x000000070f000000, 0x000000070f000000| Untracked 
| 121|0x000000070f200000, 0x000000070f200000, 0x000000070f400000|  0%| F|  |TAMS 0x000000070f200000, 0x000000070f200000| Untracked 
| 122|0x000000070f400000, 0x000000070f476aa0, 0x000000070f600000| 23%| E|  |TAMS 0x000000070f400000, 0x000000070f400000| Complete 
| 123|0x000000070f600000, 0x000000070f800000, 0x000000070f800000|100%| E|CS|TAMS 0x000000070f600000, 0x000000070f600000| Complete 
| 124|0x000000070f800000, 0x000000070fa00000, 0x000000070fa00000|100%| E|CS|TAMS 0x000000070f800000, 0x000000070f800000| Complete 
| 125|0x000000070fa00000, 0x000000070fc00000, 0x000000070fc00000|100%| E|  |TAMS 0x000000070fa00000, 0x000000070fa00000| Complete 
| 126|0x000000070fc00000, 0x000000070fe00000, 0x000000070fe00000|100%| E|CS|TAMS 0x000000070fc00000, 0x000000070fc00000| Complete 
| 127|0x000000070fe00000, 0x0000000710000000, 0x0000000710000000|100%| E|CS|TAMS 0x000000070fe00000, 0x000000070fe00000| Complete 
|2046|0x00000007ffc00000, 0x00000007ffd78000, 0x00000007ffe00000| 73%|OA|  |TAMS 0x00000007ffc00000, 0x00000007ffc00000| Untracked 
|2047|0x00000007ffe00000, 0x00000007ffe80000, 0x0000000800000000| 25%|CA|  |TAMS 0x00000007ffe00000, 0x00000007ffe00000| Untracked 

Card table byte_map: [0x000000011cc64000,0x000000011d464000] _byte_map_base: 0x0000000119464000

Marking Bits (Prev, Next): (CMBitMap*) 0x000000012100d010, (CMBitMap*) 0x000000012100d050
 Prev Bits: [0x0000000122800000, 0x0000000126800000)
 Next Bits: [0x0000000130000000, 0x0000000134000000)

Polling page: 0x0000000104644000

Metaspace:

Usage:
  Non-class:     15.54 MB used.
      Class:      2.65 MB used.
       Both:     18.19 MB used.

Virtual space:
  Non-class space:       16.00 MB reserved,      15.75 MB ( 98%) committed,  2 nodes.
      Class space:        1.00 GB reserved,       2.81 MB ( <1%) committed,  1 nodes.
             Both:        1.02 GB reserved,      18.56 MB (  2%) committed. 

Chunk freelists:
   Non-Class:  61.00 KB
       Class:  1.07 MB
        Both:  1.13 MB

MaxMetaspaceSize: unlimited
CompressedClassSpaceSize: 1.00 GB
Initial GC threshold: 21.00 MB
Current GC threshold: 21.00 MB
CDS: on
MetaspaceReclaimPolicy: balanced
 - commit_granule_bytes: 65536.
 - commit_granule_words: 8192.
 - virtual_space_node_default_size: 1048576.
 - enlarge_chunks_in_place: 1.
 - new_chunks_are_fully_committed: 0.
 - uncommit_free_chunks: 1.
 - use_allocation_guard: 0.
 - handle_deallocations: 1.


Internal statistics:

num_allocs_failed_limit: 0.
num_arena_births: 394.
num_arena_deaths: 0.
num_vsnodes_births: 3.
num_vsnodes_deaths: 0.
num_space_committed: 297.
num_space_uncommitted: 0.
num_chunks_returned_to_freelist: 0.
num_chunks_taken_from_freelist: 968.
num_chunk_merges: 0.
num_chunk_splits: 666.
num_chunks_enlarged: 480.
num_purges: 0.
num_inconsistent_stats: 0.

CodeHeap 'non-profiled nmethods': size=120032Kb used=1525Kb max_used=1525Kb free=118506Kb
 bounds [0x000000011572c000, 0x000000011599c000, 0x000000011cc64000]
CodeHeap 'profiled nmethods': size=120016Kb used=5779Kb max_used=5779Kb free=114236Kb
 bounds [0x000000010e1f8000, 0x000000010e7a8000, 0x000000011572c000]
CodeHeap 'non-nmethods': size=5712Kb used=1424Kb max_used=1522Kb free=4287Kb
 bounds [0x000000010dc64000, 0x000000010ded4000, 0x000000010e1f8000]
 total_blobs=3643 nmethods=2814 adapters=745
 compilation: enabled
              stopped_count=0, restarted_count=0
 full_count=0

Compilation events (20 events):
Event: 6.946 Thread 0x0000000122048400 2848       1       com.sun.prism.impl.BaseGraphics::setCompositeMode (6 bytes)
Event: 6.946 Thread 0x0000000122048400 nmethod 2848 0x00000001158a5f10 code [0x00000001158a6080, 0x00000001158a61e8]
Event: 6.946 Thread 0x0000000122048400 2838       1       com.sun.prism.paint.Paint::isProportional (5 bytes)
Event: 6.946 Thread 0x0000000122048400 nmethod 2838 0x00000001158a6290 code [0x00000001158a6400, 0x00000001158a64e8]
Event: 6.946 Thread 0x0000000122048400 2826       1       com.sun.prism.impl.shape.MaskData::getOriginX (5 bytes)
Event: 6.946 Thread 0x0000000122048400 nmethod 2826 0x00000001158a6590 code [0x00000001158a6700, 0x00000001158a67e8]
Event: 6.946 Thread 0x0000000122048400 2827       1       com.sun.prism.impl.shape.MaskData::getOriginY (5 bytes)
Event: 6.946 Thread 0x0000000122048400 nmethod 2827 0x00000001158a6890 code [0x00000001158a6a00, 0x00000001158a6ae8]
Event: 6.947 Thread 0x0000000122048400 2884       3       com.sun.glass.ui.mac.MacApplication::submitForLaterInvocation (6 bytes)
Event: 6.947 Thread 0x0000000122048400 nmethod 2884 0x000000010e79b610 code [0x000000010e79b7c0, 0x000000010e79b958]
Event: 6.947 Thread 0x0000000121588600 nmethod 2859 0x00000001158a6b90 code [0x00000001158a6d80, 0x00000001158a7350]
Event: 6.947 Thread 0x0000000121588600 2881       4       javafx.scene.Node::isDirty (11 bytes)
Event: 6.948 Thread 0x0000000121588600 nmethod 2881 0x00000001158a7510 code [0x00000001158a76c0, 0x00000001158a7820]
Event: 6.948 Thread 0x0000000121588600 2849       4       javafx.collections.ListChangeBuilder$SingleChange::reset (6 bytes)
Event: 6.948 Thread 0x0000000121588600 nmethod 2849 0x00000001158a7990 code [0x00000001158a7b00, 0x00000001158a7ba0]
Event: 6.948 Thread 0x0000000122048400 2885       3       java.util.concurrent.LinkedBlockingDeque::unlinkFirst (74 bytes)
Event: 6.948 Thread 0x0000000122048400 nmethod 2885 0x000000010e79ba10 code [0x000000010e79bc40, 0x000000010e79c2f8]
Event: 6.948 Thread 0x0000000122048400 2886       3       javafx.scene.image.Image::getProgress (19 bytes)
Event: 6.949 Thread 0x000000012157c600 nmethod 2846 0x00000001158a7c90 code [0x00000001158a7f40, 0x00000001158a8c70]
Event: 6.949 Thread 0x0000000122048400 nmethod 2886 0x000000010e79c510 code [0x000000010e79c700, 0x000000010e79cb58]

GC Heap History (4 events):
Event: 0.326 GC heap before
{Heap before GC invocations=0 (full 0):
 garbage-first heap   total 266240K, used 24544K [0x0000000700000000, 0x0000000800000000)
  region size 2048K, 11 young (22528K), 0 survivors (0K)
 Metaspace       used 6951K, committed 7040K, reserved 1056768K
  class space    used 849K, committed 896K, reserved 1048576K
}
Event: 0.329 GC heap after
{Heap after GC invocations=1 (full 0):
 garbage-first heap   total 266240K, used 5023K [0x0000000700000000, 0x0000000800000000)
  region size 2048K, 2 young (4096K), 2 survivors (4096K)
 Metaspace       used 6951K, committed 7040K, reserved 1056768K
  class space    used 849K, committed 896K, reserved 1048576K
}
Event: 6.885 GC heap before
{Heap before GC invocations=1 (full 0):
 garbage-first heap   total 266240K, used 58271K [0x0000000700000000, 0x0000000800000000)
  region size 2048K, 27 young (55296K), 2 survivors (4096K)
 Metaspace       used 18114K, committed 18496K, reserved 1064960K
  class space    used 2657K, committed 2816K, reserved 1048576K
}
Event: 6.890 GC heap after
{Heap after GC invocations=2 (full 0):
 garbage-first heap   total 266240K, used 13468K [0x0000000700000000, 0x0000000800000000)
  region size 2048K, 4 young (8192K), 4 survivors (8192K)
 Metaspace       used 18114K, committed 18496K, reserved 1064960K
  class space    used 2657K, committed 2816K, reserved 1048576K
}

Deoptimization events (20 events):
Event: 6.937 Thread 0x0000000121ed4a00 DEOPT PACKING pc=0x000000010e769534 sp=0x0000000287ccdcb0
Event: 6.937 Thread 0x0000000121ed4a00 DEOPT UNPACKING pc=0x000000010dca2b7c sp=0x0000000287ccd8f0 mode 0
Event: 6.937 Thread 0x0000000121ed4a00 DEOPT PACKING pc=0x000000010e769534 sp=0x0000000287ccdcb0
Event: 6.937 Thread 0x0000000121ed4a00 DEOPT UNPACKING pc=0x000000010dca2b7c sp=0x0000000287ccd8f0 mode 0
Event: 6.937 Thread 0x0000000121ed4a00 DEOPT PACKING pc=0x000000010e769534 sp=0x0000000287ccdcb0
Event: 6.937 Thread 0x0000000121ed4a00 DEOPT UNPACKING pc=0x000000010dca2b7c sp=0x0000000287ccd8f0 mode 0
Event: 6.938 Thread 0x0000000121ed4a00 DEOPT PACKING pc=0x000000010e769534 sp=0x0000000287ccdcb0
Event: 6.938 Thread 0x0000000121ed4a00 DEOPT UNPACKING pc=0x000000010dca2b7c sp=0x0000000287ccd8f0 mode 0
Event: 6.938 Thread 0x0000000121ed4a00 DEOPT PACKING pc=0x000000010e769534 sp=0x0000000287ccdcb0
Event: 6.938 Thread 0x0000000121ed4a00 DEOPT UNPACKING pc=0x000000010dca2b7c sp=0x0000000287ccd8f0 mode 0
Event: 6.938 Thread 0x0000000121ed4a00 DEOPT PACKING pc=0x000000010e769534 sp=0x0000000287ccdcb0
Event: 6.938 Thread 0x0000000121ed4a00 DEOPT UNPACKING pc=0x000000010dca2b7c sp=0x0000000287ccd8f0 mode 0
Event: 6.938 Thread 0x0000000121eb8400 DEOPT PACKING pc=0x000000010e769534 sp=0x0000000287ac1cb0
Event: 6.938 Thread 0x0000000121eb8400 DEOPT UNPACKING pc=0x000000010dca2b7c sp=0x0000000287ac18f0 mode 0
Event: 6.938 Thread 0x0000000121ed4a00 DEOPT PACKING pc=0x000000010e769534 sp=0x0000000287ccdcb0
Event: 6.938 Thread 0x0000000121ed4a00 DEOPT UNPACKING pc=0x000000010dca2b7c sp=0x0000000287ccd8f0 mode 0
Event: 6.942 Thread 0x0000000122478c00 Uncommon trap: trap_request=0xffffff45 fr.pc=0x0000000115856bf0 relative=0x00000000000000b0
Event: 6.942 Thread 0x0000000122478c00 Uncommon trap: reason=unstable_if action=reinterpret pc=0x0000000115856bf0 method=java.lang.CharacterDataLatin1.digit(II)I @ 12 c2
Event: 6.942 Thread 0x0000000122478c00 DEOPT PACKING pc=0x0000000115856bf0 sp=0x00000002876a9f20
Event: 6.942 Thread 0x0000000122478c00 DEOPT UNPACKING pc=0x000000010dca2d1c sp=0x00000002876a9ea0 mode 2

Classes unloaded (0 events):
No events

Classes redefined (0 events):
No events

Internal exceptions (20 events):
Event: 2.793 Thread 0x0000000126931000 Exception <a 'java/lang/NoSuchMethodError'{0x000000070d238d18}: 'java.lang.Object java.lang.invoke.DirectMethodHandle$Holder.newInvokeSpecial(java.lang.Object, java.lang.Object, long)'> (0x000000070d238d18) 
thrown [open/src/hotspot/share/interpreter/linkResolver.cpp, line 766]
Event: 2.793 Thread 0x0000000126931000 Exception <a 'java/lang/NoSuchMethodError'{0x000000070d23c5e0}: 'java.lang.Object java.lang.invoke.Invokers$Holder.linkToTargetMethod(java.lang.Object, long, java.lang.Object)'> (0x000000070d23c5e0) 
thrown [open/src/hotspot/share/interpreter/linkResolver.cpp, line 766]
Event: 6.633 Thread 0x0000000126931000 Exception <a 'sun/nio/fs/UnixException'{0x000000070d276090}> (0x000000070d276090) 
thrown [open/src/hotspot/share/prims/jni.cpp, line 516]
Event: 6.671 Thread 0x0000000126931000 Implicit null exception at 0x0000000115820218 to 0x000000011582047c
Event: 6.866 Thread 0x0000000126931000 Exception <a 'java/lang/NoSuchMethodError'{0x000000070cc7fc40}: 'java.lang.Object java.lang.invoke.DirectMethodHandle$Holder.invokeSpecial(java.lang.Object, java.lang.Object, long, int, java.lang.Object, java.lang.Object, long, long, long, long)'> (0x000000070cc7fc40) 
thrown [open/src/hotspot/share/interpreter/linkResolver.cpp, line 766]
Event: 6.866 Thread 0x0000000126931000 Exception <a 'java/lang/NoSuchMethodError'{0x000000070cc83980}: 'java.lang.Object java.lang.invoke.DelegatingMethodHandle$Holder.reinvoke_L(java.lang.Object, long, int, java.lang.Object, java.lang.Object, long, long, long, long)'> (0x000000070cc83980) 
thrown [open/src/hotspot/share/interpreter/linkResolver.cpp, line 766]
Event: 6.868 Thread 0x0000000126931000 Exception <a 'sun/nio/fs/UnixException'{0x000000070ccafc98}> (0x000000070ccafc98) 
thrown [open/src/hotspot/share/prims/jni.cpp, line 516]
Event: 6.869 Thread 0x0000000126931000 Exception <a 'java/lang/NoSuchMethodError'{0x000000070ccd3468}: 'java.lang.Object java.lang.invoke.DirectMethodHandle$Holder.invokeInterface(java.lang.Object, java.lang.Object)'> (0x000000070ccd3468) 
thrown [open/src/hotspot/share/interpreter/linkResolver.cpp, line 766]
Event: 6.872 Thread 0x0000000126931000 Exception <a 'java/lang/NoSuchMethodError'{0x000000070cd50358}: 'java.lang.Object java.lang.invoke.DirectMethodHandle$Holder.invokeSpecial(java.lang.Object, java.lang.Object, long, java.lang.Object)'> (0x000000070cd50358) 
thrown [open/src/hotspot/share/interpreter/linkResolver.cpp, line 766]
Event: 6.876 Thread 0x0000000126931000 Exception <a 'java/lang/NoSuchMethodError'{0x000000070ca29b80}: 'java.lang.Object java.lang.invoke.DirectMethodHandle$Holder.invokeStaticInit(java.lang.Object, java.lang.Object, java.lang.Object)'> (0x000000070ca29b80) 
thrown [open/src/hotspot/share/interpreter/linkResolver.cpp, line 766]
Event: 6.879 Thread 0x0000000121886000 Implicit null exception at 0x000000011576937c to 0x00000001157697a0
Event: 6.879 Thread 0x0000000121886000 Implicit null exception at 0x000000011576cbfc to 0x000000011576d018
Event: 6.904 Thread 0x0000000121ed2200 Exception <a 'java/lang/NoSuchMethodError'{0x000000070fa72280}: 'void java.lang.invoke.DirectMethodHandle$Holder.invokeSpecial(java.lang.Object, java.lang.Object, int, int)'> (0x000000070fa72280) 
thrown [open/src/hotspot/share/interpreter/linkResolver.cpp, line 766]
Event: 6.904 Thread 0x0000000121ed4a00 Exception <a 'java/lang/NoSuchMethodError'{0x000000070faff8b8}: 'void java.lang.invoke.DirectMethodHandle$Holder.invokeSpecial(java.lang.Object, java.lang.Object, int, int)'> (0x000000070faff8b8) 
thrown [open/src/hotspot/share/interpreter/linkResolver.cpp, line 766]
Event: 6.904 Thread 0x0000000121886000 Exception <a 'java/lang/NoSuchMethodError'{0x000000070fa30950}: 'void java.lang.invoke.DirectMethodHandle$Holder.invokeSpecial(java.lang.Object, java.lang.Object, int, int)'> (0x000000070fa30950) 
thrown [open/src/hotspot/share/interpreter/linkResolver.cpp, line 766]
Event: 6.904 Thread 0x0000000121ed2200 Exception <a 'java/lang/NoSuchMethodError'{0x000000070fa785c0}: 'java.lang.Object java.lang.invoke.DirectMethodHandle$Holder.newInvokeSpecial(java.lang.Object, java.lang.Object, int, int)'> (0x000000070fa785c0) 
thrown [open/src/hotspot/share/interpreter/linkResolver.cpp, line 766]
Event: 6.904 Thread 0x0000000121eb8400 Exception <a 'java/lang/NoSuchMethodError'{0x000000070fb48930}: 'java.lang.Object java.lang.invoke.DirectMethodHandle$Holder.newInvokeSpecial(java.lang.Object, java.lang.Object, int, int)'> (0x000000070fb48930) 
thrown [open/src/hotspot/share/interpreter/linkResolver.cpp, line 766]
Event: 6.905 Thread 0x0000000121886000 Exception <a 'java/lang/NoSuchMethodError'{0x000000070fa364b8}: 'java.lang.Object java.lang.invoke.DirectMethodHandle$Holder.newInvokeSpecial(java.lang.Object, java.lang.Object, int, int)'> (0x000000070fa364b8) 
thrown [open/src/hotspot/share/interpreter/linkResolver.cpp, line 766]
Event: 6.935 Thread 0x0000000126931000 Exception <a 'java/lang/NoSuchMethodError'{0x000000070fe421d0}: 'java.lang.Object java.lang.invoke.DirectMethodHandle$Holder.newInvokeSpecial(java.lang.Object, int, long, long)'> (0x000000070fe421d0) 
thrown [open/src/hotspot/share/interpreter/linkResolver.cpp, line 766]
Event: 6.936 Thread 0x0000000126931000 Exception <a 'sun/nio/fs/UnixException'{0x000000070fe47860}> (0x000000070fe47860) 
thrown [open/src/hotspot/share/prims/jni.cpp, line 516]

VM Operations (20 events):
Event: 0.624 Executing VM operation: ICBufferFull
Event: 0.624 Executing VM operation: ICBufferFull done
Event: 2.024 Executing VM operation: Cleanup
Event: 2.024 Executing VM operation: Cleanup done
Event: 2.789 Executing VM operation: HandshakeAllThreads
Event: 2.789 Executing VM operation: HandshakeAllThreads done
Event: 3.789 Executing VM operation: Cleanup
Event: 3.790 Executing VM operation: Cleanup done
Event: 6.690 Executing VM operation: HandshakeAllThreads
Event: 6.690 Executing VM operation: HandshakeAllThreads done
Event: 6.690 Executing VM operation: Cleanup
Event: 6.690 Executing VM operation: Cleanup done
Event: 6.690 Executing VM operation: HandshakeAllThreads
Event: 6.690 Executing VM operation: HandshakeAllThreads done
Event: 6.876 Executing VM operation: HandshakeAllThreads
Event: 6.876 Executing VM operation: HandshakeAllThreads done
Event: 6.885 Executing VM operation: G1CollectForAllocation
Event: 6.890 Executing VM operation: G1CollectForAllocation done
Event: 6.937 Executing VM operation: HandshakeAllThreads
Event: 6.937 Executing VM operation: HandshakeAllThreads done

Events (20 events):
Event: 6.942 loading class sun/net/NetworkClient$1
Event: 6.942 loading class sun/net/NetworkClient$1 done
Event: 6.942 loading class sun/net/www/http/KeepAliveCache
Event: 6.942 loading class sun/net/www/http/KeepAliveCache done
Event: 6.942 loading class sun/net/www/http/KeepAliveKey
Event: 6.942 loading class sun/net/www/http/KeepAliveKey done
Event: 6.942 loading class sun/net/www/http/HttpCapture
Event: 6.942 loading class sun/net/www/http/HttpCapture done
Event: 6.942 loading class sun/net/www/http/HttpCapture$1
Event: 6.942 loading class sun/net/www/http/HttpCapture$1 done
Event: 6.942 loading class java/util/concurrent/ConcurrentSkipListMap$KeySet
Event: 6.943 loading class java/util/concurrent/ConcurrentSkipListMap$KeySet done
Event: 6.943 loading class java/util/concurrent/ConcurrentSkipListMap$KeyIterator
Event: 6.943 loading class java/util/concurrent/ConcurrentSkipListMap$Iter
Event: 6.943 loading class java/util/concurrent/ConcurrentSkipListMap$Iter done
Event: 6.943 loading class java/util/concurrent/ConcurrentSkipListMap$KeyIterator done
Event: 6.943 loading class java/net/InetAddress$NameServiceAddresses
Event: 6.943 loading class java/net/InetAddress$Addresses
Event: 6.943 loading class java/net/InetAddress$Addresses done
Event: 6.943 loading class java/net/InetAddress$NameServiceAddresses done


Dynamic libraries:
0x00000001045f4000 	/Library/Java/JavaVirtualMachines/jdk-17.0.1.jdk/Contents/Home/lib/libjli.dylib
0x00000001960a6000 	/usr/lib/libz.1.dylib
0x0000000196156000 	/usr/lib/libSystem.B.dylib
0x0000000196150000 	/usr/lib/system/libcache.dylib
0x000000019610e000 	/usr/lib/system/libcommonCrypto.dylib
0x0000000196137000 	/usr/lib/system/libcompiler_rt.dylib
0x000000019612e000 	/usr/lib/system/libcopyfile.dylib
0x000000018b45a000 	/usr/lib/system/libcorecrypto.dylib
0x000000018b4ff000 	/usr/lib/system/libdispatch.dylib
0x000000018b6c7000 	/usr/lib/system/libdyld.dylib
0x0000000196146000 	/usr/lib/system/libkeymgr.dylib
0x00000001960f0000 	/usr/lib/system/libmacho.dylib
0x00000001957fc000 	/usr/lib/system/libquarantine.dylib
0x0000000196143000 	/usr/lib/system/libremovefile.dylib
0x0000000190849000 	/usr/lib/system/libsystem_asl.dylib
0x000000018b404000 	/usr/lib/system/libsystem_blocks.dylib
0x000000018b585000 	/usr/lib/system/libsystem_c.dylib
0x000000019613b000 	/usr/lib/system/libsystem_collections.dylib
0x0000000194c59000 	/usr/lib/system/libsystem_configuration.dylib
0x0000000193edf000 	/usr/lib/system/libsystem_containermanager.dylib
0x0000000195e5a000 	/usr/lib/system/libsystem_coreservices.dylib
0x000000018ddec000 	/usr/lib/system/libsystem_darwin.dylib
0x0000000196147000 	/usr/lib/system/libsystem_dnssd.dylib
0x000000018b582000 	/usr/lib/system/libsystem_featureflags.dylib
0x000000018b6dc000 	/usr/lib/system/libsystem_info.dylib
0x00000001960b8000 	/usr/lib/system/libsystem_m.dylib
0x000000018b4d4000 	/usr/lib/system/libsystem_malloc.dylib
0x00000001907da000 	/usr/lib/system/libsystem_networkextension.dylib
0x000000018e23f000 	/usr/lib/system/libsystem_notify.dylib
0x000000019c323000 	/usr/lib/system/libsystem_product_info_filter.dylib
0x0000000194c5e000 	/usr/lib/system/libsystem_sandbox.dylib
0x0000000196140000 	/usr/lib/system/libsystem_secinit.dylib
0x000000018b684000 	/usr/lib/system/libsystem_kernel.dylib
0x000000018b6d4000 	/usr/lib/system/libsystem_platform.dylib
0x000000018b6ba000 	/usr/lib/system/libsystem_pthread.dylib
0x0000000191f7f000 	/usr/lib/system/libsystem_symptoms.dylib
0x000000018b440000 	/usr/lib/system/libsystem_trace.dylib
0x000000019611b000 	/usr/lib/system/libunwind.dylib
0x000000018b406000 	/usr/lib/system/libxpc.dylib
0x000000018b66a000 	/usr/lib/libc++abi.dylib
0x000000018b546000 	/usr/lib/libobjc.A.dylib
0x0000000196126000 	/usr/lib/liboah.dylib
0x000000018b606000 	/usr/lib/libc++.1.dylib
0x00000001a1d00000 	/System/Library/Frameworks/Cocoa.framework/Versions/A/Cocoa
0x000000018e29e000 	/System/Library/Frameworks/AppKit.framework/Versions/C/AppKit
0x00000001917c0000 	/System/Library/Frameworks/CoreData.framework/Versions/A/CoreData
0x000000018c5ff000 	/System/Library/Frameworks/Foundation.framework/Versions/C/Foundation
0x000000018f150000 	/System/Library/PrivateFrameworks/UIFoundation.framework/Versions/A/UIFoundation
0x000000019c01d000 	/System/Library/PrivateFrameworks/RemoteViewServices.framework/Versions/A/RemoteViewServices
0x0000000194618000 	/System/Library/PrivateFrameworks/XCTTargetBootstrap.framework/Versions/A/XCTTargetBootstrap
0x0000000197e58000 	/System/Library/PrivateFrameworks/InternationalSupport.framework/Versions/A/InternationalSupport
0x0000000197ee1000 	/System/Library/PrivateFrameworks/UserActivity.framework/Versions/A/UserActivity
0x0000000197383000 	/usr/lib/libspindump.dylib
0x000000018f3c0000 	/System/Library/Frameworks/UniformTypeIdentifiers.framework/Versions/A/UniformTypeIdentifiers
0x0000000192ba6000 	/usr/lib/libapp_launch_measurement.dylib
0x0000000192123000 	/System/Library/PrivateFrameworks/CoreAnalytics.framework/Versions/A/CoreAnalytics
0x0000000192ba9000 	/System/Library/PrivateFrameworks/CoreAutoLayout.framework/Versions/A/CoreAutoLayout
0x0000000193f1c000 	/System/Library/Frameworks/Metal.framework/Versions/A/Metal
0x0000000194c69000 	/usr/lib/liblangid.dylib
0x000000019461c000 	/System/Library/PrivateFrameworks/CoreSVG.framework/Versions/A/CoreSVG
0x000000019087d000 	/System/Library/PrivateFrameworks/SkyLight.framework/Versions/A/SkyLight
0x0000000190c45000 	/System/Library/Frameworks/CoreGraphics.framework/Versions/A/CoreGraphics
0x000000019c696000 	/System/Library/Frameworks/Accelerate.framework/Versions/A/Accelerate
0x0000000196df8000 	/System/Library/PrivateFrameworks/IconServices.framework/Versions/A/IconServices
0x0000000193efe000 	/System/Library/Frameworks/IOSurface.framework/Versions/A/IOSurface
0x0000000192153000 	/usr/lib/libDiagnosticMessagesClient.dylib
0x000000019face000 	/System/Library/Frameworks/ApplicationServices.framework/Versions/A/ApplicationServices
0x0000000194600000 	/System/Library/PrivateFrameworks/DFRFoundation.framework/Versions/A/DFRFoundation
0x000000018db41000 	/usr/lib/libicucore.A.dylib
0x0000000198c55000 	/System/Library/Frameworks/AudioToolbox.framework/Versions/A/AudioToolbox
0x0000000197e64000 	/System/Library/PrivateFrameworks/DataDetectorsCore.framework/Versions/A/DataDetectorsCore
0x00000001ade80000 	/System/Library/PrivateFrameworks/TextInput.framework/Versions/A/TextInput
0x00000001907f4000 	/usr/lib/libMobileGestalt.dylib
0x00000001942d0000 	/System/Library/Frameworks/Carbon.framework/Versions/A/Frameworks/HIToolbox.framework/Versions/A/HIToolbox
0x00000001925b0000 	/System/Library/Frameworks/QuartzCore.framework/Versions/A/QuartzCore
0x000000018d7be000 	/System/Library/Frameworks/Security.framework/Versions/A/Security
0x000000019c05d000 	/System/Library/Frameworks/Carbon.framework/Versions/A/Frameworks/SpeechRecognition.framework/Versions/A/SpeechRecognition
0x00000001928fd000 	/System/Library/PrivateFrameworks/CoreUI.framework/Versions/A/CoreUI
0x000000018d091000 	/System/Library/Frameworks/CoreAudio.framework/Versions/A/CoreAudio
0x0000000192243000 	/System/Library/Frameworks/DiskArbitration.framework/Versions/A/DiskArbitration
0x000000019776b000 	/System/Library/PrivateFrameworks/MultitouchSupport.framework/Versions/A/MultitouchSupport
0x00000001907f2000 	/usr/lib/libenergytrace.dylib
0x000000018e16a000 	/System/Library/Frameworks/IOKit.framework/Versions/A/IOKit
0x000000019c444000 	/System/Library/Frameworks/CoreServices.framework/Versions/A/CoreServices
0x0000000192b36000 	/System/Library/PrivateFrameworks/PerformanceAnalysis.framework/Versions/A/PerformanceAnalysis
0x00000001ec6a5000 	/System/Library/Frameworks/OpenGL.framework/Versions/A/OpenGL
0x000000019571c000 	/System/Library/PrivateFrameworks/MobileKeyBag.framework/Versions/A/MobileKeyBag
0x0000000191255000 	/System/Library/Frameworks/ColorSync.framework/Versions/A/ColorSync
0x000000018b708000 	/System/Library/Frameworks/CoreFoundation.framework/Versions/A/CoreFoundation
0x000000019489d000 	/System/Library/Frameworks/CoreImage.framework/Versions/A/CoreImage
0x000000018ceb4000 	/System/Library/Frameworks/CoreText.framework/Versions/A/CoreText
0x000000019464c000 	/System/Library/Frameworks/ImageIO.framework/Versions/A/ImageIO
0x000000019615c000 	/System/Library/PrivateFrameworks/SoftLinking.framework/Versions/A/SoftLinking
0x0000000192bf3000 	/usr/lib/libxml2.2.dylib
0x00000001963f4000 	/usr/lib/libcompression.dylib
0x0000000197db1000 	/System/Library/PrivateFrameworks/TextureIO.framework/Versions/A/TextureIO
0x0000000196b12000 	/usr/lib/libate.dylib
0x00000001969da000 	/usr/lib/liblzma.5.dylib
0x000000018c2f0000 	/System/Library/Frameworks/SystemConfiguration.framework/Versions/A/SystemConfiguration
0x0000000196158000 	/usr/lib/libfakelink.dylib
0x0000000190322000 	/System/Library/Frameworks/CFNetwork.framework/Versions/A/CFNetwork
0x000000019629f000 	/usr/lib/libarchive.2.dylib
0x0000000194c65000 	/System/Library/PrivateFrameworks/AppleSystemInfo.framework/Versions/A/AppleSystemInfo
0x0000000195826000 	/usr/lib/libbsm.0.dylib
0x000000018f85f000 	/usr/lib/libnetwork.dylib
0x00000001960f6000 	/usr/lib/system/libkxld.dylib
0x000000019543e000 	/System/Library/PrivateFrameworks/IOMobileFramebuffer.framework/Versions/A/IOMobileFramebuffer
0x0000000207fd0000 	/usr/lib/libCoreEntitlements.dylib
0x0000000195e3c000 	/System/Library/PrivateFrameworks/AppleFSCompression.framework/Versions/A/AppleFSCompression
0x000000019580f000 	/usr/lib/libcoretls.dylib
0x00000001969f3000 	/usr/lib/libcoretls_cfhelpers.dylib
0x00000001963ef000 	/usr/lib/libpam.2.dylib
0x0000000191ba7000 	/usr/lib/libsqlite3.dylib
0x0000000196a5b000 	/usr/lib/libxar.1.dylib
0x0000000195e4d000 	/usr/lib/libbz2.1.0.dylib
0x000000019615d000 	/usr/lib/libpcap.A.dylib
0x0000000191f76000 	/usr/lib/libdns_services.dylib
0x00000001963c2000 	/usr/lib/libapple_nghttp2.dylib
0x000000019619a000 	/usr/lib/libiconv.2.dylib
0x00000001960ef000 	/usr/lib/libcharset.1.dylib
0x0000000192b72000 	/System/Library/Frameworks/CoreServices.framework/Versions/A/Frameworks/FSEvents.framework/Versions/A/FSEvents
0x000000018ddf7000 	/System/Library/Frameworks/CoreServices.framework/Versions/A/Frameworks/CarbonCore.framework/Versions/A/CarbonCore
0x00000001921a6000 	/System/Library/Frameworks/CoreServices.framework/Versions/A/Frameworks/Metadata.framework/Versions/A/Metadata
0x0000000195e60000 	/System/Library/Frameworks/CoreServices.framework/Versions/A/Frameworks/OSServices.framework/Versions/A/OSServices
0x0000000196324000 	/System/Library/Frameworks/CoreServices.framework/Versions/A/Frameworks/SearchKit.framework/Versions/A/SearchKit
0x0000000191f04000 	/System/Library/Frameworks/CoreServices.framework/Versions/A/Frameworks/AE.framework/Versions/A/AE
0x000000018bc4c000 	/System/Library/Frameworks/CoreServices.framework/Versions/A/Frameworks/LaunchServices.framework/Versions/A/LaunchServices
0x0000000196983000 	/System/Library/Frameworks/CoreServices.framework/Versions/A/Frameworks/DictionaryServices.framework/Versions/A/DictionaryServices
0x0000000192b7f000 	/System/Library/Frameworks/CoreServices.framework/Versions/A/Frameworks/SharedFileList.framework/Versions/A/SharedFileList
0x00000001957ff000 	/usr/lib/libCheckFix.dylib
0x0000000190861000 	/System/Library/PrivateFrameworks/TCC.framework/Versions/A/TCC
0x0000000194c6b000 	/System/Library/PrivateFrameworks/CoreNLP.framework/Versions/A/CoreNLP
0x0000000192156000 	/System/Library/PrivateFrameworks/MetadataUtilities.framework/Versions/A/MetadataUtilities
0x000000018c3a9000 	/usr/lib/libmecabra.dylib
0x0000000195837000 	/usr/lib/libmecab.dylib
0x000000018c375000 	/usr/lib/libCRFSuite.dylib
0x0000000195895000 	/usr/lib/libgermantok.dylib
0x000000019639b000 	/usr/lib/libThaiTokenizer.dylib
0x000000019224b000 	/System/Library/Frameworks/Accelerate.framework/Versions/A/Frameworks/vImage.framework/Versions/A/vImage
0x000000019c41b000 	/System/Library/Frameworks/Accelerate.framework/Versions/A/Frameworks/vecLib.framework/Versions/A/vecLib
0x0000000196a9f000 	/System/Library/Frameworks/Accelerate.framework/Versions/A/Frameworks/vecLib.framework/Versions/A/libvMisc.dylib
0x0000000195348000 	/System/Library/Frameworks/Accelerate.framework/Versions/A/Frameworks/vecLib.framework/Versions/A/libvDSP.dylib
0x000000018bfcf000 	/System/Library/Frameworks/Accelerate.framework/Versions/A/Frameworks/vecLib.framework/Versions/A/libBLAS.dylib
0x00000001964c3000 	/System/Library/Frameworks/Accelerate.framework/Versions/A/Frameworks/vecLib.framework/Versions/A/libLAPACK.dylib
0x0000000195898000 	/System/Library/Frameworks/Accelerate.framework/Versions/A/Frameworks/vecLib.framework/Versions/A/libLinearAlgebra.dylib
0x00000001963da000 	/System/Library/Frameworks/Accelerate.framework/Versions/A/Frameworks/vecLib.framework/Versions/A/libSparseBLAS.dylib
0x00000001964be000 	/System/Library/Frameworks/Accelerate.framework/Versions/A/Frameworks/vecLib.framework/Versions/A/libQuadrature.dylib
0x0000000194d62000 	/System/Library/Frameworks/Accelerate.framework/Versions/A/Frameworks/vecLib.framework/Versions/A/libBNNS.dylib
0x000000018c28d000 	/System/Library/Frameworks/Accelerate.framework/Versions/A/Frameworks/vecLib.framework/Versions/A/libSparse.dylib
0x0000000194d5a000 	/System/Library/PrivateFrameworks/LinguisticData.framework/Versions/A/LinguisticData
0x000000018c243000 	/System/Library/PrivateFrameworks/Lexicon.framework/Versions/A/Lexicon
0x0000000196a97000 	/usr/lib/libChineseTokenizer.dylib
0x000000018c9ed000 	/System/Library/PrivateFrameworks/LanguageModeling.framework/Versions/A/LanguageModeling
0x000000019639d000 	/System/Library/PrivateFrameworks/AppleSauce.framework/Versions/A/AppleSauce
0x000000019542b000 	/System/Library/PrivateFrameworks/CoreEmoji.framework/Versions/A/CoreEmoji
0x000000019628d000 	/usr/lib/libcmph.dylib
0x0000000192b52000 	/System/Library/Frameworks/OpenDirectory.framework/Versions/A/Frameworks/CFOpenDirectory.framework/Versions/A/CFOpenDirectory
0x0000000192b42000 	/System/Library/Frameworks/OpenDirectory.framework/Versions/A/OpenDirectory
0x00000001969f5000 	/System/Library/PrivateFrameworks/APFS.framework/Versions/A/APFS
0x0000000195757000 	/System/Library/Frameworks/SecurityFoundation.framework/Versions/A/SecurityFoundation
0x0000000196a69000 	/usr/lib/libutil.dylib
0x000000018e12c000 	/System/Library/PrivateFrameworks/CoreServicesStore.framework/Versions/A/CoreServicesStore
0x0000000196a6d000 	/usr/lib/libxslt.1.dylib
0x00000001957eb000 	/System/Library/PrivateFrameworks/BackgroundTaskManagement.framework/Versions/A/BackgroundTaskManagement
0x0000000197cd2000 	/System/Library/Frameworks/ImageIO.framework/Versions/A/Resources/libRadiance.dylib
0x0000000197cdb000 	/System/Library/Frameworks/ImageIO.framework/Versions/A/Resources/libJPEG.dylib
0x0000000197c2d000 	/System/Library/Frameworks/ImageIO.framework/Versions/A/Resources/libPng.dylib
0x0000000197c4f000 	/System/Library/Frameworks/ImageIO.framework/Versions/A/Resources/libTIFF.dylib
0x0000000197d36000 	/System/Library/Frameworks/ImageIO.framework/Versions/A/Resources/libGIF.dylib
0x000000019767b000 	/System/Library/Frameworks/ImageIO.framework/Versions/A/Resources/libJP2.dylib
0x0000000196dbe000 	/usr/lib/libexpat.1.dylib
0x0000000197636000 	/System/Library/PrivateFrameworks/AppleJPEG.framework/Versions/A/AppleJPEG
0x000000019418f000 	/System/Library/PrivateFrameworks/FontServices.framework/libFontParser.dylib
0x0000000191ea9000 	/System/Library/PrivateFrameworks/RunningBoardServices.framework/Versions/A/RunningBoardServices
0x00000001a236b000 	/System/Library/PrivateFrameworks/IOSurfaceAccelerator.framework/Versions/A/IOSurfaceAccelerator
0x0000000197767000 	/System/Library/PrivateFrameworks/WatchdogClient.framework/Versions/A/WatchdogClient
0x000000018caf1000 	/System/Library/Frameworks/CoreDisplay.framework/Versions/A/CoreDisplay
0x000000019407e000 	/System/Library/Frameworks/CoreMedia.framework/Versions/A/CoreMedia
0x0000000193f12000 	/System/Library/PrivateFrameworks/IOAccelerator.framework/Versions/A/IOAccelerator
0x0000000192ce0000 	/System/Library/Frameworks/CoreVideo.framework/Versions/A/CoreVideo
0x00000001963ed000 	/System/Library/Frameworks/MetalPerformanceShaders.framework/Versions/A/MetalPerformanceShaders
0x00000001977a4000 	/System/Library/Frameworks/VideoToolbox.framework/Versions/A/VideoToolbox
0x0000000191ded000 	/System/Library/PrivateFrameworks/BaseBoard.framework/Versions/A/BaseBoard
0x0000000191b8c000 	/System/Library/PrivateFrameworks/ProtocolBuffer.framework/Versions/A/ProtocolBuffer
0x0000000197ccd000 	/System/Library/PrivateFrameworks/GPUWrangler.framework/Versions/A/GPUWrangler
0x0000000197cac000 	/System/Library/PrivateFrameworks/IOPresentment.framework/Versions/A/IOPresentment
0x0000000197cd5000 	/System/Library/PrivateFrameworks/DSExternalDisplay.framework/Versions/A/DSExternalDisplay
0x00000001ec698000 	/System/Library/Frameworks/OpenGL.framework/Versions/A/Libraries/libCoreFSCache.dylib
0x00000001f5db2000 	/System/Library/PrivateFrameworks/GPUCompiler.framework/Versions/31001/Libraries/libGPUCompilerUtils.dylib
0x0000000197d3b000 	/System/Library/PrivateFrameworks/CMCaptureCore.framework/Versions/A/CMCaptureCore
0x0000000197371000 	/System/Library/PrivateFrameworks/AppServerSupport.framework/Versions/A/AppServerSupport
0x0000000199510000 	/System/Library/PrivateFrameworks/perfdata.framework/Versions/A/perfdata
0x000000018cc11000 	/System/Library/PrivateFrameworks/AudioToolboxCore.framework/Versions/A/AudioToolboxCore
0x0000000194056000 	/System/Library/PrivateFrameworks/caulk.framework/Versions/A/caulk
0x0000000198e05000 	/usr/lib/libAudioStatistics.dylib
0x00000001aa61e000 	/System/Library/PrivateFrameworks/SystemPolicy.framework/Versions/A/SystemPolicy
0x0000000199065000 	/usr/lib/libSMC.dylib
0x00000001a1be2000 	/System/Library/Frameworks/CoreMIDI.framework/Versions/A/CoreMIDI
0x0000000197bfb000 	/usr/lib/libAudioToolboxUtility.dylib
0x00000001a6ac4000 	/System/Library/PrivateFrameworks/OSAServicesClient.framework/Versions/A/OSAServicesClient
0x000000019951d000 	/usr/lib/libperfcheck.dylib
0x00000001ab121000 	/usr/lib/libmis.dylib
0x00000001ec6f9000 	/System/Library/Frameworks/OpenGL.framework/Versions/A/Libraries/libGLU.dylib
0x00000001ec6b8000 	/System/Library/Frameworks/OpenGL.framework/Versions/A/Libraries/libGFXShared.dylib
0x00000001ec8a2000 	/System/Library/Frameworks/OpenGL.framework/Versions/A/Libraries/libGL.dylib
0x00000001ec6c1000 	/System/Library/Frameworks/OpenGL.framework/Versions/A/Libraries/libGLImage.dylib
0x00000001ec6b5000 	/System/Library/Frameworks/OpenGL.framework/Versions/A/Libraries/libCVMSPluginSupport.dylib
0x00000001ec69f000 	/System/Library/Frameworks/OpenGL.framework/Versions/A/Libraries/libCoreVMClient.dylib
0x0000000194be7000 	/System/Library/Frameworks/MetalPerformanceShaders.framework/Versions/A/Frameworks/MPSCore.framework/Versions/A/MPSCore
0x0000000195daf000 	/System/Library/Frameworks/MetalPerformanceShaders.framework/Versions/A/Frameworks/MPSImage.framework/Versions/A/MPSImage
0x00000001958ad000 	/System/Library/Frameworks/MetalPerformanceShaders.framework/Versions/A/Frameworks/MPSNeuralNetwork.framework/Versions/A/MPSNeuralNetwork
0x0000000195cea000 	/System/Library/Frameworks/MetalPerformanceShaders.framework/Versions/A/Frameworks/MPSMatrix.framework/Versions/A/MPSMatrix
0x0000000195ac5000 	/System/Library/Frameworks/MetalPerformanceShaders.framework/Versions/A/Frameworks/MPSRayIntersector.framework/Versions/A/MPSRayIntersector
0x0000000195d1b000 	/System/Library/Frameworks/MetalPerformanceShaders.framework/Versions/A/Frameworks/MPSNDArray.framework/Versions/A/MPSNDArray
0x00000001ee3b4000 	/System/Library/Frameworks/MetalPerformanceShaders.framework/Versions/A/Frameworks/MPSFunctions.framework/Versions/A/MPSFunctions
0x000000018bead000 	/System/Library/PrivateFrameworks/MetalTools.framework/Versions/A/MetalTools
0x0000000194c63000 	/System/Library/PrivateFrameworks/AggregateDictionary.framework/Versions/A/AggregateDictionary
0x0000000196ba4000 	/usr/lib/libIOReport.dylib
0x00000001a0bd0000 	/System/Library/PrivateFrameworks/ASEProcessing.framework/Versions/A/ASEProcessing
0x0000000196f16000 	/System/Library/PrivateFrameworks/FaceCore.framework/Versions/A/FaceCore
0x0000000196f08000 	/System/Library/PrivateFrameworks/GraphVisualizer.framework/Versions/A/GraphVisualizer
0x00000001f5cc9000 	/System/Library/PrivateFrameworks/FontServices.framework/Versions/A/FontServices
0x000000019732b000 	/System/Library/PrivateFrameworks/OTSVG.framework/Versions/A/OTSVG
0x00000001928ae000 	/System/Library/Frameworks/ApplicationServices.framework/Versions/A/Frameworks/ATS.framework/Versions/A/Resources/libFontRegistry.dylib
0x000000019737a000 	/System/Library/PrivateFrameworks/FontServices.framework/libhvf.dylib
0x00000001f5cca000 	/System/Library/PrivateFrameworks/FontServices.framework/libXTFontStaticRegistryData.dylib
0x00000001eca44000 	/System/Library/Frameworks/OpenCL.framework/Versions/A/OpenCL
0x0000000196d72000 	/System/Library/PrivateFrameworks/AppleVA.framework/Versions/A/AppleVA
0x0000000198e2d000 	/System/Library/Frameworks/ApplicationServices.framework/Versions/A/Frameworks/ATS.framework/Versions/A/ATS
0x0000000191352000 	/System/Library/Frameworks/ApplicationServices.framework/Versions/A/Frameworks/HIServices.framework/Versions/A/HIServices
0x0000000197d45000 	/System/Library/Frameworks/ApplicationServices.framework/Versions/A/Frameworks/PrintCore.framework/Versions/A/PrintCore
0x00000001991b8000 	/System/Library/Frameworks/ApplicationServices.framework/Versions/A/Frameworks/QD.framework/Versions/A/QD
0x00000001991b0000 	/System/Library/Frameworks/ApplicationServices.framework/Versions/A/Frameworks/ColorSyncLegacy.framework/Versions/A/ColorSyncLegacy
0x0000000198e19000 	/System/Library/Frameworks/ApplicationServices.framework/Versions/A/Frameworks/SpeechSynthesis.framework/Versions/A/SpeechSynthesis
0x0000000197d06000 	/System/Library/Frameworks/ApplicationServices.framework/Versions/A/Frameworks/ATSUI.framework/Versions/A/ATSUI
0x0000000199145000 	/usr/lib/libcups.2.dylib
0x000000019952b000 	/System/Library/Frameworks/Kerberos.framework/Versions/A/Kerberos
0x000000019953c000 	/System/Library/Frameworks/GSS.framework/Versions/A/GSS
0x0000000198e9c000 	/usr/lib/libresolv.9.dylib
0x0000000197388000 	/System/Library/PrivateFrameworks/Heimdal.framework/Versions/A/Heimdal
0x000000019fe44000 	/System/Library/Frameworks/Kerberos.framework/Versions/A/Libraries/libHeimdalProxy.dylib
0x0000000191f88000 	/System/Library/Frameworks/Network.framework/Versions/A/Network
0x0000000196dd9000 	/usr/lib/libheimdal-asn1.dylib
0x0000000199582000 	/System/Library/PrivateFrameworks/CommonAuth.framework/Versions/A/CommonAuth
0x0000000198d93000 	/System/Library/PrivateFrameworks/AudioSession.framework/Versions/A/AudioSession
0x0000000196e6a000 	/System/Library/PrivateFrameworks/MediaExperience.framework/Versions/A/MediaExperience
0x0000000198c1b000 	/System/Library/PrivateFrameworks/AudioSession.framework/libSessionUtility.dylib
0x00000001991c4000 	/System/Library/PrivateFrameworks/AudioResourceArbitration.framework/Versions/A/AudioResourceArbitration
0x0000000196de2000 	/System/Library/PrivateFrameworks/IconFoundation.framework/Versions/A/IconFoundation
0x000000019c049000 	/System/Library/PrivateFrameworks/SpeechRecognitionCore.framework/Versions/A/SpeechRecognitionCore
0x0000000105600000 	/Library/Java/JavaVirtualMachines/jdk-17.0.1.jdk/Contents/Home/lib/server/libjvm.dylib
0x0000000104714000 	/Library/Java/JavaVirtualMachines/jdk-17.0.1.jdk/Contents/Home/lib/libjimage.dylib
0x0000000104728000 	/Library/Java/JavaVirtualMachines/jdk-17.0.1.jdk/Contents/Home/lib/libinstrument.dylib
0x0000000104774000 	/Library/Java/JavaVirtualMachines/jdk-17.0.1.jdk/Contents/Home/lib/libjava.dylib
0x0000000105228000 	/Library/Java/JavaVirtualMachines/jdk-17.0.1.jdk/Contents/Home/lib/libnio.dylib
0x0000000105248000 	/Library/Java/JavaVirtualMachines/jdk-17.0.1.jdk/Contents/Home/lib/libnet.dylib
0x000000010526c000 	/Library/Java/JavaVirtualMachines/jdk-17.0.1.jdk/Contents/Home/lib/libzip.dylib
0x0000000105284000 	/Users/louislombard/.openjfx/cache/11.0.2/libprism_es2.dylib
0x000000018e0ef000 	/System/Library/PrivateFrameworks/CoreServicesInternal.framework/Versions/A/CoreServicesInternal
0x00000001ec8ac000 	/System/Library/Frameworks/OpenGL.framework/Versions/A/Resources/GLEngine.bundle/GLEngine
0x00000001ec733000 	/System/Library/Frameworks/OpenGL.framework/Versions/A/Libraries/libGLProgrammability.dylib
0x0000000120934000 	/System/Library/Extensions/AppleMetalOpenGLRenderer.bundle/Contents/MacOS/AppleMetalOpenGLRenderer
0x00000001eca1b000 	/System/Library/Frameworks/OpenGL.framework/Versions/A/Resources/GLRendererFloat.bundle/GLRendererFloat
0x00000001ecabc000 	/System/Library/Extensions/AGXMetal13_3.bundle/Contents/MacOS/AGXMetal13_3
0x00000001ab13d000 	/System/Library/PrivateFrameworks/GPURawCounter.framework/Versions/A/GPURawCounter
0x00000001a5c12000 	/System/Library/PrivateFrameworks/IOGPU.framework/Versions/A/IOGPU
0x00000001209cc000 	/Users/louislombard/.openjfx/cache/11.0.2/libglass.dylib
0x000000019d4e9000 	/System/Library/Frameworks/FileProvider.framework/Versions/A/FileProvider
0x0000000191d55000 	/System/Library/Frameworks/Accounts.framework/Versions/A/Accounts
0x000000019d669000 	/System/Library/PrivateFrameworks/GenerationalStorage.framework/Versions/A/GenerationalStorage
0x000000019e219000 	/System/Library/PrivateFrameworks/CoreSymbolication.framework/Versions/A/CoreSymbolication
0x000000019d289000 	/System/Library/PrivateFrameworks/SymptomDiagnosticReporter.framework/Versions/A/SymptomDiagnosticReporter
0x000000018f3d4000 	/System/Library/PrivateFrameworks/DesktopServicesPriv.framework/Versions/A/DesktopServicesPriv
0x000000018e24e000 	/usr/lib/libsandbox.1.dylib
0x0000000192d6c000 	/System/Library/PrivateFrameworks/UserManagement.framework/Versions/A/UserManagement
0x000000019e1da000 	/System/Library/PrivateFrameworks/DebugSymbols.framework/Versions/A/DebugSymbols
0x00000001991a3000 	/System/Library/PrivateFrameworks/NetAuth.framework/Versions/A/NetAuth
0x000000019a0a1000 	/System/Library/PrivateFrameworks/Sharing.framework/Versions/A/Sharing
0x0000000192d3c000 	/System/Library/PrivateFrameworks/login.framework/Versions/A/Frameworks/loginsupport.framework/Versions/A/loginsupport
0x000000019f38a000 	/System/Library/PrivateFrameworks/Apple80211.framework/Versions/A/Apple80211
0x0000000195e93000 	/System/Library/PrivateFrameworks/AuthKit.framework/Versions/A/AuthKit
0x000000019552a000 	/System/Library/PrivateFrameworks/CoreUtils.framework/Versions/A/CoreUtils
0x000000019544a000 	/System/Library/Frameworks/CoreWLAN.framework/Versions/A/CoreWLAN
0x000000019a20a000 	/System/Library/Frameworks/IOBluetooth.framework/Versions/A/IOBluetooth
0x000000019f3ea000 	/System/Library/PrivateFrameworks/CoreWiFi.framework/Versions/A/CoreWiFi
0x000000019ddc1000 	/System/Library/PrivateFrameworks/FrontBoardServices.framework/Versions/A/FrontBoardServices
0x000000019de59000 	/System/Library/PrivateFrameworks/BoardServices.framework/Versions/A/BoardServices
0x0000000195745000 	/System/Library/PrivateFrameworks/AssertionServices.framework/Versions/A/AssertionServices
0x000000019f558000 	/System/Library/PrivateFrameworks/BackBoardServices.framework/Versions/A/BackBoardServices
0x0000000199615000 	/System/Library/PrivateFrameworks/CorePhoneNumbers.framework/Versions/A/CorePhoneNumbers
0x000000019d3b9000 	/System/Library/PrivateFrameworks/DiskManagement.framework/Versions/A/DiskManagement
0x000000019d2bc000 	/System/Library/PrivateFrameworks/AppleIDAuthSupport.framework/Versions/A/AppleIDAuthSupport
0x00000001f064d000 	/System/Library/PrivateFrameworks/AAAFoundation.framework/Versions/A/AAAFoundation
0x00000001995f4000 	/System/Library/PrivateFrameworks/KeychainCircle.framework/Versions/A/KeychainCircle
0x000000019d385000 	/System/Library/PrivateFrameworks/MediaKit.framework/Versions/A/MediaKit
0x000000019d2c9000 	/System/Library/Frameworks/DiscRecording.framework/Versions/A/DiscRecording
0x0000000196cee000 	/usr/lib/libCoreStorage.dylib
0x000000019f852000 	/usr/lib/libcsfde.dylib
0x000000019a2df000 	/System/Library/PrivateFrameworks/ProtectedCloudStorage.framework/Versions/A/ProtectedCloudStorage
0x000000019f84a000 	/System/Library/PrivateFrameworks/EFILogin.framework/Versions/A/EFILogin
0x000000019d690000 	/System/Library/PrivateFrameworks/OctagonTrust.framework/Versions/A/OctagonTrust
0x00000001f4f34000 	/System/Library/PrivateFrameworks/CoreUtilsExtras.framework/Versions/A/CoreUtilsExtras
0x000000019d1fb000 	/System/Library/Frameworks/CoreBluetooth.framework/Versions/A/CoreBluetooth
0x000000019fec9000 	/System/Library/Frameworks/AudioUnit.framework/Versions/A/AudioUnit
0x0000000196ce6000 	/usr/lib/libMatch.1.dylib
0x00000001af3a4000 	/System/Library/Frameworks/Accelerate.framework/Versions/A/Frameworks/vImage.framework/Versions/A/Libraries/libCGInterfaces.dylib
0x0000000120dec000 	/usr/lib/libobjc-trampolines.dylib
0x0000000192a3a000 	/System/Library/PrivateFrameworks/ViewBridge.framework/Versions/A/ViewBridge
0x0000000196bad000 	/System/Library/PrivateFrameworks/CrashReporterSupport.framework/Versions/A/CrashReporterSupport
0x00000001b6cb3000 	/System/Library/PrivateFrameworks/OSAnalytics.framework/Versions/A/OSAnalytics
0x00000001c1e02000 	/System/Library/PrivateFrameworks/Symbolication.framework/Versions/A/Symbolication
0x00000001ab0fe000 	/System/Library/PrivateFrameworks/MallocStackLogging.framework/Versions/A/MallocStackLogging
0x0000000160fdc000 	/Users/louislombard/.openjfx/cache/11.0.2/libjavafx_font.dylib
0x0000000197436000 	/System/Library/PrivateFrameworks/login.framework/Versions/A/login
0x000000020814a000 	/usr/lib/libRosetta.dylib
0x00000001f0cec000 	/System/Library/PrivateFrameworks/AccessibilityBundles.framework/Versions/A/AccessibilityBundles
0x00000001f223c000 	/System/Library/PrivateFrameworks/CMPhoto.framework/Versions/A/CMPhoto
0x0000000197f4f000 	/System/Library/Frameworks/MediaToolbox.framework/Versions/A/MediaToolbox
0x000000019d4b5000 	/System/Library/PrivateFrameworks/CoreAVCHD.framework/Versions/A/CoreAVCHD
0x000000019c6e1000 	/System/Library/Frameworks/MediaAccessibility.framework/Versions/A/MediaAccessibility
0x000000019d4b1000 	/System/Library/PrivateFrameworks/Mangrove.framework/Versions/A/Mangrove
0x000000019c6ee000 	/System/Library/PrivateFrameworks/AlgosScoreFramework.framework/Versions/A/AlgosScoreFramework
0x000000019d4a5000 	/System/Library/PrivateFrameworks/CoreAUC.framework/Versions/A/CoreAUC


VM Arguments:
jvm_args: -javaagent:/Applications/IntelliJ IDEA.app/Contents/lib/idea_rt.jar=59438:/Applications/IntelliJ IDEA.app/Contents/bin -Dfile.encoding=UTF-8 --module-path=/Users/louislombard/Documents/Cours/4IF/TRUEAGILE/de/target/classes:/Users/louislombard/.m2/repository/org/openjfx/javafx-controls/17.0.1/javafx-controls-17.0.1.jar:/Users/louislombard/.m2/repository/org/openjfx/javafx-controls/17.0.1/javafx-controls-17.0.1-mac-aarch64.jar:/Users/louislombard/.m2/repository/org/openjfx/javafx-graphics/17.0.1/javafx-graphics-17.0.1.jar:/Users/louislombard/.m2/repository/org/openjfx/javafx-graphics/17.0.1/javafx-graphics-17.0.1-mac-aarch64.jar:/Users/louislombard/.m2/repository/org/openjfx/javafx-fxml/17.0.1/javafx-fxml-17.0.1.jar:/Users/louislombard/.m2/repository/org/openjfx/javafx-fxml/17.0.1/javafx-fxml-17.0.1-mac-aarch64.jar:/Users/louislombard/.m2/repository/com/gluonhq/attach/util/4.0.11/util-4.0.11.jar:/Users/louislombard/.m2/repository/com/gluonhq/attach/storage/4.0.11/storage-4.0.11-desktop.jar:/Users/louislombard/.m2/repository/com/gluonhq/maps/2.0.0-ea+1/maps-2.0.0-ea+1.jar:/Users/louislombard/.m2/repository/org/openjfx/javafx-base/11.0.2/javafx-base-11.0.2.jar:/Users/louislombard/.m2/repository/org/openjfx/javafx-base/11.0.2/javafx-base-11.0.2-mac.jar -Djdk.module.main=org.hexanome 
java_command: org.hexanome/org.hexanome.vue.App
java_class_path (initial): <not set>
Launcher Type: SUN_STANDARD

[Global flags]
     intx CICompilerCount                          = 4                                         {product} {ergonomic}
     uint ConcGCThreads                            = 2                                         {product} {ergonomic}
     uint G1ConcRefinementThreads                  = 8                                         {product} {ergonomic}
   size_t G1HeapRegionSize                         = 2097152                                   {product} {ergonomic}
    uintx GCDrainStackTargetSize                   = 64                                        {product} {ergonomic}
   size_t InitialHeapSize                          = 268435456                                 {product} {ergonomic}
   size_t MarkStackSize                            = 4194304                                   {product} {ergonomic}
   size_t MaxHeapSize                              = 4294967296                                {product} {ergonomic}
   size_t MaxNewSize                               = 2575302656                                {product} {ergonomic}
   size_t MinHeapDeltaBytes                        = 2097152                                   {product} {ergonomic}
   size_t MinHeapSize                              = 8388608                                   {product} {ergonomic}
    uintx NonNMethodCodeHeapSize                   = 5839564                                {pd product} {ergonomic}
    uintx NonProfiledCodeHeapSize                  = 122909338                              {pd product} {ergonomic}
    uintx ProfiledCodeHeapSize                     = 122909338                              {pd product} {ergonomic}
    uintx ReservedCodeCacheSize                    = 251658240                              {pd product} {ergonomic}
     bool SegmentedCodeCache                       = true                                      {product} {ergonomic}
   size_t SoftMaxHeapSize                          = 4294967296                             {manageable} {ergonomic}
     bool UseCompressedClassPointers               = true                           {product lp64_product} {ergonomic}
     bool UseCompressedOops                        = true                           {product lp64_product} {ergonomic}
     bool UseG1GC                                  = true                                      {product} {ergonomic}
     bool UseNUMA                                  = false                                     {product} {ergonomic}
     bool UseNUMAInterleaving                      = false                                     {product} {ergonomic}

Logging:
Log output configuration:
 #0: stdout all=warning uptime,level,tags
 #1: stderr all=off uptime,level,tags

Environment Variables:
PATH=/opt/homebrew/bin:/opt/homebrew/sbin:/usr/local/bin:/usr/bin:/bin:/usr/sbin:/sbin:/Library/Apple/usr/bin
SHELL=/bin/zsh
LC_CTYPE=fr_FR.UTF-8

Signal Handlers:
   SIGSEGV: _ZL13crash_handleriP9__siginfoPv in libjvm.dylib, mask=11100110000111110111111111111111, flags=SA_RESTART|SA_SIGINFO
    SIGBUS: _ZL13crash_handleriP9__siginfoPv in libjvm.dylib, mask=11100110000111110111111111111111, flags=SA_RESTART|SA_SIGINFO
    SIGFPE: _ZL13crash_handleriP9__siginfoPv in libjvm.dylib, mask=11100110000111110111111111111111, flags=SA_RESTART|SA_SIGINFO
   SIGPIPE: _ZL17javaSignalHandleriP9__siginfoPv in libjvm.dylib, mask=11100110000111110111111111111111, flags=SA_RESTART|SA_SIGINFO
   SIGXFSZ: _ZL17javaSignalHandleriP9__siginfoPv in libjvm.dylib, mask=11100110000111110111111111111111, flags=SA_RESTART|SA_SIGINFO
    SIGILL: _ZL13crash_handleriP9__siginfoPv in libjvm.dylib, mask=11100110000111110111111111111111, flags=SA_RESTART|SA_SIGINFO
   SIGUSR2: _ZL10SR_handleriP9__siginfoP17__darwin_ucontext in libjvm.dylib, mask=00100000000000000000000000000000, flags=SA_RESTART|SA_SIGINFO
    SIGHUP: _ZL11UserHandleriPvS_ in libjvm.dylib, mask=11100110000111110111111111111111, flags=SA_RESTART|SA_SIGINFO
    SIGINT: _ZL11UserHandleriPvS_ in libjvm.dylib, mask=11100110000111110111111111111111, flags=SA_RESTART|SA_SIGINFO
   SIGTERM: _ZL11UserHandleriPvS_ in libjvm.dylib, mask=11100110000111110111111111111111, flags=SA_RESTART|SA_SIGINFO
   SIGQUIT: _ZL11UserHandleriPvS_ in libjvm.dylib, mask=11100110000111110111111111111111, flags=SA_RESTART|SA_SIGINFO
   SIGTRAP: _ZL13crash_handleriP9__siginfoPv in libjvm.dylib, mask=11100110000111110111111111111111, flags=SA_RESTART|SA_SIGINFO


---------------  S Y S T E M  ---------------

OS:
uname: Darwin 21.1.0 Darwin Kernel Version 21.1.0: Wed Oct 13 17:33:24 PDT 2021; root:xnu-8019.41.5~1/RELEASE_ARM64_T8101 arm64
OS uptime: 1 days 8:40 hours
rlimit (soft/hard): STACK 8176k/65520k , CORE 0k/infinity , NPROC 2666/4000 , NOFILE 10240/infinity , AS infinity/infinity , CPU infinity/infinity , DATA infinity/infinity , FSIZE infinity/infinity , MEMLOCK infinity/infinity , RSS infinity/infinity
load average: 1.90 2.18 1.97

CPU: total 8 (initial active 8) 0x61:0x0:0x1b588bb3:0, fp, simd, crc, lse

Memory: 16k page, physical 16777216k(3067296k free), swap 1048576k(1016320k free)

vm_info: Java HotSpot(TM) 64-Bit Server VM (17.0.1+12-LTS-39) for bsd-aarch64 JRE (17.0.1+12-LTS-39), built on Sep 27 2021 17:38:30 by "mach5one" with clang Apple LLVM 12.0.0 (clang-1200.0.32.29)

END.
