#
# A fatal error has been detected by the Java Runtime Environment:
#
#  SIGBUS (0xa) at pc=0x000000010c4494f0, pid=4906, tid=28943
#
# JRE version: OpenJDK Runtime Environment (16.0.2+7) (build 16.0.2+7)
# Java VM: OpenJDK 64-Bit Server VM (16.0.2+7, mixed mode, tiered, compressed oops, compressed class ptrs, g1 gc, bsd-aarch64)
# Problematic frame:
# v  ~StubRoutines::SafeFetchN
#
# No core dump will be written. Core dumps have been disabled. To enable core dumping, try "ulimit -c unlimited" before starting Java again
#
# If you would like to submit a bug report, please visit:
#   https://bell-sw.com/support
# The crash happened outside the Java Virtual Machine in native code.
# See problematic frame for where to report the bug.
#

---------------  S U M M A R Y ------------

Command Line: -javaagent:/Applications/IntelliJ IDEA.app/Contents/lib/idea_rt.jar=50760:/Applications/IntelliJ IDEA.app/Contents/bin -Dfile.encoding=UTF-8 --module-path=/Users/louislombard/Documents/Cours/4IF/TRUEAGILE/de/target/classes:/Users/louislombard/.m2/repository/org/openjfx/javafx-controls/17.0.1/javafx-controls-17.0.1.jar:/Users/louislombard/.m2/repository/org/openjfx/javafx-controls/17.0.1/javafx-controls-17.0.1-mac-aarch64.jar:/Users/louislombard/.m2/repository/org/openjfx/javafx-graphics/17.0.1/javafx-graphics-17.0.1.jar:/Users/louislombard/.m2/repository/org/openjfx/javafx-graphics/17.0.1/javafx-graphics-17.0.1-mac-aarch64.jar:/Users/louislombard/.m2/repository/org/openjfx/javafx-base/17.0.1/javafx-base-17.0.1.jar:/Users/louislombard/.m2/repository/org/openjfx/javafx-base/17.0.1/javafx-base-17.0.1-mac-aarch64.jar:/Users/louislombard/.m2/repository/org/openjfx/javafx-fxml/17.0.1/javafx-fxml-17.0.1.jar:/Users/louislombard/.m2/repository/org/openjfx/javafx-fxml/17.0.1/javafx-fxml-17.0.1-mac-aarch64.jar -Djdk.module.main=org.hexanome org.hexanome/org.hexanome.vue.App

Host: MacBookAir10,1 arm64 1 MHz, 8 cores, 16G, Darwin 21.1.0, macOS 12.0.1 (21A559)
Time: Tue Nov 23 10:10:12 2021 CET elapsed time: 16.025621 seconds (0d 0h 0m 16s)

---------------  T H R E A D  ---------------

Current thread (0x000000012710d600):  JavaThread "InvokeLaterDispatcher" daemon [_thread_in_native, id=28943, stack(0x00000001726a0000,0x00000001728a3000)]

Stack: [0x00000001726a0000,0x00000001728a3000],  sp=0x00000001728a27c0,  free space=2057k
Native frames: (J=compiled Java code, A=aot compiled Java code, j=interpreted, Vv=VM code, C=native code)
v  ~StubRoutines::SafeFetchN
V  [libjvm.dylib+0x789a7c]  _ZN10OopStorage7releaseEPKP7oopDesc+0x20
V  [libjvm.dylib+0x49b370]  jni_DeleteGlobalRef+0xf0
C  [libglass.dylib+0xa7f4]  -[GlassRunnable dealloc]+0x34
C  [Foundation+0x85e0c]  -[_NSThreadPerformInfo dealloc]+0x30
C  [Foundation+0x525e8]  -[NSObject(NSThreadPerformAdditions) performSelectorOnMainThread:withObject:waitUntilDone:]+0x88
C  0xd06380010c451c6c
j  com.sun.glass.ui.mac.MacApplication.submitForLaterInvocation(Ljava/lang/Runnable;)V+2 javafx.graphics@16.0.2
j  com.sun.glass.ui.InvokeLaterDispatcher.run()V+82 javafx.graphics@16.0.2
v  ~StubRoutines::call_stub
V  [libjvm.dylib+0x442094]  _ZN9JavaCalls11call_helperEP9JavaValueRK12methodHandleP17JavaCallArgumentsP6Thread+0x3a8
V  [libjvm.dylib+0x441094]  _ZN9JavaCalls12call_virtualEP9JavaValueP5KlassP6SymbolS5_P17JavaCallArgumentsP6Thread+0x11c
V  [libjvm.dylib+0x441160]  _ZN9JavaCalls12call_virtualEP9JavaValue6HandleP5KlassP6SymbolS6_P6Thread+0x64
V  [libjvm.dylib+0x4fb03c]  _ZL12thread_entryP10JavaThreadP6Thread+0xc4
V  [libjvm.dylib+0x94d8d8]  _ZN10JavaThread17thread_main_innerEv+0xb0
V  [libjvm.dylib+0x94b45c]  _ZN6Thread8call_runEv+0x8c
V  [libjvm.dylib+0x790a6c]  _ZL19thread_native_entryP6Thread+0x16c
C  [libsystem_pthread.dylib+0x74ec]  _pthread_start+0x94

Java frames: (J=compiled Java code, j=interpreted, Vv=VM code)
j  com.sun.glass.ui.mac.MacApplication._submitForLaterInvocation(Ljava/lang/Runnable;)V+0 javafx.graphics@16.0.2
j  com.sun.glass.ui.mac.MacApplication.submitForLaterInvocation(Ljava/lang/Runnable;)V+2 javafx.graphics@16.0.2
j  com.sun.glass.ui.InvokeLaterDispatcher.run()V+82 javafx.graphics@16.0.2
v  ~StubRoutines::call_stub

siginfo: si_signo: 10 (SIGBUS), si_code: 1 (BUS_ADRALN), si_addr: 0x000000010c4494f0

Register to memory mapping:

 x0=0x00000001266050c8 is a global jni handle
 x1=0x0 is NULL
 x2=0x0 is NULL
 x3=0x0 is NULL
 x4=0x00000000000130a8 is an unknown value
 x5=0x0 is NULL
 x6=0x0 is NULL
 x7=0x0 is NULL
 x8=0x000000010c4494ec is at begin+0 in a stub
StubRoutines::SafeFetchN [0x000000010c4494ec, 0x000000010c4494f8] (12 bytes)
 x9=0x0 is NULL
x10=0x2010000030300000 is an unknown value
x11=0x0000000000000007 is an unknown value
x12=0x0 is NULL
x13=0x0000600000766af0 points into unknown readable memory: 0x0000cc0300000000 | 00 00 00 00 03 cc 00 00
x14=0x0000000000000001 is an unknown value
x15=0x0000000126589f90: OBJC_CLASS_$_GlassRunnable+0 in /Library/Java/JavaVirtualMachines/liberica-jdk-16-full.jdk/Contents/Home/lib/libglass.dylib at 0x0000000126544000
x16=0x00000001b25ec340: pthread_getspecific+0 in /usr/lib/system/libsystem_pthread.dylib at 0x00000001b25ea000
x17=0x0000600002742d60 points into unknown readable memory: 0x0000000000000000 | 00 00 00 00 00 00 00 00
x18=0x0 is NULL
x19=0x00006000002605b0 points into unknown readable memory: 0x0000600002b5a720 | 20 a7 b5 02 00 60 00 00
x20=0x0000000126604ec0 points into unknown readable memory: 0xa2d844ea2419d463 | 63 d4 19 24 ea 44 d8 a2
x21=0x00000001266050c8 is a global jni handle
x22=0x000000012710d600 is a thread
x23=0x0000000000000001 is an unknown value
x24=0x0000000126605080 is a global jni handle
x25=0x0000000102481938: _ZN12StubRoutines17_safefetchN_entryE+0 in /Library/Java/JavaVirtualMachines/liberica-jdk-16-full.jdk/Contents/Home/lib/server/libjvm.dylib at 0x00000001018c4000
x26=0x00000001338bd298 is pointing into metadata
x27=0x0 is NULL
x28=0x000000012710d600 is a thread


Registers:
 x0=0x00000001266050c8  x1=0x0000000000000000  x2=0x0000000000000000  x3=0x0000000000000000
 x4=0x00000000000130a8  x5=0x0000000000000000  x6=0x0000000000000000  x7=0x0000000000000000
 x8=0x000000010c4494ec  x9=0x0000000000000000 x10=0x2010000030300000 x11=0x0000000000000007
x12=0x0000000000000000 x13=0x0000600000766af0 x14=0x0000000000000001 x15=0x0000000126589f90
x16=0x00000001b25ec340 x17=0x0000600002742d60 x18=0x0000000000000000 x19=0x00006000002605b0
x20=0x0000000126604ec0 x21=0x00000001266050c8 x22=0x000000012710d600 x23=0x0000000000000001
x24=0x0000000126605080 x25=0x0000000102481938 x26=0x00000001338bd298 x27=0x0000000000000000
x28=0x000000012710d600  fp=0x00000001728a2800  lr=0x000000010204ca24  sp=0x00000001728a27c0
pc=0x000000010c4494f0 cpsr=0x0000000060001000
Top of Stack: (sp=0x00000001728a27c0)
0x00000001728a27c0:   00000001338bd298 0000000000000001
0x00000001728a27d0:   00000001728a29c8 000000014694e000
0x00000001728a27e0:   000000014694e308 00000001266050b0
0x00000001728a27f0:   00000001266050b0 00006000002605b0
0x00000001728a2800:   00000001728a2840 000000010204da7c
0x00000001728a2810:   000000014694e000 00000001266050b0
0x00000001728a2820:   000000014694e308 00000001266050b0
0x00000001728a2830:   000000014694e000 0000000000000001
0x00000001728a2840:   00000001728a2880 0000000101d5f370
0x00000001728a2850:   00000001728a29c8 0000600002b7b5a0
0x00000001728a2860:   0000600002b7b5b0 00000001fc8199f4
0x00000001728a2870:   0000000000000000 0000600002b7b5b0
0x00000001728a2880:   00000001728a28b0 000000012654e7f4
0x00000001728a2890:   da62a9239b7700e9 0000000000000000
0x00000001728a28a0:   0000000000000000 0000600003cacf40
0x00000001728a28b0:   00000001728a28f0 00000001b35b4e0c
0x00000001728a28c0:   00000001728a29c8 0000600002b7b5a0
0x00000001728a28d0:   0000600002b7b5b0 da62a9239b7700e9
0x00000001728a28e0:   0000000000000000 0000000000000000
0x00000001728a28f0:   00000001728a2930 60698001b35815e8
0x00000001728a2900:   00000001728a29c8 000000010c450a00
0x00000001728a2910:   0000000000000000 0000000102489198
0x00000001728a2920:   00000001728a2940 000000010c44f970
0x00000001728a2930:   00000001728a29a0 d06380010c451c6c
0x00000001728a2940:   0000000000000000 00000006c05da0c0
0x00000001728a2950:   00000001728a2950 0000000000000000
0x00000001728a2960:   00000001728a29c8 00000001338bd298
0x00000001728a2970:   00000006c0378528 0000000000000000
0x00000001728a2980:   0000000000000000 00000001338935d0
0x00000001728a2990:   0000000000000000 00000001728a29a0
0x00000001728a29a0:   00000001728a2a20 000000010c44dfc8
0x00000001728a29b0:   0000000000000000 0000000000000000 

Instructions: (pc=0x000000010c4494f0)
0x000000010c4493f0:   f2a04889 f2c00029 6d425935 1e640886
0x000000010c449400:   0c402d31 1e6408c7 1f5654d0 1e6c1017
0x000000010c449410:   1f5050d0 1f504cd0 1f5048d0 1e650af6
0x000000010c449420:   1f50d8f6 1f5694d6 1f5158f6 1e762880
0x000000010c449430:   36000501 1e614000 14000026 2e251ca5
0x000000010c449440:   d29e3009 f2a04889 f2c00029 6d425d36
0x000000010c449450:   1e600806 0c402d32 1f5758c7 1e6c101a
0x000000010c449460:   1f4754c7 1e650805 1f4750c7 d2866668
0x000000010c449470:   f2a7fa68 1f474cc7 1e6608c0 1f4748c7
0x000000010c449480:   1e6e1019 eb08007f 540000ac 1f479400
0x000000010c449490:   1f460340 1e603b20 1400000e d2a7fd29
0x000000010c4494a0:   eb09007f 540000ac 51480069 d3607d29
0x000000010c4494b0:   9e670121 14000002 1e6a5001 1f679417
0x000000010c4494c0:   1f668742 1e613b23 1e773857 1e773860
0x000000010c4494d0:   a8c17ff3 910003bf a8c17bfd d65f03c0
0x000000010c4494e0:   b9400001 aa0103e0 d65f03c0 f9400001
0x000000010c4494f0:   aa0103e0 d65f03c0 00000000 00000000
0x000000010c449500:   00000000 00000000 00000000 00000000
0x000000010c449510:   00000000 00000000 00000000 00000000
0x000000010c449520:   00000000 00000000 00000000 00000000
0x000000010c449530:   00000000 00000000 00000000 00000000
0x000000010c449540:   00000000 00000000 00000000 00000000
0x000000010c449550:   00000000 00000000 00000000 00000000
0x000000010c449560:   00000000 00000000 00000000 00000000
0x000000010c449570:   00000000 00000000 00000000 00000000
0x000000010c449580:   00000000 00000000 00000000 00000000
0x000000010c449590:   00000000 00000000 00000000 00000000
0x000000010c4495a0:   00000000 00000000 00000000 00000000
0x000000010c4495b0:   00000000 00000000 00000000 00000000
0x000000010c4495c0:   00000000 00000000 00000000 00000000
0x000000010c4495d0:   00000000 00000000 00000000 00000000
0x000000010c4495e0:   00000000 00000000 00000000 00000000 


Stack slot to memory mapping:
stack at sp + 0 slots: 0x00000001338bd298 is pointing into metadata
stack at sp + 1 slots: 0x0000000000000001 is an unknown value
stack at sp + 2 slots: 0x00000001728a29c8 is pointing into the stack for thread: 0x000000012710d600
stack at sp + 3 slots: 0x000000014694e000 is a thread
stack at sp + 4 slots: 0x000000014694e308 points into unknown readable memory: 0x000000010243de00 | 00 de 43 02 01 00 00 00
stack at sp + 5 slots: 0x00000001266050b0 is a global jni handle
stack at sp + 6 slots: 0x00000001266050b0 is a global jni handle
stack at sp + 7 slots: 0x00006000002605b0 points into unknown readable memory: 0x0000600002b5a720 | 20 a7 b5 02 00 60 00 00

StubRoutines::SafeFetchN [0x000000010c4494ec, 0x000000010c4494f8] (12 bytes)
[MachCode]
  0x000000010c4494ec: 0100 40f9 | e003 01aa | c003 5fd6 
[/MachCode]

---------------  P R O C E S S  ---------------

Threads class SMR info:
_java_thread_list=0x0000600002935a80, length=20, elements={
0x000000014781a400, 0x00000001478f1400, 0x00000001478f3c00, 0x000000014703d000,
0x000000014703ca00, 0x0000000147051800, 0x0000000147051e00, 0x0000000147052400,
0x00000001478f4200, 0x00000001478f4800, 0x00000001478fc400, 0x0000000147994600,
0x000000012700ba00, 0x000000012710d600, 0x000000014694e000, 0x0000000147178a00,
0x000000012731a400, 0x0000000147f23000, 0x00000001478f9e00, 0x000000013203f000
}

Java Threads: ( => current thread )
  0x000000014781a400 JavaThread "main" [_thread_blocked, id=5891, stack(0x000000016f880000,0x000000016fa83000)]
  0x00000001478f1400 JavaThread "Reference Handler" daemon [_thread_blocked, id=15619, stack(0x00000001706d4000,0x00000001708d7000)]
  0x00000001478f3c00 JavaThread "Finalizer" daemon [_thread_blocked, id=17411, stack(0x00000001708e0000,0x0000000170ae3000)]
  0x000000014703d000 JavaThread "Signal Dispatcher" daemon [_thread_blocked, id=42499, stack(0x0000000170c04000,0x0000000170e07000)]
  0x000000014703ca00 JavaThread "Service Thread" daemon [_thread_blocked, id=22275, stack(0x0000000170e10000,0x0000000171013000)]
  0x0000000147051800 JavaThread "Monitor Deflation Thread" daemon [_thread_blocked, id=22787, stack(0x000000017101c000,0x000000017121f000)]
  0x0000000147051e00 JavaThread "C2 CompilerThread0" daemon [_thread_blocked, id=41987, stack(0x0000000171228000,0x000000017142b000)]
  0x0000000147052400 JavaThread "C1 CompilerThread0" daemon [_thread_blocked, id=23299, stack(0x0000000171434000,0x0000000171637000)]
  0x00000001478f4200 JavaThread "Sweeper thread" daemon [_thread_blocked, id=23555, stack(0x0000000171640000,0x0000000171843000)]
  0x00000001478f4800 JavaThread "Common-Cleaner" daemon [_thread_blocked, id=40963, stack(0x000000017184c000,0x0000000171a4f000)]
  0x00000001478fc400 JavaThread "Monitor Ctrl-Break" daemon [_thread_in_native, id=39683, stack(0x0000000171e70000,0x0000000172073000)]
  0x0000000147994600 JavaThread "Notification Thread" daemon [_thread_blocked, id=24323, stack(0x000000017207c000,0x000000017227f000)]
  0x000000012700ba00 JavaThread "QuantumRenderer-0" daemon [_thread_blocked, id=25091, stack(0x0000000172494000,0x0000000172697000)]
=>0x000000012710d600 JavaThread "InvokeLaterDispatcher" daemon [_thread_in_native, id=28943, stack(0x00000001726a0000,0x00000001728a3000)]
  0x000000014694e000 JavaThread "JavaFX Application Thread" [_thread_in_vm, id=259, stack(0x000000016eff8000,0x000000016f7f4000)]
  0x0000000147178a00 JavaThread "JavaFX-Launcher" [_thread_blocked, id=78619, stack(0x0000000172b44000,0x0000000172d47000)]
  0x000000012731a400 JavaThread "Prism Font Disposer" daemon [_thread_blocked, id=72307, stack(0x0000000172d50000,0x0000000172f53000)]
  0x0000000147f23000 JavaThread "Cleaner-0" daemon [_thread_blocked, id=54827, stack(0x0000000172fe8000,0x00000001731eb000)]
  0x00000001478f9e00 JavaThread "Attach Listener" daemon [_thread_blocked, id=52815, stack(0x0000000171a58000,0x0000000171c5b000)]
  0x000000013203f000 JavaThread "PulseTimer-CVDisplayLink thread" daemon [_thread_in_native, id=64643, stack(0x00000001728ac000,0x000000017292f000)]

Other Threads:
  0x00000001366082c0 VMThread "VM Thread" [stack: 0x00000001704c8000,0x00000001706cb000] [id=18435]
  0x0000000101406160 WatcherThread [stack: 0x0000000172288000,0x000000017248b000] [id=39427]
  0x0000000148007d60 GCTaskThread "GC Thread#0" [stack: 0x000000016fa8c000,0x000000016fc8f000] [id=12547]
  0x0000000101408640 GCTaskThread "GC Thread#1" [stack: 0x0000000171c64000,0x0000000171e67000] [id=40267]
  0x0000000101609c30 GCTaskThread "GC Thread#2" [stack: 0x00000001731f4000,0x00000001733f7000] [id=40455]
  0x0000000101408950 GCTaskThread "GC Thread#3" [stack: 0x0000000173400000,0x0000000173603000] [id=1395]
  0x000000014670b390 GCTaskThread "GC Thread#4" [stack: 0x000000017360c000,0x000000017380f000] [id=68867]
  0x000000014670b6a0 GCTaskThread "GC Thread#5" [stack: 0x0000000173818000,0x0000000173a1b000] [id=68355]
  0x00000001366627d0 GCTaskThread "GC Thread#6" [stack: 0x0000000173a24000,0x0000000173c27000] [id=68615]
  0x0000000136662f70 GCTaskThread "GC Thread#7" [stack: 0x0000000173c30000,0x0000000173e33000] [id=67587]
  0x0000000148008470 ConcurrentGCThread "G1 Main Marker" [stack: 0x000000016fc98000,0x000000016fe9b000] [id=13059]
  0x0000000136604310 ConcurrentGCThread "G1 Conc#0" [stack: 0x000000016fea4000,0x00000001700a7000] [id=19459]
  0x0000000101409150 ConcurrentGCThread "G1 Conc#1" [stack: 0x0000000174460000,0x0000000174663000] [id=66123]
  0x0000000148013490 ConcurrentGCThread "G1 Refine#0" [stack: 0x00000001700b0000,0x00000001702b3000] [id=13571]
  0x000000014804e190 ConcurrentGCThread "G1 Refine#1" [stack: 0x0000000173e3c000,0x000000017403f000] [id=67331]
  0x00000001466219d0 ConcurrentGCThread "G1 Refine#2" [stack: 0x0000000174048000,0x000000017424b000] [id=63747]
  0x0000000101506340 ConcurrentGCThread "G1 Refine#3" [stack: 0x0000000174254000,0x0000000174457000] [id=66563]
  0x0000000136604a10 ConcurrentGCThread "G1 Service" [stack: 0x00000001702bc000,0x00000001704bf000] [id=14083]

Threads with active compile tasks:

VM state: not at safepoint (normal execution)

VM Mutex/Monitor currently owned by a thread: None

Heap address: 0x00000006c0000000, size: 4096 MB, Compressed Oops mode: Zero based, Oop shift amount: 3

Compressed class space mapped at: 0x0000000300000000-0x0000000340000000, reserved size: 1073741824
Narrow klass base: 0x0000000000000000, Narrow klass shift: 3, Narrow klass range: 0x340000000

GC Precious Log:
 CPUs: 8 total, 8 available
 Memory: 16384M
 Large Page Support: Disabled
 NUMA Support: Disabled
 Compressed Oops: Enabled (Zero based)
 Heap Region Size: 2M
 Heap Min Capacity: 8M
 Heap Initial Capacity: 256M
 Heap Max Capacity: 4G
 Pre-touch: Disabled
 Parallel Workers: 8
 Concurrent Workers: 2
 Concurrent Refinement Workers: 8
 Periodic GC: Disabled

Heap:
 garbage-first heap   total 40960K, used 14437K [0x00000006c0000000, 0x00000007c0000000)
  region size 2048K, 5 young (10240K), 1 survivors (2048K)
 Metaspace       used 22055K, committed 22400K, reserved 1073152K
  class space    used 2472K, committed 2624K, reserved 1048576K

Heap Regions: E=young(eden), S=young(survivor), O=old, HS=humongous(starts), HC=humongous(continues), CS=collection set, F=free, OA=open archive, CA=closed archive, TAMS=top-at-mark-start (previous, next)
|   0|0x00000006c0000000, 0x00000006c0200000, 0x00000006c0200000|100%|HS|  |TAMS 0x00000006c0200000, 0x00000006c0000000| Complete 
|   1|0x00000006c0200000, 0x00000006c0400000, 0x00000006c0400000|100%| O|  |TAMS 0x00000006c0344200, 0x00000006c0200000| Untracked 
|   2|0x00000006c0400000, 0x00000006c0600000, 0x00000006c0600000|100%| O|  |TAMS 0x00000006c0400000, 0x00000006c0400000| Untracked 
|   3|0x00000006c0600000, 0x00000006c076f600, 0x00000006c0800000| 71%| O|  |TAMS 0x00000006c0600000, 0x00000006c0600000| Untracked 
|   4|0x00000006c0800000, 0x00000006c0800000, 0x00000006c0a00000|  0%| F|  |TAMS 0x00000006c0800000, 0x00000006c0800000| Untracked 
|   5|0x00000006c0a00000, 0x00000006c0a00000, 0x00000006c0c00000|  0%| F|  |TAMS 0x00000006c0a00000, 0x00000006c0a00000| Untracked 
|   6|0x00000006c0c00000, 0x00000006c0c00000, 0x00000006c0e00000|  0%| F|  |TAMS 0x00000006c0c00000, 0x00000006c0c00000| Untracked 
|   7|0x00000006c0e00000, 0x00000006c0e00000, 0x00000006c1000000|  0%| F|  |TAMS 0x00000006c0e00000, 0x00000006c0e00000| Untracked 
|   8|0x00000006c1000000, 0x00000006c1000000, 0x00000006c1200000|  0%| F|  |TAMS 0x00000006c1000000, 0x00000006c1000000| Untracked 
|   9|0x00000006c1200000, 0x00000006c1200000, 0x00000006c1400000|  0%| F|  |TAMS 0x00000006c1200000, 0x00000006c1200000| Untracked 
|  10|0x00000006c1400000, 0x00000006c1400000, 0x00000006c1600000|  0%| F|  |TAMS 0x00000006c1400000, 0x00000006c1400000| Untracked 
|  11|0x00000006c1600000, 0x00000006c1600000, 0x00000006c1800000|  0%| F|  |TAMS 0x00000006c1600000, 0x00000006c1600000| Untracked 
|  12|0x00000006c1800000, 0x00000006c1800000, 0x00000006c1a00000|  0%| F|  |TAMS 0x00000006c1800000, 0x00000006c1800000| Untracked 
|  13|0x00000006c1a00000, 0x00000006c1a00000, 0x00000006c1c00000|  0%| F|  |TAMS 0x00000006c1a00000, 0x00000006c1a00000| Untracked 
|  14|0x00000006c1c00000, 0x00000006c1c00000, 0x00000006c1e00000|  0%| F|  |TAMS 0x00000006c1c00000, 0x00000006c1c00000| Untracked 
|  15|0x00000006c1e00000, 0x00000006c1eae340, 0x00000006c2000000| 34%| E|  |TAMS 0x00000006c1e00000, 0x00000006c1e00000| Complete 
|  16|0x00000006c2000000, 0x00000006c2200000, 0x00000006c2200000|100%| E|CS|TAMS 0x00000006c2000000, 0x00000006c2000000| Complete 
|  17|0x00000006c2200000, 0x00000006c2400000, 0x00000006c2400000|100%| E|CS|TAMS 0x00000006c2200000, 0x00000006c2200000| Complete 
| 125|0x00000006cfa00000, 0x00000006cfaaa028, 0x00000006cfc00000| 33%| S|CS|TAMS 0x00000006cfa00000, 0x00000006cfa00000| Complete 
| 127|0x00000006cfe00000, 0x00000006d0000000, 0x00000006d0000000|100%| E|CS|TAMS 0x00000006cfe00000, 0x00000006cfe00000| Complete 

Card table byte_map: [0x000000011b448000,0x000000011bc48000] _byte_map_base: 0x0000000117e48000

Marking Bits (Prev, Next): (CMBitMap*) 0x0000000147840e50, (CMBitMap*) 0x0000000147840e10
 Prev Bits: [0x0000000120448000, 0x0000000124448000)
 Next Bits: [0x000000011c448000, 0x0000000120448000)

Polling page: 0x0000000100790000

Metaspace:

Usage:
  Non-class:     19.12 MB used.
      Class:      2.41 MB used.
       Both:     21.54 MB used.

Virtual space:
  Non-class space:       24.00 MB reserved,      19.31 MB ( 80%) committed,  3 nodes.
      Class space:        1.00 GB reserved,       2.56 MB ( <1%) committed,  1 nodes.
              Both:        1.02 GB reserved,      21.88 MB (  2%) committed. 

Chunk freelists:
   Non-Class:  96.00 KB
       Class:  1.41 MB
        Both:  1.50 MB

MaxMetaspaceSize: 17179869184.00 GB
CompressedClassSpaceSize: 1.00 GB
 - commit_granule_bytes: 65536.
 - commit_granule_words: 8192.
 - virtual_space_node_default_size: 1048576.
 - enlarge_chunks_in_place: 1.
 - new_chunks_are_fully_committed: 0.
 - uncommit_free_chunks: 1.
 - use_allocation_guard: 0.
 - handle_deallocations: 1.


Internal statistics:

num_allocs_failed_limit: 3.
num_arena_births: 386.
num_arena_deaths: 0.
num_vsnodes_births: 4.
num_vsnodes_deaths: 0.
num_space_committed: 350.
num_space_uncommitted: 0.
num_chunks_returned_to_freelist: 3.
num_chunks_taken_from_freelist: 862.
num_chunk_merges: 3.
num_chunk_splits: 599.
num_chunks_enlarged: 429.
num_purges: 0.

CodeHeap 'non-profiled nmethods': size=120032Kb used=1166Kb max_used=1166Kb free=118866Kb
 bounds [0x0000000113f10000, 0x0000000114180000, 0x000000011b448000]
CodeHeap 'profiled nmethods': size=120016Kb used=4585Kb max_used=4585Kb free=115430Kb
 bounds [0x000000010c9dc000, 0x000000010ce5c000, 0x0000000113f10000]
CodeHeap 'non-nmethods': size=5712Kb used=1351Kb max_used=1509Kb free=4360Kb
 bounds [0x000000010c448000, 0x000000010c6b8000, 0x000000010c9dc000]
 total_blobs=3189 nmethods=2459 adapters=646
 compilation: enabled
              stopped_count=0, restarted_count=0
 full_count=0

Compilation events (20 events):
Event: 15.808 Thread 0x0000000147051e00 2443       4       javafx.css.Size::pixels (7 bytes)
Event: 15.808 Thread 0x0000000147052400 nmethod 2464 0x000000010ce47310 code [0x000000010ce474c0, 0x000000010ce47808]
Event: 15.808 Thread 0x0000000147052400 2465       3       com.sun.javafx.scene.input.PickResultChooser::toPickResult (41 bytes)
Event: 15.808 Thread 0x0000000147052400 nmethod 2465 0x000000010ce47910 code [0x000000010ce47ac0, 0x000000010ce47d18]
Event: 15.808 Thread 0x0000000147051e00 nmethod 2443 0x0000000114033190 code [0x0000000114033340, 0x0000000114033430]
Event: 15.973 Thread 0x0000000147052400 2466       3       java.util.concurrent.locks.AbstractQueuedSynchronizer$Node::<init> (5 bytes)
Event: 15.973 Thread 0x0000000147052400 nmethod 2466 0x000000010ce47e10 code [0x000000010ce47fc0, 0x000000010ce48168]
Event: 16.006 Thread 0x0000000147052400 2468       3       java.util.concurrent.locks.AbstractQueuedSynchronizer$Node::setPrevRelaxed (12 bytes)
Event: 16.006 Thread 0x0000000147052400 nmethod 2468 0x000000010ce48210 code [0x000000010ce483c0, 0x000000010ce48568]
Event: 16.006 Thread 0x0000000147052400 2467       3       java.util.concurrent.locks.AbstractQueuedSynchronizer$ConditionObject::doSignal (54 bytes)
Event: 16.007 Thread 0x0000000147052400 nmethod 2467 0x000000010ce48610 code [0x000000010ce48800, 0x000000010ce48c08]
Event: 16.016 Thread 0x0000000147052400 2469       1       java.util.ArrayList$ArrayListSpliterator::characteristics (4 bytes)
Event: 16.016 Thread 0x0000000147052400 nmethod 2469 0x0000000114033510 code [0x0000000114033680, 0x0000000114033768]
Event: 16.016 Thread 0x0000000147052400 2470       3       javafx.scene.Node::addToSceneDirtyList (30 bytes)
Event: 16.017 Thread 0x0000000147052400 nmethod 2470 0x000000010ce48d90 code [0x000000010ce48fc0, 0x000000010ce49778]
Event: 16.023 Thread 0x0000000147052400 2471       3       com.sun.javafx.tk.Toolkit$$Lambda$247/0x0000000300239158::run (8 bytes)
Event: 16.023 Thread 0x0000000147052400 nmethod 2471 0x000000010ce49990 code [0x000000010ce49b40, 0x000000010ce49dd8]
Event: 16.023 Thread 0x0000000147052400 2472       3       com.sun.javafx.tk.Toolkit::lambda$runPulse$2 (8 bytes)
Event: 16.023 Thread 0x0000000147052400 nmethod 2472 0x000000010ce49f10 code [0x000000010ce4a0c0, 0x000000010ce4a298]
Event: 16.024 Thread 0x0000000147052400 2473   !   3       javafx.scene.CssStyleHelper::transitionToState (1028 bytes)

GC Heap History (4 events):
Event: 1.130 GC heap before
{Heap before GC invocations=0 (full 0):
 garbage-first heap   total 262144K, used 22528K [0x00000006c0000000, 0x00000007c0000000)
  region size 2048K, 11 young (22528K), 0 survivors (0K)
 Metaspace       used 20105K, committed 20416K, reserved 1073152K
  class space    used 2302K, committed 2432K, reserved 1048576K
}
Event: 1.137 GC heap after
{Heap after GC invocations=1 (full 0):
 garbage-first heap   total 262144K, used 7440K [0x00000006c0000000, 0x00000007c0000000)
  region size 2048K, 2 young (4096K), 2 survivors (4096K)
 Metaspace       used 20105K, committed 20416K, reserved 1073152K
  class space    used 2302K, committed 2432K, reserved 1048576K
}
Event: 5.034 GC heap before
{Heap before GC invocations=1 (full 0):
 garbage-first heap   total 262144K, used 9488K [0x00000006c0000000, 0x00000007c0000000)
  region size 2048K, 4 young (8192K), 2 survivors (4096K)
 Metaspace       used 20926K, committed 21248K, reserved 1073152K
  class space    used 2382K, committed 2496K, reserved 1048576K
}
Event: 5.039 GC heap after
{Heap after GC invocations=2 (full 0):
 garbage-first heap   total 262144K, used 8293K [0x00000006c0000000, 0x00000007c0000000)
  region size 2048K, 1 young (2048K), 1 survivors (2048K)
 Metaspace       used 20926K, committed 21248K, reserved 1073152K
  class space    used 2382K, committed 2496K, reserved 1048576K
}

Deoptimization events (20 events):
Event: 5.049 Thread 0x000000012700ba00 DEOPT PACKING pc=0x000000010cc2cccc sp=0x00000001726954d0
Event: 5.049 Thread 0x000000012700ba00 DEOPT UNPACKING pc=0x000000010c481bfc sp=0x0000000172695220 mode 0
Event: 5.049 Thread 0x000000012700ba00 DEOPT PACKING pc=0x000000010cc2cccc sp=0x00000001726954d0
Event: 5.049 Thread 0x000000012700ba00 DEOPT UNPACKING pc=0x000000010c481bfc sp=0x0000000172695220 mode 0
Event: 5.049 Thread 0x000000012700ba00 DEOPT PACKING pc=0x000000010cc2cccc sp=0x00000001726954d0
Event: 5.049 Thread 0x000000012700ba00 DEOPT UNPACKING pc=0x000000010c481bfc sp=0x0000000172695220 mode 0
Event: 5.055 Thread 0x000000012700ba00 DEOPT PACKING pc=0x000000010cc2cccc sp=0x00000001726954d0
Event: 5.055 Thread 0x000000012700ba00 DEOPT UNPACKING pc=0x000000010c481bfc sp=0x0000000172695220 mode 0
Event: 5.056 Thread 0x000000012700ba00 DEOPT PACKING pc=0x000000010cc2cccc sp=0x00000001726954d0
Event: 5.056 Thread 0x000000012700ba00 DEOPT UNPACKING pc=0x000000010c481bfc sp=0x0000000172695220 mode 0
Event: 5.057 Thread 0x000000012700ba00 DEOPT PACKING pc=0x000000010cc2cccc sp=0x00000001726954d0
Event: 5.057 Thread 0x000000012700ba00 DEOPT UNPACKING pc=0x000000010c481bfc sp=0x0000000172695220 mode 0
Event: 6.858 Thread 0x000000012700ba00 DEOPT PACKING pc=0x000000010cca7760 sp=0x0000000172695830
Event: 6.858 Thread 0x000000012700ba00 DEOPT UNPACKING pc=0x000000010c481bfc sp=0x0000000172695550 mode 0
Event: 6.858 Thread 0x000000012700ba00 DEOPT PACKING pc=0x000000010cce7c08 sp=0x0000000172695710
Event: 6.858 Thread 0x000000012700ba00 DEOPT UNPACKING pc=0x000000010c481bfc sp=0x00000001726953f0 mode 0
Event: 6.927 Thread 0x000000012700ba00 DEOPT PACKING pc=0x000000010ccec060 sp=0x00000001726957f0
Event: 6.927 Thread 0x000000012700ba00 DEOPT UNPACKING pc=0x000000010c481bfc sp=0x0000000172695590 mode 0
Event: 15.413 Thread 0x000000012700ba00 DEOPT PACKING pc=0x000000010cd629d8 sp=0x0000000172695720
Event: 15.413 Thread 0x000000012700ba00 DEOPT UNPACKING pc=0x000000010c481bfc sp=0x00000001726954c0 mode 0

Classes unloaded (0 events):
No events

Classes redefined (0 events):
No events

Internal exceptions (20 events):
Event: 0.385 Thread 0x000000014694e000 Exception <a 'java/lang/NoSuchMethodError'{0x00000006cf1b14e8}: 'void java.lang.invoke.DirectMethodHandle$Holder.invokeStaticInit(java.lang.Object, java.lang.Object)'> (0x00000006cf1b14e8) 
thrown [src/hotspot/share/interpreter/linkResolver.cpp, line 790]
Event: 0.394 Thread 0x000000014694e000 Exception <a 'java/lang/NoSuchMethodError'{0x00000006ceeb7c28}: 'java.lang.Object java.lang.invoke.DirectMethodHandle$Holder.invokeSpecial(java.lang.Object, java.lang.Object, int, java.lang.Object)'> (0x00000006ceeb7c28) 
thrown [src/hotspot/share/interpreter/linkResolver.cpp, line 790]
Event: 0.394 Thread 0x000000014694e000 Exception <a 'java/lang/NoSuchMethodError'{0x00000006ceebb708}: 'java.lang.Object java.lang.invoke.Invokers$Holder.linkToTargetMethod(int, java.lang.Object, java.lang.Object)'> (0x00000006ceebb708) 
thrown [src/hotspot/share/interpreter/linkResolver.cpp, line 790]
Event: 0.405 Thread 0x000000014694e000 Exception <a 'sun/nio/fs/UnixException'{0x00000006cef0fb10}> (0x00000006cef0fb10) 
thrown [src/hotspot/share/prims/jni.cpp, line 579]
Event: 0.532 Thread 0x000000014694e000 Exception <a 'java/lang/NoSuchMethodError'{0x00000006cecb6238}: 'java.lang.Object java.lang.invoke.Invokers$Holder.linkToTargetMethod(java.lang.Object, int, java.lang.Object)'> (0x00000006cecb6238) 
thrown [src/hotspot/share/interpreter/linkResolver.cpp, line 790]
Event: 0.537 Thread 0x000000014694e000 Exception <a 'java/lang/NoSuchMethodError'{0x00000006cecea1d0}: 'java.lang.Object java.lang.invoke.DirectMethodHandle$Holder.invokeInterface(java.lang.Object, java.lang.Object, java.lang.Object)'> (0x00000006cecea1d0) 
thrown [src/hotspot/share/interpreter/linkResolver.cpp, line 790]
Event: 0.537 Thread 0x000000014694e000 Exception <a 'java/lang/IncompatibleClassChangeError'{0x00000006ceceda68}: Found class java.lang.Object, but interface was expected> (0x00000006ceceda68) 
thrown [src/hotspot/share/interpreter/linkResolver.cpp, line 857]
Event: 0.544 Thread 0x000000014694e000 Exception <a 'java/lang/NoSuchMethodError'{0x00000006ced64910}: 'void java.lang.invoke.DirectMethodHandle$Holder.invokeVirtual(java.lang.Object, java.lang.Object, java.lang.Object)'> (0x00000006ced64910) 
thrown [src/hotspot/share/interpreter/linkResolver.cpp, line 790]
Event: 0.559 Thread 0x000000014694e000 Exception <a 'java/lang/NoSuchMethodError'{0x00000006cedee120}: 'java.lang.Object java.lang.invoke.DirectMethodHandle$Holder.newInvokeSpecial(java.lang.Object, java.lang.Object, int)'> (0x00000006cedee120) 
thrown [src/hotspot/share/interpreter/linkResolver.cpp, line 790]
Event: 0.608 Thread 0x000000012700ba00 Exception <a 'java/lang/NoSuchMethodError'{0x00000006cf64a8d8}: 'int java.lang.invoke.DirectMethodHandle$Holder.invokeStaticInit(java.lang.Object, java.lang.Object)'> (0x00000006cf64a8d8) 
thrown [src/hotspot/share/interpreter/linkResolver.cpp, line 790]
Event: 0.629 Thread 0x000000012700ba00 Exception <a 'java/lang/NoSuchMethodError'{0x00000006ceaed630}: 'java.lang.Object java.lang.invoke.DirectMethodHandle$Holder.invokeStatic(java.lang.Object, double)'> (0x00000006ceaed630) 
thrown [src/hotspot/share/interpreter/linkResolver.cpp, line 790]
Event: 5.042 Thread 0x000000014694e000 Exception <a 'java/lang/NoSuchMethodError'{0x00000006cfe193d8}: 'long java.lang.invoke.DirectMethodHandle$Holder.invokeStatic(java.lang.Object, java.lang.Object, java.lang.Object)'> (0x00000006cfe193d8) 
thrown [src/hotspot/share/interpreter/linkResolver.cpp, line 790]
Event: 5.042 Thread 0x000000014694e000 Exception <a 'java/lang/NoSuchMethodError'{0x00000006cfe1ca20}: 'long java.lang.invoke.DirectMethodHandle$Holder.invokeStaticInit(java.lang.Object, java.lang.Object, java.lang.Object)'> (0x00000006cfe1ca20) 
thrown [src/hotspot/share/interpreter/linkResolver.cpp, line 790]
Event: 5.045 Thread 0x000000014694e000 Exception <a 'java/lang/NoSuchMethodError'{0x00000006cfe34940}: 'java.lang.Object java.lang.invoke.DirectMethodHandle$Holder.newInvokeSpecial(java.lang.Object, java.lang.Object, long)'> (0x00000006cfe34940) 
thrown [src/hotspot/share/interpreter/linkResolver.cpp, line 790]
Event: 5.046 Thread 0x000000014694e000 Exception <a 'java/lang/NoSuchMethodError'{0x00000006cfe382d8}: 'java.lang.Object java.lang.invoke.Invokers$Holder.linkToTargetMethod(java.lang.Object, long, java.lang.Object)'> (0x00000006cfe382d8) 
thrown [src/hotspot/share/interpreter/linkResolver.cpp, line 790]
Event: 5.066 Thread 0x000000014694e000 Exception <a 'java/lang/NoSuchMethodError'{0x00000006c2205668}: 'long java.lang.invoke.DirectMethodHandle$Holder.invokeStatic(java.lang.Object, java.lang.Object)'> (0x00000006c2205668) 
thrown [src/hotspot/share/interpreter/linkResolver.cpp, line 790]
Event: 5.067 Thread 0x000000014694e000 Exception <a 'java/lang/NoSuchMethodError'{0x00000006c220c178}: 'java.lang.Object java.lang.invoke.DirectMethodHandle$Holder.invokeStatic(java.lang.Object, int)'> (0x00000006c220c178) 
thrown [src/hotspot/share/interpreter/linkResolver.cpp, line 790]
Event: 14.784 Thread 0x000000014694e000 Exception <a 'java/lang/NoSuchMethodError'{0x00000006c20e5af0}: 'java.lang.Object java.lang.invoke.DirectMethodHandle$Holder.newInvokeSpecial(java.lang.Object, java.lang.Object, int, int, int, int, int, java.lang.Object)'> (0x00000006c20e5af0) 
thrown [src/hotspot/share/interpreter/linkResolver.cpp, line 790]
Event: 14.785 Thread 0x000000014694e000 Exception <a 'java/lang/NoSuchMethodError'{0x00000006c20f94b0}: 'java.lang.Object java.lang.invoke.DirectMethodHandle$Holder.newInvokeSpecial(java.lang.Object, java.lang.Object, java.lang.Object, int, int, int, int, int)'> (0x00000006c20f94b0) 
thrown [src/hotspot/share/interpreter/linkResolver.cpp, line 790]
Event: 14.785 Thread 0x000000014694e000 Exception <a 'java/lang/NoSuchMethodError'{0x00000006c2101020}: 'java.lang.Object java.lang.invoke.Invokers$Holder.linkToTargetMethod(java.lang.Object, java.lang.Object, int, int, int, int, int, java.lang.Object)'> (0x00000006c2101020) 
thrown [src/hotspot/share/interpreter/linkResolver.cpp, line 790]

Events (20 events):
Event: 7.310 Executing  VM operation: ICBufferFull
Event: 7.310 Executing  VM operation: ICBufferFull done
Event: 8.056 Protecting memory [0x00000001728ac000,0x00000001728b8000] with protection modes 3
Event: 8.056 Thread 0x0000000127c81400 Thread exited: 0x0000000127c81400
Event: 8.315 Executing  VM operation: Cleanup
Event: 8.316 Executing  VM operation: Cleanup done
Event: 9.321 Executing  VM operation: Cleanup
Event: 9.321 Executing  VM operation: Cleanup done
Event: 9.689 Protecting memory [0x00000001728ac000,0x00000001728b8000] with protection modes 0
Event: 9.689 Thread 0x000000014733ae00 Thread added: 0x000000014733ae00
Event: 9.973 Protecting memory [0x00000001728ac000,0x00000001728b8000] with protection modes 3
Event: 9.973 Thread 0x000000014733ae00 Thread exited: 0x000000014733ae00
Event: 10.322 Executing  VM operation: Cleanup
Event: 10.322 Executing  VM operation: Cleanup done
Event: 14.337 Executing  VM operation: Cleanup
Event: 14.337 Executing  VM operation: Cleanup done
Event: 14.488 Protecting memory [0x00000001728ac000,0x00000001728b8000] with protection modes 0
Event: 14.488 Thread 0x000000013203f000 Thread added: 0x000000013203f000
Event: 15.338 Executing  VM operation: Cleanup
Event: 15.339 Executing  VM operation: Cleanup done


Dynamic libraries:
0x0000000100740000 	/Library/Java/JavaVirtualMachines/liberica-jdk-16-full.jdk/Contents/Home/lib/libjli.dylib
0x00000001bcfd6000 	/usr/lib/libz.1.dylib
0x00000001bd086000 	/usr/lib/libSystem.B.dylib
0x00000001bd080000 	/usr/lib/system/libcache.dylib
0x00000001bd03e000 	/usr/lib/system/libcommonCrypto.dylib
0x00000001bd067000 	/usr/lib/system/libcompiler_rt.dylib
0x00000001bd05e000 	/usr/lib/system/libcopyfile.dylib
0x00000001b238a000 	/usr/lib/system/libcorecrypto.dylib
0x00000001b242f000 	/usr/lib/system/libdispatch.dylib
0x00000001b25f7000 	/usr/lib/system/libdyld.dylib
0x00000001bd076000 	/usr/lib/system/libkeymgr.dylib
0x00000001bd020000 	/usr/lib/system/libmacho.dylib
0x00000001bc72c000 	/usr/lib/system/libquarantine.dylib
0x00000001bd073000 	/usr/lib/system/libremovefile.dylib
0x00000001b7779000 	/usr/lib/system/libsystem_asl.dylib
0x00000001b2334000 	/usr/lib/system/libsystem_blocks.dylib
0x00000001b24b5000 	/usr/lib/system/libsystem_c.dylib
0x00000001bd06b000 	/usr/lib/system/libsystem_collections.dylib
0x00000001bbb89000 	/usr/lib/system/libsystem_configuration.dylib
0x00000001bae0f000 	/usr/lib/system/libsystem_containermanager.dylib
0x00000001bcd8a000 	/usr/lib/system/libsystem_coreservices.dylib
0x00000001b4d1c000 	/usr/lib/system/libsystem_darwin.dylib
0x00000001bd077000 	/usr/lib/system/libsystem_dnssd.dylib
0x00000001b24b2000 	/usr/lib/system/libsystem_featureflags.dylib
0x00000001b260c000 	/usr/lib/system/libsystem_info.dylib
0x00000001bcfe8000 	/usr/lib/system/libsystem_m.dylib
0x00000001b2404000 	/usr/lib/system/libsystem_malloc.dylib
0x00000001b770a000 	/usr/lib/system/libsystem_networkextension.dylib
0x00000001b516f000 	/usr/lib/system/libsystem_notify.dylib
0x00000001c3253000 	/usr/lib/system/libsystem_product_info_filter.dylib
0x00000001bbb8e000 	/usr/lib/system/libsystem_sandbox.dylib
0x00000001bd070000 	/usr/lib/system/libsystem_secinit.dylib
0x00000001b25b4000 	/usr/lib/system/libsystem_kernel.dylib
0x00000001b2604000 	/usr/lib/system/libsystem_platform.dylib
0x00000001b25ea000 	/usr/lib/system/libsystem_pthread.dylib
0x00000001b8eaf000 	/usr/lib/system/libsystem_symptoms.dylib
0x00000001b2370000 	/usr/lib/system/libsystem_trace.dylib
0x00000001bd04b000 	/usr/lib/system/libunwind.dylib
0x00000001b2336000 	/usr/lib/system/libxpc.dylib
0x00000001b259a000 	/usr/lib/libc++abi.dylib
0x00000001b2476000 	/usr/lib/libobjc.A.dylib
0x00000001bd056000 	/usr/lib/liboah.dylib
0x00000001b2536000 	/usr/lib/libc++.1.dylib
0x00000001c8c30000 	/System/Library/Frameworks/Cocoa.framework/Versions/A/Cocoa
0x00000001b51ce000 	/System/Library/Frameworks/AppKit.framework/Versions/C/AppKit
0x00000001b86f0000 	/System/Library/Frameworks/CoreData.framework/Versions/A/CoreData
0x00000001b352f000 	/System/Library/Frameworks/Foundation.framework/Versions/C/Foundation
0x00000001b6080000 	/System/Library/PrivateFrameworks/UIFoundation.framework/Versions/A/UIFoundation
0x00000001c2f4d000 	/System/Library/PrivateFrameworks/RemoteViewServices.framework/Versions/A/RemoteViewServices
0x00000001bb548000 	/System/Library/PrivateFrameworks/XCTTargetBootstrap.framework/Versions/A/XCTTargetBootstrap
0x00000001bed88000 	/System/Library/PrivateFrameworks/InternationalSupport.framework/Versions/A/InternationalSupport
0x00000001bee11000 	/System/Library/PrivateFrameworks/UserActivity.framework/Versions/A/UserActivity
0x00000001be2b3000 	/usr/lib/libspindump.dylib
0x00000001b62f0000 	/System/Library/Frameworks/UniformTypeIdentifiers.framework/Versions/A/UniformTypeIdentifiers
0x00000001b9ad6000 	/usr/lib/libapp_launch_measurement.dylib
0x00000001b9053000 	/System/Library/PrivateFrameworks/CoreAnalytics.framework/Versions/A/CoreAnalytics
0x00000001b9ad9000 	/System/Library/PrivateFrameworks/CoreAutoLayout.framework/Versions/A/CoreAutoLayout
0x00000001bae4c000 	/System/Library/Frameworks/Metal.framework/Versions/A/Metal
0x00000001bbb99000 	/usr/lib/liblangid.dylib
0x00000001bb54c000 	/System/Library/PrivateFrameworks/CoreSVG.framework/Versions/A/CoreSVG
0x00000001b77ad000 	/System/Library/PrivateFrameworks/SkyLight.framework/Versions/A/SkyLight
0x00000001b7b75000 	/System/Library/Frameworks/CoreGraphics.framework/Versions/A/CoreGraphics
0x00000001c35c6000 	/System/Library/Frameworks/Accelerate.framework/Versions/A/Accelerate
0x00000001bdd28000 	/System/Library/PrivateFrameworks/IconServices.framework/Versions/A/IconServices
0x00000001bae2e000 	/System/Library/Frameworks/IOSurface.framework/Versions/A/IOSurface
0x00000001b9083000 	/usr/lib/libDiagnosticMessagesClient.dylib
0x00000001c69fe000 	/System/Library/Frameworks/ApplicationServices.framework/Versions/A/ApplicationServices
0x00000001bb530000 	/System/Library/PrivateFrameworks/DFRFoundation.framework/Versions/A/DFRFoundation
0x00000001b4a71000 	/usr/lib/libicucore.A.dylib
0x00000001bfb85000 	/System/Library/Frameworks/AudioToolbox.framework/Versions/A/AudioToolbox
0x00000001bed94000 	/System/Library/PrivateFrameworks/DataDetectorsCore.framework/Versions/A/DataDetectorsCore
0x00000001d4db0000 	/System/Library/PrivateFrameworks/TextInput.framework/Versions/A/TextInput
0x00000001b7724000 	/usr/lib/libMobileGestalt.dylib
0x00000001bb200000 	/System/Library/Frameworks/Carbon.framework/Versions/A/Frameworks/HIToolbox.framework/Versions/A/HIToolbox
0x00000001b94e0000 	/System/Library/Frameworks/QuartzCore.framework/Versions/A/QuartzCore
0x00000001b46ee000 	/System/Library/Frameworks/Security.framework/Versions/A/Security
0x00000001c2f8d000 	/System/Library/Frameworks/Carbon.framework/Versions/A/Frameworks/SpeechRecognition.framework/Versions/A/SpeechRecognition
0x00000001b982d000 	/System/Library/PrivateFrameworks/CoreUI.framework/Versions/A/CoreUI
0x00000001b3fc1000 	/System/Library/Frameworks/CoreAudio.framework/Versions/A/CoreAudio
0x00000001b9173000 	/System/Library/Frameworks/DiskArbitration.framework/Versions/A/DiskArbitration
0x00000001be69b000 	/System/Library/PrivateFrameworks/MultitouchSupport.framework/Versions/A/MultitouchSupport
0x00000001b7722000 	/usr/lib/libenergytrace.dylib
0x00000001b509a000 	/System/Library/Frameworks/IOKit.framework/Versions/A/IOKit
0x00000001c3374000 	/System/Library/Frameworks/CoreServices.framework/Versions/A/CoreServices
0x00000001b9a66000 	/System/Library/PrivateFrameworks/PerformanceAnalysis.framework/Versions/A/PerformanceAnalysis
0x00000002135d5000 	/System/Library/Frameworks/OpenGL.framework/Versions/A/OpenGL
0x00000001bc64c000 	/System/Library/PrivateFrameworks/MobileKeyBag.framework/Versions/A/MobileKeyBag
0x00000001b8185000 	/System/Library/Frameworks/ColorSync.framework/Versions/A/ColorSync
0x00000001b2638000 	/System/Library/Frameworks/CoreFoundation.framework/Versions/A/CoreFoundation
0x00000001bb7cd000 	/System/Library/Frameworks/CoreImage.framework/Versions/A/CoreImage
0x00000001b3de4000 	/System/Library/Frameworks/CoreText.framework/Versions/A/CoreText
0x00000001bb57c000 	/System/Library/Frameworks/ImageIO.framework/Versions/A/ImageIO
0x00000001bd08c000 	/System/Library/PrivateFrameworks/SoftLinking.framework/Versions/A/SoftLinking
0x00000001b9b23000 	/usr/lib/libxml2.2.dylib
0x00000001bd324000 	/usr/lib/libcompression.dylib
0x00000001bece1000 	/System/Library/PrivateFrameworks/TextureIO.framework/Versions/A/TextureIO
0x00000001bda42000 	/usr/lib/libate.dylib
0x00000001bd90a000 	/usr/lib/liblzma.5.dylib
0x00000001b3220000 	/System/Library/Frameworks/SystemConfiguration.framework/Versions/A/SystemConfiguration
0x00000001bd088000 	/usr/lib/libfakelink.dylib
0x00000001b7252000 	/System/Library/Frameworks/CFNetwork.framework/Versions/A/CFNetwork
0x00000001bd1cf000 	/usr/lib/libarchive.2.dylib
0x00000001bbb95000 	/System/Library/PrivateFrameworks/AppleSystemInfo.framework/Versions/A/AppleSystemInfo
0x00000001bc756000 	/usr/lib/libbsm.0.dylib
0x00000001b678f000 	/usr/lib/libnetwork.dylib
0x00000001bd026000 	/usr/lib/system/libkxld.dylib
0x00000001bc36e000 	/System/Library/PrivateFrameworks/IOMobileFramebuffer.framework/Versions/A/IOMobileFramebuffer
0x000000022ef00000 	/usr/lib/libCoreEntitlements.dylib
0x00000001bcd6c000 	/System/Library/PrivateFrameworks/AppleFSCompression.framework/Versions/A/AppleFSCompression
0x00000001bc73f000 	/usr/lib/libcoretls.dylib
0x00000001bd923000 	/usr/lib/libcoretls_cfhelpers.dylib
0x00000001bd31f000 	/usr/lib/libpam.2.dylib
0x00000001b8ad7000 	/usr/lib/libsqlite3.dylib
0x00000001bd98b000 	/usr/lib/libxar.1.dylib
0x00000001bcd7d000 	/usr/lib/libbz2.1.0.dylib
0x00000001bd08d000 	/usr/lib/libpcap.A.dylib
0x00000001b8ea6000 	/usr/lib/libdns_services.dylib
0x00000001bd2f2000 	/usr/lib/libapple_nghttp2.dylib
0x00000001bd0ca000 	/usr/lib/libiconv.2.dylib
0x00000001bd01f000 	/usr/lib/libcharset.1.dylib
0x00000001b9aa2000 	/System/Library/Frameworks/CoreServices.framework/Versions/A/Frameworks/FSEvents.framework/Versions/A/FSEvents
0x00000001b4d27000 	/System/Library/Frameworks/CoreServices.framework/Versions/A/Frameworks/CarbonCore.framework/Versions/A/CarbonCore
0x00000001b90d6000 	/System/Library/Frameworks/CoreServices.framework/Versions/A/Frameworks/Metadata.framework/Versions/A/Metadata
0x00000001bcd90000 	/System/Library/Frameworks/CoreServices.framework/Versions/A/Frameworks/OSServices.framework/Versions/A/OSServices
0x00000001bd254000 	/System/Library/Frameworks/CoreServices.framework/Versions/A/Frameworks/SearchKit.framework/Versions/A/SearchKit
0x00000001b8e34000 	/System/Library/Frameworks/CoreServices.framework/Versions/A/Frameworks/AE.framework/Versions/A/AE
0x00000001b2b7c000 	/System/Library/Frameworks/CoreServices.framework/Versions/A/Frameworks/LaunchServices.framework/Versions/A/LaunchServices
0x00000001bd8b3000 	/System/Library/Frameworks/CoreServices.framework/Versions/A/Frameworks/DictionaryServices.framework/Versions/A/DictionaryServices
0x00000001b9aaf000 	/System/Library/Frameworks/CoreServices.framework/Versions/A/Frameworks/SharedFileList.framework/Versions/A/SharedFileList
0x00000001bc72f000 	/usr/lib/libCheckFix.dylib
0x00000001b7791000 	/System/Library/PrivateFrameworks/TCC.framework/Versions/A/TCC
0x00000001bbb9b000 	/System/Library/PrivateFrameworks/CoreNLP.framework/Versions/A/CoreNLP
0x00000001b9086000 	/System/Library/PrivateFrameworks/MetadataUtilities.framework/Versions/A/MetadataUtilities
0x00000001b32d9000 	/usr/lib/libmecabra.dylib
0x00000001bc767000 	/usr/lib/libmecab.dylib
0x00000001b32a5000 	/usr/lib/libCRFSuite.dylib
0x00000001bc7c5000 	/usr/lib/libgermantok.dylib
0x00000001bd2cb000 	/usr/lib/libThaiTokenizer.dylib
0x00000001b917b000 	/System/Library/Frameworks/Accelerate.framework/Versions/A/Frameworks/vImage.framework/Versions/A/vImage
0x00000001c334b000 	/System/Library/Frameworks/Accelerate.framework/Versions/A/Frameworks/vecLib.framework/Versions/A/vecLib
0x00000001bd9cf000 	/System/Library/Frameworks/Accelerate.framework/Versions/A/Frameworks/vecLib.framework/Versions/A/libvMisc.dylib
0x00000001bc278000 	/System/Library/Frameworks/Accelerate.framework/Versions/A/Frameworks/vecLib.framework/Versions/A/libvDSP.dylib
0x00000001b2eff000 	/System/Library/Frameworks/Accelerate.framework/Versions/A/Frameworks/vecLib.framework/Versions/A/libBLAS.dylib
0x00000001bd3f3000 	/System/Library/Frameworks/Accelerate.framework/Versions/A/Frameworks/vecLib.framework/Versions/A/libLAPACK.dylib
0x00000001bc7c8000 	/System/Library/Frameworks/Accelerate.framework/Versions/A/Frameworks/vecLib.framework/Versions/A/libLinearAlgebra.dylib
0x00000001bd30a000 	/System/Library/Frameworks/Accelerate.framework/Versions/A/Frameworks/vecLib.framework/Versions/A/libSparseBLAS.dylib
0x00000001bd3ee000 	/System/Library/Frameworks/Accelerate.framework/Versions/A/Frameworks/vecLib.framework/Versions/A/libQuadrature.dylib
0x00000001bbc92000 	/System/Library/Frameworks/Accelerate.framework/Versions/A/Frameworks/vecLib.framework/Versions/A/libBNNS.dylib
0x00000001b31bd000 	/System/Library/Frameworks/Accelerate.framework/Versions/A/Frameworks/vecLib.framework/Versions/A/libSparse.dylib
0x00000001bbc8a000 	/System/Library/PrivateFrameworks/LinguisticData.framework/Versions/A/LinguisticData
0x00000001b3173000 	/System/Library/PrivateFrameworks/Lexicon.framework/Versions/A/Lexicon
0x00000001bd9c7000 	/usr/lib/libChineseTokenizer.dylib
0x00000001b391d000 	/System/Library/PrivateFrameworks/LanguageModeling.framework/Versions/A/LanguageModeling
0x00000001bd2cd000 	/System/Library/PrivateFrameworks/AppleSauce.framework/Versions/A/AppleSauce
0x00000001bc35b000 	/System/Library/PrivateFrameworks/CoreEmoji.framework/Versions/A/CoreEmoji
0x00000001bd1bd000 	/usr/lib/libcmph.dylib
0x00000001b9a82000 	/System/Library/Frameworks/OpenDirectory.framework/Versions/A/Frameworks/CFOpenDirectory.framework/Versions/A/CFOpenDirectory
0x00000001b9a72000 	/System/Library/Frameworks/OpenDirectory.framework/Versions/A/OpenDirectory
0x00000001bd925000 	/System/Library/PrivateFrameworks/APFS.framework/Versions/A/APFS
0x00000001bc687000 	/System/Library/Frameworks/SecurityFoundation.framework/Versions/A/SecurityFoundation
0x00000001bd999000 	/usr/lib/libutil.dylib
0x00000001b505c000 	/System/Library/PrivateFrameworks/CoreServicesStore.framework/Versions/A/CoreServicesStore
0x00000001bd99d000 	/usr/lib/libxslt.1.dylib
0x00000001bc71b000 	/System/Library/PrivateFrameworks/BackgroundTaskManagement.framework/Versions/A/BackgroundTaskManagement
0x00000001bec02000 	/System/Library/Frameworks/ImageIO.framework/Versions/A/Resources/libRadiance.dylib
0x00000001bec0b000 	/System/Library/Frameworks/ImageIO.framework/Versions/A/Resources/libJPEG.dylib
0x00000001beb5d000 	/System/Library/Frameworks/ImageIO.framework/Versions/A/Resources/libPng.dylib
0x00000001beb7f000 	/System/Library/Frameworks/ImageIO.framework/Versions/A/Resources/libTIFF.dylib
0x00000001bec66000 	/System/Library/Frameworks/ImageIO.framework/Versions/A/Resources/libGIF.dylib
0x00000001be5ab000 	/System/Library/Frameworks/ImageIO.framework/Versions/A/Resources/libJP2.dylib
0x00000001bdcee000 	/usr/lib/libexpat.1.dylib
0x00000001be566000 	/System/Library/PrivateFrameworks/AppleJPEG.framework/Versions/A/AppleJPEG
0x00000001bb0bf000 	/System/Library/PrivateFrameworks/FontServices.framework/libFontParser.dylib
0x00000001b8dd9000 	/System/Library/PrivateFrameworks/RunningBoardServices.framework/Versions/A/RunningBoardServices
0x00000001c929b000 	/System/Library/PrivateFrameworks/IOSurfaceAccelerator.framework/Versions/A/IOSurfaceAccelerator
0x00000001be697000 	/System/Library/PrivateFrameworks/WatchdogClient.framework/Versions/A/WatchdogClient
0x00000001b3a21000 	/System/Library/Frameworks/CoreDisplay.framework/Versions/A/CoreDisplay
0x00000001bafae000 	/System/Library/Frameworks/CoreMedia.framework/Versions/A/CoreMedia
0x00000001bae42000 	/System/Library/PrivateFrameworks/IOAccelerator.framework/Versions/A/IOAccelerator
0x00000001b9c10000 	/System/Library/Frameworks/CoreVideo.framework/Versions/A/CoreVideo
0x00000001bd31d000 	/System/Library/Frameworks/MetalPerformanceShaders.framework/Versions/A/MetalPerformanceShaders
0x00000001be6d4000 	/System/Library/Frameworks/VideoToolbox.framework/Versions/A/VideoToolbox
0x00000001b8d1d000 	/System/Library/PrivateFrameworks/BaseBoard.framework/Versions/A/BaseBoard
0x00000001b8abc000 	/System/Library/PrivateFrameworks/ProtocolBuffer.framework/Versions/A/ProtocolBuffer
0x00000001bebfd000 	/System/Library/PrivateFrameworks/GPUWrangler.framework/Versions/A/GPUWrangler
0x00000001bebdc000 	/System/Library/PrivateFrameworks/IOPresentment.framework/Versions/A/IOPresentment
0x00000001bec05000 	/System/Library/PrivateFrameworks/DSExternalDisplay.framework/Versions/A/DSExternalDisplay
0x00000002135c8000 	/System/Library/Frameworks/OpenGL.framework/Versions/A/Libraries/libCoreFSCache.dylib
0x000000021cce2000 	/System/Library/PrivateFrameworks/GPUCompiler.framework/Versions/31001/Libraries/libGPUCompilerUtils.dylib
0x00000001bec6b000 	/System/Library/PrivateFrameworks/CMCaptureCore.framework/Versions/A/CMCaptureCore
0x00000001be2a1000 	/System/Library/PrivateFrameworks/AppServerSupport.framework/Versions/A/AppServerSupport
0x00000001c0440000 	/System/Library/PrivateFrameworks/perfdata.framework/Versions/A/perfdata
0x00000001b3b41000 	/System/Library/PrivateFrameworks/AudioToolboxCore.framework/Versions/A/AudioToolboxCore
0x00000001baf86000 	/System/Library/PrivateFrameworks/caulk.framework/Versions/A/caulk
0x00000001bfd35000 	/usr/lib/libAudioStatistics.dylib
0x00000001d154e000 	/System/Library/PrivateFrameworks/SystemPolicy.framework/Versions/A/SystemPolicy
0x00000001bff95000 	/usr/lib/libSMC.dylib
0x00000001c8b12000 	/System/Library/Frameworks/CoreMIDI.framework/Versions/A/CoreMIDI
0x00000001beb2b000 	/usr/lib/libAudioToolboxUtility.dylib
0x00000001cd9f4000 	/System/Library/PrivateFrameworks/OSAServicesClient.framework/Versions/A/OSAServicesClient
0x00000001c044d000 	/usr/lib/libperfcheck.dylib
0x00000001d2051000 	/usr/lib/libmis.dylib
0x0000000213629000 	/System/Library/Frameworks/OpenGL.framework/Versions/A/Libraries/libGLU.dylib
0x00000002135e8000 	/System/Library/Frameworks/OpenGL.framework/Versions/A/Libraries/libGFXShared.dylib
0x00000002137d2000 	/System/Library/Frameworks/OpenGL.framework/Versions/A/Libraries/libGL.dylib
0x00000002135f1000 	/System/Library/Frameworks/OpenGL.framework/Versions/A/Libraries/libGLImage.dylib
0x00000002135e5000 	/System/Library/Frameworks/OpenGL.framework/Versions/A/Libraries/libCVMSPluginSupport.dylib
0x00000002135cf000 	/System/Library/Frameworks/OpenGL.framework/Versions/A/Libraries/libCoreVMClient.dylib
0x00000001bbb17000 	/System/Library/Frameworks/MetalPerformanceShaders.framework/Versions/A/Frameworks/MPSCore.framework/Versions/A/MPSCore
0x00000001bccdf000 	/System/Library/Frameworks/MetalPerformanceShaders.framework/Versions/A/Frameworks/MPSImage.framework/Versions/A/MPSImage
0x00000001bc7dd000 	/System/Library/Frameworks/MetalPerformanceShaders.framework/Versions/A/Frameworks/MPSNeuralNetwork.framework/Versions/A/MPSNeuralNetwork
0x00000001bcc1a000 	/System/Library/Frameworks/MetalPerformanceShaders.framework/Versions/A/Frameworks/MPSMatrix.framework/Versions/A/MPSMatrix
0x00000001bc9f5000 	/System/Library/Frameworks/MetalPerformanceShaders.framework/Versions/A/Frameworks/MPSRayIntersector.framework/Versions/A/MPSRayIntersector
0x00000001bcc4b000 	/System/Library/Frameworks/MetalPerformanceShaders.framework/Versions/A/Frameworks/MPSNDArray.framework/Versions/A/MPSNDArray
0x00000002152e4000 	/System/Library/Frameworks/MetalPerformanceShaders.framework/Versions/A/Frameworks/MPSFunctions.framework/Versions/A/MPSFunctions
0x00000001b2ddd000 	/System/Library/PrivateFrameworks/MetalTools.framework/Versions/A/MetalTools
0x00000001bbb93000 	/System/Library/PrivateFrameworks/AggregateDictionary.framework/Versions/A/AggregateDictionary
0x00000001bdad4000 	/usr/lib/libIOReport.dylib
0x00000001c7b00000 	/System/Library/PrivateFrameworks/ASEProcessing.framework/Versions/A/ASEProcessing
0x00000001bde46000 	/System/Library/PrivateFrameworks/FaceCore.framework/Versions/A/FaceCore
0x00000001bde38000 	/System/Library/PrivateFrameworks/GraphVisualizer.framework/Versions/A/GraphVisualizer
0x000000021cbf9000 	/System/Library/PrivateFrameworks/FontServices.framework/Versions/A/FontServices
0x00000001be25b000 	/System/Library/PrivateFrameworks/OTSVG.framework/Versions/A/OTSVG
0x00000001b97de000 	/System/Library/Frameworks/ApplicationServices.framework/Versions/A/Frameworks/ATS.framework/Versions/A/Resources/libFontRegistry.dylib
0x00000001be2aa000 	/System/Library/PrivateFrameworks/FontServices.framework/libhvf.dylib
0x000000021cbfa000 	/System/Library/PrivateFrameworks/FontServices.framework/libXTFontStaticRegistryData.dylib
0x0000000213974000 	/System/Library/Frameworks/OpenCL.framework/Versions/A/OpenCL
0x00000001bdca2000 	/System/Library/PrivateFrameworks/AppleVA.framework/Versions/A/AppleVA
0x00000001bfd5d000 	/System/Library/Frameworks/ApplicationServices.framework/Versions/A/Frameworks/ATS.framework/Versions/A/ATS
0x00000001b8282000 	/System/Library/Frameworks/ApplicationServices.framework/Versions/A/Frameworks/HIServices.framework/Versions/A/HIServices
0x00000001bec75000 	/System/Library/Frameworks/ApplicationServices.framework/Versions/A/Frameworks/PrintCore.framework/Versions/A/PrintCore
0x00000001c00e8000 	/System/Library/Frameworks/ApplicationServices.framework/Versions/A/Frameworks/QD.framework/Versions/A/QD
0x00000001c00e0000 	/System/Library/Frameworks/ApplicationServices.framework/Versions/A/Frameworks/ColorSyncLegacy.framework/Versions/A/ColorSyncLegacy
0x00000001bfd49000 	/System/Library/Frameworks/ApplicationServices.framework/Versions/A/Frameworks/SpeechSynthesis.framework/Versions/A/SpeechSynthesis
0x00000001bec36000 	/System/Library/Frameworks/ApplicationServices.framework/Versions/A/Frameworks/ATSUI.framework/Versions/A/ATSUI
0x00000001c0075000 	/usr/lib/libcups.2.dylib
0x00000001c045b000 	/System/Library/Frameworks/Kerberos.framework/Versions/A/Kerberos
0x00000001c046c000 	/System/Library/Frameworks/GSS.framework/Versions/A/GSS
0x00000001bfdcc000 	/usr/lib/libresolv.9.dylib
0x00000001be2b8000 	/System/Library/PrivateFrameworks/Heimdal.framework/Versions/A/Heimdal
0x00000001c6d74000 	/System/Library/Frameworks/Kerberos.framework/Versions/A/Libraries/libHeimdalProxy.dylib
0x00000001b8eb8000 	/System/Library/Frameworks/Network.framework/Versions/A/Network
0x00000001bdd09000 	/usr/lib/libheimdal-asn1.dylib
0x00000001c04b2000 	/System/Library/PrivateFrameworks/CommonAuth.framework/Versions/A/CommonAuth
0x00000001bfcc3000 	/System/Library/PrivateFrameworks/AudioSession.framework/Versions/A/AudioSession
0x00000001bdd9a000 	/System/Library/PrivateFrameworks/MediaExperience.framework/Versions/A/MediaExperience
0x00000001bfb4b000 	/System/Library/PrivateFrameworks/AudioSession.framework/libSessionUtility.dylib
0x00000001c00f4000 	/System/Library/PrivateFrameworks/AudioResourceArbitration.framework/Versions/A/AudioResourceArbitration
0x00000001bdd12000 	/System/Library/PrivateFrameworks/IconFoundation.framework/Versions/A/IconFoundation
0x00000001c2f79000 	/System/Library/PrivateFrameworks/SpeechRecognitionCore.framework/Versions/A/SpeechRecognitionCore
0x00000001018c4000 	/Library/Java/JavaVirtualMachines/liberica-jdk-16-full.jdk/Contents/Home/lib/server/libjvm.dylib
0x00000001007a4000 	/Library/Java/JavaVirtualMachines/liberica-jdk-16-full.jdk/Contents/Home/lib/libjimage.dylib
0x00000001007d0000 	/Library/Java/JavaVirtualMachines/liberica-jdk-16-full.jdk/Contents/Home/lib/libinstrument.dylib
0x000000010081c000 	/Library/Java/JavaVirtualMachines/liberica-jdk-16-full.jdk/Contents/Home/lib/libjava.dylib
0x0000000101384000 	/Library/Java/JavaVirtualMachines/liberica-jdk-16-full.jdk/Contents/Home/lib/libnio.dylib
0x00000001013a4000 	/Library/Java/JavaVirtualMachines/liberica-jdk-16-full.jdk/Contents/Home/lib/libnet.dylib
0x0000000100804000 	/Library/Java/JavaVirtualMachines/liberica-jdk-16-full.jdk/Contents/Home/lib/libzip.dylib
0x00000001013e4000 	/Library/Java/JavaVirtualMachines/liberica-jdk-16-full.jdk/Contents/Home/lib/libprism_es2.dylib
0x00000001b501f000 	/System/Library/PrivateFrameworks/CoreServicesInternal.framework/Versions/A/CoreServicesInternal
0x00000002137dc000 	/System/Library/Frameworks/OpenGL.framework/Versions/A/Resources/GLEngine.bundle/GLEngine
0x0000000213663000 	/System/Library/Frameworks/OpenGL.framework/Versions/A/Libraries/libGLProgrammability.dylib
0x0000000126448000 	/System/Library/Extensions/AppleMetalOpenGLRenderer.bundle/Contents/MacOS/AppleMetalOpenGLRenderer
0x000000021394b000 	/System/Library/Frameworks/OpenGL.framework/Versions/A/Resources/GLRendererFloat.bundle/GLRendererFloat
0x00000002139ec000 	/System/Library/Extensions/AGXMetal13_3.bundle/Contents/MacOS/AGXMetal13_3
0x00000001d206d000 	/System/Library/PrivateFrameworks/GPURawCounter.framework/Versions/A/GPURawCounter
0x00000001ccb42000 	/System/Library/PrivateFrameworks/IOGPU.framework/Versions/A/IOGPU
0x0000000126544000 	/Library/Java/JavaVirtualMachines/liberica-jdk-16-full.jdk/Contents/Home/lib/libglass.dylib
0x00000001c4419000 	/System/Library/Frameworks/FileProvider.framework/Versions/A/FileProvider
0x00000001b8c85000 	/System/Library/Frameworks/Accounts.framework/Versions/A/Accounts
0x00000001c4599000 	/System/Library/PrivateFrameworks/GenerationalStorage.framework/Versions/A/GenerationalStorage
0x00000001c5149000 	/System/Library/PrivateFrameworks/CoreSymbolication.framework/Versions/A/CoreSymbolication
0x00000001c41b9000 	/System/Library/PrivateFrameworks/SymptomDiagnosticReporter.framework/Versions/A/SymptomDiagnosticReporter
0x00000001b6304000 	/System/Library/PrivateFrameworks/DesktopServicesPriv.framework/Versions/A/DesktopServicesPriv
0x00000001b517e000 	/usr/lib/libsandbox.1.dylib
0x00000001b9c9c000 	/System/Library/PrivateFrameworks/UserManagement.framework/Versions/A/UserManagement
0x00000001c510a000 	/System/Library/PrivateFrameworks/DebugSymbols.framework/Versions/A/DebugSymbols
0x00000001c00d3000 	/System/Library/PrivateFrameworks/NetAuth.framework/Versions/A/NetAuth
0x00000001c0fd1000 	/System/Library/PrivateFrameworks/Sharing.framework/Versions/A/Sharing
0x00000001b9c6c000 	/System/Library/PrivateFrameworks/login.framework/Versions/A/Frameworks/loginsupport.framework/Versions/A/loginsupport
0x00000001c62ba000 	/System/Library/PrivateFrameworks/Apple80211.framework/Versions/A/Apple80211
0x00000001bcdc3000 	/System/Library/PrivateFrameworks/AuthKit.framework/Versions/A/AuthKit
0x00000001bc45a000 	/System/Library/PrivateFrameworks/CoreUtils.framework/Versions/A/CoreUtils
0x00000001bc37a000 	/System/Library/Frameworks/CoreWLAN.framework/Versions/A/CoreWLAN
0x00000001c113a000 	/System/Library/Frameworks/IOBluetooth.framework/Versions/A/IOBluetooth
0x00000001c631a000 	/System/Library/PrivateFrameworks/CoreWiFi.framework/Versions/A/CoreWiFi
0x00000001c4cf1000 	/System/Library/PrivateFrameworks/FrontBoardServices.framework/Versions/A/FrontBoardServices
0x00000001c4d89000 	/System/Library/PrivateFrameworks/BoardServices.framework/Versions/A/BoardServices
0x00000001bc675000 	/System/Library/PrivateFrameworks/AssertionServices.framework/Versions/A/AssertionServices
0x00000001c6488000 	/System/Library/PrivateFrameworks/BackBoardServices.framework/Versions/A/BackBoardServices
0x00000001c0545000 	/System/Library/PrivateFrameworks/CorePhoneNumbers.framework/Versions/A/CorePhoneNumbers
0x00000001c42e9000 	/System/Library/PrivateFrameworks/DiskManagement.framework/Versions/A/DiskManagement
0x00000001c41ec000 	/System/Library/PrivateFrameworks/AppleIDAuthSupport.framework/Versions/A/AppleIDAuthSupport
0x000000021757d000 	/System/Library/PrivateFrameworks/AAAFoundation.framework/Versions/A/AAAFoundation
0x00000001c0524000 	/System/Library/PrivateFrameworks/KeychainCircle.framework/Versions/A/KeychainCircle
0x00000001c42b5000 	/System/Library/PrivateFrameworks/MediaKit.framework/Versions/A/MediaKit
0x00000001c41f9000 	/System/Library/Frameworks/DiscRecording.framework/Versions/A/DiscRecording
0x00000001bdc1e000 	/usr/lib/libCoreStorage.dylib
0x00000001c6782000 	/usr/lib/libcsfde.dylib
0x00000001c120f000 	/System/Library/PrivateFrameworks/ProtectedCloudStorage.framework/Versions/A/ProtectedCloudStorage
0x00000001c677a000 	/System/Library/PrivateFrameworks/EFILogin.framework/Versions/A/EFILogin
0x00000001c45c0000 	/System/Library/PrivateFrameworks/OctagonTrust.framework/Versions/A/OctagonTrust
0x000000021be64000 	/System/Library/PrivateFrameworks/CoreUtilsExtras.framework/Versions/A/CoreUtilsExtras
0x00000001c412b000 	/System/Library/Frameworks/CoreBluetooth.framework/Versions/A/CoreBluetooth
0x00000001c6df9000 	/System/Library/Frameworks/AudioUnit.framework/Versions/A/AudioUnit
0x00000001bdc16000 	/usr/lib/libMatch.1.dylib
0x00000001d62d4000 	/System/Library/Frameworks/Accelerate.framework/Versions/A/Frameworks/vImage.framework/Versions/A/Libraries/libCGInterfaces.dylib
0x00000001267e8000 	/usr/lib/libobjc-trampolines.dylib
0x00000001b996a000 	/System/Library/PrivateFrameworks/ViewBridge.framework/Versions/A/ViewBridge
0x0000000136788000 	/Library/Java/JavaVirtualMachines/liberica-jdk-16-full.jdk/Contents/Home/lib/libjavafx_font.dylib
0x00000001be366000 	/System/Library/PrivateFrameworks/login.framework/Versions/A/login
0x000000022f07a000 	/usr/lib/libRosetta.dylib
0x0000000217c1c000 	/System/Library/PrivateFrameworks/AccessibilityBundles.framework/Versions/A/AccessibilityBundles


VM Arguments:
jvm_args: -javaagent:/Applications/IntelliJ IDEA.app/Contents/lib/idea_rt.jar=50760:/Applications/IntelliJ IDEA.app/Contents/bin -Dfile.encoding=UTF-8 --module-path=/Users/louislombard/Documents/Cours/4IF/TRUEAGILE/de/target/classes:/Users/louislombard/.m2/repository/org/openjfx/javafx-controls/17.0.1/javafx-controls-17.0.1.jar:/Users/louislombard/.m2/repository/org/openjfx/javafx-controls/17.0.1/javafx-controls-17.0.1-mac-aarch64.jar:/Users/louislombard/.m2/repository/org/openjfx/javafx-graphics/17.0.1/javafx-graphics-17.0.1.jar:/Users/louislombard/.m2/repository/org/openjfx/javafx-graphics/17.0.1/javafx-graphics-17.0.1-mac-aarch64.jar:/Users/louislombard/.m2/repository/org/openjfx/javafx-base/17.0.1/javafx-base-17.0.1.jar:/Users/louislombard/.m2/repository/org/openjfx/javafx-base/17.0.1/javafx-base-17.0.1-mac-aarch64.jar:/Users/louislombard/.m2/repository/org/openjfx/javafx-fxml/17.0.1/javafx-fxml-17.0.1.jar:/Users/louislombard/.m2/repository/org/openjfx/javafx-fxml/17.0.1/javafx-fxml-17.0.1-mac-aarch64.jar -Djdk.module.main=org.hexanome 
java_command: org.hexanome/org.hexanome.vue.App
java_class_path (initial): <not set>
Launcher Type: SUN_STANDARD

[Global flags]
     intx CICompilerCount                          = 4                                         {product} {ergonomic}
     uint ConcGCThreads                            = 2                                         {product} {ergonomic}
     uint G1ConcRefinementThreads                  = 8                                         {product} {ergonomic}
   size_t G1HeapRegionSize                         = 2097152                                   {product} {ergonomic}
    uintx GCDrainStackTargetSize                   = 64                                        {product} {ergonomic}
   size_t InitialHeapSize                          = 268435456                                 {product} {ergonomic}
   size_t MarkStackSize                            = 4194304                                   {product} {ergonomic}
   size_t MaxHeapSize                              = 4294967296                                {product} {ergonomic}
   size_t MaxNewSize                               = 2575302656                                {product} {ergonomic}
   size_t MinHeapDeltaBytes                        = 2097152                                   {product} {ergonomic}
   size_t MinHeapSize                              = 8388608                                   {product} {ergonomic}
    uintx NonNMethodCodeHeapSize                   = 5839564                                {pd product} {ergonomic}
    uintx NonProfiledCodeHeapSize                  = 122909338                              {pd product} {ergonomic}
    uintx ProfiledCodeHeapSize                     = 122909338                              {pd product} {ergonomic}
    uintx ReservedCodeCacheSize                    = 251658240                              {pd product} {ergonomic}
     bool SegmentedCodeCache                       = true                                      {product} {ergonomic}
   size_t SoftMaxHeapSize                          = 4294967296                             {manageable} {ergonomic}
     bool UseCompressedClassPointers               = true                           {product lp64_product} {ergonomic}
     bool UseCompressedOops                        = true                           {product lp64_product} {ergonomic}
     bool UseG1GC                                  = true                                      {product} {ergonomic}
     bool UseNUMA                                  = false                                     {product} {ergonomic}
     bool UseNUMAInterleaving                      = false                                     {product} {ergonomic}

Logging:
Log output configuration:
 #0: stdout all=warning uptime,level,tags
 #1: stderr all=off uptime,level,tags

Environment Variables:
PATH=/opt/homebrew/bin:/opt/homebrew/sbin:/usr/local/bin:/usr/bin:/bin:/usr/sbin:/sbin:/Library/Apple/usr/bin
SHELL=/bin/zsh
LC_CTYPE=fr_FR.UTF-8

Signal Handlers:
SIGSEGV: [libjvm.dylib+0x9bfc08], sa_mask[0]=11100110000111110111111111111111, sa_flags=SA_ONSTACK|SA_RESTART|SA_SIGINFO
SIGBUS: [libjvm.dylib+0x9bfc08], sa_mask[0]=11100110000111110111111111111111, sa_flags=SA_RESTART|SA_SIGINFO
SIGFPE: [libjvm.dylib+0x9bfc08], sa_mask[0]=11100110000111110111111111111111, sa_flags=SA_RESTART|SA_SIGINFO
SIGPIPE: [libjvm.dylib+0x8a7170], sa_mask[0]=11100110000111110111111111111111, sa_flags=SA_RESTART|SA_SIGINFO
SIGXFSZ: [libjvm.dylib+0x8a7170], sa_mask[0]=11100110000111110111111111111111, sa_flags=SA_RESTART|SA_SIGINFO
SIGILL: [libjvm.dylib+0x9bfc08], sa_mask[0]=11100110000111110111111111111111, sa_flags=SA_RESTART|SA_SIGINFO
SIGUSR2: [libjvm.dylib+0x8a7ba8], sa_mask[0]=00100000000000000000000000000000, sa_flags=SA_RESTART|SA_SIGINFO
SIGHUP: [libjvm.dylib+0x8a6220], sa_mask[0]=11100110000111110111111111111111, sa_flags=SA_RESTART|SA_SIGINFO
SIGINT: [libjvm.dylib+0x8a6220], sa_mask[0]=11100110000111110111111111111111, sa_flags=SA_RESTART|SA_SIGINFO
SIGTERM: [libjvm.dylib+0x8a6220], sa_mask[0]=11100110000111110111111111111111, sa_flags=SA_RESTART|SA_SIGINFO
SIGQUIT: [libjvm.dylib+0x8a6220], sa_mask[0]=11100110000111110111111111111111, sa_flags=SA_RESTART|SA_SIGINFO
SIGTRAP: [libjvm.dylib+0x9bfc08], sa_mask[0]=11100110000111110111111111111111, sa_flags=SA_RESTART|SA_SIGINFO


---------------  S Y S T E M  ---------------

OS:uname: Darwin 21.1.0 Darwin Kernel Version 21.1.0: Wed Oct 13 17:33:24 PDT 2021; root:xnu-8019.41.5~1/RELEASE_ARM64_T8101 arm64
OS uptime: 0 days 2:12 hours
rlimit (soft/hard): STACK 8176k/65520k , CORE 0k/infinity , NPROC 2666/4000 , NOFILE 10240/infinity , AS infinity/infinity , CPU infinity/infinity , DATA infinity/infinity , FSIZE infinity/infinity , MEMLOCK infinity/infinity , RSS infinity/infinity
load average: 2.62 1.87 1.73

CPU: total 8 (initial active 8) 0x61:0x0:0x1b588bb3:0, simd, crc, lse

Memory: 16k page, physical 16777216k(493248k free), swap 0k(0k free)

vm_info: OpenJDK 64-Bit Server VM (16.0.2+7) for bsd-aarch64 JRE (16.0.2+7), built on Jul 22 2021 03:27:58 by "bellsoft" with clang Apple LLVM 12.0.0 (clang-1200.0.32.28)

END.
