#
# A fatal error has been detected by the Java Runtime Environment:
#
#  SIGBUS (0xa) at pc=0x000000010db7d4f0, pid=14721, tid=36111
#
# JRE version: Java(TM) SE Runtime Environment (17.0.1+12) (build 17.0.1+12-LTS-39)
# Java VM: Java HotSpot(TM) 64-Bit Server VM (17.0.1+12-LTS-39, mixed mode, sharing, tiered, compressed oops, compressed class ptrs, g1 gc, bsd-aarch64)
# Problematic frame:
# v  ~StubRoutines::SafeFetchN
#
# No core dump will be written. Core dumps have been disabled. To enable core dumping, try "ulimit -c unlimited" before starting Java again
#
# If you would like to submit a bug report, please visit:
#   https://bugreport.java.com/bugreport/crash.jsp
# The crash happened outside the Java Virtual Machine in native code.
# See problematic frame for where to report the bug.
#

---------------  S U M M A R Y ------------

Command Line: -javaagent:/Applications/IntelliJ IDEA.app/Contents/lib/idea_rt.jar=59435:/Applications/IntelliJ IDEA.app/Contents/bin -Dfile.encoding=UTF-8 --module-path=/Users/louislombard/Documents/Cours/4IF/TRUEAGILE/de/target/classes:/Users/louislombard/.m2/repository/org/openjfx/javafx-controls/17.0.1/javafx-controls-17.0.1.jar:/Users/louislombard/.m2/repository/org/openjfx/javafx-controls/17.0.1/javafx-controls-17.0.1-mac-aarch64.jar:/Users/louislombard/.m2/repository/org/openjfx/javafx-graphics/17.0.1/javafx-graphics-17.0.1.jar:/Users/louislombard/.m2/repository/org/openjfx/javafx-graphics/17.0.1/javafx-graphics-17.0.1-mac-aarch64.jar:/Users/louislombard/.m2/repository/org/openjfx/javafx-fxml/17.0.1/javafx-fxml-17.0.1.jar:/Users/louislombard/.m2/repository/org/openjfx/javafx-fxml/17.0.1/javafx-fxml-17.0.1-mac-aarch64.jar:/Users/louislombard/.m2/repository/com/gluonhq/attach/util/4.0.11/util-4.0.11.jar:/Users/louislombard/.m2/repository/com/gluonhq/attach/storage/4.0.11/storage-4.0.11-desktop.jar:/Users/louislombard/.m2/repository/com/gluonhq/maps/2.0.0-ea+1/maps-2.0.0-ea+1.jar:/Users/louislombard/.m2/repository/org/openjfx/javafx-base/11.0.2/javafx-base-11.0.2.jar:/Users/louislombard/.m2/repository/org/openjfx/javafx-base/11.0.2/javafx-base-11.0.2-mac.jar -Djdk.module.main=org.hexanome org.hexanome/org.hexanome.vue.App

Host: "MacBookAir10,1" arm64 1 MHz, 8 cores, 16G, Darwin 21.1.0, macOS 12.0.1 (21A559)
Time: Sat Nov 27 16:40:06 2021 CET elapsed time: 1.240938 seconds (0d 0h 0m 1s)

---------------  T H R E A D  ---------------

Current thread (0x0000000135128200):  JavaThread "InvokeLaterDispatcher" daemon [_thread_in_native, id=36111, stack(0x000000016e96c000,0x000000016eb6f000)]

Stack: [0x000000016e96c000,0x000000016eb6f000],  sp=0x000000016eb6e7b0,  free space=2057k
Native frames: (J=compiled Java code, j=interpreted, Vv=VM code, C=native code)
v  ~StubRoutines::SafeFetchN
V  [libjvm.dylib+0x79e208]  _ZN10OopStorage7releaseEPKP7oopDesc+0x20
V  [libjvm.dylib+0x4b8f30]  jni_DeleteGlobalRef+0xc4
C  [libglass.dylib+0xab08]  -[GlassRunnable dealloc]+0x34
C  [Foundation+0x85e0c]  -[_NSThreadPerformInfo dealloc]+0x30
C  [Foundation+0x525e8]  -[NSObject(NSThreadPerformAdditions) performSelectorOnMainThread:withObject:waitUntilDone:]+0x88
C  0xc51d80010db858ac
j  com.sun.glass.ui.mac.MacApplication.submitForLaterInvocation(Ljava/lang/Runnable;)V+2 javafx.graphics
j  com.sun.glass.ui.InvokeLaterDispatcher.run()V+82 javafx.graphics
v  ~StubRoutines::call_stub
V  [libjvm.dylib+0x460588]  _ZN9JavaCalls11call_helperEP9JavaValueRK12methodHandleP17JavaCallArgumentsP10JavaThread+0x38c
V  [libjvm.dylib+0x45f5a4]  _ZN9JavaCalls12call_virtualEP9JavaValueP5KlassP6SymbolS5_P17JavaCallArgumentsP10JavaThread+0x11c
V  [libjvm.dylib+0x45f670]  _ZN9JavaCalls12call_virtualEP9JavaValue6HandleP5KlassP6SymbolS6_P10JavaThread+0x64
V  [libjvm.dylib+0x512ef0]  _ZL12thread_entryP10JavaThreadS0_+0xc4
V  [libjvm.dylib+0x8fc514]  _ZN10JavaThread17thread_main_innerEv+0x134
V  [libjvm.dylib+0x8fae3c]  _ZN6Thread8call_runEv+0x128
V  [libjvm.dylib+0x7a4df0]  _ZL19thread_native_entryP6Thread+0x158
C  [libsystem_pthread.dylib+0x74ec]  _pthread_start+0x94

Java frames: (J=compiled Java code, j=interpreted, Vv=VM code)
j  com.sun.glass.ui.mac.MacApplication._submitForLaterInvocation(Ljava/lang/Runnable;)V+0 javafx.graphics
j  com.sun.glass.ui.mac.MacApplication.submitForLaterInvocation(Ljava/lang/Runnable;)V+2 javafx.graphics
j  com.sun.glass.ui.InvokeLaterDispatcher.run()V+82 javafx.graphics
v  ~StubRoutines::call_stub

siginfo: si_signo: 10 (SIGBUS), si_code: 1 (BUS_ADRALN), si_addr: 0x000000010db7d4f0

Register to memory mapping:

 x0=0x0000000127f04c48 points into unknown readable memory: 0x0000000000000000 | 00 00 00 00 00 00 00 00
 x1=0x0 is NULL
 x2=0x000000070dd2cd48 is an oop: com.sun.glass.ui.InvokeLaterDispatcher$Future 
{0x000000070dd2cd48} - klass: 'com/sun/glass/ui/InvokeLaterDispatcher$Future'
 - ---- fields (total size 3 words):
 - private 'done' 'Z' @12  true
 - private final 'runnable' 'Ljava/lang/Runnable;' @16  a 'com/sun/javafx/application/PlatformImpl$$Lambda$107+0x0000000800c81b10'{0x000000070da72158} (e1b4e42b)
 - final synthetic 'this$0' 'Lcom/sun/glass/ui/InvokeLaterDispatcher;' @20  a 'com/sun/glass/ui/InvokeLaterDispatcher'{0x000000070e820210} (e1d04042)
 x3=0x0 is NULL
 x4=0x00000000000130a8 is an unknown value
 x5=0x0 is NULL
 x6=0x0 is NULL
 x7=0x0000000000000003 is an unknown value
 x8=0x000000010db7d4ec is at begin+0 in a stub
StubRoutines::SafeFetchN [0x000000010db7d4ec, 0x000000010db7d4f8] (12 bytes)
 x9=0x0 is NULL
x10=0x2010000030300000 is an unknown value
x11=0x0000000000000007 is an unknown value
x12=0x0 is NULL
x13=0x00006000016b4270 points into unknown readable memory: 0x0000001800000001 | 01 00 00 00 18 00 00 00
x14=0x0000000000000001 is an unknown value
x15=0x0000000125bc1f98: OBJC_CLASS_$_GlassRunnable+0 in /Users/louislombard/.openjfx/cache/11.0.2/libglass.dylib at 0x0000000125b7c000
x16=0x000000018b6bc340: pthread_getspecific+0 in /usr/lib/system/libsystem_pthread.dylib at 0x000000018b6ba000
x17=0x0000600001cac660 points into unknown readable memory: 0xfffffffffffffffe | fe ff ff ff ff ff ff ff
x18=0x0 is NULL
x19=0x00006000013a84d0 points into unknown readable memory: 0x0000600003aa9590 | 90 95 aa 03 00 60 00 00
x20=0x0000000127f04a40 points into unknown readable memory: 0xb09e84980c792e96 | 96 2e 79 0c 98 84 9e b0
x21=0x0000000127f04c48 points into unknown readable memory: 0x0000000000000000 | 00 00 00 00 00 00 00 00
x22=0x0000000135128200 is a thread
x23=0x0000000000000001 is an unknown value
x24=0x0000000127f04c00 is a global jni handle
x25=0x00000001060a95d8: _ZN12StubRoutines17_safefetchN_entryE+0 in /Library/Java/JavaVirtualMachines/jdk-17.0.1.jdk/Contents/Home/lib/server/libjvm.dylib at 0x0000000105518000
x26=0x0000000130518b98 is pointing into metadata
x27=0x0 is NULL
x28=0x0000000135128200 is a thread


Registers:
 x0=0x0000000127f04c48  x1=0x0000000000000000  x2=0x000000070dd2cd48  x3=0x0000000000000000
 x4=0x00000000000130a8  x5=0x0000000000000000  x6=0x0000000000000000  x7=0x0000000000000003
 x8=0x000000010db7d4ec  x9=0x0000000000000000 x10=0x2010000030300000 x11=0x0000000000000007
x12=0x0000000000000000 x13=0x00006000016b4270 x14=0x0000000000000001 x15=0x0000000125bc1f98
x16=0x000000018b6bc340 x17=0x0000600001cac660 x18=0x0000000000000000 x19=0x00006000013a84d0
x20=0x0000000127f04a40 x21=0x0000000127f04c48 x22=0x0000000135128200 x23=0x0000000000000001
x24=0x0000000127f04c00 x25=0x00000001060a95d8 x26=0x0000000130518b98 x27=0x0000000000000000
x28=0x0000000135128200  fp=0x000000016eb6e7f0  lr=0x0000000105cb4fd8  sp=0x000000016eb6e7b0
pc=0x000000010db7d4f0 cpsr=0x0000000060001000
Top of Stack: (sp=0x000000016eb6e7b0)
0x000000016eb6e7b0:   0000000130518b98 0000000000000001
0x000000016eb6e7c0:   000000016eb6e9a8 0000600003abee80
0x000000016eb6e7d0:   0000000000000000 0000000127f04c38
0x000000016eb6e7e0:   0000000127f04c38 00006000013a84d0
0x000000016eb6e7f0:   000000016eb6e830 0000000105cb6208
0x000000016eb6e800:   0000000000000001 0000000127f04c38
0x000000016eb6e810:   0000000000000000 0000000127f04c38
0x000000016eb6e820:   0000000000000001 0000000131808200
0x000000016eb6e830:   000000016eb6e860 00000001059d0f30
0x000000016eb6e840:   0000600003abee70 00000001d58e99f4
0x000000016eb6e850:   0000000000000000 0000600003abee70
0x000000016eb6e860:   000000016eb6e890 0000000125b86b08
0x000000016eb6e870:   b8757e7267c3009e 0000000000000000
0x000000016eb6e880:   0000000000000000 0000600002d83f00
0x000000016eb6e890:   000000016eb6e8d0 000000018c684e0c
0x000000016eb6e8a0:   000000016eb6e9a8 0000600003abee80
0x000000016eb6e8b0:   0000600003abee70 b8757e7267c3009e
0x000000016eb6e8c0:   0000000000000000 0000000000000000
0x000000016eb6e8d0:   000000016eb6e910 a30100018c6515e8
0x000000016eb6e8e0:   000000016eb6e9a8 000000010db847c0
0x000000016eb6e8f0:   0000000000000000 00000001060b0f90
0x000000016eb6e900:   000000016eb6e920 000000010db83730
0x000000016eb6e910:   000000016eb6e980 c51d80010db858ac
0x000000016eb6e920:   000000016eb6e920 0000000800986475
0x000000016eb6e930:   000000016eb6e930 0000000000000000
0x000000016eb6e940:   000000016eb6e9a8 0000000130518b98
0x000000016eb6e950:   000000070e81ce90 0000000000000000
0x000000016eb6e960:   0000000000000000 00000001304f70a0
0x000000016eb6e970:   0000000000000000 000000016eb6e980
0x000000016eb6e980:   000000016eb6ea00 000000010db81fc8
0x000000016eb6e990:   0000000000000000 0000000000000000
0x000000016eb6e9a0:   000000070dd2cd48 000000070e81cf08 

Instructions: (pc=0x000000010db7d4f0)
0x000000010db7d3f0:   f2a0c0e9 f2c00029 6d425935 1e640886
0x000000010db7d400:   0c402d31 1e6408c7 1f5654d0 1e6c1017
0x000000010db7d410:   1f5050d0 1f504cd0 1f5048d0 1e650af6
0x000000010db7d420:   1f50d8f6 1f5694d6 1f5158f6 1e762880
0x000000010db7d430:   36000501 1e614000 14000026 2e251ca5
0x000000010db7d440:   d28c3009 f2a0c0e9 f2c00029 6d425d36
0x000000010db7d450:   1e600806 0c402d32 1f5758c7 1e6c101a
0x000000010db7d460:   1f4754c7 1e650805 1f4750c7 d2866668
0x000000010db7d470:   f2a7fa68 1f474cc7 1e6608c0 1f4748c7
0x000000010db7d480:   1e6e1019 eb08007f 540000ac 1f479400
0x000000010db7d490:   1f460340 1e603b20 1400000e d2a7fd29
0x000000010db7d4a0:   eb09007f 540000ac 51480069 d3607d29
0x000000010db7d4b0:   9e670121 14000002 1e6a5001 1f679417
0x000000010db7d4c0:   1f668742 1e613b23 1e773857 1e773860
0x000000010db7d4d0:   a8c17ff3 910003bf a8c17bfd d65f03c0
0x000000010db7d4e0:   b9400001 aa0103e0 d65f03c0 f9400001
0x000000010db7d4f0:   aa0103e0 d65f03c0 00000000 00000000
0x000000010db7d500:   00000000 00000000 00000000 00000000
0x000000010db7d510:   00000000 00000000 00000000 00000000
0x000000010db7d520:   00000000 00000000 00000000 00000000
0x000000010db7d530:   00000000 00000000 00000000 00000000
0x000000010db7d540:   00000000 00000000 00000000 00000000
0x000000010db7d550:   00000000 00000000 00000000 00000000
0x000000010db7d560:   00000000 00000000 00000000 00000000
0x000000010db7d570:   00000000 00000000 00000000 00000000
0x000000010db7d580:   00000000 00000000 00000000 00000000
0x000000010db7d590:   00000000 00000000 00000000 00000000
0x000000010db7d5a0:   00000000 00000000 00000000 00000000
0x000000010db7d5b0:   00000000 00000000 00000000 00000000
0x000000010db7d5c0:   00000000 00000000 00000000 00000000
0x000000010db7d5d0:   00000000 00000000 00000000 00000000
0x000000010db7d5e0:   00000000 00000000 00000000 00000000 


Stack slot to memory mapping:
stack at sp + 0 slots: 0x0000000130518b98 is pointing into metadata
stack at sp + 1 slots: 0x0000000000000001 is an unknown value
stack at sp + 2 slots: 0x000000016eb6e9a8 is pointing into the stack for thread: 0x0000000135128200
stack at sp + 3 slots: 0x0000600003abee80 points into unknown readable memory: 0x01000001e439e081 | 81 e0 39 e4 01 00 00 01
stack at sp + 4 slots: 0x0 is NULL
stack at sp + 5 slots: 0x0000000127f04c38 is a global jni handle
stack at sp + 6 slots: 0x0000000127f04c38 is a global jni handle
stack at sp + 7 slots: 0x00006000013a84d0 points into unknown readable memory: 0x0000600003aa9590 | 90 95 aa 03 00 60 00 00

StubRoutines::SafeFetchN [0x000000010db7d4ec, 0x000000010db7d4f8] (12 bytes)
[MachCode]
  0x000000010db7d4ec: 0100 40f9 | e003 01aa | c003 5fd6 
[/MachCode]

---------------  P R O C E S S  ---------------

Threads class SMR info:
_java_thread_list=0x00006000038e9940, length=20, elements={
0x000000013500ae00, 0x0000000135106800, 0x000000013480d000, 0x000000013180f600,
0x0000000131809a00, 0x000000013180c400, 0x000000013180ca00, 0x000000013180d000,
0x000000013180d600, 0x0000000131008200, 0x0000000135813200, 0x000000013582a600,
0x0000000131813400, 0x0000000135128200, 0x0000000131808200, 0x00000001319b7e00,
0x00000001353e2000, 0x0000000135924000, 0x0000000131812e00, 0x000000013102e000
}

Java Threads: ( => current thread )
  0x000000013500ae00 JavaThread "main" [_thread_blocked, id=6403, stack(0x000000016bb4c000,0x000000016bd4f000)]
  0x0000000135106800 JavaThread "Reference Handler" daemon [_thread_blocked, id=18179, stack(0x000000016c9a0000,0x000000016cba3000)]
  0x000000013480d000 JavaThread "Finalizer" daemon [_thread_blocked, id=17155, stack(0x000000016cbac000,0x000000016cdaf000)]
  0x000000013180f600 JavaThread "Signal Dispatcher" daemon [_thread_blocked, id=42499, stack(0x000000016ced0000,0x000000016d0d3000)]
  0x0000000131809a00 JavaThread "Service Thread" daemon [_thread_blocked, id=23043, stack(0x000000016d0dc000,0x000000016d2df000)]
  0x000000013180c400 JavaThread "Monitor Deflation Thread" daemon [_thread_blocked, id=23555, stack(0x000000016d2e8000,0x000000016d4eb000)]
  0x000000013180ca00 JavaThread "C2 CompilerThread0" daemon [_thread_in_native, id=41987, stack(0x000000016d4f4000,0x000000016d6f7000)]
  0x000000013180d000 JavaThread "C1 CompilerThread0" daemon [_thread_blocked, id=24323, stack(0x000000016d700000,0x000000016d903000)]
  0x000000013180d600 JavaThread "Sweeper thread" daemon [_thread_blocked, id=41475, stack(0x000000016d90c000,0x000000016db0f000)]
  0x0000000131008200 JavaThread "Common-Cleaner" daemon [_thread_blocked, id=40963, stack(0x000000016db18000,0x000000016dd1b000)]
  0x0000000135813200 JavaThread "Monitor Ctrl-Break" daemon [_thread_in_native, id=40195, stack(0x000000016e13c000,0x000000016e33f000)]
  0x000000013582a600 JavaThread "Notification Thread" daemon [_thread_blocked, id=25603, stack(0x000000016e348000,0x000000016e54b000)]
  0x0000000131813400 JavaThread "QuantumRenderer-0" daemon [_thread_blocked, id=39683, stack(0x000000016e760000,0x000000016e963000)]
=>0x0000000135128200 JavaThread "InvokeLaterDispatcher" daemon [_thread_in_native, id=36111, stack(0x000000016e96c000,0x000000016eb6f000)]
  0x0000000131808200 JavaThread "JavaFX Application Thread" [_thread_in_native, id=259, stack(0x000000016b2c4000,0x000000016bac0000)]
  0x00000001319b7e00 JavaThread "JavaFX-Launcher" [_thread_blocked, id=53019, stack(0x000000016ec90000,0x000000016ee93000)]
  0x00000001353e2000 JavaThread "Prism Font Disposer" daemon [_thread_blocked, id=59683, stack(0x000000016f964000,0x000000016fb67000)]
  0x0000000135924000 JavaThread "Cleaner-0" daemon [_thread_blocked, id=75787, stack(0x000000016fbfc000,0x000000016fdff000)]
  0x0000000131812e00 JavaThread "Attach Listener" daemon [_thread_blocked, id=40495, stack(0x000000016dd24000,0x000000016df27000)]
  0x000000013102e000 JavaThread "PulseTimer-CVDisplayLink thread" daemon [_thread_in_native, id=25095, stack(0x000000016df30000,0x000000016dfb3000)]

Other Threads:
  0x000000013470e540 VMThread "VM Thread" [stack: 0x000000016c794000,0x000000016c997000] [id=16387]
  0x0000000127f13150 WatcherThread [stack: 0x000000016e554000,0x000000016e757000] [id=26115]
  0x00000001347072b0 GCTaskThread "GC Thread#0" [stack: 0x000000016bd58000,0x000000016bf5b000] [id=20739]
  0x000000013602d270 GCTaskThread "GC Thread#1" [stack: 0x000000016ef28000,0x000000016f12b000] [id=75523]
  0x000000013602dae0 GCTaskThread "GC Thread#2" [stack: 0x000000016f134000,0x000000016f337000] [id=75267]
  0x000000013602e350 GCTaskThread "GC Thread#3" [stack: 0x000000016f340000,0x000000016f543000] [id=57859]
  0x00000001346224d0 GCTaskThread "GC Thread#4" [stack: 0x000000016f54c000,0x000000016f74f000] [id=74755]
  0x0000000134622ef0 GCTaskThread "GC Thread#5" [stack: 0x000000016f758000,0x000000016f95b000] [id=58371]
  0x0000000134707960 ConcurrentGCThread "G1 Main Marker" [stack: 0x000000016bf64000,0x000000016c167000] [id=13571]
  0x00000001347081e0 ConcurrentGCThread "G1 Conc#0" [stack: 0x000000016c170000,0x000000016c373000] [id=20227]
  0x000000013470a050 ConcurrentGCThread "G1 Refine#0" [stack: 0x000000016c37c000,0x000000016c57f000] [id=14851]
  0x000000013470a8f0 ConcurrentGCThread "G1 Service" [stack: 0x000000016c588000,0x000000016c78b000] [id=19971]

Threads with active compile tasks:
C2 CompilerThread0     1254 2102       4       javafx.scene.CssStyleHelper::resolveRef (134 bytes)

VM state: not at safepoint (normal execution)

VM Mutex/Monitor currently owned by a thread: None

Heap address: 0x0000000700000000, size: 4096 MB, Compressed Oops mode: Zero based, Oop shift amount: 3

CDS archive(s) mapped at: [0x0000000800000000-0x0000000800bd4000-0x0000000800bd4000), size 12402688, SharedBaseAddress: 0x0000000800000000, ArchiveRelocationMode: 0.
Compressed class space mapped at: 0x0000000800c00000-0x0000000840c00000, reserved size: 1073741824
Narrow klass base: 0x0000000800000000, Narrow klass shift: 0, Narrow klass range: 0x100000000

GC Precious Log:
 CPUs: 8 total, 8 available
 Memory: 16384M
 Large Page Support: Disabled
 NUMA Support: Disabled
 Compressed Oops: Enabled (Zero based)
 Heap Region Size: 2M
 Heap Min Capacity: 8M
 Heap Initial Capacity: 256M
 Heap Max Capacity: 4G
 Pre-touch: Disabled
 Parallel Workers: 8
 Concurrent Workers: 2
 Concurrent Refinement Workers: 8
 Periodic GC: Disabled

Heap:
 garbage-first heap   total 266240K, used 45941K [0x0000000700000000, 0x0000000800000000)
  region size 2048K, 22 young (45056K), 2 survivors (4096K)
 Metaspace       used 15818K, committed 16064K, reserved 1064960K
  class space    used 2345K, committed 2496K, reserved 1048576K

Heap Regions: E=young(eden), S=young(survivor), O=old, HS=humongous(starts), HC=humongous(continues), CS=collection set, F=free, OA=open archive, CA=closed archive, TAMS=top-at-mark-start (previous, next)
|   0|0x0000000700000000, 0x0000000700200000, 0x0000000700200000|100%|HS|  |TAMS 0x0000000700000000, 0x0000000700000000| Complete 
|   1|0x0000000700200000, 0x0000000700200000, 0x0000000700400000|  0%| F|  |TAMS 0x0000000700200000, 0x0000000700200000| Untracked 
|   2|0x0000000700400000, 0x0000000700400000, 0x0000000700600000|  0%| F|  |TAMS 0x0000000700400000, 0x0000000700400000| Untracked 
|   3|0x0000000700600000, 0x0000000700600000, 0x0000000700800000|  0%| F|  |TAMS 0x0000000700600000, 0x0000000700600000| Untracked 
|   4|0x0000000700800000, 0x0000000700800000, 0x0000000700a00000|  0%| F|  |TAMS 0x0000000700800000, 0x0000000700800000| Untracked 
|   5|0x0000000700a00000, 0x0000000700a00000, 0x0000000700c00000|  0%| F|  |TAMS 0x0000000700a00000, 0x0000000700a00000| Untracked 
|   6|0x0000000700c00000, 0x0000000700c00000, 0x0000000700e00000|  0%| F|  |TAMS 0x0000000700c00000, 0x0000000700c00000| Untracked 
|   7|0x0000000700e00000, 0x0000000700e00000, 0x0000000701000000|  0%| F|  |TAMS 0x0000000700e00000, 0x0000000700e00000| Untracked 
|   8|0x0000000701000000, 0x0000000701000000, 0x0000000701200000|  0%| F|  |TAMS 0x0000000701000000, 0x0000000701000000| Untracked 
|   9|0x0000000701200000, 0x0000000701200000, 0x0000000701400000|  0%| F|  |TAMS 0x0000000701200000, 0x0000000701200000| Untracked 
|  10|0x0000000701400000, 0x0000000701400000, 0x0000000701600000|  0%| F|  |TAMS 0x0000000701400000, 0x0000000701400000| Untracked 
|  11|0x0000000701600000, 0x0000000701600000, 0x0000000701800000|  0%| F|  |TAMS 0x0000000701600000, 0x0000000701600000| Untracked 
|  12|0x0000000701800000, 0x0000000701800000, 0x0000000701a00000|  0%| F|  |TAMS 0x0000000701800000, 0x0000000701800000| Untracked 
|  13|0x0000000701a00000, 0x0000000701a00000, 0x0000000701c00000|  0%| F|  |TAMS 0x0000000701a00000, 0x0000000701a00000| Untracked 
|  14|0x0000000701c00000, 0x0000000701c00000, 0x0000000701e00000|  0%| F|  |TAMS 0x0000000701c00000, 0x0000000701c00000| Untracked 
|  15|0x0000000701e00000, 0x0000000701e00000, 0x0000000702000000|  0%| F|  |TAMS 0x0000000701e00000, 0x0000000701e00000| Untracked 
|  16|0x0000000702000000, 0x0000000702000000, 0x0000000702200000|  0%| F|  |TAMS 0x0000000702000000, 0x0000000702000000| Untracked 
|  17|0x0000000702200000, 0x0000000702200000, 0x0000000702400000|  0%| F|  |TAMS 0x0000000702200000, 0x0000000702200000| Untracked 
|  18|0x0000000702400000, 0x0000000702400000, 0x0000000702600000|  0%| F|  |TAMS 0x0000000702400000, 0x0000000702400000| Untracked 
|  19|0x0000000702600000, 0x0000000702600000, 0x0000000702800000|  0%| F|  |TAMS 0x0000000702600000, 0x0000000702600000| Untracked 
|  20|0x0000000702800000, 0x0000000702800000, 0x0000000702a00000|  0%| F|  |TAMS 0x0000000702800000, 0x0000000702800000| Untracked 
|  21|0x0000000702a00000, 0x0000000702a00000, 0x0000000702c00000|  0%| F|  |TAMS 0x0000000702a00000, 0x0000000702a00000| Untracked 
|  22|0x0000000702c00000, 0x0000000702c00000, 0x0000000702e00000|  0%| F|  |TAMS 0x0000000702c00000, 0x0000000702c00000| Untracked 
|  23|0x0000000702e00000, 0x0000000702e00000, 0x0000000703000000|  0%| F|  |TAMS 0x0000000702e00000, 0x0000000702e00000| Untracked 
|  24|0x0000000703000000, 0x0000000703000000, 0x0000000703200000|  0%| F|  |TAMS 0x0000000703000000, 0x0000000703000000| Untracked 
|  25|0x0000000703200000, 0x0000000703200000, 0x0000000703400000|  0%| F|  |TAMS 0x0000000703200000, 0x0000000703200000| Untracked 
|  26|0x0000000703400000, 0x0000000703400000, 0x0000000703600000|  0%| F|  |TAMS 0x0000000703400000, 0x0000000703400000| Untracked 
|  27|0x0000000703600000, 0x0000000703600000, 0x0000000703800000|  0%| F|  |TAMS 0x0000000703600000, 0x0000000703600000| Untracked 
|  28|0x0000000703800000, 0x0000000703800000, 0x0000000703a00000|  0%| F|  |TAMS 0x0000000703800000, 0x0000000703800000| Untracked 
|  29|0x0000000703a00000, 0x0000000703a00000, 0x0000000703c00000|  0%| F|  |TAMS 0x0000000703a00000, 0x0000000703a00000| Untracked 
|  30|0x0000000703c00000, 0x0000000703c00000, 0x0000000703e00000|  0%| F|  |TAMS 0x0000000703c00000, 0x0000000703c00000| Untracked 
|  31|0x0000000703e00000, 0x0000000703e00000, 0x0000000704000000|  0%| F|  |TAMS 0x0000000703e00000, 0x0000000703e00000| Untracked 
|  32|0x0000000704000000, 0x0000000704000000, 0x0000000704200000|  0%| F|  |TAMS 0x0000000704000000, 0x0000000704000000| Untracked 
|  33|0x0000000704200000, 0x0000000704200000, 0x0000000704400000|  0%| F|  |TAMS 0x0000000704200000, 0x0000000704200000| Untracked 
|  34|0x0000000704400000, 0x0000000704400000, 0x0000000704600000|  0%| F|  |TAMS 0x0000000704400000, 0x0000000704400000| Untracked 
|  35|0x0000000704600000, 0x0000000704600000, 0x0000000704800000|  0%| F|  |TAMS 0x0000000704600000, 0x0000000704600000| Untracked 
|  36|0x0000000704800000, 0x0000000704800000, 0x0000000704a00000|  0%| F|  |TAMS 0x0000000704800000, 0x0000000704800000| Untracked 
|  37|0x0000000704a00000, 0x0000000704a00000, 0x0000000704c00000|  0%| F|  |TAMS 0x0000000704a00000, 0x0000000704a00000| Untracked 
|  38|0x0000000704c00000, 0x0000000704c00000, 0x0000000704e00000|  0%| F|  |TAMS 0x0000000704c00000, 0x0000000704c00000| Untracked 
|  39|0x0000000704e00000, 0x0000000704e00000, 0x0000000705000000|  0%| F|  |TAMS 0x0000000704e00000, 0x0000000704e00000| Untracked 
|  40|0x0000000705000000, 0x0000000705000000, 0x0000000705200000|  0%| F|  |TAMS 0x0000000705000000, 0x0000000705000000| Untracked 
|  41|0x0000000705200000, 0x0000000705200000, 0x0000000705400000|  0%| F|  |TAMS 0x0000000705200000, 0x0000000705200000| Untracked 
|  42|0x0000000705400000, 0x0000000705400000, 0x0000000705600000|  0%| F|  |TAMS 0x0000000705400000, 0x0000000705400000| Untracked 
|  43|0x0000000705600000, 0x0000000705600000, 0x0000000705800000|  0%| F|  |TAMS 0x0000000705600000, 0x0000000705600000| Untracked 
|  44|0x0000000705800000, 0x0000000705800000, 0x0000000705a00000|  0%| F|  |TAMS 0x0000000705800000, 0x0000000705800000| Untracked 
|  45|0x0000000705a00000, 0x0000000705a00000, 0x0000000705c00000|  0%| F|  |TAMS 0x0000000705a00000, 0x0000000705a00000| Untracked 
|  46|0x0000000705c00000, 0x0000000705c00000, 0x0000000705e00000|  0%| F|  |TAMS 0x0000000705c00000, 0x0000000705c00000| Untracked 
|  47|0x0000000705e00000, 0x0000000705e00000, 0x0000000706000000|  0%| F|  |TAMS 0x0000000705e00000, 0x0000000705e00000| Untracked 
|  48|0x0000000706000000, 0x0000000706000000, 0x0000000706200000|  0%| F|  |TAMS 0x0000000706000000, 0x0000000706000000| Untracked 
|  49|0x0000000706200000, 0x0000000706200000, 0x0000000706400000|  0%| F|  |TAMS 0x0000000706200000, 0x0000000706200000| Untracked 
|  50|0x0000000706400000, 0x0000000706400000, 0x0000000706600000|  0%| F|  |TAMS 0x0000000706400000, 0x0000000706400000| Untracked 
|  51|0x0000000706600000, 0x0000000706600000, 0x0000000706800000|  0%| F|  |TAMS 0x0000000706600000, 0x0000000706600000| Untracked 
|  52|0x0000000706800000, 0x0000000706800000, 0x0000000706a00000|  0%| F|  |TAMS 0x0000000706800000, 0x0000000706800000| Untracked 
|  53|0x0000000706a00000, 0x0000000706a00000, 0x0000000706c00000|  0%| F|  |TAMS 0x0000000706a00000, 0x0000000706a00000| Untracked 
|  54|0x0000000706c00000, 0x0000000706c00000, 0x0000000706e00000|  0%| F|  |TAMS 0x0000000706c00000, 0x0000000706c00000| Untracked 
|  55|0x0000000706e00000, 0x0000000706e00000, 0x0000000707000000|  0%| F|  |TAMS 0x0000000706e00000, 0x0000000706e00000| Untracked 
|  56|0x0000000707000000, 0x0000000707000000, 0x0000000707200000|  0%| F|  |TAMS 0x0000000707000000, 0x0000000707000000| Untracked 
|  57|0x0000000707200000, 0x0000000707200000, 0x0000000707400000|  0%| F|  |TAMS 0x0000000707200000, 0x0000000707200000| Untracked 
|  58|0x0000000707400000, 0x0000000707400000, 0x0000000707600000|  0%| F|  |TAMS 0x0000000707400000, 0x0000000707400000| Untracked 
|  59|0x0000000707600000, 0x0000000707600000, 0x0000000707800000|  0%| F|  |TAMS 0x0000000707600000, 0x0000000707600000| Untracked 
|  60|0x0000000707800000, 0x0000000707800000, 0x0000000707a00000|  0%| F|  |TAMS 0x0000000707800000, 0x0000000707800000| Untracked 
|  61|0x0000000707a00000, 0x0000000707a00000, 0x0000000707c00000|  0%| F|  |TAMS 0x0000000707a00000, 0x0000000707a00000| Untracked 
|  62|0x0000000707c00000, 0x0000000707c00000, 0x0000000707e00000|  0%| F|  |TAMS 0x0000000707c00000, 0x0000000707c00000| Untracked 
|  63|0x0000000707e00000, 0x0000000707e00000, 0x0000000708000000|  0%| F|  |TAMS 0x0000000707e00000, 0x0000000707e00000| Untracked 
|  64|0x0000000708000000, 0x0000000708000000, 0x0000000708200000|  0%| F|  |TAMS 0x0000000708000000, 0x0000000708000000| Untracked 
|  65|0x0000000708200000, 0x0000000708200000, 0x0000000708400000|  0%| F|  |TAMS 0x0000000708200000, 0x0000000708200000| Untracked 
|  66|0x0000000708400000, 0x0000000708400000, 0x0000000708600000|  0%| F|  |TAMS 0x0000000708400000, 0x0000000708400000| Untracked 
|  67|0x0000000708600000, 0x0000000708600000, 0x0000000708800000|  0%| F|  |TAMS 0x0000000708600000, 0x0000000708600000| Untracked 
|  68|0x0000000708800000, 0x0000000708800000, 0x0000000708a00000|  0%| F|  |TAMS 0x0000000708800000, 0x0000000708800000| Untracked 
|  69|0x0000000708a00000, 0x0000000708a00000, 0x0000000708c00000|  0%| F|  |TAMS 0x0000000708a00000, 0x0000000708a00000| Untracked 
|  70|0x0000000708c00000, 0x0000000708c00000, 0x0000000708e00000|  0%| F|  |TAMS 0x0000000708c00000, 0x0000000708c00000| Untracked 
|  71|0x0000000708e00000, 0x0000000708e00000, 0x0000000709000000|  0%| F|  |TAMS 0x0000000708e00000, 0x0000000708e00000| Untracked 
|  72|0x0000000709000000, 0x0000000709000000, 0x0000000709200000|  0%| F|  |TAMS 0x0000000709000000, 0x0000000709000000| Untracked 
|  73|0x0000000709200000, 0x0000000709200000, 0x0000000709400000|  0%| F|  |TAMS 0x0000000709200000, 0x0000000709200000| Untracked 
|  74|0x0000000709400000, 0x0000000709400000, 0x0000000709600000|  0%| F|  |TAMS 0x0000000709400000, 0x0000000709400000| Untracked 
|  75|0x0000000709600000, 0x0000000709600000, 0x0000000709800000|  0%| F|  |TAMS 0x0000000709600000, 0x0000000709600000| Untracked 
|  76|0x0000000709800000, 0x0000000709800000, 0x0000000709a00000|  0%| F|  |TAMS 0x0000000709800000, 0x0000000709800000| Untracked 
|  77|0x0000000709a00000, 0x0000000709a00000, 0x0000000709c00000|  0%| F|  |TAMS 0x0000000709a00000, 0x0000000709a00000| Untracked 
|  78|0x0000000709c00000, 0x0000000709c00000, 0x0000000709e00000|  0%| F|  |TAMS 0x0000000709c00000, 0x0000000709c00000| Untracked 
|  79|0x0000000709e00000, 0x0000000709e00000, 0x000000070a000000|  0%| F|  |TAMS 0x0000000709e00000, 0x0000000709e00000| Untracked 
|  80|0x000000070a000000, 0x000000070a000000, 0x000000070a200000|  0%| F|  |TAMS 0x000000070a000000, 0x000000070a000000| Untracked 
|  81|0x000000070a200000, 0x000000070a200000, 0x000000070a400000|  0%| F|  |TAMS 0x000000070a200000, 0x000000070a200000| Untracked 
|  82|0x000000070a400000, 0x000000070a400000, 0x000000070a600000|  0%| F|  |TAMS 0x000000070a400000, 0x000000070a400000| Untracked 
|  83|0x000000070a600000, 0x000000070a600000, 0x000000070a800000|  0%| F|  |TAMS 0x000000070a600000, 0x000000070a600000| Untracked 
|  84|0x000000070a800000, 0x000000070a800000, 0x000000070aa00000|  0%| F|  |TAMS 0x000000070a800000, 0x000000070a800000| Untracked 
|  85|0x000000070aa00000, 0x000000070aa00000, 0x000000070ac00000|  0%| F|  |TAMS 0x000000070aa00000, 0x000000070aa00000| Untracked 
|  86|0x000000070ac00000, 0x000000070ac00000, 0x000000070ae00000|  0%| F|  |TAMS 0x000000070ac00000, 0x000000070ac00000| Untracked 
|  87|0x000000070ae00000, 0x000000070ae00000, 0x000000070b000000|  0%| F|  |TAMS 0x000000070ae00000, 0x000000070ae00000| Untracked 
|  88|0x000000070b000000, 0x000000070b000000, 0x000000070b200000|  0%| F|  |TAMS 0x000000070b000000, 0x000000070b000000| Untracked 
|  89|0x000000070b200000, 0x000000070b200000, 0x000000070b400000|  0%| F|  |TAMS 0x000000070b200000, 0x000000070b200000| Untracked 
|  90|0x000000070b400000, 0x000000070b400000, 0x000000070b600000|  0%| F|  |TAMS 0x000000070b400000, 0x000000070b400000| Untracked 
|  91|0x000000070b600000, 0x000000070b600000, 0x000000070b800000|  0%| F|  |TAMS 0x000000070b600000, 0x000000070b600000| Untracked 
|  92|0x000000070b800000, 0x000000070b800000, 0x000000070ba00000|  0%| F|  |TAMS 0x000000070b800000, 0x000000070b800000| Untracked 
|  93|0x000000070ba00000, 0x000000070ba00000, 0x000000070bc00000|  0%| F|  |TAMS 0x000000070ba00000, 0x000000070ba00000| Untracked 
|  94|0x000000070bc00000, 0x000000070bc00000, 0x000000070be00000|  0%| F|  |TAMS 0x000000070bc00000, 0x000000070bc00000| Untracked 
|  95|0x000000070be00000, 0x000000070be00000, 0x000000070c000000|  0%| F|  |TAMS 0x000000070be00000, 0x000000070be00000| Untracked 
|  96|0x000000070c000000, 0x000000070c000000, 0x000000070c200000|  0%| F|  |TAMS 0x000000070c000000, 0x000000070c000000| Untracked 
|  97|0x000000070c200000, 0x000000070c200000, 0x000000070c400000|  0%| F|  |TAMS 0x000000070c200000, 0x000000070c200000| Untracked 
|  98|0x000000070c400000, 0x000000070c400000, 0x000000070c600000|  0%| F|  |TAMS 0x000000070c400000, 0x000000070c400000| Untracked 
|  99|0x000000070c600000, 0x000000070c600000, 0x000000070c800000|  0%| F|  |TAMS 0x000000070c600000, 0x000000070c600000| Untracked 
| 100|0x000000070c800000, 0x000000070c800000, 0x000000070ca00000|  0%| F|  |TAMS 0x000000070c800000, 0x000000070c800000| Untracked 
| 101|0x000000070ca00000, 0x000000070ca00000, 0x000000070cc00000|  0%| F|  |TAMS 0x000000070ca00000, 0x000000070ca00000| Untracked 
| 102|0x000000070cc00000, 0x000000070cc00000, 0x000000070ce00000|  0%| F|  |TAMS 0x000000070cc00000, 0x000000070cc00000| Untracked 
| 103|0x000000070ce00000, 0x000000070ce00000, 0x000000070d000000|  0%| F|  |TAMS 0x000000070ce00000, 0x000000070ce00000| Untracked 
| 104|0x000000070d000000, 0x000000070d000000, 0x000000070d200000|  0%| F|  |TAMS 0x000000070d000000, 0x000000070d000000| Untracked 
| 105|0x000000070d200000, 0x000000070d200000, 0x000000070d400000|  0%| F|  |TAMS 0x000000070d200000, 0x000000070d200000| Untracked 
| 106|0x000000070d400000, 0x000000070d4d1bf0, 0x000000070d600000| 40%| E|  |TAMS 0x000000070d400000, 0x000000070d400000| Complete 
| 107|0x000000070d600000, 0x000000070d800000, 0x000000070d800000|100%| E|CS|TAMS 0x000000070d600000, 0x000000070d600000| Complete 
| 108|0x000000070d800000, 0x000000070da00000, 0x000000070da00000|100%| E|CS|TAMS 0x000000070d800000, 0x000000070d800000| Complete 
| 109|0x000000070da00000, 0x000000070dc00000, 0x000000070dc00000|100%| E|CS|TAMS 0x000000070da00000, 0x000000070da00000| Complete 
| 110|0x000000070dc00000, 0x000000070de00000, 0x000000070de00000|100%| E|CS|TAMS 0x000000070dc00000, 0x000000070dc00000| Complete 
| 111|0x000000070de00000, 0x000000070e000000, 0x000000070e000000|100%| E|CS|TAMS 0x000000070de00000, 0x000000070de00000| Complete 
| 112|0x000000070e000000, 0x000000070e200000, 0x000000070e200000|100%| E|CS|TAMS 0x000000070e000000, 0x000000070e000000| Complete 
| 113|0x000000070e200000, 0x000000070e400000, 0x000000070e400000|100%| E|CS|TAMS 0x000000070e200000, 0x000000070e200000| Complete 
| 114|0x000000070e400000, 0x000000070e600000, 0x000000070e600000|100%| E|CS|TAMS 0x000000070e400000, 0x000000070e400000| Complete 
| 115|0x000000070e600000, 0x000000070e6e5530, 0x000000070e800000| 44%| S|CS|TAMS 0x000000070e600000, 0x000000070e600000| Complete 
| 116|0x000000070e800000, 0x000000070ea00000, 0x000000070ea00000|100%| S|CS|TAMS 0x000000070e800000, 0x000000070e800000| Complete 
| 117|0x000000070ea00000, 0x000000070ec00000, 0x000000070ec00000|100%| E|CS|TAMS 0x000000070ea00000, 0x000000070ea00000| Complete 
| 118|0x000000070ec00000, 0x000000070ee00000, 0x000000070ee00000|100%| E|CS|TAMS 0x000000070ec00000, 0x000000070ec00000| Complete 
| 119|0x000000070ee00000, 0x000000070f000000, 0x000000070f000000|100%| E|CS|TAMS 0x000000070ee00000, 0x000000070ee00000| Complete 
| 120|0x000000070f000000, 0x000000070f200000, 0x000000070f200000|100%| E|CS|TAMS 0x000000070f000000, 0x000000070f000000| Complete 
| 121|0x000000070f200000, 0x000000070f400000, 0x000000070f400000|100%| E|CS|TAMS 0x000000070f200000, 0x000000070f200000| Complete 
| 122|0x000000070f400000, 0x000000070f600000, 0x000000070f600000|100%| E|CS|TAMS 0x000000070f400000, 0x000000070f400000| Complete 
| 123|0x000000070f600000, 0x000000070f800000, 0x000000070f800000|100%| E|CS|TAMS 0x000000070f600000, 0x000000070f600000| Complete 
| 124|0x000000070f800000, 0x000000070fa00000, 0x000000070fa00000|100%| E|CS|TAMS 0x000000070f800000, 0x000000070f800000| Complete 
| 125|0x000000070fa00000, 0x000000070fc00000, 0x000000070fc00000|100%| E|CS|TAMS 0x000000070fa00000, 0x000000070fa00000| Complete 
| 126|0x000000070fc00000, 0x000000070fe00000, 0x000000070fe00000|100%| E|CS|TAMS 0x000000070fc00000, 0x000000070fc00000| Complete 
| 127|0x000000070fe00000, 0x0000000710000000, 0x0000000710000000|100%| E|CS|TAMS 0x000000070fe00000, 0x000000070fe00000| Complete 
|2046|0x00000007ffc00000, 0x00000007ffd78000, 0x00000007ffe00000| 73%|OA|  |TAMS 0x00000007ffc00000, 0x00000007ffc00000| Untracked 
|2047|0x00000007ffe00000, 0x00000007ffe80000, 0x0000000800000000| 25%|CA|  |TAMS 0x00000007ffe00000, 0x00000007ffe00000| Untracked 

Card table byte_map: [0x000000011cb7c000,0x000000011d37c000] _byte_map_base: 0x000000011937c000

Marking Bits (Prev, Next): (CMBitMap*) 0x0000000135038210, (CMBitMap*) 0x0000000135038250
 Prev Bits: [0x000000011db7c000, 0x0000000121b7c000)
 Next Bits: [0x0000000121b7c000, 0x0000000125b7c000)

Polling page: 0x00000001044c4000

Metaspace:

Usage:
  Non-class:     13.16 MB used.
      Class:      2.29 MB used.
       Both:     15.45 MB used.

Virtual space:
  Non-class space:       16.00 MB reserved,      13.25 MB ( 83%) committed,  2 nodes.
      Class space:        1.00 GB reserved,       2.44 MB ( <1%) committed,  1 nodes.
             Both:        1.02 GB reserved,      15.69 MB (  2%) committed. 

Chunk freelists:
   Non-Class:  2.00 MB
       Class:  1.61 MB
        Both:  3.61 MB

MaxMetaspaceSize: unlimited
CompressedClassSpaceSize: 1.00 GB
Initial GC threshold: 21.00 MB
Current GC threshold: 21.00 MB
CDS: on
MetaspaceReclaimPolicy: balanced
 - commit_granule_bytes: 65536.
 - commit_granule_words: 8192.
 - virtual_space_node_default_size: 1048576.
 - enlarge_chunks_in_place: 1.
 - new_chunks_are_fully_committed: 0.
 - uncommit_free_chunks: 1.
 - use_allocation_guard: 0.
 - handle_deallocations: 1.


Internal statistics:

num_allocs_failed_limit: 0.
num_arena_births: 182.
num_arena_deaths: 0.
num_vsnodes_births: 3.
num_vsnodes_deaths: 0.
num_space_committed: 251.
num_space_uncommitted: 0.
num_chunks_returned_to_freelist: 0.
num_chunks_taken_from_freelist: 654.
num_chunk_merges: 0.
num_chunk_splits: 471.
num_chunks_enlarged: 386.
num_purges: 0.
num_inconsistent_stats: 0.

CodeHeap 'non-profiled nmethods': size=120032Kb used=883Kb max_used=883Kb free=119148Kb
 bounds [0x0000000115644000, 0x00000001158b4000, 0x000000011cb7c000]
CodeHeap 'profiled nmethods': size=120016Kb used=3927Kb max_used=3927Kb free=116088Kb
 bounds [0x000000010e110000, 0x000000010e4f0000, 0x0000000115644000]
CodeHeap 'non-nmethods': size=5712Kb used=1384Kb max_used=1503Kb free=4327Kb
 bounds [0x000000010db7c000, 0x000000010ddec000, 0x000000010e110000]
 total_blobs=2833 nmethods=2055 adapters=694
 compilation: enabled
              stopped_count=0, restarted_count=0
 full_count=0

Compilation events (20 events):
Event: 1.213 Thread 0x000000013180d000 2098       3       java.lang.invoke.MethodHandleNatives::linkCallSiteImpl (44 bytes)
Event: 1.213 Thread 0x000000013180d000 nmethod 2098 0x000000010e4dc910 code [0x000000010e4dcb80, 0x000000010e4dd568]
Event: 1.213 Thread 0x000000013180d000 2099       3       java.lang.invoke.DelegatingMethodHandle::<init> (10 bytes)
Event: 1.214 Thread 0x000000013180d000 nmethod 2099 0x000000010e4dd910 code [0x000000010e4ddb00, 0x000000010e4ddf48]
Event: 1.214 Thread 0x000000013180d000 2100       3       java.lang.invoke.DelegatingMethodHandle::chooseDelegatingForm (24 bytes)
Event: 1.214 Thread 0x000000013180d000 nmethod 2100 0x000000010e4de090 code [0x000000010e4de280, 0x000000010e4de5d8]
Event: 1.215 Thread 0x000000013180d000 2101       3       java.util.WeakHashMap$HashIterator::hasNext (95 bytes)
Event: 1.215 Thread 0x000000013180d000 nmethod 2101 0x000000010e4de710 code [0x000000010e4de900, 0x000000010e4deee8]
Event: 1.238 Thread 0x000000013180ca00 2102       4       javafx.scene.CssStyleHelper::resolveRef (134 bytes)
Event: 1.238 Thread 0x000000013180d000 2103       3       java.util.WeakHashMap::get (75 bytes)
Event: 1.238 Thread 0x000000013180d000 nmethod 2103 0x000000010e4df090 code [0x000000010e4df300, 0x000000010e4dfca8]
Event: 1.239 Thread 0x000000013180d000 2110       2       jdk.internal.misc.Unsafe::allocateUninitializedArray (55 bytes)
Event: 1.239 Thread 0x000000013180d000 nmethod 2110 0x000000010e4e0090 code [0x000000010e4e0280, 0x000000010e4e05e8]
Event: 1.239 Thread 0x000000013180d000 2109       3       java.lang.StrictMath::floor (12 bytes)
Event: 1.239 Thread 0x000000013180d000 nmethod 2109 0x000000010e4e0790 code [0x000000010e4e0940, 0x000000010e4e0a98]
Event: 1.239 Thread 0x000000013180d000 2105       3       javafx.css.converter.DeriveColorConverter::convert (7 bytes)
Event: 1.239 Thread 0x000000013180d000 nmethod 2105 0x000000010e4e0b90 code [0x000000010e4e0d40, 0x000000010e4e0ed8]
Event: 1.239 Thread 0x000000013180d000 2106       3       javafx.css.converter.DeriveColorConverter::convert (44 bytes)
Event: 1.239 Thread 0x000000013180d000 nmethod 2106 0x000000010e4e0f90 code [0x000000010e4e11c0, 0x000000010e4e19a8]
Event: 1.239 Thread 0x000000013180d000 2107       3       com.sun.javafx.util.Utils::deriveColor (327 bytes)

GC Heap History (2 events):
Event: 0.318 GC heap before
{Heap before GC invocations=0 (full 0):
 garbage-first heap   total 266240K, used 24544K [0x0000000700000000, 0x0000000800000000)
  region size 2048K, 11 young (22528K), 0 survivors (0K)
 Metaspace       used 6946K, committed 7040K, reserved 1056768K
  class space    used 849K, committed 896K, reserved 1048576K
}
Event: 0.320 GC heap after
{Heap after GC invocations=1 (full 0):
 garbage-first heap   total 266240K, used 4981K [0x0000000700000000, 0x0000000800000000)
  region size 2048K, 2 young (4096K), 2 survivors (4096K)
 Metaspace       used 6946K, committed 7040K, reserved 1056768K
  class space    used 849K, committed 896K, reserved 1048576K
}

Deoptimization events (20 events):
Event: 0.732 Thread 0x0000000131813400 DEOPT PACKING pc=0x000000010e4a4eb8 sp=0x000000016e961110
Event: 0.732 Thread 0x0000000131813400 DEOPT UNPACKING pc=0x000000010dbbab7c sp=0x000000016e960d70 mode 0
Event: 0.732 Thread 0x0000000131813400 DEOPT PACKING pc=0x000000010e4a4eb8 sp=0x000000016e961110
Event: 0.732 Thread 0x0000000131813400 DEOPT UNPACKING pc=0x000000010dbbab7c sp=0x000000016e960d70 mode 0
Event: 0.733 Thread 0x0000000131813400 DEOPT PACKING pc=0x000000010e4a4eb8 sp=0x000000016e961110
Event: 0.733 Thread 0x0000000131813400 DEOPT UNPACKING pc=0x000000010dbbab7c sp=0x000000016e960d70 mode 0
Event: 0.733 Thread 0x0000000131813400 DEOPT PACKING pc=0x000000010e4a4eb8 sp=0x000000016e961110
Event: 0.733 Thread 0x0000000131813400 DEOPT UNPACKING pc=0x000000010dbbab7c sp=0x000000016e960d70 mode 0
Event: 0.736 Thread 0x0000000131813400 DEOPT PACKING pc=0x000000010e4a4eb8 sp=0x000000016e961110
Event: 0.736 Thread 0x0000000131813400 DEOPT UNPACKING pc=0x000000010dbbab7c sp=0x000000016e960d70 mode 0
Event: 0.737 Thread 0x0000000131813400 DEOPT PACKING pc=0x000000010e4a4eb8 sp=0x000000016e961110
Event: 0.737 Thread 0x0000000131813400 DEOPT UNPACKING pc=0x000000010dbbab7c sp=0x000000016e960d70 mode 0
Event: 0.737 Thread 0x0000000131813400 DEOPT PACKING pc=0x000000010e4a4eb8 sp=0x000000016e961110
Event: 0.737 Thread 0x0000000131813400 DEOPT UNPACKING pc=0x000000010dbbab7c sp=0x000000016e960d70 mode 0
Event: 0.738 Thread 0x0000000131813400 DEOPT PACKING pc=0x000000010e4a4eb8 sp=0x000000016e961110
Event: 0.738 Thread 0x0000000131813400 DEOPT UNPACKING pc=0x000000010dbbab7c sp=0x000000016e960d70 mode 0
Event: 1.133 Thread 0x0000000131812e00 Uncommon trap: trap_request=0xffffff45 fr.pc=0x00000001156a334c relative=0x0000000000000f0c
Event: 1.133 Thread 0x0000000131812e00 Uncommon trap: reason=unstable_if action=reinterpret pc=0x00000001156a334c method=java.util.concurrent.ConcurrentHashMap.putVal(Ljava/lang/Object;Ljava/lang/Object;Z)Ljava/lang/Object; @ 148 c2
Event: 1.133 Thread 0x0000000131812e00 DEOPT PACKING pc=0x00000001156a334c sp=0x000000016df258d0
Event: 1.133 Thread 0x0000000131812e00 DEOPT UNPACKING pc=0x000000010dbbad1c sp=0x000000016df257f0 mode 2

Classes unloaded (0 events):
No events

Classes redefined (0 events):
No events

Internal exceptions (20 events):
Event: 0.309 Thread 0x0000000131808200 Exception <a 'java/lang/NoSuchMethodError'{0x000000070ea67498}: 'java.lang.Object java.lang.invoke.DirectMethodHandle$Holder.invokeStaticInit(java.lang.Object, java.lang.Object, java.lang.Object, java.lang.Object)'> (0x000000070ea67498) 
thrown [open/src/hotspot/share/interpreter/linkResolver.cpp, line 766]
Event: 0.310 Thread 0x0000000131808200 Exception <a 'java/lang/NullPointerException'{0x000000070ea731a0}> (0x000000070ea731a0) 
thrown [open/src/hotspot/share/interpreter/linkResolver.cpp, line 1357]
Event: 0.321 Thread 0x0000000131808200 Exception <a 'java/lang/NoSuchMethodError'{0x000000070fe0a510}: 'java.lang.Object java.lang.invoke.DirectMethodHandle$Holder.invokeSpecial(java.lang.Object, java.lang.Object, java.lang.Object, int, java.lang.Object)'> (0x000000070fe0a510) 
thrown [open/src/hotspot/share/interpreter/linkResolver.cpp, line 766]
Event: 0.358 Thread 0x0000000131808200 Exception <a 'java/lang/NoSuchMethodError'{0x000000070f844140}: 'void java.lang.invoke.DirectMethodHandle$Holder.invokeStaticInit(java.lang.Object, java.lang.Object)'> (0x000000070f844140) 
thrown [open/src/hotspot/share/interpreter/linkResolver.cpp, line 766]
Event: 0.360 Thread 0x0000000131808200 Exception <a 'java/lang/NoSuchMethodError'{0x000000070f879bf0}: 'void java.lang.invoke.DirectMethodHandle$Holder.invokeSpecial(java.lang.Object, java.lang.Object, java.lang.Object, java.lang.Object, java.lang.Object)'> (0x000000070f879bf0) 
thrown [open/src/hotspot/share/interpreter/linkResolver.cpp, line 766]
Event: 0.379 Thread 0x0000000131808200 Exception <a 'sun/nio/fs/UnixException'{0x000000070f78d910}> (0x000000070f78d910) 
thrown [open/src/hotspot/share/prims/jni.cpp, line 516]
Event: 0.394 Thread 0x0000000131808200 Exception <a 'sun/nio/fs/UnixException'{0x000000070f269190}> (0x000000070f269190) 
thrown [open/src/hotspot/share/prims/jni.cpp, line 516]
Event: 0.396 Thread 0x0000000131808200 Exception <a 'java/lang/NoSuchMethodError'{0x000000070f273f20}: 'java.lang.Object java.lang.invoke.DirectMethodHandle$Holder.invokeStatic(java.lang.Object, int, java.lang.Object)'> (0x000000070f273f20) 
thrown [open/src/hotspot/share/interpreter/linkResolver.cpp, line 766]
Event: 0.397 Thread 0x0000000131808200 Exception <a 'java/lang/ClassNotFoundException'{0x000000070f28bad0}: sun/util/logging/resources/spi/loggingProvider> (0x000000070f28bad0) 
thrown [open/src/hotspot/share/classfile/systemDictionary.cpp, line 256]
Event: 0.440 Thread 0x0000000131808200 Implicit null exception at 0x0000000115694554 to 0x00000001156948ac
Event: 0.442 Thread 0x0000000131808200 Implicit null exception at 0x0000000115691254 to 0x00000001156915a8
Event: 0.442 Thread 0x0000000131808200 Implicit null exception at 0x000000011565a154 to 0x000000011565a1c0
Event: 0.557 Thread 0x0000000131808200 Exception <a 'java/lang/NoSuchMethodError'{0x000000070e42b3d8}: 'java.lang.Object java.lang.invoke.DirectMethodHandle$Holder.invokeInterface(java.lang.Object, java.lang.Object, java.lang.Object)'> (0x000000070e42b3d8) 
thrown [open/src/hotspot/share/interpreter/linkResolver.cpp, line 766]
Event: 0.557 Thread 0x0000000131808200 Exception <a 'java/lang/IncompatibleClassChangeError'{0x000000070e42ed60}: Found class java.lang.Object, but interface was expected> (0x000000070e42ed60) 
thrown [open/src/hotspot/share/interpreter/linkResolver.cpp, line 833]
Event: 0.584 Thread 0x0000000131808200 Exception <a 'java/lang/ClassNotFoundException'{0x000000070e33b2c8}: com/sun/javafx/scene/control/skin/resources/controls> (0x000000070e33b2c8) 
thrown [open/src/hotspot/share/prims/jni.cpp, line 535]
Event: 0.585 Thread 0x0000000131808200 Exception <a 'java/lang/ClassNotFoundException'{0x000000070e349278}: com/sun/javafx/scene/control/skin/resources/controls_fr> (0x000000070e349278) 
thrown [open/src/hotspot/share/prims/jni.cpp, line 535]
Event: 0.585 Thread 0x0000000131808200 Exception <a 'java/lang/ClassNotFoundException'{0x000000070e356fc0}: com/sun/javafx/scene/control/skin/resources/controls_fr_FR> (0x000000070e356fc0) 
thrown [open/src/hotspot/share/prims/jni.cpp, line 535]
Event: 0.643 Thread 0x0000000131808200 Exception <a 'java/lang/NoSuchMethodError'{0x000000070dc7c100}: 'java.lang.Object java.lang.invoke.DirectMethodHandle$Holder.newInvokeSpecial(java.lang.Object, java.lang.Object, int)'> (0x000000070dc7c100) 
thrown [open/src/hotspot/share/interpreter/linkResolver.cpp, line 766]
Event: 0.680 Thread 0x0000000131808200 Implicit null exception at 0x00000001156ee900 to 0x00000001156eef08
Event: 0.694 Thread 0x0000000131813400 Exception <a 'java/lang/NoSuchMethodError'{0x000000070db14d48}: 'int java.lang.invoke.DirectMethodHandle$Holder.invokeStaticInit(java.lang.Object, java.lang.Object)'> (0x000000070db14d48) 
thrown [open/src/hotspot/share/interpreter/linkResolver.cpp, line 766]

VM Operations (20 events):
Event: 0.090 Executing VM operation: HandshakeAllThreads
Event: 0.090 Executing VM operation: HandshakeAllThreads done
Event: 0.094 Executing VM operation: ICBufferFull
Event: 0.095 Executing VM operation: ICBufferFull done
Event: 0.318 Executing VM operation: G1CollectForAllocation
Event: 0.320 Executing VM operation: G1CollectForAllocation done
Event: 0.336 Executing VM operation: HandshakeAllThreads
Event: 0.336 Executing VM operation: HandshakeAllThreads done
Event: 0.357 Executing VM operation: ICBufferFull
Event: 0.357 Executing VM operation: ICBufferFull done
Event: 0.368 Executing VM operation: HandshakeAllThreads
Event: 0.368 Executing VM operation: HandshakeAllThreads done
Event: 0.403 Executing VM operation: HandshakeAllThreads
Event: 0.403 Executing VM operation: HandshakeAllThreads done
Event: 0.472 Executing VM operation: ICBufferFull
Event: 0.472 Executing VM operation: ICBufferFull done
Event: 0.609 Executing VM operation: ICBufferFull
Event: 0.609 Executing VM operation: ICBufferFull done
Event: 0.635 Executing VM operation: ICBufferFull
Event: 0.635 Executing VM operation: ICBufferFull done

Events (20 events):
Event: 1.131 loading class sun/util/locale/provider/TimeZoneNameProviderImpl done
Event: 1.131 loading class sun/util/cldr/CLDRTimeZoneNameProviderImpl done
Event: 1.132 loading class sun/util/locale/provider/BaseLocaleDataMetaInfo
Event: 1.132 loading class sun/util/locale/provider/BaseLocaleDataMetaInfo done
Event: 1.134 loading class sun/util/resources/cldr/TimeZoneNames
Event: 1.134 loading class sun/util/resources/TimeZoneNamesBundle
Event: 1.134 loading class sun/util/resources/OpenListResourceBundle
Event: 1.134 loading class sun/util/resources/OpenListResourceBundle done
Event: 1.134 loading class sun/util/resources/TimeZoneNamesBundle done
Event: 1.134 loading class sun/util/resources/cldr/TimeZoneNames done
Event: 1.134 loading class sun/util/resources/cldr/TimeZoneNames_en
Event: 1.135 loading class sun/util/resources/cldr/TimeZoneNames_en done
Event: 1.135 loading class sun/util/resources/cldr/TimeZoneNames_en_US
Event: 1.135 loading class sun/util/resources/cldr/TimeZoneNames_en_US done
Event: 1.137 loading class sun/util/resources/TimeZoneNames
Event: 1.138 loading class sun/util/resources/TimeZoneNames done
Event: 1.138 loading class sun/util/resources/TimeZoneNames_en
Event: 1.138 loading class sun/util/resources/TimeZoneNames_en done
Event: 1.236 Protecting memory [0x000000016df30000,0x000000016df3c000] with protection modes 0
Event: 1.236 Thread 0x000000013102e000 Thread added: 0x000000013102e000


Dynamic libraries:
0x0000000104474000 	/Library/Java/JavaVirtualMachines/jdk-17.0.1.jdk/Contents/Home/lib/libjli.dylib
0x00000001960a6000 	/usr/lib/libz.1.dylib
0x0000000196156000 	/usr/lib/libSystem.B.dylib
0x0000000196150000 	/usr/lib/system/libcache.dylib
0x000000019610e000 	/usr/lib/system/libcommonCrypto.dylib
0x0000000196137000 	/usr/lib/system/libcompiler_rt.dylib
0x000000019612e000 	/usr/lib/system/libcopyfile.dylib
0x000000018b45a000 	/usr/lib/system/libcorecrypto.dylib
0x000000018b4ff000 	/usr/lib/system/libdispatch.dylib
0x000000018b6c7000 	/usr/lib/system/libdyld.dylib
0x0000000196146000 	/usr/lib/system/libkeymgr.dylib
0x00000001960f0000 	/usr/lib/system/libmacho.dylib
0x00000001957fc000 	/usr/lib/system/libquarantine.dylib
0x0000000196143000 	/usr/lib/system/libremovefile.dylib
0x0000000190849000 	/usr/lib/system/libsystem_asl.dylib
0x000000018b404000 	/usr/lib/system/libsystem_blocks.dylib
0x000000018b585000 	/usr/lib/system/libsystem_c.dylib
0x000000019613b000 	/usr/lib/system/libsystem_collections.dylib
0x0000000194c59000 	/usr/lib/system/libsystem_configuration.dylib
0x0000000193edf000 	/usr/lib/system/libsystem_containermanager.dylib
0x0000000195e5a000 	/usr/lib/system/libsystem_coreservices.dylib
0x000000018ddec000 	/usr/lib/system/libsystem_darwin.dylib
0x0000000196147000 	/usr/lib/system/libsystem_dnssd.dylib
0x000000018b582000 	/usr/lib/system/libsystem_featureflags.dylib
0x000000018b6dc000 	/usr/lib/system/libsystem_info.dylib
0x00000001960b8000 	/usr/lib/system/libsystem_m.dylib
0x000000018b4d4000 	/usr/lib/system/libsystem_malloc.dylib
0x00000001907da000 	/usr/lib/system/libsystem_networkextension.dylib
0x000000018e23f000 	/usr/lib/system/libsystem_notify.dylib
0x000000019c323000 	/usr/lib/system/libsystem_product_info_filter.dylib
0x0000000194c5e000 	/usr/lib/system/libsystem_sandbox.dylib
0x0000000196140000 	/usr/lib/system/libsystem_secinit.dylib
0x000000018b684000 	/usr/lib/system/libsystem_kernel.dylib
0x000000018b6d4000 	/usr/lib/system/libsystem_platform.dylib
0x000000018b6ba000 	/usr/lib/system/libsystem_pthread.dylib
0x0000000191f7f000 	/usr/lib/system/libsystem_symptoms.dylib
0x000000018b440000 	/usr/lib/system/libsystem_trace.dylib
0x000000019611b000 	/usr/lib/system/libunwind.dylib
0x000000018b406000 	/usr/lib/system/libxpc.dylib
0x000000018b66a000 	/usr/lib/libc++abi.dylib
0x000000018b546000 	/usr/lib/libobjc.A.dylib
0x0000000196126000 	/usr/lib/liboah.dylib
0x000000018b606000 	/usr/lib/libc++.1.dylib
0x00000001a1d00000 	/System/Library/Frameworks/Cocoa.framework/Versions/A/Cocoa
0x000000018e29e000 	/System/Library/Frameworks/AppKit.framework/Versions/C/AppKit
0x00000001917c0000 	/System/Library/Frameworks/CoreData.framework/Versions/A/CoreData
0x000000018c5ff000 	/System/Library/Frameworks/Foundation.framework/Versions/C/Foundation
0x000000018f150000 	/System/Library/PrivateFrameworks/UIFoundation.framework/Versions/A/UIFoundation
0x000000019c01d000 	/System/Library/PrivateFrameworks/RemoteViewServices.framework/Versions/A/RemoteViewServices
0x0000000194618000 	/System/Library/PrivateFrameworks/XCTTargetBootstrap.framework/Versions/A/XCTTargetBootstrap
0x0000000197e58000 	/System/Library/PrivateFrameworks/InternationalSupport.framework/Versions/A/InternationalSupport
0x0000000197ee1000 	/System/Library/PrivateFrameworks/UserActivity.framework/Versions/A/UserActivity
0x0000000197383000 	/usr/lib/libspindump.dylib
0x000000018f3c0000 	/System/Library/Frameworks/UniformTypeIdentifiers.framework/Versions/A/UniformTypeIdentifiers
0x0000000192ba6000 	/usr/lib/libapp_launch_measurement.dylib
0x0000000192123000 	/System/Library/PrivateFrameworks/CoreAnalytics.framework/Versions/A/CoreAnalytics
0x0000000192ba9000 	/System/Library/PrivateFrameworks/CoreAutoLayout.framework/Versions/A/CoreAutoLayout
0x0000000193f1c000 	/System/Library/Frameworks/Metal.framework/Versions/A/Metal
0x0000000194c69000 	/usr/lib/liblangid.dylib
0x000000019461c000 	/System/Library/PrivateFrameworks/CoreSVG.framework/Versions/A/CoreSVG
0x000000019087d000 	/System/Library/PrivateFrameworks/SkyLight.framework/Versions/A/SkyLight
0x0000000190c45000 	/System/Library/Frameworks/CoreGraphics.framework/Versions/A/CoreGraphics
0x000000019c696000 	/System/Library/Frameworks/Accelerate.framework/Versions/A/Accelerate
0x0000000196df8000 	/System/Library/PrivateFrameworks/IconServices.framework/Versions/A/IconServices
0x0000000193efe000 	/System/Library/Frameworks/IOSurface.framework/Versions/A/IOSurface
0x0000000192153000 	/usr/lib/libDiagnosticMessagesClient.dylib
0x000000019face000 	/System/Library/Frameworks/ApplicationServices.framework/Versions/A/ApplicationServices
0x0000000194600000 	/System/Library/PrivateFrameworks/DFRFoundation.framework/Versions/A/DFRFoundation
0x000000018db41000 	/usr/lib/libicucore.A.dylib
0x0000000198c55000 	/System/Library/Frameworks/AudioToolbox.framework/Versions/A/AudioToolbox
0x0000000197e64000 	/System/Library/PrivateFrameworks/DataDetectorsCore.framework/Versions/A/DataDetectorsCore
0x00000001ade80000 	/System/Library/PrivateFrameworks/TextInput.framework/Versions/A/TextInput
0x00000001907f4000 	/usr/lib/libMobileGestalt.dylib
0x00000001942d0000 	/System/Library/Frameworks/Carbon.framework/Versions/A/Frameworks/HIToolbox.framework/Versions/A/HIToolbox
0x00000001925b0000 	/System/Library/Frameworks/QuartzCore.framework/Versions/A/QuartzCore
0x000000018d7be000 	/System/Library/Frameworks/Security.framework/Versions/A/Security
0x000000019c05d000 	/System/Library/Frameworks/Carbon.framework/Versions/A/Frameworks/SpeechRecognition.framework/Versions/A/SpeechRecognition
0x00000001928fd000 	/System/Library/PrivateFrameworks/CoreUI.framework/Versions/A/CoreUI
0x000000018d091000 	/System/Library/Frameworks/CoreAudio.framework/Versions/A/CoreAudio
0x0000000192243000 	/System/Library/Frameworks/DiskArbitration.framework/Versions/A/DiskArbitration
0x000000019776b000 	/System/Library/PrivateFrameworks/MultitouchSupport.framework/Versions/A/MultitouchSupport
0x00000001907f2000 	/usr/lib/libenergytrace.dylib
0x000000018e16a000 	/System/Library/Frameworks/IOKit.framework/Versions/A/IOKit
0x000000019c444000 	/System/Library/Frameworks/CoreServices.framework/Versions/A/CoreServices
0x0000000192b36000 	/System/Library/PrivateFrameworks/PerformanceAnalysis.framework/Versions/A/PerformanceAnalysis
0x00000001ec6a5000 	/System/Library/Frameworks/OpenGL.framework/Versions/A/OpenGL
0x000000019571c000 	/System/Library/PrivateFrameworks/MobileKeyBag.framework/Versions/A/MobileKeyBag
0x0000000191255000 	/System/Library/Frameworks/ColorSync.framework/Versions/A/ColorSync
0x000000018b708000 	/System/Library/Frameworks/CoreFoundation.framework/Versions/A/CoreFoundation
0x000000019489d000 	/System/Library/Frameworks/CoreImage.framework/Versions/A/CoreImage
0x000000018ceb4000 	/System/Library/Frameworks/CoreText.framework/Versions/A/CoreText
0x000000019464c000 	/System/Library/Frameworks/ImageIO.framework/Versions/A/ImageIO
0x000000019615c000 	/System/Library/PrivateFrameworks/SoftLinking.framework/Versions/A/SoftLinking
0x0000000192bf3000 	/usr/lib/libxml2.2.dylib
0x00000001963f4000 	/usr/lib/libcompression.dylib
0x0000000197db1000 	/System/Library/PrivateFrameworks/TextureIO.framework/Versions/A/TextureIO
0x0000000196b12000 	/usr/lib/libate.dylib
0x00000001969da000 	/usr/lib/liblzma.5.dylib
0x000000018c2f0000 	/System/Library/Frameworks/SystemConfiguration.framework/Versions/A/SystemConfiguration
0x0000000196158000 	/usr/lib/libfakelink.dylib
0x0000000190322000 	/System/Library/Frameworks/CFNetwork.framework/Versions/A/CFNetwork
0x000000019629f000 	/usr/lib/libarchive.2.dylib
0x0000000194c65000 	/System/Library/PrivateFrameworks/AppleSystemInfo.framework/Versions/A/AppleSystemInfo
0x0000000195826000 	/usr/lib/libbsm.0.dylib
0x000000018f85f000 	/usr/lib/libnetwork.dylib
0x00000001960f6000 	/usr/lib/system/libkxld.dylib
0x000000019543e000 	/System/Library/PrivateFrameworks/IOMobileFramebuffer.framework/Versions/A/IOMobileFramebuffer
0x0000000207fd0000 	/usr/lib/libCoreEntitlements.dylib
0x0000000195e3c000 	/System/Library/PrivateFrameworks/AppleFSCompression.framework/Versions/A/AppleFSCompression
0x000000019580f000 	/usr/lib/libcoretls.dylib
0x00000001969f3000 	/usr/lib/libcoretls_cfhelpers.dylib
0x00000001963ef000 	/usr/lib/libpam.2.dylib
0x0000000191ba7000 	/usr/lib/libsqlite3.dylib
0x0000000196a5b000 	/usr/lib/libxar.1.dylib
0x0000000195e4d000 	/usr/lib/libbz2.1.0.dylib
0x000000019615d000 	/usr/lib/libpcap.A.dylib
0x0000000191f76000 	/usr/lib/libdns_services.dylib
0x00000001963c2000 	/usr/lib/libapple_nghttp2.dylib
0x000000019619a000 	/usr/lib/libiconv.2.dylib
0x00000001960ef000 	/usr/lib/libcharset.1.dylib
0x0000000192b72000 	/System/Library/Frameworks/CoreServices.framework/Versions/A/Frameworks/FSEvents.framework/Versions/A/FSEvents
0x000000018ddf7000 	/System/Library/Frameworks/CoreServices.framework/Versions/A/Frameworks/CarbonCore.framework/Versions/A/CarbonCore
0x00000001921a6000 	/System/Library/Frameworks/CoreServices.framework/Versions/A/Frameworks/Metadata.framework/Versions/A/Metadata
0x0000000195e60000 	/System/Library/Frameworks/CoreServices.framework/Versions/A/Frameworks/OSServices.framework/Versions/A/OSServices
0x0000000196324000 	/System/Library/Frameworks/CoreServices.framework/Versions/A/Frameworks/SearchKit.framework/Versions/A/SearchKit
0x0000000191f04000 	/System/Library/Frameworks/CoreServices.framework/Versions/A/Frameworks/AE.framework/Versions/A/AE
0x000000018bc4c000 	/System/Library/Frameworks/CoreServices.framework/Versions/A/Frameworks/LaunchServices.framework/Versions/A/LaunchServices
0x0000000196983000 	/System/Library/Frameworks/CoreServices.framework/Versions/A/Frameworks/DictionaryServices.framework/Versions/A/DictionaryServices
0x0000000192b7f000 	/System/Library/Frameworks/CoreServices.framework/Versions/A/Frameworks/SharedFileList.framework/Versions/A/SharedFileList
0x00000001957ff000 	/usr/lib/libCheckFix.dylib
0x0000000190861000 	/System/Library/PrivateFrameworks/TCC.framework/Versions/A/TCC
0x0000000194c6b000 	/System/Library/PrivateFrameworks/CoreNLP.framework/Versions/A/CoreNLP
0x0000000192156000 	/System/Library/PrivateFrameworks/MetadataUtilities.framework/Versions/A/MetadataUtilities
0x000000018c3a9000 	/usr/lib/libmecabra.dylib
0x0000000195837000 	/usr/lib/libmecab.dylib
0x000000018c375000 	/usr/lib/libCRFSuite.dylib
0x0000000195895000 	/usr/lib/libgermantok.dylib
0x000000019639b000 	/usr/lib/libThaiTokenizer.dylib
0x000000019224b000 	/System/Library/Frameworks/Accelerate.framework/Versions/A/Frameworks/vImage.framework/Versions/A/vImage
0x000000019c41b000 	/System/Library/Frameworks/Accelerate.framework/Versions/A/Frameworks/vecLib.framework/Versions/A/vecLib
0x0000000196a9f000 	/System/Library/Frameworks/Accelerate.framework/Versions/A/Frameworks/vecLib.framework/Versions/A/libvMisc.dylib
0x0000000195348000 	/System/Library/Frameworks/Accelerate.framework/Versions/A/Frameworks/vecLib.framework/Versions/A/libvDSP.dylib
0x000000018bfcf000 	/System/Library/Frameworks/Accelerate.framework/Versions/A/Frameworks/vecLib.framework/Versions/A/libBLAS.dylib
0x00000001964c3000 	/System/Library/Frameworks/Accelerate.framework/Versions/A/Frameworks/vecLib.framework/Versions/A/libLAPACK.dylib
0x0000000195898000 	/System/Library/Frameworks/Accelerate.framework/Versions/A/Frameworks/vecLib.framework/Versions/A/libLinearAlgebra.dylib
0x00000001963da000 	/System/Library/Frameworks/Accelerate.framework/Versions/A/Frameworks/vecLib.framework/Versions/A/libSparseBLAS.dylib
0x00000001964be000 	/System/Library/Frameworks/Accelerate.framework/Versions/A/Frameworks/vecLib.framework/Versions/A/libQuadrature.dylib
0x0000000194d62000 	/System/Library/Frameworks/Accelerate.framework/Versions/A/Frameworks/vecLib.framework/Versions/A/libBNNS.dylib
0x000000018c28d000 	/System/Library/Frameworks/Accelerate.framework/Versions/A/Frameworks/vecLib.framework/Versions/A/libSparse.dylib
0x0000000194d5a000 	/System/Library/PrivateFrameworks/LinguisticData.framework/Versions/A/LinguisticData
0x000000018c243000 	/System/Library/PrivateFrameworks/Lexicon.framework/Versions/A/Lexicon
0x0000000196a97000 	/usr/lib/libChineseTokenizer.dylib
0x000000018c9ed000 	/System/Library/PrivateFrameworks/LanguageModeling.framework/Versions/A/LanguageModeling
0x000000019639d000 	/System/Library/PrivateFrameworks/AppleSauce.framework/Versions/A/AppleSauce
0x000000019542b000 	/System/Library/PrivateFrameworks/CoreEmoji.framework/Versions/A/CoreEmoji
0x000000019628d000 	/usr/lib/libcmph.dylib
0x0000000192b52000 	/System/Library/Frameworks/OpenDirectory.framework/Versions/A/Frameworks/CFOpenDirectory.framework/Versions/A/CFOpenDirectory
0x0000000192b42000 	/System/Library/Frameworks/OpenDirectory.framework/Versions/A/OpenDirectory
0x00000001969f5000 	/System/Library/PrivateFrameworks/APFS.framework/Versions/A/APFS
0x0000000195757000 	/System/Library/Frameworks/SecurityFoundation.framework/Versions/A/SecurityFoundation
0x0000000196a69000 	/usr/lib/libutil.dylib
0x000000018e12c000 	/System/Library/PrivateFrameworks/CoreServicesStore.framework/Versions/A/CoreServicesStore
0x0000000196a6d000 	/usr/lib/libxslt.1.dylib
0x00000001957eb000 	/System/Library/PrivateFrameworks/BackgroundTaskManagement.framework/Versions/A/BackgroundTaskManagement
0x0000000197cd2000 	/System/Library/Frameworks/ImageIO.framework/Versions/A/Resources/libRadiance.dylib
0x0000000197cdb000 	/System/Library/Frameworks/ImageIO.framework/Versions/A/Resources/libJPEG.dylib
0x0000000197c2d000 	/System/Library/Frameworks/ImageIO.framework/Versions/A/Resources/libPng.dylib
0x0000000197c4f000 	/System/Library/Frameworks/ImageIO.framework/Versions/A/Resources/libTIFF.dylib
0x0000000197d36000 	/System/Library/Frameworks/ImageIO.framework/Versions/A/Resources/libGIF.dylib
0x000000019767b000 	/System/Library/Frameworks/ImageIO.framework/Versions/A/Resources/libJP2.dylib
0x0000000196dbe000 	/usr/lib/libexpat.1.dylib
0x0000000197636000 	/System/Library/PrivateFrameworks/AppleJPEG.framework/Versions/A/AppleJPEG
0x000000019418f000 	/System/Library/PrivateFrameworks/FontServices.framework/libFontParser.dylib
0x0000000191ea9000 	/System/Library/PrivateFrameworks/RunningBoardServices.framework/Versions/A/RunningBoardServices
0x00000001a236b000 	/System/Library/PrivateFrameworks/IOSurfaceAccelerator.framework/Versions/A/IOSurfaceAccelerator
0x0000000197767000 	/System/Library/PrivateFrameworks/WatchdogClient.framework/Versions/A/WatchdogClient
0x000000018caf1000 	/System/Library/Frameworks/CoreDisplay.framework/Versions/A/CoreDisplay
0x000000019407e000 	/System/Library/Frameworks/CoreMedia.framework/Versions/A/CoreMedia
0x0000000193f12000 	/System/Library/PrivateFrameworks/IOAccelerator.framework/Versions/A/IOAccelerator
0x0000000192ce0000 	/System/Library/Frameworks/CoreVideo.framework/Versions/A/CoreVideo
0x00000001963ed000 	/System/Library/Frameworks/MetalPerformanceShaders.framework/Versions/A/MetalPerformanceShaders
0x00000001977a4000 	/System/Library/Frameworks/VideoToolbox.framework/Versions/A/VideoToolbox
0x0000000191ded000 	/System/Library/PrivateFrameworks/BaseBoard.framework/Versions/A/BaseBoard
0x0000000191b8c000 	/System/Library/PrivateFrameworks/ProtocolBuffer.framework/Versions/A/ProtocolBuffer
0x0000000197ccd000 	/System/Library/PrivateFrameworks/GPUWrangler.framework/Versions/A/GPUWrangler
0x0000000197cac000 	/System/Library/PrivateFrameworks/IOPresentment.framework/Versions/A/IOPresentment
0x0000000197cd5000 	/System/Library/PrivateFrameworks/DSExternalDisplay.framework/Versions/A/DSExternalDisplay
0x00000001ec698000 	/System/Library/Frameworks/OpenGL.framework/Versions/A/Libraries/libCoreFSCache.dylib
0x00000001f5db2000 	/System/Library/PrivateFrameworks/GPUCompiler.framework/Versions/31001/Libraries/libGPUCompilerUtils.dylib
0x0000000197d3b000 	/System/Library/PrivateFrameworks/CMCaptureCore.framework/Versions/A/CMCaptureCore
0x0000000197371000 	/System/Library/PrivateFrameworks/AppServerSupport.framework/Versions/A/AppServerSupport
0x0000000199510000 	/System/Library/PrivateFrameworks/perfdata.framework/Versions/A/perfdata
0x000000018cc11000 	/System/Library/PrivateFrameworks/AudioToolboxCore.framework/Versions/A/AudioToolboxCore
0x0000000194056000 	/System/Library/PrivateFrameworks/caulk.framework/Versions/A/caulk
0x0000000198e05000 	/usr/lib/libAudioStatistics.dylib
0x00000001aa61e000 	/System/Library/PrivateFrameworks/SystemPolicy.framework/Versions/A/SystemPolicy
0x0000000199065000 	/usr/lib/libSMC.dylib
0x00000001a1be2000 	/System/Library/Frameworks/CoreMIDI.framework/Versions/A/CoreMIDI
0x0000000197bfb000 	/usr/lib/libAudioToolboxUtility.dylib
0x00000001a6ac4000 	/System/Library/PrivateFrameworks/OSAServicesClient.framework/Versions/A/OSAServicesClient
0x000000019951d000 	/usr/lib/libperfcheck.dylib
0x00000001ab121000 	/usr/lib/libmis.dylib
0x00000001ec6f9000 	/System/Library/Frameworks/OpenGL.framework/Versions/A/Libraries/libGLU.dylib
0x00000001ec6b8000 	/System/Library/Frameworks/OpenGL.framework/Versions/A/Libraries/libGFXShared.dylib
0x00000001ec8a2000 	/System/Library/Frameworks/OpenGL.framework/Versions/A/Libraries/libGL.dylib
0x00000001ec6c1000 	/System/Library/Frameworks/OpenGL.framework/Versions/A/Libraries/libGLImage.dylib
0x00000001ec6b5000 	/System/Library/Frameworks/OpenGL.framework/Versions/A/Libraries/libCVMSPluginSupport.dylib
0x00000001ec69f000 	/System/Library/Frameworks/OpenGL.framework/Versions/A/Libraries/libCoreVMClient.dylib
0x0000000194be7000 	/System/Library/Frameworks/MetalPerformanceShaders.framework/Versions/A/Frameworks/MPSCore.framework/Versions/A/MPSCore
0x0000000195daf000 	/System/Library/Frameworks/MetalPerformanceShaders.framework/Versions/A/Frameworks/MPSImage.framework/Versions/A/MPSImage
0x00000001958ad000 	/System/Library/Frameworks/MetalPerformanceShaders.framework/Versions/A/Frameworks/MPSNeuralNetwork.framework/Versions/A/MPSNeuralNetwork
0x0000000195cea000 	/System/Library/Frameworks/MetalPerformanceShaders.framework/Versions/A/Frameworks/MPSMatrix.framework/Versions/A/MPSMatrix
0x0000000195ac5000 	/System/Library/Frameworks/MetalPerformanceShaders.framework/Versions/A/Frameworks/MPSRayIntersector.framework/Versions/A/MPSRayIntersector
0x0000000195d1b000 	/System/Library/Frameworks/MetalPerformanceShaders.framework/Versions/A/Frameworks/MPSNDArray.framework/Versions/A/MPSNDArray
0x00000001ee3b4000 	/System/Library/Frameworks/MetalPerformanceShaders.framework/Versions/A/Frameworks/MPSFunctions.framework/Versions/A/MPSFunctions
0x000000018bead000 	/System/Library/PrivateFrameworks/MetalTools.framework/Versions/A/MetalTools
0x0000000194c63000 	/System/Library/PrivateFrameworks/AggregateDictionary.framework/Versions/A/AggregateDictionary
0x0000000196ba4000 	/usr/lib/libIOReport.dylib
0x00000001a0bd0000 	/System/Library/PrivateFrameworks/ASEProcessing.framework/Versions/A/ASEProcessing
0x0000000196f16000 	/System/Library/PrivateFrameworks/FaceCore.framework/Versions/A/FaceCore
0x0000000196f08000 	/System/Library/PrivateFrameworks/GraphVisualizer.framework/Versions/A/GraphVisualizer
0x00000001f5cc9000 	/System/Library/PrivateFrameworks/FontServices.framework/Versions/A/FontServices
0x000000019732b000 	/System/Library/PrivateFrameworks/OTSVG.framework/Versions/A/OTSVG
0x00000001928ae000 	/System/Library/Frameworks/ApplicationServices.framework/Versions/A/Frameworks/ATS.framework/Versions/A/Resources/libFontRegistry.dylib
0x000000019737a000 	/System/Library/PrivateFrameworks/FontServices.framework/libhvf.dylib
0x00000001f5cca000 	/System/Library/PrivateFrameworks/FontServices.framework/libXTFontStaticRegistryData.dylib
0x00000001eca44000 	/System/Library/Frameworks/OpenCL.framework/Versions/A/OpenCL
0x0000000196d72000 	/System/Library/PrivateFrameworks/AppleVA.framework/Versions/A/AppleVA
0x0000000198e2d000 	/System/Library/Frameworks/ApplicationServices.framework/Versions/A/Frameworks/ATS.framework/Versions/A/ATS
0x0000000191352000 	/System/Library/Frameworks/ApplicationServices.framework/Versions/A/Frameworks/HIServices.framework/Versions/A/HIServices
0x0000000197d45000 	/System/Library/Frameworks/ApplicationServices.framework/Versions/A/Frameworks/PrintCore.framework/Versions/A/PrintCore
0x00000001991b8000 	/System/Library/Frameworks/ApplicationServices.framework/Versions/A/Frameworks/QD.framework/Versions/A/QD
0x00000001991b0000 	/System/Library/Frameworks/ApplicationServices.framework/Versions/A/Frameworks/ColorSyncLegacy.framework/Versions/A/ColorSyncLegacy
0x0000000198e19000 	/System/Library/Frameworks/ApplicationServices.framework/Versions/A/Frameworks/SpeechSynthesis.framework/Versions/A/SpeechSynthesis
0x0000000197d06000 	/System/Library/Frameworks/ApplicationServices.framework/Versions/A/Frameworks/ATSUI.framework/Versions/A/ATSUI
0x0000000199145000 	/usr/lib/libcups.2.dylib
0x000000019952b000 	/System/Library/Frameworks/Kerberos.framework/Versions/A/Kerberos
0x000000019953c000 	/System/Library/Frameworks/GSS.framework/Versions/A/GSS
0x0000000198e9c000 	/usr/lib/libresolv.9.dylib
0x0000000197388000 	/System/Library/PrivateFrameworks/Heimdal.framework/Versions/A/Heimdal
0x000000019fe44000 	/System/Library/Frameworks/Kerberos.framework/Versions/A/Libraries/libHeimdalProxy.dylib
0x0000000191f88000 	/System/Library/Frameworks/Network.framework/Versions/A/Network
0x0000000196dd9000 	/usr/lib/libheimdal-asn1.dylib
0x0000000199582000 	/System/Library/PrivateFrameworks/CommonAuth.framework/Versions/A/CommonAuth
0x0000000198d93000 	/System/Library/PrivateFrameworks/AudioSession.framework/Versions/A/AudioSession
0x0000000196e6a000 	/System/Library/PrivateFrameworks/MediaExperience.framework/Versions/A/MediaExperience
0x0000000198c1b000 	/System/Library/PrivateFrameworks/AudioSession.framework/libSessionUtility.dylib
0x00000001991c4000 	/System/Library/PrivateFrameworks/AudioResourceArbitration.framework/Versions/A/AudioResourceArbitration
0x0000000196de2000 	/System/Library/PrivateFrameworks/IconFoundation.framework/Versions/A/IconFoundation
0x000000019c049000 	/System/Library/PrivateFrameworks/SpeechRecognitionCore.framework/Versions/A/SpeechRecognitionCore
0x0000000105518000 	/Library/Java/JavaVirtualMachines/jdk-17.0.1.jdk/Contents/Home/lib/server/libjvm.dylib
0x00000001044d8000 	/Library/Java/JavaVirtualMachines/jdk-17.0.1.jdk/Contents/Home/lib/libjimage.dylib
0x0000000104504000 	/Library/Java/JavaVirtualMachines/jdk-17.0.1.jdk/Contents/Home/lib/libinstrument.dylib
0x000000010462c000 	/Library/Java/JavaVirtualMachines/jdk-17.0.1.jdk/Contents/Home/lib/libjava.dylib
0x00000001050a0000 	/Library/Java/JavaVirtualMachines/jdk-17.0.1.jdk/Contents/Home/lib/libnio.dylib
0x0000000105200000 	/Library/Java/JavaVirtualMachines/jdk-17.0.1.jdk/Contents/Home/lib/libnet.dylib
0x00000001050c0000 	/Library/Java/JavaVirtualMachines/jdk-17.0.1.jdk/Contents/Home/lib/libzip.dylib
0x00000001050d8000 	/Users/louislombard/.openjfx/cache/11.0.2/libprism_es2.dylib
0x000000018e0ef000 	/System/Library/PrivateFrameworks/CoreServicesInternal.framework/Versions/A/CoreServicesInternal
0x00000001ec8ac000 	/System/Library/Frameworks/OpenGL.framework/Versions/A/Resources/GLEngine.bundle/GLEngine
0x00000001ec733000 	/System/Library/Frameworks/OpenGL.framework/Versions/A/Libraries/libGLProgrammability.dylib
0x00000001053f4000 	/System/Library/Extensions/AppleMetalOpenGLRenderer.bundle/Contents/MacOS/AppleMetalOpenGLRenderer
0x00000001eca1b000 	/System/Library/Frameworks/OpenGL.framework/Versions/A/Resources/GLRendererFloat.bundle/GLRendererFloat
0x00000001ecabc000 	/System/Library/Extensions/AGXMetal13_3.bundle/Contents/MacOS/AGXMetal13_3
0x00000001ab13d000 	/System/Library/PrivateFrameworks/GPURawCounter.framework/Versions/A/GPURawCounter
0x00000001a5c12000 	/System/Library/PrivateFrameworks/IOGPU.framework/Versions/A/IOGPU
0x0000000125b7c000 	/Users/louislombard/.openjfx/cache/11.0.2/libglass.dylib
0x000000019d4e9000 	/System/Library/Frameworks/FileProvider.framework/Versions/A/FileProvider
0x0000000191d55000 	/System/Library/Frameworks/Accounts.framework/Versions/A/Accounts
0x000000019d669000 	/System/Library/PrivateFrameworks/GenerationalStorage.framework/Versions/A/GenerationalStorage
0x000000019e219000 	/System/Library/PrivateFrameworks/CoreSymbolication.framework/Versions/A/CoreSymbolication
0x000000019d289000 	/System/Library/PrivateFrameworks/SymptomDiagnosticReporter.framework/Versions/A/SymptomDiagnosticReporter
0x000000018f3d4000 	/System/Library/PrivateFrameworks/DesktopServicesPriv.framework/Versions/A/DesktopServicesPriv
0x000000018e24e000 	/usr/lib/libsandbox.1.dylib
0x0000000192d6c000 	/System/Library/PrivateFrameworks/UserManagement.framework/Versions/A/UserManagement
0x000000019e1da000 	/System/Library/PrivateFrameworks/DebugSymbols.framework/Versions/A/DebugSymbols
0x00000001991a3000 	/System/Library/PrivateFrameworks/NetAuth.framework/Versions/A/NetAuth
0x000000019a0a1000 	/System/Library/PrivateFrameworks/Sharing.framework/Versions/A/Sharing
0x0000000192d3c000 	/System/Library/PrivateFrameworks/login.framework/Versions/A/Frameworks/loginsupport.framework/Versions/A/loginsupport
0x000000019f38a000 	/System/Library/PrivateFrameworks/Apple80211.framework/Versions/A/Apple80211
0x0000000195e93000 	/System/Library/PrivateFrameworks/AuthKit.framework/Versions/A/AuthKit
0x000000019552a000 	/System/Library/PrivateFrameworks/CoreUtils.framework/Versions/A/CoreUtils
0x000000019544a000 	/System/Library/Frameworks/CoreWLAN.framework/Versions/A/CoreWLAN
0x000000019a20a000 	/System/Library/Frameworks/IOBluetooth.framework/Versions/A/IOBluetooth
0x000000019f3ea000 	/System/Library/PrivateFrameworks/CoreWiFi.framework/Versions/A/CoreWiFi
0x000000019ddc1000 	/System/Library/PrivateFrameworks/FrontBoardServices.framework/Versions/A/FrontBoardServices
0x000000019de59000 	/System/Library/PrivateFrameworks/BoardServices.framework/Versions/A/BoardServices
0x0000000195745000 	/System/Library/PrivateFrameworks/AssertionServices.framework/Versions/A/AssertionServices
0x000000019f558000 	/System/Library/PrivateFrameworks/BackBoardServices.framework/Versions/A/BackBoardServices
0x0000000199615000 	/System/Library/PrivateFrameworks/CorePhoneNumbers.framework/Versions/A/CorePhoneNumbers
0x000000019d3b9000 	/System/Library/PrivateFrameworks/DiskManagement.framework/Versions/A/DiskManagement
0x000000019d2bc000 	/System/Library/PrivateFrameworks/AppleIDAuthSupport.framework/Versions/A/AppleIDAuthSupport
0x00000001f064d000 	/System/Library/PrivateFrameworks/AAAFoundation.framework/Versions/A/AAAFoundation
0x00000001995f4000 	/System/Library/PrivateFrameworks/KeychainCircle.framework/Versions/A/KeychainCircle
0x000000019d385000 	/System/Library/PrivateFrameworks/MediaKit.framework/Versions/A/MediaKit
0x000000019d2c9000 	/System/Library/Frameworks/DiscRecording.framework/Versions/A/DiscRecording
0x0000000196cee000 	/usr/lib/libCoreStorage.dylib
0x000000019f852000 	/usr/lib/libcsfde.dylib
0x000000019a2df000 	/System/Library/PrivateFrameworks/ProtectedCloudStorage.framework/Versions/A/ProtectedCloudStorage
0x000000019f84a000 	/System/Library/PrivateFrameworks/EFILogin.framework/Versions/A/EFILogin
0x000000019d690000 	/System/Library/PrivateFrameworks/OctagonTrust.framework/Versions/A/OctagonTrust
0x00000001f4f34000 	/System/Library/PrivateFrameworks/CoreUtilsExtras.framework/Versions/A/CoreUtilsExtras
0x000000019d1fb000 	/System/Library/Frameworks/CoreBluetooth.framework/Versions/A/CoreBluetooth
0x000000019fec9000 	/System/Library/Frameworks/AudioUnit.framework/Versions/A/AudioUnit
0x0000000196ce6000 	/usr/lib/libMatch.1.dylib
0x00000001af3a4000 	/System/Library/Frameworks/Accelerate.framework/Versions/A/Frameworks/vImage.framework/Versions/A/Libraries/libCGInterfaces.dylib
0x0000000125be4000 	/usr/lib/libobjc-trampolines.dylib
0x000000020814a000 	/usr/lib/libRosetta.dylib
0x0000000192a3a000 	/System/Library/PrivateFrameworks/ViewBridge.framework/Versions/A/ViewBridge
0x0000000196bad000 	/System/Library/PrivateFrameworks/CrashReporterSupport.framework/Versions/A/CrashReporterSupport
0x00000001b6cb3000 	/System/Library/PrivateFrameworks/OSAnalytics.framework/Versions/A/OSAnalytics
0x00000001c1e02000 	/System/Library/PrivateFrameworks/Symbolication.framework/Versions/A/Symbolication
0x00000001ab0fe000 	/System/Library/PrivateFrameworks/MallocStackLogging.framework/Versions/A/MallocStackLogging
0x0000000137fb4000 	/Users/louislombard/.openjfx/cache/11.0.2/libjavafx_font.dylib
0x0000000197436000 	/System/Library/PrivateFrameworks/login.framework/Versions/A/login


VM Arguments:
jvm_args: -javaagent:/Applications/IntelliJ IDEA.app/Contents/lib/idea_rt.jar=59435:/Applications/IntelliJ IDEA.app/Contents/bin -Dfile.encoding=UTF-8 --module-path=/Users/louislombard/Documents/Cours/4IF/TRUEAGILE/de/target/classes:/Users/louislombard/.m2/repository/org/openjfx/javafx-controls/17.0.1/javafx-controls-17.0.1.jar:/Users/louislombard/.m2/repository/org/openjfx/javafx-controls/17.0.1/javafx-controls-17.0.1-mac-aarch64.jar:/Users/louislombard/.m2/repository/org/openjfx/javafx-graphics/17.0.1/javafx-graphics-17.0.1.jar:/Users/louislombard/.m2/repository/org/openjfx/javafx-graphics/17.0.1/javafx-graphics-17.0.1-mac-aarch64.jar:/Users/louislombard/.m2/repository/org/openjfx/javafx-fxml/17.0.1/javafx-fxml-17.0.1.jar:/Users/louislombard/.m2/repository/org/openjfx/javafx-fxml/17.0.1/javafx-fxml-17.0.1-mac-aarch64.jar:/Users/louislombard/.m2/repository/com/gluonhq/attach/util/4.0.11/util-4.0.11.jar:/Users/louislombard/.m2/repository/com/gluonhq/attach/storage/4.0.11/storage-4.0.11-desktop.jar:/Users/louislombard/.m2/repository/com/gluonhq/maps/2.0.0-ea+1/maps-2.0.0-ea+1.jar:/Users/louislombard/.m2/repository/org/openjfx/javafx-base/11.0.2/javafx-base-11.0.2.jar:/Users/louislombard/.m2/repository/org/openjfx/javafx-base/11.0.2/javafx-base-11.0.2-mac.jar -Djdk.module.main=org.hexanome 
java_command: org.hexanome/org.hexanome.vue.App
java_class_path (initial): <not set>
Launcher Type: SUN_STANDARD

[Global flags]
     intx CICompilerCount                          = 4                                         {product} {ergonomic}
     uint ConcGCThreads                            = 2                                         {product} {ergonomic}
     uint G1ConcRefinementThreads                  = 8                                         {product} {ergonomic}
   size_t G1HeapRegionSize                         = 2097152                                   {product} {ergonomic}
    uintx GCDrainStackTargetSize                   = 64                                        {product} {ergonomic}
   size_t InitialHeapSize                          = 268435456                                 {product} {ergonomic}
   size_t MarkStackSize                            = 4194304                                   {product} {ergonomic}
   size_t MaxHeapSize                              = 4294967296                                {product} {ergonomic}
   size_t MaxNewSize                               = 2575302656                                {product} {ergonomic}
   size_t MinHeapDeltaBytes                        = 2097152                                   {product} {ergonomic}
   size_t MinHeapSize                              = 8388608                                   {product} {ergonomic}
    uintx NonNMethodCodeHeapSize                   = 5839564                                {pd product} {ergonomic}
    uintx NonProfiledCodeHeapSize                  = 122909338                              {pd product} {ergonomic}
    uintx ProfiledCodeHeapSize                     = 122909338                              {pd product} {ergonomic}
    uintx ReservedCodeCacheSize                    = 251658240                              {pd product} {ergonomic}
     bool SegmentedCodeCache                       = true                                      {product} {ergonomic}
   size_t SoftMaxHeapSize                          = 4294967296                             {manageable} {ergonomic}
     bool UseCompressedClassPointers               = true                           {product lp64_product} {ergonomic}
     bool UseCompressedOops                        = true                           {product lp64_product} {ergonomic}
     bool UseG1GC                                  = true                                      {product} {ergonomic}
     bool UseNUMA                                  = false                                     {product} {ergonomic}
     bool UseNUMAInterleaving                      = false                                     {product} {ergonomic}

Logging:
Log output configuration:
 #0: stdout all=warning uptime,level,tags
 #1: stderr all=off uptime,level,tags

Environment Variables:
PATH=/opt/homebrew/bin:/opt/homebrew/sbin:/usr/local/bin:/usr/bin:/bin:/usr/sbin:/sbin:/Library/Apple/usr/bin
SHELL=/bin/zsh
LC_CTYPE=fr_FR.UTF-8

Signal Handlers:
   SIGSEGV: _ZL13crash_handleriP9__siginfoPv in libjvm.dylib, mask=11100110000111110111111111111111, flags=SA_RESTART|SA_SIGINFO
    SIGBUS: _ZL13crash_handleriP9__siginfoPv in libjvm.dylib, mask=11100110000111110111111111111111, flags=SA_RESTART|SA_SIGINFO
    SIGFPE: _ZL13crash_handleriP9__siginfoPv in libjvm.dylib, mask=11100110000111110111111111111111, flags=SA_RESTART|SA_SIGINFO
   SIGPIPE: _ZL17javaSignalHandleriP9__siginfoPv in libjvm.dylib, mask=11100110000111110111111111111111, flags=SA_RESTART|SA_SIGINFO
   SIGXFSZ: _ZL17javaSignalHandleriP9__siginfoPv in libjvm.dylib, mask=11100110000111110111111111111111, flags=SA_RESTART|SA_SIGINFO
    SIGILL: _ZL13crash_handleriP9__siginfoPv in libjvm.dylib, mask=11100110000111110111111111111111, flags=SA_RESTART|SA_SIGINFO
   SIGUSR2: _ZL10SR_handleriP9__siginfoP17__darwin_ucontext in libjvm.dylib, mask=00100000000000000000000000000000, flags=SA_RESTART|SA_SIGINFO
    SIGHUP: _ZL11UserHandleriPvS_ in libjvm.dylib, mask=11100110000111110111111111111111, flags=SA_RESTART|SA_SIGINFO
    SIGINT: _ZL11UserHandleriPvS_ in libjvm.dylib, mask=11100110000111110111111111111111, flags=SA_RESTART|SA_SIGINFO
   SIGTERM: _ZL11UserHandleriPvS_ in libjvm.dylib, mask=11100110000111110111111111111111, flags=SA_RESTART|SA_SIGINFO
   SIGQUIT: _ZL11UserHandleriPvS_ in libjvm.dylib, mask=11100110000111110111111111111111, flags=SA_RESTART|SA_SIGINFO
   SIGTRAP: _ZL13crash_handleriP9__siginfoPv in libjvm.dylib, mask=11100110000111110111111111111111, flags=SA_RESTART|SA_SIGINFO


---------------  S Y S T E M  ---------------

OS:
uname: Darwin 21.1.0 Darwin Kernel Version 21.1.0: Wed Oct 13 17:33:24 PDT 2021; root:xnu-8019.41.5~1/RELEASE_ARM64_T8101 arm64
OS uptime: 1 days 8:40 hours
rlimit (soft/hard): STACK 8176k/65520k , CORE 0k/infinity , NPROC 2666/4000 , NOFILE 10240/infinity , AS infinity/infinity , CPU infinity/infinity , DATA infinity/infinity , FSIZE infinity/infinity , MEMLOCK infinity/infinity , RSS infinity/infinity
load average: 1.98 2.20 1.98

CPU: total 8 (initial active 8) 0x61:0x0:0x1b588bb3:0, fp, simd, crc, lse

Memory: 16k page, physical 16777216k(3389440k free), swap 1048576k(1016320k free)

vm_info: Java HotSpot(TM) 64-Bit Server VM (17.0.1+12-LTS-39) for bsd-aarch64 JRE (17.0.1+12-LTS-39), built on Sep 27 2021 17:38:30 by "mach5one" with clang Apple LLVM 12.0.0 (clang-1200.0.32.29)

END.
