#
# A fatal error has been detected by the Java Runtime Environment:
#
#  SIGBUS (0xa) at pc=0x00000001101094f0, pid=6301, tid=30223
#
# JRE version: OpenJDK Runtime Environment (16.0.2+7) (build 16.0.2+7)
# Java VM: OpenJDK 64-Bit Server VM (16.0.2+7, mixed mode, tiered, compressed oops, compressed class ptrs, g1 gc, bsd-aarch64)
# Problematic frame:
# v  ~StubRoutines::SafeFetchN
#
# No core dump will be written. Core dumps have been disabled. To enable core dumping, try "ulimit -c unlimited" before starting Java again
#
# If you would like to submit a bug report, please visit:
#   https://bell-sw.com/support
# The crash happened outside the Java Virtual Machine in native code.
# See problematic frame for where to report the bug.
#

---------------  S U M M A R Y ------------

Command Line: -javaagent:/Applications/IntelliJ IDEA.app/Contents/lib/idea_rt.jar=50934:/Applications/IntelliJ IDEA.app/Contents/bin -Dfile.encoding=UTF-8 --module-path=/Users/louislombard/Documents/Cours/4IF/TRUEAGILE/de/target/classes:/Users/louislombard/.m2/repository/org/openjfx/javafx-controls/17.0.1/javafx-controls-17.0.1.jar:/Users/louislombard/.m2/repository/org/openjfx/javafx-controls/17.0.1/javafx-controls-17.0.1-mac-aarch64.jar:/Users/louislombard/.m2/repository/org/openjfx/javafx-graphics/17.0.1/javafx-graphics-17.0.1.jar:/Users/louislombard/.m2/repository/org/openjfx/javafx-graphics/17.0.1/javafx-graphics-17.0.1-mac-aarch64.jar:/Users/louislombard/.m2/repository/org/openjfx/javafx-base/17.0.1/javafx-base-17.0.1.jar:/Users/louislombard/.m2/repository/org/openjfx/javafx-base/17.0.1/javafx-base-17.0.1-mac-aarch64.jar:/Users/louislombard/.m2/repository/org/openjfx/javafx-fxml/17.0.1/javafx-fxml-17.0.1.jar:/Users/louislombard/.m2/repository/org/openjfx/javafx-fxml/17.0.1/javafx-fxml-17.0.1-mac-aarch64.jar -Djdk.module.main=org.hexanome org.hexanome/org.hexanome.vue.App

Host: MacBookAir10,1 arm64 1 MHz, 8 cores, 16G, Darwin 21.1.0, macOS 12.0.1 (21A559)
Time: Tue Nov 23 10:49:10 2021 CET elapsed time: 8.081649 seconds (0d 0h 0m 8s)

---------------  T H R E A D  ---------------

Current thread (0x000000014d293800):  JavaThread "InvokeLaterDispatcher" daemon [_thread_in_native, id=30223, stack(0x000000016e510000,0x000000016e713000)]

Stack: [0x000000016e510000,0x000000016e713000],  sp=0x000000016e7127e0,  free space=2057k
Native frames: (J=compiled Java code, A=aot compiled Java code, j=interpreted, Vv=VM code, C=native code)
v  ~StubRoutines::SafeFetchN
V  [libjvm.dylib+0x789a7c]  _ZN10OopStorage7releaseEPKP7oopDesc+0x20
V  [libjvm.dylib+0x49b370]  jni_DeleteGlobalRef+0xf0
C  [libglass.dylib+0xa7f4]  -[GlassRunnable dealloc]+0x34
C  [Foundation+0x85e0c]  -[_NSThreadPerformInfo dealloc]+0x30
C  [Foundation+0x525e8]  -[NSObject(NSThreadPerformAdditions) performSelectorOnMainThread:withObject:waitUntilDone:]+0x88
C  0xfa1d800117d1894c
J 3101 c1 com.sun.glass.ui.mac.MacApplication.submitForLaterInvocation(Ljava/lang/Runnable;)V javafx.graphics@16.0.2 (6 bytes) @ 0x0000000110cd2ed8 [0x0000000110cd2e40+0x0000000000000098]
C  0x00000006c03899d0

Java frames: (J=compiled Java code, j=interpreted, Vv=VM code)
J 3102  com.sun.glass.ui.mac.MacApplication._submitForLaterInvocation(Ljava/lang/Runnable;)V javafx.graphics@16.0.2 (0 bytes) @ 0x0000000117d1894c [0x0000000117d188c0+0x000000000000008c]
J 3101 c1 com.sun.glass.ui.mac.MacApplication.submitForLaterInvocation(Ljava/lang/Runnable;)V javafx.graphics@16.0.2 (6 bytes) @ 0x0000000110cd2ed8 [0x0000000110cd2e40+0x0000000000000098]
j  com.sun.glass.ui.InvokeLaterDispatcher.run()V+82 javafx.graphics@16.0.2
v  ~StubRoutines::call_stub

siginfo: si_signo: 10 (SIGBUS), si_code: 1 (BUS_ADRALN), si_addr: 0x00000001101094f0

Register to memory mapping:

 x0=0x000000012c904248 points into unknown readable memory: 0x0000000000000000 | 00 00 00 00 00 00 00 00
 x1=0x0 is NULL
 x2=0x0 is NULL
 x3=0x0 is NULL
 x4=0x00000000000130a8 is an unknown value
 x5=0x0 is NULL
 x6=0x0 is NULL
 x7=0x0 is NULL
 x8=0x00000001101094ec is at begin+0 in a stub
StubRoutines::SafeFetchN [0x00000001101094ec, 0x00000001101094f8] (12 bytes)
 x9=0x0 is NULL
x10=0x2010000030300000 is an unknown value
x11=0x0000000000000007 is an unknown value
x12=0x0 is NULL
x13=0x00006000005e4670 points into unknown readable memory: 0x234a8001b359f780 | 80 f7 59 b3 01 80 4a 23
x14=0x0000000000000001 is an unknown value
x15=0x000000010547df90: OBJC_CLASS_$_GlassRunnable+0 in /Library/Java/JavaVirtualMachines/liberica-jdk-16-full.jdk/Contents/Home/lib/libglass.dylib at 0x0000000105438000
x16=0x00000001b25ec340: pthread_getspecific+0 in /usr/lib/system/libsystem_pthread.dylib at 0x00000001b25ea000
x17=0x00006000025f3360 points into unknown readable memory: 0x0000000000000000 | 00 00 00 00 00 00 00 00
x18=0x0 is NULL
x19=0x00006000000d4930 points into unknown readable memory: 0x00006000029e7a00 | 00 7a 9e 02 00 60 00 00
x20=0x000000012c904040 points into unknown readable memory: 0x0000000000000000 | 00 00 00 00 00 00 00 00
x21=0x000000012c904248 points into unknown readable memory: 0x0000000000000000 | 00 00 00 00 00 00 00 00
x22=0x000000014d293800 is a thread
x23=0x0000000000000001 is an unknown value
x24=0x000000012c904200 is a global jni handle
x25=0x0000000106141938: _ZN12StubRoutines17_safefetchN_entryE+0 in /Library/Java/JavaVirtualMachines/liberica-jdk-16-full.jdk/Contents/Home/lib/server/libjvm.dylib at 0x0000000105584000
x26=0x000000012d8bfb70 is pointing into metadata
x27=0x0 is NULL
x28=0x000000014d293800 is a thread


Registers:
 x0=0x000000012c904248  x1=0x0000000000000000  x2=0x0000000000000000  x3=0x0000000000000000
 x4=0x00000000000130a8  x5=0x0000000000000000  x6=0x0000000000000000  x7=0x0000000000000000
 x8=0x00000001101094ec  x9=0x0000000000000000 x10=0x2010000030300000 x11=0x0000000000000007
x12=0x0000000000000000 x13=0x00006000005e4670 x14=0x0000000000000001 x15=0x000000010547df90
x16=0x00000001b25ec340 x17=0x00006000025f3360 x18=0x0000000000000000 x19=0x00006000000d4930
x20=0x000000012c904040 x21=0x000000012c904248 x22=0x000000014d293800 x23=0x0000000000000001
x24=0x000000012c904200 x25=0x0000000106141938 x26=0x000000012d8bfb70 x27=0x0000000000000000
x28=0x000000014d293800  fp=0x000000016e712820  lr=0x0000000105d0ca24  sp=0x000000016e7127e0
pc=0x00000001101094f0 cpsr=0x0000000060001000
Top of Stack: (sp=0x000000016e7127e0)
0x000000016e7127e0:   000000012d8bfb70 0000000000000001
0x000000016e7127f0:   00000003000f67e0 000000014c809400
0x000000016e712800:   000000014c809708 000000012c904210
0x000000016e712810:   000000012c904210 00006000000d4930
0x000000016e712820:   000000016e712860 0000000105d0da7c
0x000000016e712830:   000000014c809400 000000012c904210
0x000000016e712840:   000000014c809708 000000012c904210
0x000000016e712850:   000000014c809400 0000000000000001
0x000000016e712860:   000000016e7128a0 0000000105a1f370
0x000000016e712870:   00000003000f67e0 000060000299aa90
0x000000016e712880:   000060000299aa80 00000001fc8199f4
0x000000016e712890:   0000000000000000 000060000299aa80
0x000000016e7128a0:   000000016e7128d0 00000001054427f4
0x000000016e7128b0:   a75aa41e259c00b3 0000000000000000
0x000000016e7128c0:   0000000000000000 0000600003eff200
0x000000016e7128d0:   000000016e712910 00000001b35b4e0c
0x000000016e7128e0:   00000003000f67e0 000060000299aa90
0x000000016e7128f0:   000060000299aa80 a75aa41e259c00b3
0x000000016e712900:   0000000000000000 0000000000000000
0x000000016e712910:   000000016e712950 f27a8001b35815e8
0x000000016e712920:   00000003000f67e0 0000000110110a00
0x000000016e712930:   000000012d8bf532 0000000106149198
0x000000016e712940:   000000016e712a30 00000000000000b9
0x000000016e712950:   000000016e7129b0 fa1d800117d1894c
0x000000016e712960:   00000006c03dbe80 00000006cfed9ef8
0x000000016e712970:   000000016e712ad8 00000001b25f8530
0x000000016e712980:   000000014d293800 0000000106126480
0x000000016e712990:   000000016e712a40 0000000000000001
0x000000016e7129a0:   000000016e7129e0 00000006c06e7638
0x000000016e7129b0:   000000016e712aa0 0000000110cd2ed8
0x000000016e7129c0:   00000006cfed9ef8 00000006c0392568
0x000000016e7129d0:   000000016e712a38 00000000000000b6 

Instructions: (pc=0x00000001101094f0)
0x00000001101093f0:   f2a0c209 f2c00029 6d425935 1e640886
0x0000000110109400:   0c402d31 1e6408c7 1f5654d0 1e6c1017
0x0000000110109410:   1f5050d0 1f504cd0 1f5048d0 1e650af6
0x0000000110109420:   1f50d8f6 1f5694d6 1f5158f6 1e762880
0x0000000110109430:   36000501 1e614000 14000026 2e251ca5
0x0000000110109440:   d29e3009 f2a0c209 f2c00029 6d425d36
0x0000000110109450:   1e600806 0c402d32 1f5758c7 1e6c101a
0x0000000110109460:   1f4754c7 1e650805 1f4750c7 d2866668
0x0000000110109470:   f2a7fa68 1f474cc7 1e6608c0 1f4748c7
0x0000000110109480:   1e6e1019 eb08007f 540000ac 1f479400
0x0000000110109490:   1f460340 1e603b20 1400000e d2a7fd29
0x00000001101094a0:   eb09007f 540000ac 51480069 d3607d29
0x00000001101094b0:   9e670121 14000002 1e6a5001 1f679417
0x00000001101094c0:   1f668742 1e613b23 1e773857 1e773860
0x00000001101094d0:   a8c17ff3 910003bf a8c17bfd d65f03c0
0x00000001101094e0:   b9400001 aa0103e0 d65f03c0 f9400001
0x00000001101094f0:   aa0103e0 d65f03c0 00000000 00000000
0x0000000110109500:   00000000 00000000 00000000 00000000
0x0000000110109510:   00000000 00000000 00000000 00000000
0x0000000110109520:   00000000 00000000 00000000 00000000
0x0000000110109530:   00000000 00000000 00000000 00000000
0x0000000110109540:   00000000 00000000 00000000 00000000
0x0000000110109550:   00000000 00000000 00000000 00000000
0x0000000110109560:   00000000 00000000 00000000 00000000
0x0000000110109570:   00000000 00000000 00000000 00000000
0x0000000110109580:   00000000 00000000 00000000 00000000
0x0000000110109590:   00000000 00000000 00000000 00000000
0x00000001101095a0:   00000000 00000000 00000000 00000000
0x00000001101095b0:   00000000 00000000 00000000 00000000
0x00000001101095c0:   00000000 00000000 00000000 00000000
0x00000001101095d0:   00000000 00000000 00000000 00000000
0x00000001101095e0:   00000000 00000000 00000000 00000000 


Stack slot to memory mapping:
stack at sp + 0 slots: 0x000000012d8bfb70 is pointing into metadata
stack at sp + 1 slots: 0x0000000000000001 is an unknown value
stack at sp + 2 slots: 0x00000003000f67e0 is a pointer to class: 
com.sun.glass.ui.mac.MacApplication {0x00000003000f67e0}
stack at sp + 3 slots: 0x000000014c809400 is a thread
stack at sp + 4 slots: 0x000000014c809708 points into unknown readable memory: 0x00000001060fde00 | 00 de 0f 06 01 00 00 00
stack at sp + 5 slots: 0x000000012c904210 is a global jni handle
stack at sp + 6 slots: 0x000000012c904210 is a global jni handle
stack at sp + 7 slots: 0x00006000000d4930 points into unknown readable memory: 0x00006000029e7a00 | 00 7a 9e 02 00 60 00 00

StubRoutines::SafeFetchN [0x00000001101094ec, 0x00000001101094f8] (12 bytes)
[MachCode]
  0x00000001101094ec: 0100 40f9 | e003 01aa | c003 5fd6 
[/MachCode]

---------------  P R O C E S S  ---------------

Threads class SMR info:
_java_thread_list=0x0000600002b70580, length=20, elements={
0x000000014d010a00, 0x000000014d121000, 0x000000014d123800, 0x000000014b008200,
0x000000014c808800, 0x000000014c80b800, 0x000000014c80be00, 0x000000014c80c400,
0x000000013b00a600, 0x000000013b00ac00, 0x000000014d100200, 0x000000014d0ffa00,
0x000000014c81ca00, 0x000000014d293800, 0x000000014c809400, 0x000000014b06e200,
0x000000013b0afa00, 0x000000014d2dbc00, 0x000000013b723800, 0x000000014d2d2200
}

Java Threads: ( => current thread )
  0x000000014d010a00 JavaThread "main" [_thread_blocked, id=9731, stack(0x000000016bb08000,0x000000016bd0b000)]
  0x000000014d121000 JavaThread "Reference Handler" daemon [_thread_blocked, id=15619, stack(0x000000016c95c000,0x000000016cb5f000)]
  0x000000014d123800 JavaThread "Finalizer" daemon [_thread_blocked, id=15875, stack(0x000000016cb68000,0x000000016cd6b000)]
  0x000000014b008200 JavaThread "Signal Dispatcher" daemon [_thread_blocked, id=42499, stack(0x000000016ce8c000,0x000000016d08f000)]
  0x000000014c808800 JavaThread "Service Thread" daemon [_thread_blocked, id=42243, stack(0x000000016d098000,0x000000016d29b000)]
  0x000000014c80b800 JavaThread "Monitor Deflation Thread" daemon [_thread_blocked, id=22787, stack(0x000000016d2a4000,0x000000016d4a7000)]
  0x000000014c80be00 JavaThread "C2 CompilerThread0" daemon [_thread_blocked, id=41987, stack(0x000000016d4b0000,0x000000016d6b3000)]
  0x000000014c80c400 JavaThread "C1 CompilerThread0" daemon [_thread_in_native, id=41731, stack(0x000000016d6bc000,0x000000016d8bf000)]
  0x000000013b00a600 JavaThread "Sweeper thread" daemon [_thread_blocked, id=23555, stack(0x000000016d8c8000,0x000000016dacb000)]
  0x000000013b00ac00 JavaThread "Common-Cleaner" daemon [_thread_blocked, id=24067, stack(0x000000016dad4000,0x000000016dcd7000)]
  0x000000014d100200 JavaThread "Monitor Ctrl-Break" daemon [_thread_in_native, id=41219, stack(0x000000016dce0000,0x000000016dee3000)]
  0x000000014d0ffa00 JavaThread "Notification Thread" daemon [_thread_blocked, id=24835, stack(0x000000016deec000,0x000000016e0ef000)]
  0x000000014c81ca00 JavaThread "QuantumRenderer-0" daemon [_thread_blocked, id=40451, stack(0x000000016e304000,0x000000016e507000)]
=>0x000000014d293800 JavaThread "InvokeLaterDispatcher" daemon [_thread_in_native, id=30223, stack(0x000000016e510000,0x000000016e713000)]
  0x000000014c809400 JavaThread "JavaFX Application Thread" [_thread_in_native, id=259, stack(0x000000016b280000,0x000000016ba7c000)]
  0x000000014b06e200 JavaThread "JavaFX-Launcher" [_thread_blocked, id=52995, stack(0x000000016e9b4000,0x000000016ebb7000)]
  0x000000013b0afa00 JavaThread "Prism Font Disposer" daemon [_thread_blocked, id=72551, stack(0x000000016ebc0000,0x000000016edc3000)]
  0x000000014d2dbc00 JavaThread "Cleaner-0" daemon [_thread_blocked, id=53535, stack(0x000000016ee58000,0x000000016f05b000)]
  0x000000013b723800 JavaThread "Attach Listener" daemon [_thread_blocked, id=78343, stack(0x000000016f064000,0x000000016f267000)]
  0x000000014d2d2200 JavaThread "PulseTimer-CVDisplayLink thread" daemon [_thread_in_native, id=60223, stack(0x000000016e71c000,0x000000016e79f000)]

Other Threads:
  0x000000014c1173d0 VMThread "VM Thread" [stack: 0x000000016c750000,0x000000016c953000] [id=18179]
  0x000000013af04e40 WatcherThread [stack: 0x000000016e0f8000,0x000000016e2fb000] [id=25091]
  0x000000014c107470 GCTaskThread "GC Thread#0" [stack: 0x000000016bd14000,0x000000016bf17000] [id=12803]
  0x000000014af480e0 GCTaskThread "GC Thread#1" [stack: 0x000000016f270000,0x000000016f473000] [id=1311]
  0x000000014af489a0 GCTaskThread "GC Thread#2" [stack: 0x000000016f47c000,0x000000016f67f000] [id=68099]
  0x000000014c14c910 GCTaskThread "GC Thread#3" [stack: 0x000000016f688000,0x000000016f88b000] [id=67587]
  0x000000014c14cfc0 GCTaskThread "GC Thread#4" [stack: 0x000000016f894000,0x000000016fa97000] [id=67075]
  0x000000014af48e80 GCTaskThread "GC Thread#5" [stack: 0x000000016faa0000,0x000000016fca3000] [id=60675]
  0x000000014c14d710 GCTaskThread "GC Thread#6" [stack: 0x000000016fcac000,0x000000016feaf000] [id=66563]
  0x000000014c14da20 GCTaskThread "GC Thread#7" [stack: 0x0000000290004000,0x0000000290207000] [id=66051]
  0x000000014c107b80 ConcurrentGCThread "G1 Main Marker" [stack: 0x000000016bf20000,0x000000016c123000] [id=13315]
  0x000000014c108460 ConcurrentGCThread "G1 Conc#0" [stack: 0x000000016c12c000,0x000000016c32f000] [id=20227]
  0x000000014c14f450 ConcurrentGCThread "G1 Conc#1" [stack: 0x0000000290a40000,0x0000000290c43000] [id=64007]
  0x000000014c113330 ConcurrentGCThread "G1 Refine#0" [stack: 0x000000016c338000,0x000000016c53b000] [id=19971]
  0x000000014af49360 ConcurrentGCThread "G1 Refine#1" [stack: 0x0000000290210000,0x0000000290413000] [id=61699]
  0x000000014c00e6b0 ConcurrentGCThread "G1 Refine#2" [stack: 0x000000029041c000,0x000000029061f000] [id=65539]
  0x000000013ae41fd0 ConcurrentGCThread "G1 Refine#3" [stack: 0x0000000290628000,0x000000029082b000] [id=65027]
  0x000000012c909540 ConcurrentGCThread "G1 Refine#4" [stack: 0x0000000290834000,0x0000000290a37000] [id=62979]
  0x000000014c113c30 ConcurrentGCThread "G1 Service" [stack: 0x000000016c544000,0x000000016c747000] [id=19715]

Threads with active compile tasks:
C1 CompilerThread0     8092 3258   !   3       java.lang.Class::getEnumConstantsShared (71 bytes)

VM state: not at safepoint (normal execution)

VM Mutex/Monitor currently owned by a thread: None

Heap address: 0x00000006c0000000, size: 4096 MB, Compressed Oops mode: Zero based, Oop shift amount: 3

Compressed class space mapped at: 0x0000000300000000-0x0000000340000000, reserved size: 1073741824
Narrow klass base: 0x0000000000000000, Narrow klass shift: 3, Narrow klass range: 0x340000000

GC Precious Log:
 CPUs: 8 total, 8 available
 Memory: 16384M
 Large Page Support: Disabled
 NUMA Support: Disabled
 Compressed Oops: Enabled (Zero based)
 Heap Region Size: 2M
 Heap Min Capacity: 8M
 Heap Initial Capacity: 256M
 Heap Max Capacity: 4G
 Pre-touch: Disabled
 Parallel Workers: 8
 Concurrent Workers: 2
 Concurrent Refinement Workers: 8
 Periodic GC: Disabled

Heap:
 garbage-first heap   total 40960K, used 20591K [0x00000006c0000000, 0x00000007c0000000)
  region size 2048K, 8 young (16384K), 1 survivors (2048K)
 Metaspace       used 22776K, committed 23104K, reserved 1073152K
  class space    used 2476K, committed 2624K, reserved 1048576K

Heap Regions: E=young(eden), S=young(survivor), O=old, HS=humongous(starts), HC=humongous(continues), CS=collection set, F=free, OA=open archive, CA=closed archive, TAMS=top-at-mark-start (previous, next)
|   0|0x00000006c0000000, 0x00000006c0200000, 0x00000006c0200000|100%|HS|  |TAMS 0x00000006c0200000, 0x00000006c0000000| Complete 
|   1|0x00000006c0200000, 0x00000006c0400000, 0x00000006c0400000|100%| O|  |TAMS 0x00000006c037da00, 0x00000006c0200000| Untracked 
|   2|0x00000006c0400000, 0x00000006c0600000, 0x00000006c0600000|100%| O|  |TAMS 0x00000006c0400000, 0x00000006c0400000| Untracked 
|   3|0x00000006c0600000, 0x00000006c0760400, 0x00000006c0800000| 68%| O|  |TAMS 0x00000006c0600000, 0x00000006c0600000| Untracked 
|   4|0x00000006c0800000, 0x00000006c0800000, 0x00000006c0a00000|  0%| F|  |TAMS 0x00000006c0800000, 0x00000006c0800000| Untracked 
|   5|0x00000006c0a00000, 0x00000006c0a00000, 0x00000006c0c00000|  0%| F|  |TAMS 0x00000006c0a00000, 0x00000006c0a00000| Untracked 
|   6|0x00000006c0c00000, 0x00000006c0c00000, 0x00000006c0e00000|  0%| F|  |TAMS 0x00000006c0c00000, 0x00000006c0c00000| Untracked 
|   7|0x00000006c0e00000, 0x00000006c0e00000, 0x00000006c1000000|  0%| F|  |TAMS 0x00000006c0e00000, 0x00000006c0e00000| Untracked 
|   8|0x00000006c1000000, 0x00000006c1000000, 0x00000006c1200000|  0%| F|  |TAMS 0x00000006c1000000, 0x00000006c1000000| Untracked 
|   9|0x00000006c1200000, 0x00000006c1200000, 0x00000006c1400000|  0%| F|  |TAMS 0x00000006c1200000, 0x00000006c1200000| Untracked 
|  10|0x00000006c1400000, 0x00000006c1400000, 0x00000006c1600000|  0%| F|  |TAMS 0x00000006c1400000, 0x00000006c1400000| Untracked 
|  11|0x00000006c1600000, 0x00000006c1600000, 0x00000006c1800000|  0%| F|  |TAMS 0x00000006c1600000, 0x00000006c1600000| Untracked 
|  12|0x00000006c1800000, 0x00000006c194b408, 0x00000006c1a00000| 64%| E|  |TAMS 0x00000006c1800000, 0x00000006c1800000| Complete 
|  13|0x00000006c1a00000, 0x00000006c1c00000, 0x00000006c1c00000|100%| E|CS|TAMS 0x00000006c1a00000, 0x00000006c1a00000| Complete 
|  14|0x00000006c1c00000, 0x00000006c1e00000, 0x00000006c1e00000|100%| E|CS|TAMS 0x00000006c1c00000, 0x00000006c1c00000| Complete 
|  15|0x00000006c1e00000, 0x00000006c2000000, 0x00000006c2000000|100%| E|CS|TAMS 0x00000006c1e00000, 0x00000006c1e00000| Complete 
|  16|0x00000006c2000000, 0x00000006c2200000, 0x00000006c2200000|100%| E|CS|TAMS 0x00000006c2000000, 0x00000006c2000000| Complete 
|  17|0x00000006c2200000, 0x00000006c2400000, 0x00000006c2400000|100%| E|CS|TAMS 0x00000006c2200000, 0x00000006c2200000| Complete 
| 125|0x00000006cfa00000, 0x00000006cfabba10, 0x00000006cfc00000| 36%| S|CS|TAMS 0x00000006cfa00000, 0x00000006cfa00000| Complete 
| 127|0x00000006cfe00000, 0x00000006d0000000, 0x00000006d0000000|100%| E|CS|TAMS 0x00000006cfe00000, 0x00000006cfe00000| Complete 

Card table byte_map: [0x000000011f108000,0x000000011f908000] _byte_map_base: 0x000000011bb08000

Marking Bits (Prev, Next): (CMBitMap*) 0x000000014d03bc50, (CMBitMap*) 0x000000014d03bc10
 Prev Bits: [0x0000000124108000, 0x0000000128108000)
 Next Bits: [0x0000000120108000, 0x0000000124108000)

Polling page: 0x0000000104508000

Metaspace:

Usage:
  Non-class:     19.83 MB used.
      Class:      2.42 MB used.
       Both:     22.25 MB used.

Virtual space:
  Non-class space:       24.00 MB reserved,      20.00 MB ( 83%) committed,  3 nodes.
      Class space:        1.00 GB reserved,       2.56 MB ( <1%) committed,  1 nodes.
              Both:        1.02 GB reserved,      22.56 MB (  2%) committed. 

Chunk freelists:
   Non-Class:  3.61 MB
       Class:  1.41 MB
        Both:  5.02 MB

MaxMetaspaceSize: 17179869184.00 GB
CompressedClassSpaceSize: 1.00 GB
 - commit_granule_bytes: 65536.
 - commit_granule_words: 8192.
 - virtual_space_node_default_size: 1048576.
 - enlarge_chunks_in_place: 1.
 - new_chunks_are_fully_committed: 0.
 - uncommit_free_chunks: 1.
 - use_allocation_guard: 0.
 - handle_deallocations: 1.


Internal statistics:

num_allocs_failed_limit: 3.
num_arena_births: 404.
num_arena_deaths: 0.
num_vsnodes_births: 4.
num_vsnodes_deaths: 0.
num_space_committed: 361.
num_space_uncommitted: 0.
num_chunks_returned_to_freelist: 3.
num_chunks_taken_from_freelist: 942.
num_chunk_merges: 3.
num_chunk_splits: 628.
num_chunks_enlarged: 431.
num_purges: 0.

CodeHeap 'non-profiled nmethods': size=120032Kb used=1346Kb max_used=1346Kb free=118685Kb
 bounds [0x0000000117bd0000, 0x0000000117e40000, 0x000000011f108000]
CodeHeap 'profiled nmethods': size=120016Kb used=6859Kb max_used=6859Kb free=113156Kb
 bounds [0x000000011069c000, 0x0000000110d5c000, 0x0000000117bd0000]
CodeHeap 'non-nmethods': size=5712Kb used=1349Kb max_used=1507Kb free=4362Kb
 bounds [0x0000000110108000, 0x0000000110378000, 0x000000011069c000]
 total_blobs=3965 nmethods=3237 adapters=642
 compilation: enabled
              stopped_count=0, restarted_count=0
 full_count=0

Compilation events (20 events):
Event: 7.948 Thread 0x000000014c80c400 nmethod 3244 0x0000000110d46110 code [0x0000000110d462c0, 0x0000000110d46618]
Event: 7.948 Thread 0x000000014c80c400 3246       3       com.sun.javafx.event.EventHandlerManager::createGetCompositeEventHandler (40 bytes)
Event: 7.948 Thread 0x000000014c80c400 nmethod 3246 0x0000000110d46710 code [0x0000000110d46900, 0x0000000110d46ec8]
Event: 7.948 Thread 0x000000014c80c400 3247       3       com.sun.javafx.event.CompositeEventHandler::createEventHandlerRecord (30 bytes)
Event: 7.949 Thread 0x000000014c80c400 nmethod 3247 0x0000000110d47090 code [0x0000000110d472c0, 0x0000000110d47918]
Event: 7.949 Thread 0x000000014c80c400 3248       3       com.sun.javafx.event.CompositeEventHandler::append (55 bytes)
Event: 7.949 Thread 0x000000014c80c400 nmethod 3248 0x0000000110d47b10 code [0x0000000110d47cc0, 0x0000000110d480e8]
Event: 7.949 Thread 0x000000014c80c400 3249       3       com.sun.javafx.util.Logging::getLayoutLogger (18 bytes)
Event: 7.949 Thread 0x000000014c80c400 nmethod 3249 0x0000000110d48210 code [0x0000000110d483c0, 0x0000000110d485d8]
Event: 7.949 Thread 0x000000014c80c400 3250       3       javafx.scene.Node::doTransformsChanged (32 bytes)
Event: 7.950 Thread 0x000000014c80c400 nmethod 3250 0x0000000110d48690 code [0x0000000110d48940, 0x0000000110d49598]
Event: 7.950 Thread 0x000000014c80be00 nmethod 3245 0x0000000117d1ec10 code [0x0000000117d1ee40, 0x0000000117d1f1d0]
Event: 7.963 Thread 0x000000014c80be00 3251       4       javafx.scene.paint.Color::getOpacity (6 bytes)
Event: 7.964 Thread 0x000000014c80be00 nmethod 3251 0x0000000117d1f590 code [0x0000000117d1f700, 0x0000000117d1f7a0]
Event: 8.013 Thread 0x000000014c80be00 3252       4       com.sun.javafx.util.Utils::RGBtoHSB (227 bytes)
Event: 8.016 Thread 0x000000014c80be00 nmethod 3252 0x0000000117d1f890 code [0x0000000117d1fa40, 0x0000000117d1fc90]
Event: 8.016 Thread 0x000000014c80be00 3253       4       com.sun.javafx.geom.Path2D::needRoom (94 bytes)
Event: 8.017 Thread 0x000000014c80be00 nmethod 3253 0x0000000117d1ff10 code [0x0000000117d200c0, 0x0000000117d20240]
Event: 8.017 Thread 0x000000014c80be00 3254       4       com.sun.marlin.IntArrayCache$Reference::putArray (55 bytes)
Event: 8.020 Thread 0x000000014c80be00 nmethod 3254 0x0000000117d20390 code [0x0000000117d20540, 0x0000000117d207a0]

GC Heap History (4 events):
Event: 1.166 GC heap before
{Heap before GC invocations=0 (full 0):
 garbage-first heap   total 262144K, used 22528K [0x00000006c0000000, 0x00000007c0000000)
  region size 2048K, 11 young (22528K), 0 survivors (0K)
 Metaspace       used 20058K, committed 20352K, reserved 1073152K
  class space    used 2302K, committed 2432K, reserved 1048576K
}
Event: 1.171 GC heap after
{Heap after GC invocations=1 (full 0):
 garbage-first heap   total 262144K, used 7670K [0x00000006c0000000, 0x00000007c0000000)
  region size 2048K, 2 young (4096K), 2 survivors (4096K)
 Metaspace       used 20058K, committed 20352K, reserved 1073152K
  class space    used 2302K, committed 2432K, reserved 1048576K
}
Event: 2.455 GC heap before
{Heap before GC invocations=1 (full 0):
 garbage-first heap   total 262144K, used 9718K [0x00000006c0000000, 0x00000007c0000000)
  region size 2048K, 4 young (8192K), 2 survivors (4096K)
 Metaspace       used 20951K, committed 21248K, reserved 1073152K
  class space    used 2391K, committed 2560K, reserved 1048576K
}
Event: 2.459 GC heap after
{Heap after GC invocations=2 (full 0):
 garbage-first heap   total 262144K, used 8303K [0x00000006c0000000, 0x00000007c0000000)
  region size 2048K, 1 young (2048K), 1 survivors (2048K)
 Metaspace       used 20951K, committed 21248K, reserved 1073152K
  class space    used 2391K, committed 2560K, reserved 1048576K
}

Deoptimization events (20 events):
Event: 5.991 Thread 0x000000014c809400 Uncommon trap: trap_request=0xffffffd6 fr.pc=0x0000000117d0362c relative=0x00000000000007ec
Event: 5.991 Thread 0x000000014c809400 Uncommon trap: reason=array_check action=maybe_recompile pc=0x0000000117d0362c method=javafx.css.SimpleSelector.applies(Ljavafx/css/Styleable;[Ljava/util/Set;I)Z @ 37 c2
Event: 5.991 Thread 0x000000014c809400 DEOPT PACKING pc=0x0000000117d0362c sp=0x000000016ba75230
Event: 5.991 Thread 0x000000014c809400 DEOPT UNPACKING pc=0x0000000110141d9c sp=0x000000016ba751e0 mode 2
Event: 6.578 Thread 0x000000014c809400 Uncommon trap: trap_request=0xffffffbe fr.pc=0x0000000117d0d7c0 relative=0x0000000000000b80
Event: 6.578 Thread 0x000000014c809400 Uncommon trap: reason=profile_predicate action=maybe_recompile pc=0x0000000117d0d7c0 method=javafx.css.CompoundSelector.applies(Ljavafx/css/Styleable;I[Ljava/util/Set;I)Z @ 103 c2
Event: 6.578 Thread 0x000000014c809400 DEOPT PACKING pc=0x0000000117d0d7c0 sp=0x000000016ba75250
Event: 6.578 Thread 0x000000014c809400 DEOPT UNPACKING pc=0x0000000110141d9c sp=0x000000016ba751e0 mode 2
Event: 6.578 Thread 0x000000014c809400 Uncommon trap: trap_request=0xffffffbe fr.pc=0x0000000117d0d7c0 relative=0x0000000000000b80
Event: 6.578 Thread 0x000000014c809400 Uncommon trap: reason=profile_predicate action=maybe_recompile pc=0x0000000117d0d7c0 method=javafx.css.CompoundSelector.applies(Ljavafx/css/Styleable;I[Ljava/util/Set;I)Z @ 103 c2
Event: 6.578 Thread 0x000000014c809400 DEOPT PACKING pc=0x0000000117d0d7c0 sp=0x000000016ba75250
Event: 6.578 Thread 0x000000014c809400 DEOPT UNPACKING pc=0x0000000110141d9c sp=0x000000016ba751e0 mode 2
Event: 6.580 Thread 0x000000014c809400 Uncommon trap: trap_request=0xffffffbe fr.pc=0x0000000117d0d7c0 relative=0x0000000000000b80
Event: 6.580 Thread 0x000000014c809400 Uncommon trap: reason=profile_predicate action=maybe_recompile pc=0x0000000117d0d7c0 method=javafx.css.CompoundSelector.applies(Ljavafx/css/Styleable;I[Ljava/util/Set;I)Z @ 103 c2
Event: 6.580 Thread 0x000000014c809400 DEOPT PACKING pc=0x0000000117d0d7c0 sp=0x000000016ba765d0
Event: 6.580 Thread 0x000000014c809400 DEOPT UNPACKING pc=0x0000000110141d9c sp=0x000000016ba76560 mode 2
Event: 6.580 Thread 0x000000014c809400 Uncommon trap: trap_request=0xffffffbe fr.pc=0x0000000117d0d7c0 relative=0x0000000000000b80
Event: 6.580 Thread 0x000000014c809400 Uncommon trap: reason=profile_predicate action=maybe_recompile pc=0x0000000117d0d7c0 method=javafx.css.CompoundSelector.applies(Ljavafx/css/Styleable;I[Ljava/util/Set;I)Z @ 103 c2
Event: 6.580 Thread 0x000000014c809400 DEOPT PACKING pc=0x0000000117d0d7c0 sp=0x000000016ba765d0
Event: 6.580 Thread 0x000000014c809400 DEOPT UNPACKING pc=0x0000000110141d9c sp=0x000000016ba76560 mode 2

Classes unloaded (0 events):
No events

Classes redefined (0 events):
No events

Internal exceptions (20 events):
Event: 0.360 Thread 0x000000014c809400 Exception <a 'java/lang/NullPointerException'{0x00000006cf264378}> (0x00000006cf264378) 
thrown [src/hotspot/share/interpreter/linkResolver.cpp, line 1385]
Event: 0.361 Thread 0x000000014c809400 Exception <a 'java/lang/NoSuchMethodError'{0x00000006cf2721c0}: 'void java.lang.invoke.DirectMethodHandle$Holder.invokeSpecial(java.lang.Object, java.lang.Object, java.lang.Object, java.lang.Object, java.lang.Object)'> (0x00000006cf2721c0) 
thrown [src/hotspot/share/interpreter/linkResolver.cpp, line 790]
Event: 0.401 Thread 0x000000014c809400 Exception <a 'java/lang/NoSuchMethodError'{0x00000006cf1e5208}: 'void java.lang.invoke.DirectMethodHandle$Holder.invokeStaticInit(java.lang.Object, java.lang.Object)'> (0x00000006cf1e5208) 
thrown [src/hotspot/share/interpreter/linkResolver.cpp, line 790]
Event: 0.410 Thread 0x000000014c809400 Exception <a 'java/lang/NoSuchMethodError'{0x00000006ceeeb4e8}: 'java.lang.Object java.lang.invoke.DirectMethodHandle$Holder.invokeSpecial(java.lang.Object, java.lang.Object, int, java.lang.Object)'> (0x00000006ceeeb4e8) 
thrown [src/hotspot/share/interpreter/linkResolver.cpp, line 790]
Event: 0.410 Thread 0x000000014c809400 Exception <a 'java/lang/NoSuchMethodError'{0x00000006ceeeefc8}: 'java.lang.Object java.lang.invoke.Invokers$Holder.linkToTargetMethod(int, java.lang.Object, java.lang.Object)'> (0x00000006ceeeefc8) 
thrown [src/hotspot/share/interpreter/linkResolver.cpp, line 790]
Event: 0.421 Thread 0x000000014c809400 Exception <a 'sun/nio/fs/UnixException'{0x00000006cef42f68}> (0x00000006cef42f68) 
thrown [src/hotspot/share/prims/jni.cpp, line 579]
Event: 0.424 Thread 0x000000014c809400 Implicit null exception at 0x0000000117c10278 to 0x0000000117c10308
Event: 0.553 Thread 0x000000014c809400 Exception <a 'java/lang/NoSuchMethodError'{0x00000006cece9750}: 'java.lang.Object java.lang.invoke.Invokers$Holder.linkToTargetMethod(java.lang.Object, int, java.lang.Object)'> (0x00000006cece9750) 
thrown [src/hotspot/share/interpreter/linkResolver.cpp, line 790]
Event: 0.557 Thread 0x000000014c809400 Exception <a 'java/lang/NoSuchMethodError'{0x00000006ced1d108}: 'java.lang.Object java.lang.invoke.DirectMethodHandle$Holder.invokeInterface(java.lang.Object, java.lang.Object, java.lang.Object)'> (0x00000006ced1d108) 
thrown [src/hotspot/share/interpreter/linkResolver.cpp, line 790]
Event: 0.557 Thread 0x000000014c809400 Exception <a 'java/lang/IncompatibleClassChangeError'{0x00000006ced209a0}: Found class java.lang.Object, but interface was expected> (0x00000006ced209a0) 
thrown [src/hotspot/share/interpreter/linkResolver.cpp, line 857]
Event: 0.564 Thread 0x000000014c809400 Exception <a 'java/lang/NoSuchMethodError'{0x00000006ced978e0}: 'void java.lang.invoke.DirectMethodHandle$Holder.invokeVirtual(java.lang.Object, java.lang.Object, java.lang.Object)'> (0x00000006ced978e0) 
thrown [src/hotspot/share/interpreter/linkResolver.cpp, line 790]
Event: 0.580 Thread 0x000000014c809400 Exception <a 'java/lang/NoSuchMethodError'{0x00000006cea218f8}: 'java.lang.Object java.lang.invoke.DirectMethodHandle$Holder.newInvokeSpecial(java.lang.Object, java.lang.Object, int)'> (0x00000006cea218f8) 
thrown [src/hotspot/share/interpreter/linkResolver.cpp, line 790]
Event: 0.645 Thread 0x000000014c81ca00 Exception <a 'java/lang/NoSuchMethodError'{0x00000006cf64d2d0}: 'int java.lang.invoke.DirectMethodHandle$Holder.invokeStaticInit(java.lang.Object, java.lang.Object)'> (0x00000006cf64d2d0) 
thrown [src/hotspot/share/interpreter/linkResolver.cpp, line 790]
Event: 0.671 Thread 0x000000014c81ca00 Exception <a 'java/lang/NoSuchMethodError'{0x00000006ceaefed8}: 'java.lang.Object java.lang.invoke.DirectMethodHandle$Holder.invokeStatic(java.lang.Object, double)'> (0x00000006ceaefed8) 
thrown [src/hotspot/share/interpreter/linkResolver.cpp, line 790]
Event: 2.474 Thread 0x000000014c809400 Exception <a 'java/lang/NoSuchMethodError'{0x00000006cfe8ba50}: 'long java.lang.invoke.DirectMethodHandle$Holder.invokeStatic(java.lang.Object, java.lang.Object)'> (0x00000006cfe8ba50) 
thrown [src/hotspot/share/interpreter/linkResolver.cpp, line 790]
Event: 2.475 Thread 0x000000014c809400 Exception <a 'java/lang/NoSuchMethodError'{0x00000006cfe92478}: 'java.lang.Object java.lang.invoke.DirectMethodHandle$Holder.invokeStatic(java.lang.Object, int)'> (0x00000006cfe92478) 
thrown [src/hotspot/share/interpreter/linkResolver.cpp, line 790]
Event: 2.479 Thread 0x000000014c809400 Exception <a 'java/lang/NoSuchMethodError'{0x00000006cfe9c5c8}: 'long java.lang.invoke.DirectMethodHandle$Holder.invokeStatic(java.lang.Object, java.lang.Object, java.lang.Object)'> (0x00000006cfe9c5c8) 
thrown [src/hotspot/share/interpreter/linkResolver.cpp, line 790]
Event: 2.479 Thread 0x000000014c809400 Exception <a 'java/lang/NoSuchMethodError'{0x00000006cfe9fc10}: 'long java.lang.invoke.DirectMethodHandle$Holder.invokeStaticInit(java.lang.Object, java.lang.Object, java.lang.Object)'> (0x00000006cfe9fc10) 
thrown [src/hotspot/share/interpreter/linkResolver.cpp, line 790]
Event: 2.480 Thread 0x000000014c809400 Exception <a 'java/lang/NoSuchMethodError'{0x00000006cffd2ac0}: 'java.lang.Object java.lang.invoke.DirectMethodHandle$Holder.newInvokeSpecial(java.lang.Object, java.lang.Object, long)'> (0x00000006cffd2ac0) 
thrown [src/hotspot/share/interpreter/linkResolver.cpp, line 790]
Event: 2.480 Thread 0x000000014c809400 Exception <a 'java/lang/NoSuchMethodError'{0x00000006cffd6458}: 'java.lang.Object java.lang.invoke.Invokers$Holder.linkToTargetMethod(java.lang.Object, long, java.lang.Object)'> (0x00000006cffd6458) 
thrown [src/hotspot/share/interpreter/linkResolver.cpp, line 790]

Events (20 events):
Event: 2.477 loading class java/util/stream/Nodes$LongArrayNode done
Event: 2.477 loading class java/util/stream/Nodes$LongFixedNodeBuilder done
Event: 2.477 loading class java/util/stream/ReferencePipeline$5$1
Event: 2.477 loading class java/util/stream/ReferencePipeline$5$1 done
Event: 2.492 loading class jdk/internal/reflect/BootstrapConstructorAccessorImpl
Event: 2.492 loading class jdk/internal/reflect/BootstrapConstructorAccessorImpl done
Event: 2.631 Executing  VM operation: ICBufferFull
Event: 2.631 Executing  VM operation: ICBufferFull done
Event: 3.131 Executing  VM operation: ICBufferFull
Event: 3.131 Executing  VM operation: ICBufferFull done
Event: 3.622 Executing  VM operation: ICBufferFull
Event: 3.623 Executing  VM operation: ICBufferFull done
Event: 4.188 Executing  VM operation: ICBufferFull
Event: 4.188 Executing  VM operation: ICBufferFull done
Event: 5.189 Executing  VM operation: Cleanup
Event: 5.190 Executing  VM operation: Cleanup done
Event: 6.195 Executing  VM operation: Cleanup
Event: 6.195 Executing  VM operation: Cleanup done
Event: 7.199 Executing  VM operation: Cleanup
Event: 7.199 Executing  VM operation: Cleanup done


Dynamic libraries:
0x00000001044b8000 	/Library/Java/JavaVirtualMachines/liberica-jdk-16-full.jdk/Contents/Home/lib/libjli.dylib
0x00000001bcfd6000 	/usr/lib/libz.1.dylib
0x00000001bd086000 	/usr/lib/libSystem.B.dylib
0x00000001bd080000 	/usr/lib/system/libcache.dylib
0x00000001bd03e000 	/usr/lib/system/libcommonCrypto.dylib
0x00000001bd067000 	/usr/lib/system/libcompiler_rt.dylib
0x00000001bd05e000 	/usr/lib/system/libcopyfile.dylib
0x00000001b238a000 	/usr/lib/system/libcorecrypto.dylib
0x00000001b242f000 	/usr/lib/system/libdispatch.dylib
0x00000001b25f7000 	/usr/lib/system/libdyld.dylib
0x00000001bd076000 	/usr/lib/system/libkeymgr.dylib
0x00000001bd020000 	/usr/lib/system/libmacho.dylib
0x00000001bc72c000 	/usr/lib/system/libquarantine.dylib
0x00000001bd073000 	/usr/lib/system/libremovefile.dylib
0x00000001b7779000 	/usr/lib/system/libsystem_asl.dylib
0x00000001b2334000 	/usr/lib/system/libsystem_blocks.dylib
0x00000001b24b5000 	/usr/lib/system/libsystem_c.dylib
0x00000001bd06b000 	/usr/lib/system/libsystem_collections.dylib
0x00000001bbb89000 	/usr/lib/system/libsystem_configuration.dylib
0x00000001bae0f000 	/usr/lib/system/libsystem_containermanager.dylib
0x00000001bcd8a000 	/usr/lib/system/libsystem_coreservices.dylib
0x00000001b4d1c000 	/usr/lib/system/libsystem_darwin.dylib
0x00000001bd077000 	/usr/lib/system/libsystem_dnssd.dylib
0x00000001b24b2000 	/usr/lib/system/libsystem_featureflags.dylib
0x00000001b260c000 	/usr/lib/system/libsystem_info.dylib
0x00000001bcfe8000 	/usr/lib/system/libsystem_m.dylib
0x00000001b2404000 	/usr/lib/system/libsystem_malloc.dylib
0x00000001b770a000 	/usr/lib/system/libsystem_networkextension.dylib
0x00000001b516f000 	/usr/lib/system/libsystem_notify.dylib
0x00000001c3253000 	/usr/lib/system/libsystem_product_info_filter.dylib
0x00000001bbb8e000 	/usr/lib/system/libsystem_sandbox.dylib
0x00000001bd070000 	/usr/lib/system/libsystem_secinit.dylib
0x00000001b25b4000 	/usr/lib/system/libsystem_kernel.dylib
0x00000001b2604000 	/usr/lib/system/libsystem_platform.dylib
0x00000001b25ea000 	/usr/lib/system/libsystem_pthread.dylib
0x00000001b8eaf000 	/usr/lib/system/libsystem_symptoms.dylib
0x00000001b2370000 	/usr/lib/system/libsystem_trace.dylib
0x00000001bd04b000 	/usr/lib/system/libunwind.dylib
0x00000001b2336000 	/usr/lib/system/libxpc.dylib
0x00000001b259a000 	/usr/lib/libc++abi.dylib
0x00000001b2476000 	/usr/lib/libobjc.A.dylib
0x00000001bd056000 	/usr/lib/liboah.dylib
0x00000001b2536000 	/usr/lib/libc++.1.dylib
0x00000001c8c30000 	/System/Library/Frameworks/Cocoa.framework/Versions/A/Cocoa
0x00000001b51ce000 	/System/Library/Frameworks/AppKit.framework/Versions/C/AppKit
0x00000001b86f0000 	/System/Library/Frameworks/CoreData.framework/Versions/A/CoreData
0x00000001b352f000 	/System/Library/Frameworks/Foundation.framework/Versions/C/Foundation
0x00000001b6080000 	/System/Library/PrivateFrameworks/UIFoundation.framework/Versions/A/UIFoundation
0x00000001c2f4d000 	/System/Library/PrivateFrameworks/RemoteViewServices.framework/Versions/A/RemoteViewServices
0x00000001bb548000 	/System/Library/PrivateFrameworks/XCTTargetBootstrap.framework/Versions/A/XCTTargetBootstrap
0x00000001bed88000 	/System/Library/PrivateFrameworks/InternationalSupport.framework/Versions/A/InternationalSupport
0x00000001bee11000 	/System/Library/PrivateFrameworks/UserActivity.framework/Versions/A/UserActivity
0x00000001be2b3000 	/usr/lib/libspindump.dylib
0x00000001b62f0000 	/System/Library/Frameworks/UniformTypeIdentifiers.framework/Versions/A/UniformTypeIdentifiers
0x00000001b9ad6000 	/usr/lib/libapp_launch_measurement.dylib
0x00000001b9053000 	/System/Library/PrivateFrameworks/CoreAnalytics.framework/Versions/A/CoreAnalytics
0x00000001b9ad9000 	/System/Library/PrivateFrameworks/CoreAutoLayout.framework/Versions/A/CoreAutoLayout
0x00000001bae4c000 	/System/Library/Frameworks/Metal.framework/Versions/A/Metal
0x00000001bbb99000 	/usr/lib/liblangid.dylib
0x00000001bb54c000 	/System/Library/PrivateFrameworks/CoreSVG.framework/Versions/A/CoreSVG
0x00000001b77ad000 	/System/Library/PrivateFrameworks/SkyLight.framework/Versions/A/SkyLight
0x00000001b7b75000 	/System/Library/Frameworks/CoreGraphics.framework/Versions/A/CoreGraphics
0x00000001c35c6000 	/System/Library/Frameworks/Accelerate.framework/Versions/A/Accelerate
0x00000001bdd28000 	/System/Library/PrivateFrameworks/IconServices.framework/Versions/A/IconServices
0x00000001bae2e000 	/System/Library/Frameworks/IOSurface.framework/Versions/A/IOSurface
0x00000001b9083000 	/usr/lib/libDiagnosticMessagesClient.dylib
0x00000001c69fe000 	/System/Library/Frameworks/ApplicationServices.framework/Versions/A/ApplicationServices
0x00000001bb530000 	/System/Library/PrivateFrameworks/DFRFoundation.framework/Versions/A/DFRFoundation
0x00000001b4a71000 	/usr/lib/libicucore.A.dylib
0x00000001bfb85000 	/System/Library/Frameworks/AudioToolbox.framework/Versions/A/AudioToolbox
0x00000001bed94000 	/System/Library/PrivateFrameworks/DataDetectorsCore.framework/Versions/A/DataDetectorsCore
0x00000001d4db0000 	/System/Library/PrivateFrameworks/TextInput.framework/Versions/A/TextInput
0x00000001b7724000 	/usr/lib/libMobileGestalt.dylib
0x00000001bb200000 	/System/Library/Frameworks/Carbon.framework/Versions/A/Frameworks/HIToolbox.framework/Versions/A/HIToolbox
0x00000001b94e0000 	/System/Library/Frameworks/QuartzCore.framework/Versions/A/QuartzCore
0x00000001b46ee000 	/System/Library/Frameworks/Security.framework/Versions/A/Security
0x00000001c2f8d000 	/System/Library/Frameworks/Carbon.framework/Versions/A/Frameworks/SpeechRecognition.framework/Versions/A/SpeechRecognition
0x00000001b982d000 	/System/Library/PrivateFrameworks/CoreUI.framework/Versions/A/CoreUI
0x00000001b3fc1000 	/System/Library/Frameworks/CoreAudio.framework/Versions/A/CoreAudio
0x00000001b9173000 	/System/Library/Frameworks/DiskArbitration.framework/Versions/A/DiskArbitration
0x00000001be69b000 	/System/Library/PrivateFrameworks/MultitouchSupport.framework/Versions/A/MultitouchSupport
0x00000001b7722000 	/usr/lib/libenergytrace.dylib
0x00000001b509a000 	/System/Library/Frameworks/IOKit.framework/Versions/A/IOKit
0x00000001c3374000 	/System/Library/Frameworks/CoreServices.framework/Versions/A/CoreServices
0x00000001b9a66000 	/System/Library/PrivateFrameworks/PerformanceAnalysis.framework/Versions/A/PerformanceAnalysis
0x00000002135d5000 	/System/Library/Frameworks/OpenGL.framework/Versions/A/OpenGL
0x00000001bc64c000 	/System/Library/PrivateFrameworks/MobileKeyBag.framework/Versions/A/MobileKeyBag
0x00000001b8185000 	/System/Library/Frameworks/ColorSync.framework/Versions/A/ColorSync
0x00000001b2638000 	/System/Library/Frameworks/CoreFoundation.framework/Versions/A/CoreFoundation
0x00000001bb7cd000 	/System/Library/Frameworks/CoreImage.framework/Versions/A/CoreImage
0x00000001b3de4000 	/System/Library/Frameworks/CoreText.framework/Versions/A/CoreText
0x00000001bb57c000 	/System/Library/Frameworks/ImageIO.framework/Versions/A/ImageIO
0x00000001bd08c000 	/System/Library/PrivateFrameworks/SoftLinking.framework/Versions/A/SoftLinking
0x00000001b9b23000 	/usr/lib/libxml2.2.dylib
0x00000001bd324000 	/usr/lib/libcompression.dylib
0x00000001bece1000 	/System/Library/PrivateFrameworks/TextureIO.framework/Versions/A/TextureIO
0x00000001bda42000 	/usr/lib/libate.dylib
0x00000001bd90a000 	/usr/lib/liblzma.5.dylib
0x00000001b3220000 	/System/Library/Frameworks/SystemConfiguration.framework/Versions/A/SystemConfiguration
0x00000001bd088000 	/usr/lib/libfakelink.dylib
0x00000001b7252000 	/System/Library/Frameworks/CFNetwork.framework/Versions/A/CFNetwork
0x00000001bd1cf000 	/usr/lib/libarchive.2.dylib
0x00000001bbb95000 	/System/Library/PrivateFrameworks/AppleSystemInfo.framework/Versions/A/AppleSystemInfo
0x00000001bc756000 	/usr/lib/libbsm.0.dylib
0x00000001b678f000 	/usr/lib/libnetwork.dylib
0x00000001bd026000 	/usr/lib/system/libkxld.dylib
0x00000001bc36e000 	/System/Library/PrivateFrameworks/IOMobileFramebuffer.framework/Versions/A/IOMobileFramebuffer
0x000000022ef00000 	/usr/lib/libCoreEntitlements.dylib
0x00000001bcd6c000 	/System/Library/PrivateFrameworks/AppleFSCompression.framework/Versions/A/AppleFSCompression
0x00000001bc73f000 	/usr/lib/libcoretls.dylib
0x00000001bd923000 	/usr/lib/libcoretls_cfhelpers.dylib
0x00000001bd31f000 	/usr/lib/libpam.2.dylib
0x00000001b8ad7000 	/usr/lib/libsqlite3.dylib
0x00000001bd98b000 	/usr/lib/libxar.1.dylib
0x00000001bcd7d000 	/usr/lib/libbz2.1.0.dylib
0x00000001bd08d000 	/usr/lib/libpcap.A.dylib
0x00000001b8ea6000 	/usr/lib/libdns_services.dylib
0x00000001bd2f2000 	/usr/lib/libapple_nghttp2.dylib
0x00000001bd0ca000 	/usr/lib/libiconv.2.dylib
0x00000001bd01f000 	/usr/lib/libcharset.1.dylib
0x00000001b9aa2000 	/System/Library/Frameworks/CoreServices.framework/Versions/A/Frameworks/FSEvents.framework/Versions/A/FSEvents
0x00000001b4d27000 	/System/Library/Frameworks/CoreServices.framework/Versions/A/Frameworks/CarbonCore.framework/Versions/A/CarbonCore
0x00000001b90d6000 	/System/Library/Frameworks/CoreServices.framework/Versions/A/Frameworks/Metadata.framework/Versions/A/Metadata
0x00000001bcd90000 	/System/Library/Frameworks/CoreServices.framework/Versions/A/Frameworks/OSServices.framework/Versions/A/OSServices
0x00000001bd254000 	/System/Library/Frameworks/CoreServices.framework/Versions/A/Frameworks/SearchKit.framework/Versions/A/SearchKit
0x00000001b8e34000 	/System/Library/Frameworks/CoreServices.framework/Versions/A/Frameworks/AE.framework/Versions/A/AE
0x00000001b2b7c000 	/System/Library/Frameworks/CoreServices.framework/Versions/A/Frameworks/LaunchServices.framework/Versions/A/LaunchServices
0x00000001bd8b3000 	/System/Library/Frameworks/CoreServices.framework/Versions/A/Frameworks/DictionaryServices.framework/Versions/A/DictionaryServices
0x00000001b9aaf000 	/System/Library/Frameworks/CoreServices.framework/Versions/A/Frameworks/SharedFileList.framework/Versions/A/SharedFileList
0x00000001bc72f000 	/usr/lib/libCheckFix.dylib
0x00000001b7791000 	/System/Library/PrivateFrameworks/TCC.framework/Versions/A/TCC
0x00000001bbb9b000 	/System/Library/PrivateFrameworks/CoreNLP.framework/Versions/A/CoreNLP
0x00000001b9086000 	/System/Library/PrivateFrameworks/MetadataUtilities.framework/Versions/A/MetadataUtilities
0x00000001b32d9000 	/usr/lib/libmecabra.dylib
0x00000001bc767000 	/usr/lib/libmecab.dylib
0x00000001b32a5000 	/usr/lib/libCRFSuite.dylib
0x00000001bc7c5000 	/usr/lib/libgermantok.dylib
0x00000001bd2cb000 	/usr/lib/libThaiTokenizer.dylib
0x00000001b917b000 	/System/Library/Frameworks/Accelerate.framework/Versions/A/Frameworks/vImage.framework/Versions/A/vImage
0x00000001c334b000 	/System/Library/Frameworks/Accelerate.framework/Versions/A/Frameworks/vecLib.framework/Versions/A/vecLib
0x00000001bd9cf000 	/System/Library/Frameworks/Accelerate.framework/Versions/A/Frameworks/vecLib.framework/Versions/A/libvMisc.dylib
0x00000001bc278000 	/System/Library/Frameworks/Accelerate.framework/Versions/A/Frameworks/vecLib.framework/Versions/A/libvDSP.dylib
0x00000001b2eff000 	/System/Library/Frameworks/Accelerate.framework/Versions/A/Frameworks/vecLib.framework/Versions/A/libBLAS.dylib
0x00000001bd3f3000 	/System/Library/Frameworks/Accelerate.framework/Versions/A/Frameworks/vecLib.framework/Versions/A/libLAPACK.dylib
0x00000001bc7c8000 	/System/Library/Frameworks/Accelerate.framework/Versions/A/Frameworks/vecLib.framework/Versions/A/libLinearAlgebra.dylib
0x00000001bd30a000 	/System/Library/Frameworks/Accelerate.framework/Versions/A/Frameworks/vecLib.framework/Versions/A/libSparseBLAS.dylib
0x00000001bd3ee000 	/System/Library/Frameworks/Accelerate.framework/Versions/A/Frameworks/vecLib.framework/Versions/A/libQuadrature.dylib
0x00000001bbc92000 	/System/Library/Frameworks/Accelerate.framework/Versions/A/Frameworks/vecLib.framework/Versions/A/libBNNS.dylib
0x00000001b31bd000 	/System/Library/Frameworks/Accelerate.framework/Versions/A/Frameworks/vecLib.framework/Versions/A/libSparse.dylib
0x00000001bbc8a000 	/System/Library/PrivateFrameworks/LinguisticData.framework/Versions/A/LinguisticData
0x00000001b3173000 	/System/Library/PrivateFrameworks/Lexicon.framework/Versions/A/Lexicon
0x00000001bd9c7000 	/usr/lib/libChineseTokenizer.dylib
0x00000001b391d000 	/System/Library/PrivateFrameworks/LanguageModeling.framework/Versions/A/LanguageModeling
0x00000001bd2cd000 	/System/Library/PrivateFrameworks/AppleSauce.framework/Versions/A/AppleSauce
0x00000001bc35b000 	/System/Library/PrivateFrameworks/CoreEmoji.framework/Versions/A/CoreEmoji
0x00000001bd1bd000 	/usr/lib/libcmph.dylib
0x00000001b9a82000 	/System/Library/Frameworks/OpenDirectory.framework/Versions/A/Frameworks/CFOpenDirectory.framework/Versions/A/CFOpenDirectory
0x00000001b9a72000 	/System/Library/Frameworks/OpenDirectory.framework/Versions/A/OpenDirectory
0x00000001bd925000 	/System/Library/PrivateFrameworks/APFS.framework/Versions/A/APFS
0x00000001bc687000 	/System/Library/Frameworks/SecurityFoundation.framework/Versions/A/SecurityFoundation
0x00000001bd999000 	/usr/lib/libutil.dylib
0x00000001b505c000 	/System/Library/PrivateFrameworks/CoreServicesStore.framework/Versions/A/CoreServicesStore
0x00000001bd99d000 	/usr/lib/libxslt.1.dylib
0x00000001bc71b000 	/System/Library/PrivateFrameworks/BackgroundTaskManagement.framework/Versions/A/BackgroundTaskManagement
0x00000001bec02000 	/System/Library/Frameworks/ImageIO.framework/Versions/A/Resources/libRadiance.dylib
0x00000001bec0b000 	/System/Library/Frameworks/ImageIO.framework/Versions/A/Resources/libJPEG.dylib
0x00000001beb5d000 	/System/Library/Frameworks/ImageIO.framework/Versions/A/Resources/libPng.dylib
0x00000001beb7f000 	/System/Library/Frameworks/ImageIO.framework/Versions/A/Resources/libTIFF.dylib
0x00000001bec66000 	/System/Library/Frameworks/ImageIO.framework/Versions/A/Resources/libGIF.dylib
0x00000001be5ab000 	/System/Library/Frameworks/ImageIO.framework/Versions/A/Resources/libJP2.dylib
0x00000001bdcee000 	/usr/lib/libexpat.1.dylib
0x00000001be566000 	/System/Library/PrivateFrameworks/AppleJPEG.framework/Versions/A/AppleJPEG
0x00000001bb0bf000 	/System/Library/PrivateFrameworks/FontServices.framework/libFontParser.dylib
0x00000001b8dd9000 	/System/Library/PrivateFrameworks/RunningBoardServices.framework/Versions/A/RunningBoardServices
0x00000001c929b000 	/System/Library/PrivateFrameworks/IOSurfaceAccelerator.framework/Versions/A/IOSurfaceAccelerator
0x00000001be697000 	/System/Library/PrivateFrameworks/WatchdogClient.framework/Versions/A/WatchdogClient
0x00000001b3a21000 	/System/Library/Frameworks/CoreDisplay.framework/Versions/A/CoreDisplay
0x00000001bafae000 	/System/Library/Frameworks/CoreMedia.framework/Versions/A/CoreMedia
0x00000001bae42000 	/System/Library/PrivateFrameworks/IOAccelerator.framework/Versions/A/IOAccelerator
0x00000001b9c10000 	/System/Library/Frameworks/CoreVideo.framework/Versions/A/CoreVideo
0x00000001bd31d000 	/System/Library/Frameworks/MetalPerformanceShaders.framework/Versions/A/MetalPerformanceShaders
0x00000001be6d4000 	/System/Library/Frameworks/VideoToolbox.framework/Versions/A/VideoToolbox
0x00000001b8d1d000 	/System/Library/PrivateFrameworks/BaseBoard.framework/Versions/A/BaseBoard
0x00000001b8abc000 	/System/Library/PrivateFrameworks/ProtocolBuffer.framework/Versions/A/ProtocolBuffer
0x00000001bebfd000 	/System/Library/PrivateFrameworks/GPUWrangler.framework/Versions/A/GPUWrangler
0x00000001bebdc000 	/System/Library/PrivateFrameworks/IOPresentment.framework/Versions/A/IOPresentment
0x00000001bec05000 	/System/Library/PrivateFrameworks/DSExternalDisplay.framework/Versions/A/DSExternalDisplay
0x00000002135c8000 	/System/Library/Frameworks/OpenGL.framework/Versions/A/Libraries/libCoreFSCache.dylib
0x000000021cce2000 	/System/Library/PrivateFrameworks/GPUCompiler.framework/Versions/31001/Libraries/libGPUCompilerUtils.dylib
0x00000001bec6b000 	/System/Library/PrivateFrameworks/CMCaptureCore.framework/Versions/A/CMCaptureCore
0x00000001be2a1000 	/System/Library/PrivateFrameworks/AppServerSupport.framework/Versions/A/AppServerSupport
0x00000001c0440000 	/System/Library/PrivateFrameworks/perfdata.framework/Versions/A/perfdata
0x00000001b3b41000 	/System/Library/PrivateFrameworks/AudioToolboxCore.framework/Versions/A/AudioToolboxCore
0x00000001baf86000 	/System/Library/PrivateFrameworks/caulk.framework/Versions/A/caulk
0x00000001bfd35000 	/usr/lib/libAudioStatistics.dylib
0x00000001d154e000 	/System/Library/PrivateFrameworks/SystemPolicy.framework/Versions/A/SystemPolicy
0x00000001bff95000 	/usr/lib/libSMC.dylib
0x00000001c8b12000 	/System/Library/Frameworks/CoreMIDI.framework/Versions/A/CoreMIDI
0x00000001beb2b000 	/usr/lib/libAudioToolboxUtility.dylib
0x00000001cd9f4000 	/System/Library/PrivateFrameworks/OSAServicesClient.framework/Versions/A/OSAServicesClient
0x00000001c044d000 	/usr/lib/libperfcheck.dylib
0x00000001d2051000 	/usr/lib/libmis.dylib
0x0000000213629000 	/System/Library/Frameworks/OpenGL.framework/Versions/A/Libraries/libGLU.dylib
0x00000002135e8000 	/System/Library/Frameworks/OpenGL.framework/Versions/A/Libraries/libGFXShared.dylib
0x00000002137d2000 	/System/Library/Frameworks/OpenGL.framework/Versions/A/Libraries/libGL.dylib
0x00000002135f1000 	/System/Library/Frameworks/OpenGL.framework/Versions/A/Libraries/libGLImage.dylib
0x00000002135e5000 	/System/Library/Frameworks/OpenGL.framework/Versions/A/Libraries/libCVMSPluginSupport.dylib
0x00000002135cf000 	/System/Library/Frameworks/OpenGL.framework/Versions/A/Libraries/libCoreVMClient.dylib
0x00000001bbb17000 	/System/Library/Frameworks/MetalPerformanceShaders.framework/Versions/A/Frameworks/MPSCore.framework/Versions/A/MPSCore
0x00000001bccdf000 	/System/Library/Frameworks/MetalPerformanceShaders.framework/Versions/A/Frameworks/MPSImage.framework/Versions/A/MPSImage
0x00000001bc7dd000 	/System/Library/Frameworks/MetalPerformanceShaders.framework/Versions/A/Frameworks/MPSNeuralNetwork.framework/Versions/A/MPSNeuralNetwork
0x00000001bcc1a000 	/System/Library/Frameworks/MetalPerformanceShaders.framework/Versions/A/Frameworks/MPSMatrix.framework/Versions/A/MPSMatrix
0x00000001bc9f5000 	/System/Library/Frameworks/MetalPerformanceShaders.framework/Versions/A/Frameworks/MPSRayIntersector.framework/Versions/A/MPSRayIntersector
0x00000001bcc4b000 	/System/Library/Frameworks/MetalPerformanceShaders.framework/Versions/A/Frameworks/MPSNDArray.framework/Versions/A/MPSNDArray
0x00000002152e4000 	/System/Library/Frameworks/MetalPerformanceShaders.framework/Versions/A/Frameworks/MPSFunctions.framework/Versions/A/MPSFunctions
0x00000001b2ddd000 	/System/Library/PrivateFrameworks/MetalTools.framework/Versions/A/MetalTools
0x00000001bbb93000 	/System/Library/PrivateFrameworks/AggregateDictionary.framework/Versions/A/AggregateDictionary
0x00000001bdad4000 	/usr/lib/libIOReport.dylib
0x00000001c7b00000 	/System/Library/PrivateFrameworks/ASEProcessing.framework/Versions/A/ASEProcessing
0x00000001bde46000 	/System/Library/PrivateFrameworks/FaceCore.framework/Versions/A/FaceCore
0x00000001bde38000 	/System/Library/PrivateFrameworks/GraphVisualizer.framework/Versions/A/GraphVisualizer
0x000000021cbf9000 	/System/Library/PrivateFrameworks/FontServices.framework/Versions/A/FontServices
0x00000001be25b000 	/System/Library/PrivateFrameworks/OTSVG.framework/Versions/A/OTSVG
0x00000001b97de000 	/System/Library/Frameworks/ApplicationServices.framework/Versions/A/Frameworks/ATS.framework/Versions/A/Resources/libFontRegistry.dylib
0x00000001be2aa000 	/System/Library/PrivateFrameworks/FontServices.framework/libhvf.dylib
0x000000021cbfa000 	/System/Library/PrivateFrameworks/FontServices.framework/libXTFontStaticRegistryData.dylib
0x0000000213974000 	/System/Library/Frameworks/OpenCL.framework/Versions/A/OpenCL
0x00000001bdca2000 	/System/Library/PrivateFrameworks/AppleVA.framework/Versions/A/AppleVA
0x00000001bfd5d000 	/System/Library/Frameworks/ApplicationServices.framework/Versions/A/Frameworks/ATS.framework/Versions/A/ATS
0x00000001b8282000 	/System/Library/Frameworks/ApplicationServices.framework/Versions/A/Frameworks/HIServices.framework/Versions/A/HIServices
0x00000001bec75000 	/System/Library/Frameworks/ApplicationServices.framework/Versions/A/Frameworks/PrintCore.framework/Versions/A/PrintCore
0x00000001c00e8000 	/System/Library/Frameworks/ApplicationServices.framework/Versions/A/Frameworks/QD.framework/Versions/A/QD
0x00000001c00e0000 	/System/Library/Frameworks/ApplicationServices.framework/Versions/A/Frameworks/ColorSyncLegacy.framework/Versions/A/ColorSyncLegacy
0x00000001bfd49000 	/System/Library/Frameworks/ApplicationServices.framework/Versions/A/Frameworks/SpeechSynthesis.framework/Versions/A/SpeechSynthesis
0x00000001bec36000 	/System/Library/Frameworks/ApplicationServices.framework/Versions/A/Frameworks/ATSUI.framework/Versions/A/ATSUI
0x00000001c0075000 	/usr/lib/libcups.2.dylib
0x00000001c045b000 	/System/Library/Frameworks/Kerberos.framework/Versions/A/Kerberos
0x00000001c046c000 	/System/Library/Frameworks/GSS.framework/Versions/A/GSS
0x00000001bfdcc000 	/usr/lib/libresolv.9.dylib
0x00000001be2b8000 	/System/Library/PrivateFrameworks/Heimdal.framework/Versions/A/Heimdal
0x00000001c6d74000 	/System/Library/Frameworks/Kerberos.framework/Versions/A/Libraries/libHeimdalProxy.dylib
0x00000001b8eb8000 	/System/Library/Frameworks/Network.framework/Versions/A/Network
0x00000001bdd09000 	/usr/lib/libheimdal-asn1.dylib
0x00000001c04b2000 	/System/Library/PrivateFrameworks/CommonAuth.framework/Versions/A/CommonAuth
0x00000001bfcc3000 	/System/Library/PrivateFrameworks/AudioSession.framework/Versions/A/AudioSession
0x00000001bdd9a000 	/System/Library/PrivateFrameworks/MediaExperience.framework/Versions/A/MediaExperience
0x00000001bfb4b000 	/System/Library/PrivateFrameworks/AudioSession.framework/libSessionUtility.dylib
0x00000001c00f4000 	/System/Library/PrivateFrameworks/AudioResourceArbitration.framework/Versions/A/AudioResourceArbitration
0x00000001bdd12000 	/System/Library/PrivateFrameworks/IconFoundation.framework/Versions/A/IconFoundation
0x00000001c2f79000 	/System/Library/PrivateFrameworks/SpeechRecognitionCore.framework/Versions/A/SpeechRecognitionCore
0x0000000105584000 	/Library/Java/JavaVirtualMachines/liberica-jdk-16-full.jdk/Contents/Home/lib/server/libjvm.dylib
0x000000010451c000 	/Library/Java/JavaVirtualMachines/liberica-jdk-16-full.jdk/Contents/Home/lib/libjimage.dylib
0x0000000104548000 	/Library/Java/JavaVirtualMachines/liberica-jdk-16-full.jdk/Contents/Home/lib/libinstrument.dylib
0x000000010466c000 	/Library/Java/JavaVirtualMachines/liberica-jdk-16-full.jdk/Contents/Home/lib/libjava.dylib
0x0000000105100000 	/Library/Java/JavaVirtualMachines/liberica-jdk-16-full.jdk/Contents/Home/lib/libnio.dylib
0x0000000105144000 	/Library/Java/JavaVirtualMachines/liberica-jdk-16-full.jdk/Contents/Home/lib/libnet.dylib
0x00000001050e0000 	/Library/Java/JavaVirtualMachines/liberica-jdk-16-full.jdk/Contents/Home/lib/libzip.dylib
0x0000000105120000 	/Library/Java/JavaVirtualMachines/liberica-jdk-16-full.jdk/Contents/Home/lib/libprism_es2.dylib
0x00000001b501f000 	/System/Library/PrivateFrameworks/CoreServicesInternal.framework/Versions/A/CoreServicesInternal
0x00000002137dc000 	/System/Library/Frameworks/OpenGL.framework/Versions/A/Resources/GLEngine.bundle/GLEngine
0x0000000213663000 	/System/Library/Frameworks/OpenGL.framework/Versions/A/Libraries/libGLProgrammability.dylib
0x000000010533c000 	/System/Library/Extensions/AppleMetalOpenGLRenderer.bundle/Contents/MacOS/AppleMetalOpenGLRenderer
0x000000021394b000 	/System/Library/Frameworks/OpenGL.framework/Versions/A/Resources/GLRendererFloat.bundle/GLRendererFloat
0x00000002139ec000 	/System/Library/Extensions/AGXMetal13_3.bundle/Contents/MacOS/AGXMetal13_3
0x00000001d206d000 	/System/Library/PrivateFrameworks/GPURawCounter.framework/Versions/A/GPURawCounter
0x00000001ccb42000 	/System/Library/PrivateFrameworks/IOGPU.framework/Versions/A/IOGPU
0x0000000105438000 	/Library/Java/JavaVirtualMachines/liberica-jdk-16-full.jdk/Contents/Home/lib/libglass.dylib
0x00000001c4419000 	/System/Library/Frameworks/FileProvider.framework/Versions/A/FileProvider
0x00000001b8c85000 	/System/Library/Frameworks/Accounts.framework/Versions/A/Accounts
0x00000001c4599000 	/System/Library/PrivateFrameworks/GenerationalStorage.framework/Versions/A/GenerationalStorage
0x00000001c5149000 	/System/Library/PrivateFrameworks/CoreSymbolication.framework/Versions/A/CoreSymbolication
0x00000001c41b9000 	/System/Library/PrivateFrameworks/SymptomDiagnosticReporter.framework/Versions/A/SymptomDiagnosticReporter
0x00000001b6304000 	/System/Library/PrivateFrameworks/DesktopServicesPriv.framework/Versions/A/DesktopServicesPriv
0x00000001b517e000 	/usr/lib/libsandbox.1.dylib
0x00000001b9c9c000 	/System/Library/PrivateFrameworks/UserManagement.framework/Versions/A/UserManagement
0x00000001c510a000 	/System/Library/PrivateFrameworks/DebugSymbols.framework/Versions/A/DebugSymbols
0x00000001c00d3000 	/System/Library/PrivateFrameworks/NetAuth.framework/Versions/A/NetAuth
0x00000001c0fd1000 	/System/Library/PrivateFrameworks/Sharing.framework/Versions/A/Sharing
0x00000001b9c6c000 	/System/Library/PrivateFrameworks/login.framework/Versions/A/Frameworks/loginsupport.framework/Versions/A/loginsupport
0x00000001c62ba000 	/System/Library/PrivateFrameworks/Apple80211.framework/Versions/A/Apple80211
0x00000001bcdc3000 	/System/Library/PrivateFrameworks/AuthKit.framework/Versions/A/AuthKit
0x00000001bc45a000 	/System/Library/PrivateFrameworks/CoreUtils.framework/Versions/A/CoreUtils
0x00000001bc37a000 	/System/Library/Frameworks/CoreWLAN.framework/Versions/A/CoreWLAN
0x00000001c113a000 	/System/Library/Frameworks/IOBluetooth.framework/Versions/A/IOBluetooth
0x00000001c631a000 	/System/Library/PrivateFrameworks/CoreWiFi.framework/Versions/A/CoreWiFi
0x00000001c4cf1000 	/System/Library/PrivateFrameworks/FrontBoardServices.framework/Versions/A/FrontBoardServices
0x00000001c4d89000 	/System/Library/PrivateFrameworks/BoardServices.framework/Versions/A/BoardServices
0x00000001bc675000 	/System/Library/PrivateFrameworks/AssertionServices.framework/Versions/A/AssertionServices
0x00000001c6488000 	/System/Library/PrivateFrameworks/BackBoardServices.framework/Versions/A/BackBoardServices
0x00000001c0545000 	/System/Library/PrivateFrameworks/CorePhoneNumbers.framework/Versions/A/CorePhoneNumbers
0x00000001c42e9000 	/System/Library/PrivateFrameworks/DiskManagement.framework/Versions/A/DiskManagement
0x00000001c41ec000 	/System/Library/PrivateFrameworks/AppleIDAuthSupport.framework/Versions/A/AppleIDAuthSupport
0x000000021757d000 	/System/Library/PrivateFrameworks/AAAFoundation.framework/Versions/A/AAAFoundation
0x00000001c0524000 	/System/Library/PrivateFrameworks/KeychainCircle.framework/Versions/A/KeychainCircle
0x00000001c42b5000 	/System/Library/PrivateFrameworks/MediaKit.framework/Versions/A/MediaKit
0x00000001c41f9000 	/System/Library/Frameworks/DiscRecording.framework/Versions/A/DiscRecording
0x00000001bdc1e000 	/usr/lib/libCoreStorage.dylib
0x00000001c6782000 	/usr/lib/libcsfde.dylib
0x00000001c120f000 	/System/Library/PrivateFrameworks/ProtectedCloudStorage.framework/Versions/A/ProtectedCloudStorage
0x00000001c677a000 	/System/Library/PrivateFrameworks/EFILogin.framework/Versions/A/EFILogin
0x00000001c45c0000 	/System/Library/PrivateFrameworks/OctagonTrust.framework/Versions/A/OctagonTrust
0x000000021be64000 	/System/Library/PrivateFrameworks/CoreUtilsExtras.framework/Versions/A/CoreUtilsExtras
0x00000001c412b000 	/System/Library/Frameworks/CoreBluetooth.framework/Versions/A/CoreBluetooth
0x00000001c6df9000 	/System/Library/Frameworks/AudioUnit.framework/Versions/A/AudioUnit
0x00000001bdc16000 	/usr/lib/libMatch.1.dylib
0x00000001d62d4000 	/System/Library/Frameworks/Accelerate.framework/Versions/A/Frameworks/vImage.framework/Versions/A/Libraries/libCGInterfaces.dylib
0x000000012c8e4000 	/usr/lib/libobjc-trampolines.dylib
0x00000001b996a000 	/System/Library/PrivateFrameworks/ViewBridge.framework/Versions/A/ViewBridge
0x000000012fd64000 	/Library/Java/JavaVirtualMachines/liberica-jdk-16-full.jdk/Contents/Home/lib/libjavafx_font.dylib
0x00000001be366000 	/System/Library/PrivateFrameworks/login.framework/Versions/A/login
0x000000022f07a000 	/usr/lib/libRosetta.dylib
0x0000000217c1c000 	/System/Library/PrivateFrameworks/AccessibilityBundles.framework/Versions/A/AccessibilityBundles


VM Arguments:
jvm_args: -javaagent:/Applications/IntelliJ IDEA.app/Contents/lib/idea_rt.jar=50934:/Applications/IntelliJ IDEA.app/Contents/bin -Dfile.encoding=UTF-8 --module-path=/Users/louislombard/Documents/Cours/4IF/TRUEAGILE/de/target/classes:/Users/louislombard/.m2/repository/org/openjfx/javafx-controls/17.0.1/javafx-controls-17.0.1.jar:/Users/louislombard/.m2/repository/org/openjfx/javafx-controls/17.0.1/javafx-controls-17.0.1-mac-aarch64.jar:/Users/louislombard/.m2/repository/org/openjfx/javafx-graphics/17.0.1/javafx-graphics-17.0.1.jar:/Users/louislombard/.m2/repository/org/openjfx/javafx-graphics/17.0.1/javafx-graphics-17.0.1-mac-aarch64.jar:/Users/louislombard/.m2/repository/org/openjfx/javafx-base/17.0.1/javafx-base-17.0.1.jar:/Users/louislombard/.m2/repository/org/openjfx/javafx-base/17.0.1/javafx-base-17.0.1-mac-aarch64.jar:/Users/louislombard/.m2/repository/org/openjfx/javafx-fxml/17.0.1/javafx-fxml-17.0.1.jar:/Users/louislombard/.m2/repository/org/openjfx/javafx-fxml/17.0.1/javafx-fxml-17.0.1-mac-aarch64.jar -Djdk.module.main=org.hexanome 
java_command: org.hexanome/org.hexanome.vue.App
java_class_path (initial): <not set>
Launcher Type: SUN_STANDARD

[Global flags]
     intx CICompilerCount                          = 4                                         {product} {ergonomic}
     uint ConcGCThreads                            = 2                                         {product} {ergonomic}
     uint G1ConcRefinementThreads                  = 8                                         {product} {ergonomic}
   size_t G1HeapRegionSize                         = 2097152                                   {product} {ergonomic}
    uintx GCDrainStackTargetSize                   = 64                                        {product} {ergonomic}
   size_t InitialHeapSize                          = 268435456                                 {product} {ergonomic}
   size_t MarkStackSize                            = 4194304                                   {product} {ergonomic}
   size_t MaxHeapSize                              = 4294967296                                {product} {ergonomic}
   size_t MaxNewSize                               = 2575302656                                {product} {ergonomic}
   size_t MinHeapDeltaBytes                        = 2097152                                   {product} {ergonomic}
   size_t MinHeapSize                              = 8388608                                   {product} {ergonomic}
    uintx NonNMethodCodeHeapSize                   = 5839564                                {pd product} {ergonomic}
    uintx NonProfiledCodeHeapSize                  = 122909338                              {pd product} {ergonomic}
    uintx ProfiledCodeHeapSize                     = 122909338                              {pd product} {ergonomic}
    uintx ReservedCodeCacheSize                    = 251658240                              {pd product} {ergonomic}
     bool SegmentedCodeCache                       = true                                      {product} {ergonomic}
   size_t SoftMaxHeapSize                          = 4294967296                             {manageable} {ergonomic}
     bool UseCompressedClassPointers               = true                           {product lp64_product} {ergonomic}
     bool UseCompressedOops                        = true                           {product lp64_product} {ergonomic}
     bool UseG1GC                                  = true                                      {product} {ergonomic}
     bool UseNUMA                                  = false                                     {product} {ergonomic}
     bool UseNUMAInterleaving                      = false                                     {product} {ergonomic}

Logging:
Log output configuration:
 #0: stdout all=warning uptime,level,tags
 #1: stderr all=off uptime,level,tags

Environment Variables:
PATH=/opt/homebrew/bin:/opt/homebrew/sbin:/usr/local/bin:/usr/bin:/bin:/usr/sbin:/sbin:/Library/Apple/usr/bin
SHELL=/bin/zsh
LC_CTYPE=fr_FR.UTF-8

Signal Handlers:
SIGSEGV: [libjvm.dylib+0x9bfc08], sa_mask[0]=11100110000111110111111111111111, sa_flags=SA_ONSTACK|SA_RESTART|SA_SIGINFO
SIGBUS: [libjvm.dylib+0x9bfc08], sa_mask[0]=11100110000111110111111111111111, sa_flags=SA_RESTART|SA_SIGINFO
SIGFPE: [libjvm.dylib+0x9bfc08], sa_mask[0]=11100110000111110111111111111111, sa_flags=SA_RESTART|SA_SIGINFO
SIGPIPE: [libjvm.dylib+0x8a7170], sa_mask[0]=11100110000111110111111111111111, sa_flags=SA_RESTART|SA_SIGINFO
SIGXFSZ: [libjvm.dylib+0x8a7170], sa_mask[0]=11100110000111110111111111111111, sa_flags=SA_RESTART|SA_SIGINFO
SIGILL: [libjvm.dylib+0x9bfc08], sa_mask[0]=11100110000111110111111111111111, sa_flags=SA_RESTART|SA_SIGINFO
SIGUSR2: [libjvm.dylib+0x8a7ba8], sa_mask[0]=00100000000000000000000000000000, sa_flags=SA_RESTART|SA_SIGINFO
SIGHUP: [libjvm.dylib+0x8a6220], sa_mask[0]=11100110000111110111111111111111, sa_flags=SA_RESTART|SA_SIGINFO
SIGINT: [libjvm.dylib+0x8a6220], sa_mask[0]=11100110000111110111111111111111, sa_flags=SA_RESTART|SA_SIGINFO
SIGTERM: [libjvm.dylib+0x8a6220], sa_mask[0]=11100110000111110111111111111111, sa_flags=SA_RESTART|SA_SIGINFO
SIGQUIT: [libjvm.dylib+0x8a6220], sa_mask[0]=11100110000111110111111111111111, sa_flags=SA_RESTART|SA_SIGINFO
SIGTRAP: [libjvm.dylib+0x9bfc08], sa_mask[0]=11100110000111110111111111111111, sa_flags=SA_RESTART|SA_SIGINFO


---------------  S Y S T E M  ---------------

OS:uname: Darwin 21.1.0 Darwin Kernel Version 21.1.0: Wed Oct 13 17:33:24 PDT 2021; root:xnu-8019.41.5~1/RELEASE_ARM64_T8101 arm64
OS uptime: 0 days 2:51 hours
rlimit (soft/hard): STACK 8176k/65520k , CORE 0k/infinity , NPROC 2666/4000 , NOFILE 10240/infinity , AS infinity/infinity , CPU infinity/infinity , DATA infinity/infinity , FSIZE infinity/infinity , MEMLOCK infinity/infinity , RSS infinity/infinity
load average: 1.96 2.56 2.33

CPU: total 8 (initial active 8) 0x61:0x0:0x1b588bb3:0, simd, crc, lse

Memory: 16k page, physical 16777216k(135312k free), swap 0k(0k free)

vm_info: OpenJDK 64-Bit Server VM (16.0.2+7) for bsd-aarch64 JRE (16.0.2+7), built on Jul 22 2021 03:27:58 by "bellsoft" with clang Apple LLVM 12.0.0 (clang-1200.0.32.28)

END.
