#
# A fatal error has been detected by the Java Runtime Environment:
#
#  SIGBUS (0xa) at pc=0x00000001280014f0, pid=22564, tid=35087
#
# JRE version: OpenJDK Runtime Environment Homebrew (17.0) (build 17+0)
# Java VM: OpenJDK 64-Bit Server VM Homebrew (17+0, mixed mode, sharing, tiered, compressed oops, compressed class ptrs, g1 gc, bsd-aarch64)
# Problematic frame:
# v  ~StubRoutines::SafeFetchN
#
# No core dump will be written. Core dumps have been disabled. To enable core dumping, try "ulimit -c unlimited" before starting Java again
#
# If you would like to submit a bug report, please visit:
#   https://github.com/Homebrew/homebrew-core/issues
# The crash happened outside the Java Virtual Machine in native code.
# See problematic frame for where to report the bug.
#

---------------  S U M M A R Y ------------

Command Line: --module-path=/Users/louislombard/Documents/Cours/4IF/TRUEAGILE/de/target/classes:/Users/louislombard/.m2/repository/org/openjfx/javafx-base/17.0.1/javafx-base-17.0.1-mac-aarch64.jar:/Users/louislombard/.m2/repository/org/openjfx/javafx-controls/17.0.1/javafx-controls-17.0.1-mac-aarch64.jar:/Users/louislombard/.m2/repository/org/openjfx/javafx-fxml/17.0.1/javafx-fxml-17.0.1-mac-aarch64.jar:/Users/louislombard/.m2/repository/org/openjfx/javafx-graphics/17.0.1/javafx-graphics-17.0.1-mac-aarch64.jar --add-modules=org.hexanome -Djdk.module.main=org.hexanome org.hexanome/org.hexanome.App

Host: "MacBookAir10,1" arm64 1 MHz, 8 cores, 16G, Darwin 21.1.0, macOS 12.0.1 (21A559)
Time: Fri Nov 19 09:30:40 2021 CET elapsed time: 7.734936 seconds (0d 0h 0m 7s)

---------------  T H R E A D  ---------------

Current thread (0x000000011c80e000):  JavaThread "InvokeLaterDispatcher" daemon [_thread_in_native, id=35087, stack(0x000000016e66c000,0x000000016e86f000)]

Stack: [0x000000016e66c000,0x000000016e86f000],  sp=0x000000016e86e770,  free space=2057k
Native frames: (J=compiled Java code, j=interpreted, Vv=VM code, C=native code)
v  ~StubRoutines::SafeFetchN
V  [libjvm.dylib+0x6088b4]  OopStorage::release(oopDesc* const*)+0x20
V  [libjvm.dylib+0x3c51ec]  jni_DeleteGlobalRef+0x88
C  [libglass.dylib+0xab08]  -[GlassRunnable dealloc]+0x34
C  [Foundation+0x85e0c]  -[_NSThreadPerformInfo dealloc]+0x30
C  [Foundation+0x525e8]  -[NSObject(NSThreadPerformAdditions) performSelectorOnMainThread:withObject:waitUntilDone:]+0x88
C  0xa2670001280098ac
j  com.sun.glass.ui.mac.MacApplication.submitForLaterInvocation(Ljava/lang/Runnable;)V+2 javafx.graphics
j  com.sun.glass.ui.InvokeLaterDispatcher.run()V+82 javafx.graphics
v  ~StubRoutines::call_stub
V  [libjvm.dylib+0x374da0]  JavaCalls::call_helper(JavaValue*, methodHandle const&, JavaCallArguments*, JavaThread*)+0x234
V  [libjvm.dylib+0x374140]  JavaCalls::call_virtual(JavaValue*, Klass*, Symbol*, Symbol*, JavaCallArguments*, JavaThread*)+0x11c
V  [libjvm.dylib+0x37420c]  JavaCalls::call_virtual(JavaValue*, Handle, Klass*, Symbol*, Symbol*, JavaThread*)+0x64
V  [libjvm.dylib+0x415bb0]  thread_entry(JavaThread*, JavaThread*)+0x80
V  [libjvm.dylib+0x782000]  JavaThread::thread_main_inner()+0xbc
V  [libjvm.dylib+0x781edc]  JavaThread::run()+0x164
V  [libjvm.dylib+0x780b48]  Thread::call_run()+0x8c
V  [libjvm.dylib+0x60e8e0]  thread_native_entry(Thread*)+0xcc
C  [libsystem_pthread.dylib+0x74ec]  _pthread_start+0x94

Java frames: (J=compiled Java code, j=interpreted, Vv=VM code)
j  com.sun.glass.ui.mac.MacApplication._submitForLaterInvocation(Ljava/lang/Runnable;)V+0 javafx.graphics
j  com.sun.glass.ui.mac.MacApplication.submitForLaterInvocation(Ljava/lang/Runnable;)V+2 javafx.graphics
j  com.sun.glass.ui.InvokeLaterDispatcher.run()V+82 javafx.graphics
v  ~StubRoutines::call_stub

siginfo: si_signo: 10 (SIGBUS), si_code: 1 (BUS_ADRALN), si_addr: 0x00000001280014f0

Register to memory mapping:

 x0=0x000000011d808148 points into unknown readable memory: 0x0000000000000000 | 00 00 00 00 00 00 00 00
 x1=0x0 is NULL
 x2=0x000000070ef52e28 is an oop: com.sun.glass.ui.InvokeLaterDispatcher$Future 
{0x000000070ef52e28} - klass: 'com/sun/glass/ui/InvokeLaterDispatcher$Future'
 - ---- fields (total size 3 words):
 - private 'done' 'Z' @12  true
 - private final 'runnable' 'Ljava/lang/Runnable;' @16  a 'com/sun/javafx/application/PlatformImpl$$Lambda$90+0x0000000800c850e8'{0x000000070e24c568} (e1c498ad)
 - final synthetic 'this$0' 'Lcom/sun/glass/ui/InvokeLaterDispatcher;' @20  a 'com/sun/glass/ui/InvokeLaterDispatcher'{0x000000070e835548} (e1d06aa9)
 x3=0x0 is NULL
 x4=0x00000000000130a8 is an unknown value
 x5=0x0 is NULL
 x6=0x0 is NULL
 x7=0x0 is NULL
 x8=0x00000001280014ec is at begin+0 in a stub
StubRoutines::SafeFetchN [0x00000001280014ec, 0x00000001280014f8] (12 bytes)
 x9=0x0 is NULL
x10=0x2010000030300000 is an unknown value
x11=0x0000000000000007 is an unknown value
x12=0x0 is NULL
x13=0x000060000261d8f0 points into unknown readable memory: 0x0000000000000200 | 00 02 00 00 00 00 00 00
x14=0x0000000000000001 is an unknown value
x15=0x000000010ec05f98: OBJC_CLASS_$_GlassRunnable+0 in /Users/louislombard/.openjfx/cache/17.0.1/libglass.dylib at 0x000000010ebc0000
x16=0x0000000191c80340: pthread_getspecific+0 in /usr/lib/system/libsystem_pthread.dylib at 0x0000000191c7e000
x17=0x0000600002c2c0c0 points into unknown readable memory: 0xfffffffffffffffe | fe ff ff ff ff ff ff ff
x18=0x0 is NULL
x19=0x00006000023301c0 points into unknown readable memory: 0x0000600000a34160 | 60 41 a3 00 00 60 00 00
x20=0x000000011d808148 points into unknown readable memory: 0x0000000000000000 | 00 00 00 00 00 00 00 00
x21=0x000000011c80e000 is a thread
x22=0x0000000000000001 is an unknown value
x23=0x0 is NULL
x24=0x000000011d808100 is a global jni handle
x25=0x0000000105c8ba18: _ZN12StubRoutines17_safefetchN_entryE+0 in /opt/homebrew/Cellar/openjdk/17/libexec/openjdk.jdk/Contents/Home/lib/server/libjvm.dylib at 0x0000000105280000
x26=0x0000000000000001 is an unknown value
x27=0x0 is NULL
x28=0x000000011c80e000 is a thread


Registers:
 x0=0x000000011d808148  x1=0x0000000000000000  x2=0x000000070ef52e28  x3=0x0000000000000000
 x4=0x00000000000130a8  x5=0x0000000000000000  x6=0x0000000000000000  x7=0x0000000000000000
 x8=0x00000001280014ec  x9=0x0000000000000000 x10=0x2010000030300000 x11=0x0000000000000007
x12=0x0000000000000000 x13=0x000060000261d8f0 x14=0x0000000000000001 x15=0x000000010ec05f98
x16=0x0000000191c80340 x17=0x0000600002c2c0c0 x18=0x0000000000000000 x19=0x00006000023301c0
x20=0x000000011d808148 x21=0x000000011c80e000 x22=0x0000000000000001 x23=0x0000000000000000
x24=0x000000011d808100 x25=0x0000000105c8ba18 x26=0x0000000000000001 x27=0x0000000000000000
x28=0x000000011c80e000  fp=0x000000016e86e7b0  lr=0x0000000105887c9c  sp=0x000000016e86e770
pc=0x00000001280014f0 cpsr=0x0000000060001000
Top of Stack: (sp=0x000000016e86e770)
0x000000016e86e770:   000000010fd15e88 000000016e86ede0
0x000000016e86e780:   000000016e86e978 0000600000ab8310
0x000000016e86e790:   000000013d9f70a8 000000011d808100
0x000000016e86e7a0:   000000011d808100 00006000023301c0
0x000000016e86e7b0:   000000016e86e7f0 00000001058888b4
0x000000016e86e7c0:   0000000000000001 000000011d808100
0x000000016e86e7d0:   000000013d9f70a8 000000011d808100
0x000000016e86e7e0:   0000000000000001 000000013d9f6e00
0x000000016e86e7f0:   000000016e86e830 00000001056451ec
0x000000016e86e800:   000000013d9f6e00 0000600000ab8318
0x000000016e86e810:   0000600000ab82d0 00000001dbead9f4
0x000000016e86e820:   0000000000000000 0000600000ab82d0
0x000000016e86e830:   000000016e86e860 000000010ebcab08
0x000000016e86e840:   ef70a07e34620040 0000000000000000
0x000000016e86e850:   0000000000000000 0000600001d9dc80
0x000000016e86e860:   000000016e86e8a0 0000000192c48e0c
0x000000016e86e870:   000000016e86e978 0000600000ab8310
0x000000016e86e880:   0000600000ab82d0 ef70a07e34620040
0x000000016e86e890:   0000000000000000 0000000000000000
0x000000016e86e8a0:   000000016e86e8e0 f416000192c155e8
0x000000016e86e8b0:   000000016e86e978 00000001280087c0
0x000000016e86e8c0:   0000000000000000 0000000105c933d0
0x000000016e86e8d0:   000000016e86e8f0 0000000128007730
0x000000016e86e8e0:   000000016e86e950 a2670001280098ac
0x000000016e86e8f0:   000000016e86e8f0 00000008009818ed
0x000000016e86e900:   000000016e86e900 0000000000000000
0x000000016e86e910:   000000016e86e978 000000010fd15e88
0x000000016e86e920:   000000070e816c58 0000000000000000
0x000000016e86e930:   0000000000000000 000000010fcf0b88
0x000000016e86e940:   0000000000000000 000000016e86e950
0x000000016e86e950:   000000016e86e9d0 0000000128005fc8
0x000000016e86e960:   0000000000000000 0000000000000000 

Instructions: (pc=0x00000001280014f0)
0x00000001280013f0:   f2a0b8a9 f2c00029 6d425935 1e640886
0x0000000128001400:   0c402d31 1e6408c7 1f5654d0 1e6c1017
0x0000000128001410:   1f5050d0 1f504cd0 1f5048d0 1e650af6
0x0000000128001420:   1f50d8f6 1f5694d6 1f5158f6 1e762880
0x0000000128001430:   36000501 1e614000 14000026 2e251ca5
0x0000000128001440:   d2903009 f2a0b8a9 f2c00029 6d425d36
0x0000000128001450:   1e600806 0c402d32 1f5758c7 1e6c101a
0x0000000128001460:   1f4754c7 1e650805 1f4750c7 d2866668
0x0000000128001470:   f2a7fa68 1f474cc7 1e6608c0 1f4748c7
0x0000000128001480:   1e6e1019 eb08007f 540000ac 1f479400
0x0000000128001490:   1f460340 1e603b20 1400000e d2a7fd29
0x00000001280014a0:   eb09007f 540000ac 51480069 d3607d29
0x00000001280014b0:   9e670121 14000002 1e6a5001 1f679417
0x00000001280014c0:   1f668742 1e613b23 1e773857 1e773860
0x00000001280014d0:   a8c17ff3 910003bf a8c17bfd d65f03c0
0x00000001280014e0:   b9400001 aa0103e0 d65f03c0 f9400001
0x00000001280014f0:   aa0103e0 d65f03c0 00000000 00000000
0x0000000128001500:   00000000 00000000 00000000 00000000
0x0000000128001510:   00000000 00000000 00000000 00000000
0x0000000128001520:   00000000 00000000 00000000 00000000
0x0000000128001530:   00000000 00000000 00000000 00000000
0x0000000128001540:   00000000 00000000 00000000 00000000
0x0000000128001550:   00000000 00000000 00000000 00000000
0x0000000128001560:   00000000 00000000 00000000 00000000
0x0000000128001570:   00000000 00000000 00000000 00000000
0x0000000128001580:   00000000 00000000 00000000 00000000
0x0000000128001590:   00000000 00000000 00000000 00000000
0x00000001280015a0:   00000000 00000000 00000000 00000000
0x00000001280015b0:   00000000 00000000 00000000 00000000
0x00000001280015c0:   00000000 00000000 00000000 00000000
0x00000001280015d0:   00000000 00000000 00000000 00000000
0x00000001280015e0:   00000000 00000000 00000000 00000000 


Stack slot to memory mapping:
stack at sp + 0 slots: 0x000000010fd15e88 is pointing into metadata
stack at sp + 1 slots: 0x000000016e86ede0 is pointing into the stack for thread: 0x000000011c80e000
stack at sp + 2 slots: 0x000000016e86e978 is pointing into the stack for thread: 0x000000011c80e000
stack at sp + 3 slots: 0x0000600000ab8310 points into unknown readable memory: 0x01000001ea962081 | 81 20 96 ea 01 00 00 01
stack at sp + 4 slots: 0x000000013d9f70a8 points into unknown readable memory: 0x0000000105c46918 | 18 69 c4 05 01 00 00 00
stack at sp + 5 slots: 0x000000011d808100 is a global jni handle
stack at sp + 6 slots: 0x000000011d808100 is a global jni handle
stack at sp + 7 slots: 0x00006000023301c0 points into unknown readable memory: 0x0000600000a34160 | 60 41 a3 00 00 60 00 00

StubRoutines::SafeFetchN [0x00000001280014ec, 0x00000001280014f8] (12 bytes)
[MachCode]
  0x00000001280014ec: 0100 40f9 | e003 01aa | c003 5fd6 
[/MachCode]

---------------  P R O C E S S  ---------------

Threads class SMR info:
_java_thread_list=0x0000600000881e00, length=18, elements={
0x000000011c80da00, 0x000000011c847000, 0x000000011c849800, 0x000000010f027200,
0x000000010f02c400, 0x000000011d013000, 0x000000011d0bf800, 0x000000011c84a800,
0x000000013d010200, 0x000000013d808c00, 0x000000013d80ba00, 0x000000013d80fa00,
0x000000011c80e000, 0x000000013d9f6e00, 0x000000013da42400, 0x000000011ca53800,
0x000000011d642c00, 0x0000000157929e00
}

Java Threads: ( => current thread )
  0x000000011c80da00 JavaThread "main" [_thread_blocked, id=10243, stack(0x000000016be70000,0x000000016c073000)]
  0x000000011c847000 JavaThread "Reference Handler" daemon [_thread_blocked, id=15107, stack(0x000000016ccc4000,0x000000016cec7000)]
  0x000000011c849800 JavaThread "Finalizer" daemon [_thread_blocked, id=16131, stack(0x000000016ced0000,0x000000016d0d3000)]
  0x000000010f027200 JavaThread "Signal Dispatcher" daemon [_thread_blocked, id=23043, stack(0x000000016d1f4000,0x000000016d3f7000)]
  0x000000010f02c400 JavaThread "Service Thread" daemon [_thread_blocked, id=42243, stack(0x000000016d400000,0x000000016d603000)]
  0x000000011d013000 JavaThread "Monitor Deflation Thread" daemon [_thread_blocked, id=41987, stack(0x000000016d60c000,0x000000016d80f000)]
  0x000000011d0bf800 JavaThread "C2 CompilerThread0" daemon [_thread_in_native, id=23555, stack(0x000000016d818000,0x000000016da1b000)]
  0x000000011c84a800 JavaThread "C1 CompilerThread0" daemon [_thread_blocked, id=41219, stack(0x000000016da24000,0x000000016dc27000)]
  0x000000013d010200 JavaThread "Sweeper thread" daemon [_thread_blocked, id=24067, stack(0x000000016dc30000,0x000000016de33000)]
  0x000000013d808c00 JavaThread "Common-Cleaner" daemon [_thread_blocked, id=40707, stack(0x000000016de3c000,0x000000016e03f000)]
  0x000000013d80ba00 JavaThread "Notification Thread" daemon [_thread_blocked, id=40195, stack(0x000000016e048000,0x000000016e24b000)]
  0x000000013d80fa00 JavaThread "QuantumRenderer-0" daemon [_thread_blocked, id=24835, stack(0x000000016e460000,0x000000016e663000)]
=>0x000000011c80e000 JavaThread "InvokeLaterDispatcher" daemon [_thread_in_native, id=35087, stack(0x000000016e66c000,0x000000016e86f000)]
  0x000000013d9f6e00 JavaThread "JavaFX Application Thread" [_thread_in_vm, id=259, stack(0x000000016b5e8000,0x000000016bde4000)]
  0x000000013da42400 JavaThread "JavaFX-Launcher" [_thread_blocked, id=53251, stack(0x000000016eb10000,0x000000016ed13000)]
  0x000000011ca53800 JavaThread "Prism Font Disposer" daemon [_thread_blocked, id=74007, stack(0x000000016f758000,0x000000016f95b000)]
  0x000000011d642c00 JavaThread "Cleaner-0" daemon [_thread_blocked, id=75807, stack(0x000000016fa7c000,0x000000016fc7f000)]
  0x0000000157929e00 JavaThread "PulseTimer-CVDisplayLink thread" daemon [_thread_in_native, id=74759, stack(0x000000016e878000,0x000000016e8fb000)]

Other Threads:
  0x000000011d807430 VMThread "VM Thread" [stack: 0x000000016cab8000,0x000000016ccbb000] [id=17155]
  0x000000010501b600 WatcherThread [stack: 0x000000016e254000,0x000000016e457000] [id=39939]
  0x000000011c607bd0 GCTaskThread "GC Thread#0" [stack: 0x000000016c07c000,0x000000016c27f000] [id=20483]
  0x000000011d810240 GCTaskThread "GC Thread#1" [stack: 0x000000016ed1c000,0x000000016ef1f000] [id=56835]
  0x000000011d8106c0 GCTaskThread "GC Thread#2" [stack: 0x000000016ef28000,0x000000016f12b000] [id=76803]
  0x000000011d810b40 GCTaskThread "GC Thread#3" [stack: 0x000000016f134000,0x000000016f337000] [id=76547]
  0x000000011d810fc0 GCTaskThread "GC Thread#4" [stack: 0x000000016f340000,0x000000016f543000] [id=57859]
  0x000000011d811440 GCTaskThread "GC Thread#5" [stack: 0x000000016f54c000,0x000000016f74f000] [id=58115]
  0x000000011c608280 ConcurrentGCThread "G1 Main Marker" [stack: 0x000000016c288000,0x000000016c48b000] [id=20227]
  0x000000011c608b00 ConcurrentGCThread "G1 Conc#0" [stack: 0x000000016c494000,0x000000016c697000] [id=19203]
  0x000000011c706e50 ConcurrentGCThread "G1 Refine#0" [stack: 0x000000016c6a0000,0x000000016c8a3000] [id=13827]
  0x000000011c7076f0 ConcurrentGCThread "G1 Service" [stack: 0x000000016c8ac000,0x000000016caaf000] [id=18691]

Threads with active compile tasks:
C2 CompilerThread0     7750 1629       4       com.sun.marlin.MaskMarlinAlphaConsumer::setAndClearRelativeAlphas (641 bytes)

VM state: not at safepoint (normal execution)

VM Mutex/Monitor currently owned by a thread: None

Heap address: 0x0000000700000000, size: 4096 MB, Compressed Oops mode: Zero based, Oop shift amount: 3

CDS archive(s) mapped at: [0x0000000800000000-0x0000000800bd0000-0x0000000800bd0000), size 12386304, SharedBaseAddress: 0x0000000800000000, ArchiveRelocationMode: 0.
Compressed class space mapped at: 0x0000000800c00000-0x0000000840c00000, reserved size: 1073741824
Narrow klass base: 0x0000000800000000, Narrow klass shift: 0, Narrow klass range: 0x100000000

GC Precious Log:
 CPUs: 8 total, 8 available
 Memory: 16384M
 Large Page Support: Disabled
 NUMA Support: Disabled
 Compressed Oops: Enabled (Zero based)
 Heap Region Size: 2M
 Heap Min Capacity: 8M
 Heap Initial Capacity: 256M
 Heap Max Capacity: 4G
 Pre-touch: Disabled
 Parallel Workers: 8
 Concurrent Workers: 2
 Concurrent Refinement Workers: 8
 Periodic GC: Disabled

Heap:
 garbage-first heap   total 266240K, used 31578K [0x0000000700000000, 0x0000000800000000)
  region size 2048K, 15 young (30720K), 2 survivors (4096K)
 Metaspace       used 12602K, committed 12864K, reserved 1064960K
  class space    used 1739K, committed 1856K, reserved 1048576K

Heap Regions: E=young(eden), S=young(survivor), O=old, HS=humongous(starts), HC=humongous(continues), CS=collection set, F=free, OA=open archive, CA=closed archive, TAMS=top-at-mark-start (previous, next)
|   0|0x0000000700000000, 0x0000000700200000, 0x0000000700200000|100%|HS|  |TAMS 0x0000000700000000, 0x0000000700000000| Complete 
|   1|0x0000000700200000, 0x0000000700200000, 0x0000000700400000|  0%| F|  |TAMS 0x0000000700200000, 0x0000000700200000| Untracked 
|   2|0x0000000700400000, 0x0000000700400000, 0x0000000700600000|  0%| F|  |TAMS 0x0000000700400000, 0x0000000700400000| Untracked 
|   3|0x0000000700600000, 0x0000000700600000, 0x0000000700800000|  0%| F|  |TAMS 0x0000000700600000, 0x0000000700600000| Untracked 
|   4|0x0000000700800000, 0x0000000700800000, 0x0000000700a00000|  0%| F|  |TAMS 0x0000000700800000, 0x0000000700800000| Untracked 
|   5|0x0000000700a00000, 0x0000000700a00000, 0x0000000700c00000|  0%| F|  |TAMS 0x0000000700a00000, 0x0000000700a00000| Untracked 
|   6|0x0000000700c00000, 0x0000000700c00000, 0x0000000700e00000|  0%| F|  |TAMS 0x0000000700c00000, 0x0000000700c00000| Untracked 
|   7|0x0000000700e00000, 0x0000000700e00000, 0x0000000701000000|  0%| F|  |TAMS 0x0000000700e00000, 0x0000000700e00000| Untracked 
|   8|0x0000000701000000, 0x0000000701000000, 0x0000000701200000|  0%| F|  |TAMS 0x0000000701000000, 0x0000000701000000| Untracked 
|   9|0x0000000701200000, 0x0000000701200000, 0x0000000701400000|  0%| F|  |TAMS 0x0000000701200000, 0x0000000701200000| Untracked 
|  10|0x0000000701400000, 0x0000000701400000, 0x0000000701600000|  0%| F|  |TAMS 0x0000000701400000, 0x0000000701400000| Untracked 
|  11|0x0000000701600000, 0x0000000701600000, 0x0000000701800000|  0%| F|  |TAMS 0x0000000701600000, 0x0000000701600000| Untracked 
|  12|0x0000000701800000, 0x0000000701800000, 0x0000000701a00000|  0%| F|  |TAMS 0x0000000701800000, 0x0000000701800000| Untracked 
|  13|0x0000000701a00000, 0x0000000701a00000, 0x0000000701c00000|  0%| F|  |TAMS 0x0000000701a00000, 0x0000000701a00000| Untracked 
|  14|0x0000000701c00000, 0x0000000701c00000, 0x0000000701e00000|  0%| F|  |TAMS 0x0000000701c00000, 0x0000000701c00000| Untracked 
|  15|0x0000000701e00000, 0x0000000701e00000, 0x0000000702000000|  0%| F|  |TAMS 0x0000000701e00000, 0x0000000701e00000| Untracked 
|  16|0x0000000702000000, 0x0000000702000000, 0x0000000702200000|  0%| F|  |TAMS 0x0000000702000000, 0x0000000702000000| Untracked 
|  17|0x0000000702200000, 0x0000000702200000, 0x0000000702400000|  0%| F|  |TAMS 0x0000000702200000, 0x0000000702200000| Untracked 
|  18|0x0000000702400000, 0x0000000702400000, 0x0000000702600000|  0%| F|  |TAMS 0x0000000702400000, 0x0000000702400000| Untracked 
|  19|0x0000000702600000, 0x0000000702600000, 0x0000000702800000|  0%| F|  |TAMS 0x0000000702600000, 0x0000000702600000| Untracked 
|  20|0x0000000702800000, 0x0000000702800000, 0x0000000702a00000|  0%| F|  |TAMS 0x0000000702800000, 0x0000000702800000| Untracked 
|  21|0x0000000702a00000, 0x0000000702a00000, 0x0000000702c00000|  0%| F|  |TAMS 0x0000000702a00000, 0x0000000702a00000| Untracked 
|  22|0x0000000702c00000, 0x0000000702c00000, 0x0000000702e00000|  0%| F|  |TAMS 0x0000000702c00000, 0x0000000702c00000| Untracked 
|  23|0x0000000702e00000, 0x0000000702e00000, 0x0000000703000000|  0%| F|  |TAMS 0x0000000702e00000, 0x0000000702e00000| Untracked 
|  24|0x0000000703000000, 0x0000000703000000, 0x0000000703200000|  0%| F|  |TAMS 0x0000000703000000, 0x0000000703000000| Untracked 
|  25|0x0000000703200000, 0x0000000703200000, 0x0000000703400000|  0%| F|  |TAMS 0x0000000703200000, 0x0000000703200000| Untracked 
|  26|0x0000000703400000, 0x0000000703400000, 0x0000000703600000|  0%| F|  |TAMS 0x0000000703400000, 0x0000000703400000| Untracked 
|  27|0x0000000703600000, 0x0000000703600000, 0x0000000703800000|  0%| F|  |TAMS 0x0000000703600000, 0x0000000703600000| Untracked 
|  28|0x0000000703800000, 0x0000000703800000, 0x0000000703a00000|  0%| F|  |TAMS 0x0000000703800000, 0x0000000703800000| Untracked 
|  29|0x0000000703a00000, 0x0000000703a00000, 0x0000000703c00000|  0%| F|  |TAMS 0x0000000703a00000, 0x0000000703a00000| Untracked 
|  30|0x0000000703c00000, 0x0000000703c00000, 0x0000000703e00000|  0%| F|  |TAMS 0x0000000703c00000, 0x0000000703c00000| Untracked 
|  31|0x0000000703e00000, 0x0000000703e00000, 0x0000000704000000|  0%| F|  |TAMS 0x0000000703e00000, 0x0000000703e00000| Untracked 
|  32|0x0000000704000000, 0x0000000704000000, 0x0000000704200000|  0%| F|  |TAMS 0x0000000704000000, 0x0000000704000000| Untracked 
|  33|0x0000000704200000, 0x0000000704200000, 0x0000000704400000|  0%| F|  |TAMS 0x0000000704200000, 0x0000000704200000| Untracked 
|  34|0x0000000704400000, 0x0000000704400000, 0x0000000704600000|  0%| F|  |TAMS 0x0000000704400000, 0x0000000704400000| Untracked 
|  35|0x0000000704600000, 0x0000000704600000, 0x0000000704800000|  0%| F|  |TAMS 0x0000000704600000, 0x0000000704600000| Untracked 
|  36|0x0000000704800000, 0x0000000704800000, 0x0000000704a00000|  0%| F|  |TAMS 0x0000000704800000, 0x0000000704800000| Untracked 
|  37|0x0000000704a00000, 0x0000000704a00000, 0x0000000704c00000|  0%| F|  |TAMS 0x0000000704a00000, 0x0000000704a00000| Untracked 
|  38|0x0000000704c00000, 0x0000000704c00000, 0x0000000704e00000|  0%| F|  |TAMS 0x0000000704c00000, 0x0000000704c00000| Untracked 
|  39|0x0000000704e00000, 0x0000000704e00000, 0x0000000705000000|  0%| F|  |TAMS 0x0000000704e00000, 0x0000000704e00000| Untracked 
|  40|0x0000000705000000, 0x0000000705000000, 0x0000000705200000|  0%| F|  |TAMS 0x0000000705000000, 0x0000000705000000| Untracked 
|  41|0x0000000705200000, 0x0000000705200000, 0x0000000705400000|  0%| F|  |TAMS 0x0000000705200000, 0x0000000705200000| Untracked 
|  42|0x0000000705400000, 0x0000000705400000, 0x0000000705600000|  0%| F|  |TAMS 0x0000000705400000, 0x0000000705400000| Untracked 
|  43|0x0000000705600000, 0x0000000705600000, 0x0000000705800000|  0%| F|  |TAMS 0x0000000705600000, 0x0000000705600000| Untracked 
|  44|0x0000000705800000, 0x0000000705800000, 0x0000000705a00000|  0%| F|  |TAMS 0x0000000705800000, 0x0000000705800000| Untracked 
|  45|0x0000000705a00000, 0x0000000705a00000, 0x0000000705c00000|  0%| F|  |TAMS 0x0000000705a00000, 0x0000000705a00000| Untracked 
|  46|0x0000000705c00000, 0x0000000705c00000, 0x0000000705e00000|  0%| F|  |TAMS 0x0000000705c00000, 0x0000000705c00000| Untracked 
|  47|0x0000000705e00000, 0x0000000705e00000, 0x0000000706000000|  0%| F|  |TAMS 0x0000000705e00000, 0x0000000705e00000| Untracked 
|  48|0x0000000706000000, 0x0000000706000000, 0x0000000706200000|  0%| F|  |TAMS 0x0000000706000000, 0x0000000706000000| Untracked 
|  49|0x0000000706200000, 0x0000000706200000, 0x0000000706400000|  0%| F|  |TAMS 0x0000000706200000, 0x0000000706200000| Untracked 
|  50|0x0000000706400000, 0x0000000706400000, 0x0000000706600000|  0%| F|  |TAMS 0x0000000706400000, 0x0000000706400000| Untracked 
|  51|0x0000000706600000, 0x0000000706600000, 0x0000000706800000|  0%| F|  |TAMS 0x0000000706600000, 0x0000000706600000| Untracked 
|  52|0x0000000706800000, 0x0000000706800000, 0x0000000706a00000|  0%| F|  |TAMS 0x0000000706800000, 0x0000000706800000| Untracked 
|  53|0x0000000706a00000, 0x0000000706a00000, 0x0000000706c00000|  0%| F|  |TAMS 0x0000000706a00000, 0x0000000706a00000| Untracked 
|  54|0x0000000706c00000, 0x0000000706c00000, 0x0000000706e00000|  0%| F|  |TAMS 0x0000000706c00000, 0x0000000706c00000| Untracked 
|  55|0x0000000706e00000, 0x0000000706e00000, 0x0000000707000000|  0%| F|  |TAMS 0x0000000706e00000, 0x0000000706e00000| Untracked 
|  56|0x0000000707000000, 0x0000000707000000, 0x0000000707200000|  0%| F|  |TAMS 0x0000000707000000, 0x0000000707000000| Untracked 
|  57|0x0000000707200000, 0x0000000707200000, 0x0000000707400000|  0%| F|  |TAMS 0x0000000707200000, 0x0000000707200000| Untracked 
|  58|0x0000000707400000, 0x0000000707400000, 0x0000000707600000|  0%| F|  |TAMS 0x0000000707400000, 0x0000000707400000| Untracked 
|  59|0x0000000707600000, 0x0000000707600000, 0x0000000707800000|  0%| F|  |TAMS 0x0000000707600000, 0x0000000707600000| Untracked 
|  60|0x0000000707800000, 0x0000000707800000, 0x0000000707a00000|  0%| F|  |TAMS 0x0000000707800000, 0x0000000707800000| Untracked 
|  61|0x0000000707a00000, 0x0000000707a00000, 0x0000000707c00000|  0%| F|  |TAMS 0x0000000707a00000, 0x0000000707a00000| Untracked 
|  62|0x0000000707c00000, 0x0000000707c00000, 0x0000000707e00000|  0%| F|  |TAMS 0x0000000707c00000, 0x0000000707c00000| Untracked 
|  63|0x0000000707e00000, 0x0000000707e00000, 0x0000000708000000|  0%| F|  |TAMS 0x0000000707e00000, 0x0000000707e00000| Untracked 
|  64|0x0000000708000000, 0x0000000708000000, 0x0000000708200000|  0%| F|  |TAMS 0x0000000708000000, 0x0000000708000000| Untracked 
|  65|0x0000000708200000, 0x0000000708200000, 0x0000000708400000|  0%| F|  |TAMS 0x0000000708200000, 0x0000000708200000| Untracked 
|  66|0x0000000708400000, 0x0000000708400000, 0x0000000708600000|  0%| F|  |TAMS 0x0000000708400000, 0x0000000708400000| Untracked 
|  67|0x0000000708600000, 0x0000000708600000, 0x0000000708800000|  0%| F|  |TAMS 0x0000000708600000, 0x0000000708600000| Untracked 
|  68|0x0000000708800000, 0x0000000708800000, 0x0000000708a00000|  0%| F|  |TAMS 0x0000000708800000, 0x0000000708800000| Untracked 
|  69|0x0000000708a00000, 0x0000000708a00000, 0x0000000708c00000|  0%| F|  |TAMS 0x0000000708a00000, 0x0000000708a00000| Untracked 
|  70|0x0000000708c00000, 0x0000000708c00000, 0x0000000708e00000|  0%| F|  |TAMS 0x0000000708c00000, 0x0000000708c00000| Untracked 
|  71|0x0000000708e00000, 0x0000000708e00000, 0x0000000709000000|  0%| F|  |TAMS 0x0000000708e00000, 0x0000000708e00000| Untracked 
|  72|0x0000000709000000, 0x0000000709000000, 0x0000000709200000|  0%| F|  |TAMS 0x0000000709000000, 0x0000000709000000| Untracked 
|  73|0x0000000709200000, 0x0000000709200000, 0x0000000709400000|  0%| F|  |TAMS 0x0000000709200000, 0x0000000709200000| Untracked 
|  74|0x0000000709400000, 0x0000000709400000, 0x0000000709600000|  0%| F|  |TAMS 0x0000000709400000, 0x0000000709400000| Untracked 
|  75|0x0000000709600000, 0x0000000709600000, 0x0000000709800000|  0%| F|  |TAMS 0x0000000709600000, 0x0000000709600000| Untracked 
|  76|0x0000000709800000, 0x0000000709800000, 0x0000000709a00000|  0%| F|  |TAMS 0x0000000709800000, 0x0000000709800000| Untracked 
|  77|0x0000000709a00000, 0x0000000709a00000, 0x0000000709c00000|  0%| F|  |TAMS 0x0000000709a00000, 0x0000000709a00000| Untracked 
|  78|0x0000000709c00000, 0x0000000709c00000, 0x0000000709e00000|  0%| F|  |TAMS 0x0000000709c00000, 0x0000000709c00000| Untracked 
|  79|0x0000000709e00000, 0x0000000709e00000, 0x000000070a000000|  0%| F|  |TAMS 0x0000000709e00000, 0x0000000709e00000| Untracked 
|  80|0x000000070a000000, 0x000000070a000000, 0x000000070a200000|  0%| F|  |TAMS 0x000000070a000000, 0x000000070a000000| Untracked 
|  81|0x000000070a200000, 0x000000070a200000, 0x000000070a400000|  0%| F|  |TAMS 0x000000070a200000, 0x000000070a200000| Untracked 
|  82|0x000000070a400000, 0x000000070a400000, 0x000000070a600000|  0%| F|  |TAMS 0x000000070a400000, 0x000000070a400000| Untracked 
|  83|0x000000070a600000, 0x000000070a600000, 0x000000070a800000|  0%| F|  |TAMS 0x000000070a600000, 0x000000070a600000| Untracked 
|  84|0x000000070a800000, 0x000000070a800000, 0x000000070aa00000|  0%| F|  |TAMS 0x000000070a800000, 0x000000070a800000| Untracked 
|  85|0x000000070aa00000, 0x000000070aa00000, 0x000000070ac00000|  0%| F|  |TAMS 0x000000070aa00000, 0x000000070aa00000| Untracked 
|  86|0x000000070ac00000, 0x000000070ac00000, 0x000000070ae00000|  0%| F|  |TAMS 0x000000070ac00000, 0x000000070ac00000| Untracked 
|  87|0x000000070ae00000, 0x000000070ae00000, 0x000000070b000000|  0%| F|  |TAMS 0x000000070ae00000, 0x000000070ae00000| Untracked 
|  88|0x000000070b000000, 0x000000070b000000, 0x000000070b200000|  0%| F|  |TAMS 0x000000070b000000, 0x000000070b000000| Untracked 
|  89|0x000000070b200000, 0x000000070b200000, 0x000000070b400000|  0%| F|  |TAMS 0x000000070b200000, 0x000000070b200000| Untracked 
|  90|0x000000070b400000, 0x000000070b400000, 0x000000070b600000|  0%| F|  |TAMS 0x000000070b400000, 0x000000070b400000| Untracked 
|  91|0x000000070b600000, 0x000000070b600000, 0x000000070b800000|  0%| F|  |TAMS 0x000000070b600000, 0x000000070b600000| Untracked 
|  92|0x000000070b800000, 0x000000070b800000, 0x000000070ba00000|  0%| F|  |TAMS 0x000000070b800000, 0x000000070b800000| Untracked 
|  93|0x000000070ba00000, 0x000000070ba00000, 0x000000070bc00000|  0%| F|  |TAMS 0x000000070ba00000, 0x000000070ba00000| Untracked 
|  94|0x000000070bc00000, 0x000000070bc00000, 0x000000070be00000|  0%| F|  |TAMS 0x000000070bc00000, 0x000000070bc00000| Untracked 
|  95|0x000000070be00000, 0x000000070be00000, 0x000000070c000000|  0%| F|  |TAMS 0x000000070be00000, 0x000000070be00000| Untracked 
|  96|0x000000070c000000, 0x000000070c000000, 0x000000070c200000|  0%| F|  |TAMS 0x000000070c000000, 0x000000070c000000| Untracked 
|  97|0x000000070c200000, 0x000000070c200000, 0x000000070c400000|  0%| F|  |TAMS 0x000000070c200000, 0x000000070c200000| Untracked 
|  98|0x000000070c400000, 0x000000070c400000, 0x000000070c600000|  0%| F|  |TAMS 0x000000070c400000, 0x000000070c400000| Untracked 
|  99|0x000000070c600000, 0x000000070c600000, 0x000000070c800000|  0%| F|  |TAMS 0x000000070c600000, 0x000000070c600000| Untracked 
| 100|0x000000070c800000, 0x000000070c800000, 0x000000070ca00000|  0%| F|  |TAMS 0x000000070c800000, 0x000000070c800000| Untracked 
| 101|0x000000070ca00000, 0x000000070ca00000, 0x000000070cc00000|  0%| F|  |TAMS 0x000000070ca00000, 0x000000070ca00000| Untracked 
| 102|0x000000070cc00000, 0x000000070cc00000, 0x000000070ce00000|  0%| F|  |TAMS 0x000000070cc00000, 0x000000070cc00000| Untracked 
| 103|0x000000070ce00000, 0x000000070ce00000, 0x000000070d000000|  0%| F|  |TAMS 0x000000070ce00000, 0x000000070ce00000| Untracked 
| 104|0x000000070d000000, 0x000000070d000000, 0x000000070d200000|  0%| F|  |TAMS 0x000000070d000000, 0x000000070d000000| Untracked 
| 105|0x000000070d200000, 0x000000070d200000, 0x000000070d400000|  0%| F|  |TAMS 0x000000070d200000, 0x000000070d200000| Untracked 
| 106|0x000000070d400000, 0x000000070d400000, 0x000000070d600000|  0%| F|  |TAMS 0x000000070d400000, 0x000000070d400000| Untracked 
| 107|0x000000070d600000, 0x000000070d600000, 0x000000070d800000|  0%| F|  |TAMS 0x000000070d600000, 0x000000070d600000| Untracked 
| 108|0x000000070d800000, 0x000000070d800000, 0x000000070da00000|  0%| F|  |TAMS 0x000000070d800000, 0x000000070d800000| Untracked 
| 109|0x000000070da00000, 0x000000070da00000, 0x000000070dc00000|  0%| F|  |TAMS 0x000000070da00000, 0x000000070da00000| Untracked 
| 110|0x000000070dc00000, 0x000000070dc00000, 0x000000070de00000|  0%| F|  |TAMS 0x000000070dc00000, 0x000000070dc00000| Untracked 
| 111|0x000000070de00000, 0x000000070de00000, 0x000000070e000000|  0%| F|  |TAMS 0x000000070de00000, 0x000000070de00000| Untracked 
| 112|0x000000070e000000, 0x000000070e000000, 0x000000070e200000|  0%| F|  |TAMS 0x000000070e000000, 0x000000070e000000| Untracked 
| 113|0x000000070e200000, 0x000000070e2f97e8, 0x000000070e400000| 48%| E|  |TAMS 0x000000070e200000, 0x000000070e200000| Complete 
| 114|0x000000070e400000, 0x000000070e600000, 0x000000070e600000|100%| E|CS|TAMS 0x000000070e400000, 0x000000070e400000| Complete 
| 115|0x000000070e600000, 0x000000070e6dea98, 0x000000070e800000| 43%| S|CS|TAMS 0x000000070e600000, 0x000000070e600000| Complete 
| 116|0x000000070e800000, 0x000000070ea00000, 0x000000070ea00000|100%| S|CS|TAMS 0x000000070e800000, 0x000000070e800000| Complete 
| 117|0x000000070ea00000, 0x000000070ec00000, 0x000000070ec00000|100%| E|CS|TAMS 0x000000070ea00000, 0x000000070ea00000| Complete 
| 118|0x000000070ec00000, 0x000000070ee00000, 0x000000070ee00000|100%| E|CS|TAMS 0x000000070ec00000, 0x000000070ec00000| Complete 
| 119|0x000000070ee00000, 0x000000070f000000, 0x000000070f000000|100%| E|CS|TAMS 0x000000070ee00000, 0x000000070ee00000| Complete 
| 120|0x000000070f000000, 0x000000070f200000, 0x000000070f200000|100%| E|CS|TAMS 0x000000070f000000, 0x000000070f000000| Complete 
| 121|0x000000070f200000, 0x000000070f400000, 0x000000070f400000|100%| E|CS|TAMS 0x000000070f200000, 0x000000070f200000| Complete 
| 122|0x000000070f400000, 0x000000070f600000, 0x000000070f600000|100%| E|CS|TAMS 0x000000070f400000, 0x000000070f400000| Complete 
| 123|0x000000070f600000, 0x000000070f800000, 0x000000070f800000|100%| E|CS|TAMS 0x000000070f600000, 0x000000070f600000| Complete 
| 124|0x000000070f800000, 0x000000070fa00000, 0x000000070fa00000|100%| E|CS|TAMS 0x000000070f800000, 0x000000070f800000| Complete 
| 125|0x000000070fa00000, 0x000000070fc00000, 0x000000070fc00000|100%| E|CS|TAMS 0x000000070fa00000, 0x000000070fa00000| Complete 
| 126|0x000000070fc00000, 0x000000070fe00000, 0x000000070fe00000|100%| E|CS|TAMS 0x000000070fc00000, 0x000000070fc00000| Complete 
| 127|0x000000070fe00000, 0x0000000710000000, 0x0000000710000000|100%| E|CS|TAMS 0x000000070fe00000, 0x000000070fe00000| Complete 
|2046|0x00000007ffc00000, 0x00000007ffd78000, 0x00000007ffe00000| 73%|OA|  |TAMS 0x00000007ffc00000, 0x00000007ffc00000| Untracked 
|2047|0x00000007ffe00000, 0x00000007ffe80000, 0x0000000800000000| 25%|CA|  |TAMS 0x00000007ffe00000, 0x00000007ffe00000| Untracked 

Card table byte_map: [0x000000010dacc000,0x000000010e2cc000] _byte_map_base: 0x000000010a2cc000

Marking Bits (Prev, Next): (CMBitMap*) 0x000000011c836a10, (CMBitMap*) 0x000000011c836a50
 Prev Bits: [0x0000000118000000, 0x000000011c000000)
 Next Bits: [0x0000000137000000, 0x000000013b000000)

Polling page: 0x00000001041a0000

Metaspace:

Usage:
  Non-class:     10.61 MB used.
      Class:      1.70 MB used.
       Both:     12.31 MB used.

Virtual space:
  Non-class space:       16.00 MB reserved,      10.75 MB ( 67%) committed,  2 nodes.
      Class space:        1.00 GB reserved,       1.81 MB ( <1%) committed,  1 nodes.
             Both:        1.02 GB reserved,      12.56 MB (  1%) committed. 

Chunk freelists:
   Non-Class:  928.00 KB
       Class:  2.13 MB
        Both:  3.03 MB

MaxMetaspaceSize: unlimited
CompressedClassSpaceSize: 1.00 GB
Initial GC threshold: 21.00 MB
Current GC threshold: 21.00 MB
CDS: on
MetaspaceReclaimPolicy: balanced
 - commit_granule_bytes: 65536.
 - commit_granule_words: 8192.
 - virtual_space_node_default_size: 1048576.
 - enlarge_chunks_in_place: 1.
 - new_chunks_are_fully_committed: 0.
 - uncommit_free_chunks: 1.
 - use_allocation_guard: 0.
 - handle_deallocations: 1.


Internal statistics:

num_allocs_failed_limit: 0.
num_arena_births: 202.
num_arena_deaths: 0.
num_vsnodes_births: 3.
num_vsnodes_deaths: 0.
num_space_committed: 201.
num_space_uncommitted: 0.
num_chunks_returned_to_freelist: 0.
num_chunks_taken_from_freelist: 575.
num_chunk_merges: 0.
num_chunk_splits: 410.
num_chunks_enlarged: 324.
num_purges: 0.
num_inconsistent_stats: 0.

CodeHeap 'non-profiled nmethods': size=120032Kb used=575Kb max_used=575Kb free=119457Kb
 bounds [0x000000012fac8000, 0x000000012fd38000, 0x0000000137000000]
CodeHeap 'profiled nmethods': size=120016Kb used=2992Kb max_used=2992Kb free=117023Kb
 bounds [0x0000000128594000, 0x0000000128884000, 0x000000012fac8000]
CodeHeap 'non-nmethods': size=5712Kb used=1347Kb max_used=1469Kb free=4364Kb
 bounds [0x0000000128000000, 0x0000000128270000, 0x0000000128594000]
 total_blobs=2315 nmethods=1579 adapters=653
 compilation: enabled
              stopped_count=0, restarted_count=0
 full_count=0

Compilation events (20 events):
Event: 7.594 Thread 0x000000011d0bf800 1599       4       java.nio.DirectByteBuffer::ix (10 bytes)
Event: 7.595 Thread 0x000000011d0bf800 nmethod 1599 0x000000012fb55a10 code [0x000000012fb55b80, 0x000000012fb55c20]
Event: 7.613 Thread 0x000000011c84a800 1611       3       com.sun.javafx.scene.EnteredExitedHandler::dispatchCapturingEvent (222 bytes)
Event: 7.615 Thread 0x000000011c84a800 nmethod 1611 0x0000000128874310 code [0x0000000128874880, 0x00000001288771a8]
Event: 7.724 Thread 0x000000011c84a800 1612       1       javafx.scene.Scene::getPeer (5 bytes)
Event: 7.725 Thread 0x000000011c84a800 nmethod 1612 0x000000012fb55d10 code [0x000000012fb55e80, 0x000000012fb55f68]
Event: 7.725 Thread 0x000000011c84a800 1613       3       java.util.Arrays::copyOf (10 bytes)
Event: 7.725 Thread 0x000000011c84a800 nmethod 1613 0x0000000128877b10 code [0x0000000128877cc0, 0x0000000128877e58]
Event: 7.731 Thread 0x000000011c84a800 1614       3       com.sun.javafx.css.StyleManager::getInstance (4 bytes)
Event: 7.731 Thread 0x000000011c84a800 nmethod 1614 0x0000000128877f10 code [0x00000001288780c0, 0x00000001288781a8]
Event: 7.731 Thread 0x000000011c84a800 1615   !   3       com.sun.javafx.css.StyleManager::getCacheContainer (152 bytes)
Event: 7.731 Thread 0x000000011d0bf800 1618       4       java.util.HashMap::getNode (150 bytes)
Event: 7.733 Thread 0x000000011c84a800 nmethod 1615 0x0000000128878290 code [0x0000000128878680, 0x000000012887a3b8]
Event: 7.733 Thread 0x000000011c84a800 1620       3       java.util.HashMap::clear (50 bytes)
Event: 7.733 Thread 0x000000011c84a800 nmethod 1620 0x000000012887aa90 code [0x000000012887ac40, 0x000000012887b068]
Event: 7.733 Thread 0x000000011c84a800 1621       3       javafx.css.Size::pixels (7 bytes)
Event: 7.733 Thread 0x000000011c84a800 nmethod 1621 0x000000012887b190 code [0x000000012887b340, 0x000000012887b4d8]
Event: 7.733 Thread 0x000000011c84a800 1622       3       javafx.css.Size::pixels (14 bytes)
Event: 7.733 Thread 0x000000011c84a800 nmethod 1622 0x000000012887b590 code [0x000000012887b740, 0x000000012887b998]
Event: 7.733 Thread 0x000000011c84a800 1625       3       javafx.scene.CssStyleHelper::handleNoStyleFound (88 bytes)

GC Heap History (2 events):
Event: 0.324 GC heap before
{Heap before GC invocations=0 (full 0):
 garbage-first heap   total 266240K, used 22496K [0x0000000700000000, 0x0000000800000000)
  region size 2048K, 11 young (22528K), 0 survivors (0K)
 Metaspace       used 6928K, committed 7168K, reserved 1056768K
  class space    used 896K, committed 1024K, reserved 1048576K
}
Event: 0.326 GC heap after
{Heap after GC invocations=1 (full 0):
 garbage-first heap   total 266240K, used 4954K [0x0000000700000000, 0x0000000800000000)
  region size 2048K, 2 young (4096K), 2 survivors (4096K)
 Metaspace       used 6928K, committed 7168K, reserved 1056768K
  class space    used 896K, committed 1024K, reserved 1048576K
}

Deoptimization events (20 events):
Event: 0.525 Thread 0x000000013d9f6e00 Uncommon trap: trap_request=0xffffffde fr.pc=0x000000012fadbb98 relative=0x0000000000000158
Event: 0.525 Thread 0x000000013d9f6e00 Uncommon trap: reason=class_check action=maybe_recompile pc=0x000000012fadbb98 method=java.lang.String.equals(Ljava/lang/Object;)Z @ 8 c2
Event: 0.525 Thread 0x000000013d9f6e00 DEOPT PACKING pc=0x000000012fadbb98 sp=0x000000016bddde90
Event: 0.525 Thread 0x000000013d9f6e00 DEOPT UNPACKING pc=0x000000012803ed1c sp=0x000000016bddde30 mode 2
Event: 0.540 Thread 0x000000013d9f6e00 Uncommon trap: trap_request=0xffffff45 fr.pc=0x000000012fb0de5c relative=0x000000000000019c
Event: 0.540 Thread 0x000000013d9f6e00 Uncommon trap: reason=unstable_if action=reinterpret pc=0x000000012fb0de5c method=java.io.ByteArrayInputStream.read()I @ 8 c2
Event: 0.540 Thread 0x000000013d9f6e00 DEOPT PACKING pc=0x000000012fb0de5c sp=0x000000016bddd240
Event: 0.540 Thread 0x000000013d9f6e00 DEOPT UNPACKING pc=0x000000012803ed1c sp=0x000000016bddd1c0 mode 2
Event: 0.545 Thread 0x000000013d9f6e00 Uncommon trap: trap_request=0xffffffc6 fr.pc=0x000000012fb078ec relative=0x000000000000046c
Event: 0.545 Thread 0x000000013d9f6e00 Uncommon trap: reason=bimorphic_or_optimized_type_check action=maybe_recompile pc=0x000000012fb078ec method=java.util.concurrent.ConcurrentHashMap.get(Ljava/lang/Object;)Ljava/lang/Object; @ 149 c2
Event: 0.545 Thread 0x000000013d9f6e00 DEOPT PACKING pc=0x000000012fb078ec sp=0x000000016bdddb60
Event: 0.545 Thread 0x000000013d9f6e00 DEOPT UNPACKING pc=0x000000012803ed1c sp=0x000000016bdddaf0 mode 2
Event: 0.546 Thread 0x000000013d9f6e00 Uncommon trap: trap_request=0xffffffc6 fr.pc=0x000000012fb078ec relative=0x000000000000046c
Event: 0.546 Thread 0x000000013d9f6e00 Uncommon trap: reason=bimorphic_or_optimized_type_check action=maybe_recompile pc=0x000000012fb078ec method=java.util.concurrent.ConcurrentHashMap.get(Ljava/lang/Object;)Ljava/lang/Object; @ 149 c2
Event: 0.546 Thread 0x000000013d9f6e00 DEOPT PACKING pc=0x000000012fb078ec sp=0x000000016bdddb60
Event: 0.546 Thread 0x000000013d9f6e00 DEOPT UNPACKING pc=0x000000012803ed1c sp=0x000000016bdddaf0 mode 2
Event: 0.546 Thread 0x000000013d9f6e00 Uncommon trap: trap_request=0xffffffc6 fr.pc=0x000000012fb078ec relative=0x000000000000046c
Event: 0.546 Thread 0x000000013d9f6e00 Uncommon trap: reason=bimorphic_or_optimized_type_check action=maybe_recompile pc=0x000000012fb078ec method=java.util.concurrent.ConcurrentHashMap.get(Ljava/lang/Object;)Ljava/lang/Object; @ 149 c2
Event: 0.546 Thread 0x000000013d9f6e00 DEOPT PACKING pc=0x000000012fb078ec sp=0x000000016bddda00
Event: 0.546 Thread 0x000000013d9f6e00 DEOPT UNPACKING pc=0x000000012803ed1c sp=0x000000016bddd990 mode 2

Classes unloaded (0 events):
No events

Classes redefined (0 events):
No events

Internal exceptions (20 events):
Event: 0.311 Thread 0x000000013d9f6e00 Exception <a 'java/lang/NullPointerException'{0x000000070ea30ac8}> (0x000000070ea30ac8) 
thrown [src/hotspot/share/interpreter/linkResolver.cpp, line 1357]
Event: 0.321 Thread 0x000000013d9f6e00 Exception <a 'java/lang/NoSuchMethodError'{0x000000070ebba930}: 'java.lang.Object java.lang.invoke.DirectMethodHandle$Holder.invokeSpecial(java.lang.Object, java.lang.Object, java.lang.Object, int, java.lang.Object)'> (0x000000070ebba930) 
thrown [src/hotspot/share/interpreter/linkResolver.cpp, line 766]
Event: 0.378 Thread 0x000000013d9f6e00 Exception <a 'java/lang/NoSuchMethodError'{0x000000070fbfd230}: 'void java.lang.invoke.DirectMethodHandle$Holder.invokeStaticInit(java.lang.Object, java.lang.Object)'> (0x000000070fbfd230) 
thrown [src/hotspot/share/interpreter/linkResolver.cpp, line 766]
Event: 0.380 Thread 0x000000013d9f6e00 Exception <a 'java/lang/NoSuchMethodError'{0x000000070f8342b8}: 'void java.lang.invoke.DirectMethodHandle$Holder.invokeSpecial(java.lang.Object, java.lang.Object, java.lang.Object, java.lang.Object, java.lang.Object)'> (0x000000070f8342b8) 
thrown [src/hotspot/share/interpreter/linkResolver.cpp, line 766]
Event: 0.393 Thread 0x000000013d9f6e00 Exception <a 'sun/nio/fs/UnixException'{0x000000070f68cd10}> (0x000000070f68cd10) 
thrown [src/hotspot/share/prims/jni.cpp, line 516]
Event: 0.398 Thread 0x000000013d9f6e00 Implicit null exception at 0x000000012fb067f8 to 0x000000012fb06888
Event: 0.404 Thread 0x000000013d9f6e00 Implicit null exception at 0x000000012fb0f454 to 0x000000012fb0f7ac
Event: 0.440 Thread 0x000000013d9f6e00 Implicit null exception at 0x000000012fb10154 to 0x000000012fb104a0
Event: 0.522 Thread 0x000000013d9f6e00 Exception <a 'java/lang/NoSuchMethodError'{0x000000070f0f3ab0}: 'java.lang.Object java.lang.invoke.DirectMethodHandle$Holder.invokeInterface(java.lang.Object, java.lang.Object, java.lang.Object)'> (0x000000070f0f3ab0) 
thrown [src/hotspot/share/interpreter/linkResolver.cpp, line 766]
Event: 0.522 Thread 0x000000013d9f6e00 Exception <a 'java/lang/IncompatibleClassChangeError'{0x000000070f0f7438}: Found class java.lang.Object, but interface was expected> (0x000000070f0f7438) 
thrown [src/hotspot/share/interpreter/linkResolver.cpp, line 833]
Event: 0.550 Thread 0x000000013d9f6e00 Exception <a 'java/lang/NoSuchMethodError'{0x000000070ee89f38}: 'java.lang.Object java.lang.invoke.DirectMethodHandle$Holder.newInvokeSpecial(java.lang.Object, java.lang.Object, int)'> (0x000000070ee89f38) 
thrown [src/hotspot/share/interpreter/linkResolver.cpp, line 766]
Event: 0.608 Thread 0x000000013d80fa00 Exception <a 'java/lang/NoSuchMethodError'{0x000000070ed0d1e8}: 'int java.lang.invoke.DirectMethodHandle$Holder.invokeStaticInit(java.lang.Object, java.lang.Object)'> (0x000000070ed0d1e8) 
thrown [src/hotspot/share/interpreter/linkResolver.cpp, line 766]
Event: 6.561 Thread 0x000000013d9f6e00 Exception <a 'java/lang/NoSuchMethodError'{0x000000070e57fc30}: 'long java.lang.invoke.DirectMethodHandle$Holder.invokeStatic(java.lang.Object, java.lang.Object)'> (0x000000070e57fc30) 
thrown [src/hotspot/share/interpreter/linkResolver.cpp, line 766]
Event: 6.567 Thread 0x000000013d9f6e00 Exception <a 'java/lang/NoSuchMethodError'{0x000000070e5a1790}: 'long java.lang.invoke.DirectMethodHandle$Holder.invokeStatic(java.lang.Object, java.lang.Object, java.lang.Object)'> (0x000000070e5a1790) 
thrown [src/hotspot/share/interpreter/linkResolver.cpp, line 766]
Event: 6.567 Thread 0x000000013d9f6e00 Exception <a 'java/lang/NoSuchMethodError'{0x000000070e5a4f38}: 'long java.lang.invoke.DirectMethodHandle$Holder.invokeStaticInit(java.lang.Object, java.lang.Object, java.lang.Object)'> (0x000000070e5a4f38) 
thrown [src/hotspot/share/interpreter/linkResolver.cpp, line 766]
Event: 6.569 Thread 0x000000013d9f6e00 Exception <a 'java/lang/NoSuchMethodError'{0x000000070e5bcb40}: 'java.lang.Object java.lang.invoke.DirectMethodHandle$Holder.newInvokeSpecial(java.lang.Object, java.lang.Object, long)'> (0x000000070e5bcb40) 
thrown [src/hotspot/share/interpreter/linkResolver.cpp, line 766]
Event: 6.569 Thread 0x000000013d9f6e00 Exception <a 'java/lang/NoSuchMethodError'{0x000000070e5c0408}: 'java.lang.Object java.lang.invoke.Invokers$Holder.linkToTargetMethod(java.lang.Object, long, java.lang.Object)'> (0x000000070e5c0408) 
thrown [src/hotspot/share/interpreter/linkResolver.cpp, line 766]
Event: 6.572 Thread 0x000000013d9f6e00 Exception <a 'java/lang/NoSuchMethodError'{0x000000070e5ea810}: 'java.lang.Object java.lang.invoke.DirectMethodHandle$Holder.newInvokeSpecial(java.lang.Object, java.lang.Object, int, int, int, int, int, java.lang.Object)'> (0x000000070e5ea810) 
thrown [src/hotspot/share/interpreter/linkResolver.cpp, line 766]
Event: 6.573 Thread 0x000000013d9f6e00 Exception <a 'java/lang/NoSuchMethodError'{0x000000070e5fd7f0}: 'java.lang.Object java.lang.invoke.DirectMethodHandle$Holder.newInvokeSpecial(java.lang.Object, java.lang.Object, java.lang.Object, int, int, int, int, int)'> (0x000000070e5fd7f0) 
thrown [src/hotspot/share/interpreter/linkResolver.cpp, line 766]
Event: 6.573 Thread 0x000000013d9f6e00 Exception <a 'java/lang/NoSuchMethodError'{0x000000070e205c58}: 'java.lang.Object java.lang.invoke.Invokers$Holder.linkToTargetMethod(java.lang.Object, java.lang.Object, int, int, int, int, int, java.lang.Object)'> (0x000000070e205c58) 
thrown [src/hotspot/share/interpreter/linkResolver.cpp, line 766]

VM Operations (20 events):
Event: 0.324 Executing VM operation: G1CollectForAllocation
Event: 0.326 Executing VM operation: G1CollectForAllocation done
Event: 0.357 Executing VM operation: HandshakeAllThreads
Event: 0.357 Executing VM operation: HandshakeAllThreads done
Event: 0.375 Executing VM operation: ICBufferFull
Event: 0.375 Executing VM operation: ICBufferFull done
Event: 0.388 Executing VM operation: HandshakeAllThreads
Event: 0.388 Executing VM operation: HandshakeAllThreads done
Event: 0.514 Executing VM operation: HandshakeAllThreads
Event: 0.514 Executing VM operation: HandshakeAllThreads done
Event: 1.519 Executing VM operation: Cleanup
Event: 1.519 Executing VM operation: Cleanup done
Event: 5.534 Executing VM operation: Cleanup
Event: 5.534 Executing VM operation: Cleanup done
Event: 6.538 Executing VM operation: Cleanup
Event: 6.538 Executing VM operation: Cleanup done
Event: 6.563 Executing VM operation: HandshakeAllThreads
Event: 6.563 Executing VM operation: HandshakeAllThreads done
Event: 7.568 Executing VM operation: Cleanup
Event: 7.568 Executing VM operation: Cleanup done

Events (20 events):
Event: 6.564 loading class java/util/stream/Node$OfLong done
Event: 6.564 loading class java/util/stream/Nodes$EmptyNode$OfLong done
Event: 6.564 loading class java/util/stream/Nodes$EmptyNode$OfDouble
Event: 6.564 loading class java/util/stream/Node$OfDouble
Event: 6.564 loading class java/util/stream/Node$OfDouble done
Event: 6.564 loading class java/util/stream/Nodes$EmptyNode$OfDouble done
Event: 6.564 loading class java/util/stream/Nodes$LongFixedNodeBuilder
Event: 6.564 loading class java/util/stream/Node$Builder$OfLong
Event: 6.564 loading class java/util/stream/Node$Builder
Event: 6.564 loading class java/util/stream/Node$Builder done
Event: 6.564 loading class java/util/stream/Sink$OfLong
Event: 6.564 loading class java/util/stream/Sink$OfLong done
Event: 6.564 loading class java/util/stream/Node$Builder$OfLong done
Event: 6.564 loading class java/util/stream/Nodes$LongArrayNode
Event: 6.564 loading class java/util/stream/Nodes$LongArrayNode done
Event: 6.564 loading class java/util/stream/Nodes$LongFixedNodeBuilder done
Event: 6.564 loading class java/util/stream/ReferencePipeline$5$1
Event: 6.564 loading class java/util/stream/ReferencePipeline$5$1 done
Event: 7.578 loading class jdk/internal/misc/ScopedMemoryAccess$Scope
Event: 7.579 loading class jdk/internal/misc/ScopedMemoryAccess$Scope done


Dynamic libraries:
0x0000000104150000 	/opt/homebrew/Cellar/openjdk/17/libexec/openjdk.jdk/Contents/Home/lib/libjli.dylib
0x000000019c66a000 	/usr/lib/libz.1.dylib
0x000000019c71a000 	/usr/lib/libSystem.B.dylib
0x000000019c714000 	/usr/lib/system/libcache.dylib
0x000000019c6d2000 	/usr/lib/system/libcommonCrypto.dylib
0x000000019c6fb000 	/usr/lib/system/libcompiler_rt.dylib
0x000000019c6f2000 	/usr/lib/system/libcopyfile.dylib
0x0000000191a1e000 	/usr/lib/system/libcorecrypto.dylib
0x0000000191ac3000 	/usr/lib/system/libdispatch.dylib
0x0000000191c8b000 	/usr/lib/system/libdyld.dylib
0x000000019c70a000 	/usr/lib/system/libkeymgr.dylib
0x000000019c6b4000 	/usr/lib/system/libmacho.dylib
0x000000019bdc0000 	/usr/lib/system/libquarantine.dylib
0x000000019c707000 	/usr/lib/system/libremovefile.dylib
0x0000000196e0d000 	/usr/lib/system/libsystem_asl.dylib
0x00000001919c8000 	/usr/lib/system/libsystem_blocks.dylib
0x0000000191b49000 	/usr/lib/system/libsystem_c.dylib
0x000000019c6ff000 	/usr/lib/system/libsystem_collections.dylib
0x000000019b21d000 	/usr/lib/system/libsystem_configuration.dylib
0x000000019a4a3000 	/usr/lib/system/libsystem_containermanager.dylib
0x000000019c41e000 	/usr/lib/system/libsystem_coreservices.dylib
0x00000001943b0000 	/usr/lib/system/libsystem_darwin.dylib
0x000000019c70b000 	/usr/lib/system/libsystem_dnssd.dylib
0x0000000191b46000 	/usr/lib/system/libsystem_featureflags.dylib
0x0000000191ca0000 	/usr/lib/system/libsystem_info.dylib
0x000000019c67c000 	/usr/lib/system/libsystem_m.dylib
0x0000000191a98000 	/usr/lib/system/libsystem_malloc.dylib
0x0000000196d9e000 	/usr/lib/system/libsystem_networkextension.dylib
0x0000000194803000 	/usr/lib/system/libsystem_notify.dylib
0x00000001a28e7000 	/usr/lib/system/libsystem_product_info_filter.dylib
0x000000019b222000 	/usr/lib/system/libsystem_sandbox.dylib
0x000000019c704000 	/usr/lib/system/libsystem_secinit.dylib
0x0000000191c48000 	/usr/lib/system/libsystem_kernel.dylib
0x0000000191c98000 	/usr/lib/system/libsystem_platform.dylib
0x0000000191c7e000 	/usr/lib/system/libsystem_pthread.dylib
0x0000000198543000 	/usr/lib/system/libsystem_symptoms.dylib
0x0000000191a04000 	/usr/lib/system/libsystem_trace.dylib
0x000000019c6df000 	/usr/lib/system/libunwind.dylib
0x00000001919ca000 	/usr/lib/system/libxpc.dylib
0x0000000191c2e000 	/usr/lib/libc++abi.dylib
0x0000000191b0a000 	/usr/lib/libobjc.A.dylib
0x000000019c6ea000 	/usr/lib/liboah.dylib
0x0000000191bca000 	/usr/lib/libc++.1.dylib
0x00000001a82c4000 	/System/Library/Frameworks/Cocoa.framework/Versions/A/Cocoa
0x0000000194862000 	/System/Library/Frameworks/AppKit.framework/Versions/C/AppKit
0x0000000197d84000 	/System/Library/Frameworks/CoreData.framework/Versions/A/CoreData
0x0000000192bc3000 	/System/Library/Frameworks/Foundation.framework/Versions/C/Foundation
0x0000000195714000 	/System/Library/PrivateFrameworks/UIFoundation.framework/Versions/A/UIFoundation
0x00000001a25e1000 	/System/Library/PrivateFrameworks/RemoteViewServices.framework/Versions/A/RemoteViewServices
0x000000019abdc000 	/System/Library/PrivateFrameworks/XCTTargetBootstrap.framework/Versions/A/XCTTargetBootstrap
0x000000019e41c000 	/System/Library/PrivateFrameworks/InternationalSupport.framework/Versions/A/InternationalSupport
0x000000019e4a5000 	/System/Library/PrivateFrameworks/UserActivity.framework/Versions/A/UserActivity
0x000000019d947000 	/usr/lib/libspindump.dylib
0x0000000195984000 	/System/Library/Frameworks/UniformTypeIdentifiers.framework/Versions/A/UniformTypeIdentifiers
0x000000019916a000 	/usr/lib/libapp_launch_measurement.dylib
0x00000001986e7000 	/System/Library/PrivateFrameworks/CoreAnalytics.framework/Versions/A/CoreAnalytics
0x000000019916d000 	/System/Library/PrivateFrameworks/CoreAutoLayout.framework/Versions/A/CoreAutoLayout
0x000000019a4e0000 	/System/Library/Frameworks/Metal.framework/Versions/A/Metal
0x000000019b22d000 	/usr/lib/liblangid.dylib
0x000000019abe0000 	/System/Library/PrivateFrameworks/CoreSVG.framework/Versions/A/CoreSVG
0x0000000196e41000 	/System/Library/PrivateFrameworks/SkyLight.framework/Versions/A/SkyLight
0x0000000197209000 	/System/Library/Frameworks/CoreGraphics.framework/Versions/A/CoreGraphics
0x00000001a2c5a000 	/System/Library/Frameworks/Accelerate.framework/Versions/A/Accelerate
0x000000019d3bc000 	/System/Library/PrivateFrameworks/IconServices.framework/Versions/A/IconServices
0x000000019a4c2000 	/System/Library/Frameworks/IOSurface.framework/Versions/A/IOSurface
0x0000000198717000 	/usr/lib/libDiagnosticMessagesClient.dylib
0x00000001a6092000 	/System/Library/Frameworks/ApplicationServices.framework/Versions/A/ApplicationServices
0x000000019abc4000 	/System/Library/PrivateFrameworks/DFRFoundation.framework/Versions/A/DFRFoundation
0x0000000194105000 	/usr/lib/libicucore.A.dylib
0x000000019f219000 	/System/Library/Frameworks/AudioToolbox.framework/Versions/A/AudioToolbox
0x000000019e428000 	/System/Library/PrivateFrameworks/DataDetectorsCore.framework/Versions/A/DataDetectorsCore
0x00000001b4444000 	/System/Library/PrivateFrameworks/TextInput.framework/Versions/A/TextInput
0x0000000196db8000 	/usr/lib/libMobileGestalt.dylib
0x000000019a894000 	/System/Library/Frameworks/Carbon.framework/Versions/A/Frameworks/HIToolbox.framework/Versions/A/HIToolbox
0x0000000198b74000 	/System/Library/Frameworks/QuartzCore.framework/Versions/A/QuartzCore
0x0000000193d82000 	/System/Library/Frameworks/Security.framework/Versions/A/Security
0x00000001a2621000 	/System/Library/Frameworks/Carbon.framework/Versions/A/Frameworks/SpeechRecognition.framework/Versions/A/SpeechRecognition
0x0000000198ec1000 	/System/Library/PrivateFrameworks/CoreUI.framework/Versions/A/CoreUI
0x0000000193655000 	/System/Library/Frameworks/CoreAudio.framework/Versions/A/CoreAudio
0x0000000198807000 	/System/Library/Frameworks/DiskArbitration.framework/Versions/A/DiskArbitration
0x000000019dd2f000 	/System/Library/PrivateFrameworks/MultitouchSupport.framework/Versions/A/MultitouchSupport
0x0000000196db6000 	/usr/lib/libenergytrace.dylib
0x000000019472e000 	/System/Library/Frameworks/IOKit.framework/Versions/A/IOKit
0x00000001a2a08000 	/System/Library/Frameworks/CoreServices.framework/Versions/A/CoreServices
0x00000001990fa000 	/System/Library/PrivateFrameworks/PerformanceAnalysis.framework/Versions/A/PerformanceAnalysis
0x00000001f2c69000 	/System/Library/Frameworks/OpenGL.framework/Versions/A/OpenGL
0x000000019bce0000 	/System/Library/PrivateFrameworks/MobileKeyBag.framework/Versions/A/MobileKeyBag
0x0000000197819000 	/System/Library/Frameworks/ColorSync.framework/Versions/A/ColorSync
0x0000000191ccc000 	/System/Library/Frameworks/CoreFoundation.framework/Versions/A/CoreFoundation
0x000000019ae61000 	/System/Library/Frameworks/CoreImage.framework/Versions/A/CoreImage
0x0000000193478000 	/System/Library/Frameworks/CoreText.framework/Versions/A/CoreText
0x000000019ac10000 	/System/Library/Frameworks/ImageIO.framework/Versions/A/ImageIO
0x000000019c720000 	/System/Library/PrivateFrameworks/SoftLinking.framework/Versions/A/SoftLinking
0x00000001991b7000 	/usr/lib/libxml2.2.dylib
0x000000019c9b8000 	/usr/lib/libcompression.dylib
0x000000019e375000 	/System/Library/PrivateFrameworks/TextureIO.framework/Versions/A/TextureIO
0x000000019d0d6000 	/usr/lib/libate.dylib
0x000000019cf9e000 	/usr/lib/liblzma.5.dylib
0x00000001928b4000 	/System/Library/Frameworks/SystemConfiguration.framework/Versions/A/SystemConfiguration
0x000000019c71c000 	/usr/lib/libfakelink.dylib
0x00000001968e6000 	/System/Library/Frameworks/CFNetwork.framework/Versions/A/CFNetwork
0x000000019c863000 	/usr/lib/libarchive.2.dylib
0x000000019b229000 	/System/Library/PrivateFrameworks/AppleSystemInfo.framework/Versions/A/AppleSystemInfo
0x000000019bdea000 	/usr/lib/libbsm.0.dylib
0x0000000195e23000 	/usr/lib/libnetwork.dylib
0x000000019c6ba000 	/usr/lib/system/libkxld.dylib
0x000000019ba02000 	/System/Library/PrivateFrameworks/IOMobileFramebuffer.framework/Versions/A/IOMobileFramebuffer
0x000000020e594000 	/usr/lib/libCoreEntitlements.dylib
0x000000019c400000 	/System/Library/PrivateFrameworks/AppleFSCompression.framework/Versions/A/AppleFSCompression
0x000000019bdd3000 	/usr/lib/libcoretls.dylib
0x000000019cfb7000 	/usr/lib/libcoretls_cfhelpers.dylib
0x000000019c9b3000 	/usr/lib/libpam.2.dylib
0x000000019816b000 	/usr/lib/libsqlite3.dylib
0x000000019d01f000 	/usr/lib/libxar.1.dylib
0x000000019c411000 	/usr/lib/libbz2.1.0.dylib
0x000000019c721000 	/usr/lib/libpcap.A.dylib
0x000000019853a000 	/usr/lib/libdns_services.dylib
0x000000019c986000 	/usr/lib/libapple_nghttp2.dylib
0x000000019c75e000 	/usr/lib/libiconv.2.dylib
0x000000019c6b3000 	/usr/lib/libcharset.1.dylib
0x0000000199136000 	/System/Library/Frameworks/CoreServices.framework/Versions/A/Frameworks/FSEvents.framework/Versions/A/FSEvents
0x00000001943bb000 	/System/Library/Frameworks/CoreServices.framework/Versions/A/Frameworks/CarbonCore.framework/Versions/A/CarbonCore
0x000000019876a000 	/System/Library/Frameworks/CoreServices.framework/Versions/A/Frameworks/Metadata.framework/Versions/A/Metadata
0x000000019c424000 	/System/Library/Frameworks/CoreServices.framework/Versions/A/Frameworks/OSServices.framework/Versions/A/OSServices
0x000000019c8e8000 	/System/Library/Frameworks/CoreServices.framework/Versions/A/Frameworks/SearchKit.framework/Versions/A/SearchKit
0x00000001984c8000 	/System/Library/Frameworks/CoreServices.framework/Versions/A/Frameworks/AE.framework/Versions/A/AE
0x0000000192210000 	/System/Library/Frameworks/CoreServices.framework/Versions/A/Frameworks/LaunchServices.framework/Versions/A/LaunchServices
0x000000019cf47000 	/System/Library/Frameworks/CoreServices.framework/Versions/A/Frameworks/DictionaryServices.framework/Versions/A/DictionaryServices
0x0000000199143000 	/System/Library/Frameworks/CoreServices.framework/Versions/A/Frameworks/SharedFileList.framework/Versions/A/SharedFileList
0x000000019bdc3000 	/usr/lib/libCheckFix.dylib
0x0000000196e25000 	/System/Library/PrivateFrameworks/TCC.framework/Versions/A/TCC
0x000000019b22f000 	/System/Library/PrivateFrameworks/CoreNLP.framework/Versions/A/CoreNLP
0x000000019871a000 	/System/Library/PrivateFrameworks/MetadataUtilities.framework/Versions/A/MetadataUtilities
0x000000019296d000 	/usr/lib/libmecabra.dylib
0x000000019bdfb000 	/usr/lib/libmecab.dylib
0x0000000192939000 	/usr/lib/libCRFSuite.dylib
0x000000019be59000 	/usr/lib/libgermantok.dylib
0x000000019c95f000 	/usr/lib/libThaiTokenizer.dylib
0x000000019880f000 	/System/Library/Frameworks/Accelerate.framework/Versions/A/Frameworks/vImage.framework/Versions/A/vImage
0x00000001a29df000 	/System/Library/Frameworks/Accelerate.framework/Versions/A/Frameworks/vecLib.framework/Versions/A/vecLib
0x000000019d063000 	/System/Library/Frameworks/Accelerate.framework/Versions/A/Frameworks/vecLib.framework/Versions/A/libvMisc.dylib
0x000000019b90c000 	/System/Library/Frameworks/Accelerate.framework/Versions/A/Frameworks/vecLib.framework/Versions/A/libvDSP.dylib
0x0000000192593000 	/System/Library/Frameworks/Accelerate.framework/Versions/A/Frameworks/vecLib.framework/Versions/A/libBLAS.dylib
0x000000019ca87000 	/System/Library/Frameworks/Accelerate.framework/Versions/A/Frameworks/vecLib.framework/Versions/A/libLAPACK.dylib
0x000000019be5c000 	/System/Library/Frameworks/Accelerate.framework/Versions/A/Frameworks/vecLib.framework/Versions/A/libLinearAlgebra.dylib
0x000000019c99e000 	/System/Library/Frameworks/Accelerate.framework/Versions/A/Frameworks/vecLib.framework/Versions/A/libSparseBLAS.dylib
0x000000019ca82000 	/System/Library/Frameworks/Accelerate.framework/Versions/A/Frameworks/vecLib.framework/Versions/A/libQuadrature.dylib
0x000000019b326000 	/System/Library/Frameworks/Accelerate.framework/Versions/A/Frameworks/vecLib.framework/Versions/A/libBNNS.dylib
0x0000000192851000 	/System/Library/Frameworks/Accelerate.framework/Versions/A/Frameworks/vecLib.framework/Versions/A/libSparse.dylib
0x000000019b31e000 	/System/Library/PrivateFrameworks/LinguisticData.framework/Versions/A/LinguisticData
0x0000000192807000 	/System/Library/PrivateFrameworks/Lexicon.framework/Versions/A/Lexicon
0x000000019d05b000 	/usr/lib/libChineseTokenizer.dylib
0x0000000192fb1000 	/System/Library/PrivateFrameworks/LanguageModeling.framework/Versions/A/LanguageModeling
0x000000019c961000 	/System/Library/PrivateFrameworks/AppleSauce.framework/Versions/A/AppleSauce
0x000000019b9ef000 	/System/Library/PrivateFrameworks/CoreEmoji.framework/Versions/A/CoreEmoji
0x000000019c851000 	/usr/lib/libcmph.dylib
0x0000000199116000 	/System/Library/Frameworks/OpenDirectory.framework/Versions/A/Frameworks/CFOpenDirectory.framework/Versions/A/CFOpenDirectory
0x0000000199106000 	/System/Library/Frameworks/OpenDirectory.framework/Versions/A/OpenDirectory
0x000000019cfb9000 	/System/Library/PrivateFrameworks/APFS.framework/Versions/A/APFS
0x000000019bd1b000 	/System/Library/Frameworks/SecurityFoundation.framework/Versions/A/SecurityFoundation
0x000000019d02d000 	/usr/lib/libutil.dylib
0x00000001946f0000 	/System/Library/PrivateFrameworks/CoreServicesStore.framework/Versions/A/CoreServicesStore
0x000000019d031000 	/usr/lib/libxslt.1.dylib
0x000000019bdaf000 	/System/Library/PrivateFrameworks/BackgroundTaskManagement.framework/Versions/A/BackgroundTaskManagement
0x000000019e296000 	/System/Library/Frameworks/ImageIO.framework/Versions/A/Resources/libRadiance.dylib
0x000000019e29f000 	/System/Library/Frameworks/ImageIO.framework/Versions/A/Resources/libJPEG.dylib
0x000000019e1f1000 	/System/Library/Frameworks/ImageIO.framework/Versions/A/Resources/libPng.dylib
0x000000019e213000 	/System/Library/Frameworks/ImageIO.framework/Versions/A/Resources/libTIFF.dylib
0x000000019e2fa000 	/System/Library/Frameworks/ImageIO.framework/Versions/A/Resources/libGIF.dylib
0x000000019dc3f000 	/System/Library/Frameworks/ImageIO.framework/Versions/A/Resources/libJP2.dylib
0x000000019d382000 	/usr/lib/libexpat.1.dylib
0x000000019dbfa000 	/System/Library/PrivateFrameworks/AppleJPEG.framework/Versions/A/AppleJPEG
0x000000019a753000 	/System/Library/PrivateFrameworks/FontServices.framework/libFontParser.dylib
0x000000019846d000 	/System/Library/PrivateFrameworks/RunningBoardServices.framework/Versions/A/RunningBoardServices
0x00000001a892f000 	/System/Library/PrivateFrameworks/IOSurfaceAccelerator.framework/Versions/A/IOSurfaceAccelerator
0x000000019dd2b000 	/System/Library/PrivateFrameworks/WatchdogClient.framework/Versions/A/WatchdogClient
0x00000001930b5000 	/System/Library/Frameworks/CoreDisplay.framework/Versions/A/CoreDisplay
0x000000019a642000 	/System/Library/Frameworks/CoreMedia.framework/Versions/A/CoreMedia
0x000000019a4d6000 	/System/Library/PrivateFrameworks/IOAccelerator.framework/Versions/A/IOAccelerator
0x00000001992a4000 	/System/Library/Frameworks/CoreVideo.framework/Versions/A/CoreVideo
0x000000019c9b1000 	/System/Library/Frameworks/MetalPerformanceShaders.framework/Versions/A/MetalPerformanceShaders
0x000000019dd68000 	/System/Library/Frameworks/VideoToolbox.framework/Versions/A/VideoToolbox
0x00000001983b1000 	/System/Library/PrivateFrameworks/BaseBoard.framework/Versions/A/BaseBoard
0x0000000198150000 	/System/Library/PrivateFrameworks/ProtocolBuffer.framework/Versions/A/ProtocolBuffer
0x000000019e291000 	/System/Library/PrivateFrameworks/GPUWrangler.framework/Versions/A/GPUWrangler
0x000000019e270000 	/System/Library/PrivateFrameworks/IOPresentment.framework/Versions/A/IOPresentment
0x000000019e299000 	/System/Library/PrivateFrameworks/DSExternalDisplay.framework/Versions/A/DSExternalDisplay
0x00000001f2c5c000 	/System/Library/Frameworks/OpenGL.framework/Versions/A/Libraries/libCoreFSCache.dylib
0x00000001fc376000 	/System/Library/PrivateFrameworks/GPUCompiler.framework/Versions/31001/Libraries/libGPUCompilerUtils.dylib
0x000000019e2ff000 	/System/Library/PrivateFrameworks/CMCaptureCore.framework/Versions/A/CMCaptureCore
0x000000019d935000 	/System/Library/PrivateFrameworks/AppServerSupport.framework/Versions/A/AppServerSupport
0x000000019fad4000 	/System/Library/PrivateFrameworks/perfdata.framework/Versions/A/perfdata
0x00000001931d5000 	/System/Library/PrivateFrameworks/AudioToolboxCore.framework/Versions/A/AudioToolboxCore
0x000000019a61a000 	/System/Library/PrivateFrameworks/caulk.framework/Versions/A/caulk
0x000000019f3c9000 	/usr/lib/libAudioStatistics.dylib
0x00000001b0be2000 	/System/Library/PrivateFrameworks/SystemPolicy.framework/Versions/A/SystemPolicy
0x000000019f629000 	/usr/lib/libSMC.dylib
0x00000001a81a6000 	/System/Library/Frameworks/CoreMIDI.framework/Versions/A/CoreMIDI
0x000000019e1bf000 	/usr/lib/libAudioToolboxUtility.dylib
0x00000001ad088000 	/System/Library/PrivateFrameworks/OSAServicesClient.framework/Versions/A/OSAServicesClient
0x000000019fae1000 	/usr/lib/libperfcheck.dylib
0x00000001b16e5000 	/usr/lib/libmis.dylib
0x00000001f2cbd000 	/System/Library/Frameworks/OpenGL.framework/Versions/A/Libraries/libGLU.dylib
0x00000001f2c7c000 	/System/Library/Frameworks/OpenGL.framework/Versions/A/Libraries/libGFXShared.dylib
0x00000001f2e66000 	/System/Library/Frameworks/OpenGL.framework/Versions/A/Libraries/libGL.dylib
0x00000001f2c85000 	/System/Library/Frameworks/OpenGL.framework/Versions/A/Libraries/libGLImage.dylib
0x00000001f2c79000 	/System/Library/Frameworks/OpenGL.framework/Versions/A/Libraries/libCVMSPluginSupport.dylib
0x00000001f2c63000 	/System/Library/Frameworks/OpenGL.framework/Versions/A/Libraries/libCoreVMClient.dylib
0x000000019b1ab000 	/System/Library/Frameworks/MetalPerformanceShaders.framework/Versions/A/Frameworks/MPSCore.framework/Versions/A/MPSCore
0x000000019c373000 	/System/Library/Frameworks/MetalPerformanceShaders.framework/Versions/A/Frameworks/MPSImage.framework/Versions/A/MPSImage
0x000000019be71000 	/System/Library/Frameworks/MetalPerformanceShaders.framework/Versions/A/Frameworks/MPSNeuralNetwork.framework/Versions/A/MPSNeuralNetwork
0x000000019c2ae000 	/System/Library/Frameworks/MetalPerformanceShaders.framework/Versions/A/Frameworks/MPSMatrix.framework/Versions/A/MPSMatrix
0x000000019c089000 	/System/Library/Frameworks/MetalPerformanceShaders.framework/Versions/A/Frameworks/MPSRayIntersector.framework/Versions/A/MPSRayIntersector
0x000000019c2df000 	/System/Library/Frameworks/MetalPerformanceShaders.framework/Versions/A/Frameworks/MPSNDArray.framework/Versions/A/MPSNDArray
0x00000001f4978000 	/System/Library/Frameworks/MetalPerformanceShaders.framework/Versions/A/Frameworks/MPSFunctions.framework/Versions/A/MPSFunctions
0x0000000192471000 	/System/Library/PrivateFrameworks/MetalTools.framework/Versions/A/MetalTools
0x000000019b227000 	/System/Library/PrivateFrameworks/AggregateDictionary.framework/Versions/A/AggregateDictionary
0x000000019d168000 	/usr/lib/libIOReport.dylib
0x00000001a7194000 	/System/Library/PrivateFrameworks/ASEProcessing.framework/Versions/A/ASEProcessing
0x000000019d4da000 	/System/Library/PrivateFrameworks/FaceCore.framework/Versions/A/FaceCore
0x000000019d4cc000 	/System/Library/PrivateFrameworks/GraphVisualizer.framework/Versions/A/GraphVisualizer
0x00000001fc28d000 	/System/Library/PrivateFrameworks/FontServices.framework/Versions/A/FontServices
0x000000019d8ef000 	/System/Library/PrivateFrameworks/OTSVG.framework/Versions/A/OTSVG
0x0000000198e72000 	/System/Library/Frameworks/ApplicationServices.framework/Versions/A/Frameworks/ATS.framework/Versions/A/Resources/libFontRegistry.dylib
0x000000019d93e000 	/System/Library/PrivateFrameworks/FontServices.framework/libhvf.dylib
0x00000001fc28e000 	/System/Library/PrivateFrameworks/FontServices.framework/libXTFontStaticRegistryData.dylib
0x00000001f3008000 	/System/Library/Frameworks/OpenCL.framework/Versions/A/OpenCL
0x000000019d336000 	/System/Library/PrivateFrameworks/AppleVA.framework/Versions/A/AppleVA
0x000000019f3f1000 	/System/Library/Frameworks/ApplicationServices.framework/Versions/A/Frameworks/ATS.framework/Versions/A/ATS
0x0000000197916000 	/System/Library/Frameworks/ApplicationServices.framework/Versions/A/Frameworks/HIServices.framework/Versions/A/HIServices
0x000000019e309000 	/System/Library/Frameworks/ApplicationServices.framework/Versions/A/Frameworks/PrintCore.framework/Versions/A/PrintCore
0x000000019f77c000 	/System/Library/Frameworks/ApplicationServices.framework/Versions/A/Frameworks/QD.framework/Versions/A/QD
0x000000019f774000 	/System/Library/Frameworks/ApplicationServices.framework/Versions/A/Frameworks/ColorSyncLegacy.framework/Versions/A/ColorSyncLegacy
0x000000019f3dd000 	/System/Library/Frameworks/ApplicationServices.framework/Versions/A/Frameworks/SpeechSynthesis.framework/Versions/A/SpeechSynthesis
0x000000019e2ca000 	/System/Library/Frameworks/ApplicationServices.framework/Versions/A/Frameworks/ATSUI.framework/Versions/A/ATSUI
0x000000019f709000 	/usr/lib/libcups.2.dylib
0x000000019faef000 	/System/Library/Frameworks/Kerberos.framework/Versions/A/Kerberos
0x000000019fb00000 	/System/Library/Frameworks/GSS.framework/Versions/A/GSS
0x000000019f460000 	/usr/lib/libresolv.9.dylib
0x000000019d94c000 	/System/Library/PrivateFrameworks/Heimdal.framework/Versions/A/Heimdal
0x00000001a6408000 	/System/Library/Frameworks/Kerberos.framework/Versions/A/Libraries/libHeimdalProxy.dylib
0x000000019854c000 	/System/Library/Frameworks/Network.framework/Versions/A/Network
0x000000019d39d000 	/usr/lib/libheimdal-asn1.dylib
0x000000019fb46000 	/System/Library/PrivateFrameworks/CommonAuth.framework/Versions/A/CommonAuth
0x000000019f357000 	/System/Library/PrivateFrameworks/AudioSession.framework/Versions/A/AudioSession
0x000000019d42e000 	/System/Library/PrivateFrameworks/MediaExperience.framework/Versions/A/MediaExperience
0x000000019f1df000 	/System/Library/PrivateFrameworks/AudioSession.framework/libSessionUtility.dylib
0x000000019f788000 	/System/Library/PrivateFrameworks/AudioResourceArbitration.framework/Versions/A/AudioResourceArbitration
0x000000019d3a6000 	/System/Library/PrivateFrameworks/IconFoundation.framework/Versions/A/IconFoundation
0x00000001a260d000 	/System/Library/PrivateFrameworks/SpeechRecognitionCore.framework/Versions/A/SpeechRecognitionCore
0x0000000105280000 	/opt/homebrew/Cellar/openjdk/17/libexec/openjdk.jdk/Contents/Home/lib/server/libjvm.dylib
0x00000001041b4000 	/opt/homebrew/Cellar/openjdk/17/libexec/openjdk.jdk/Contents/Home/lib/libjimage.dylib
0x000000010423c000 	/opt/homebrew/Cellar/openjdk/17/libexec/openjdk.jdk/Contents/Home/lib/libjava.dylib
0x0000000104d7c000 	/opt/homebrew/Cellar/openjdk/17/libexec/openjdk.jdk/Contents/Home/lib/libnio.dylib
0x0000000104dc0000 	/opt/homebrew/Cellar/openjdk/17/libexec/openjdk.jdk/Contents/Home/lib/libnet.dylib
0x00000001043c4000 	/opt/homebrew/Cellar/openjdk/17/libexec/openjdk.jdk/Contents/Home/lib/libzip.dylib
0x0000000104d9c000 	/Users/louislombard/.openjfx/cache/17.0.1/libprism_es2.dylib
0x00000001946b3000 	/System/Library/PrivateFrameworks/CoreServicesInternal.framework/Versions/A/CoreServicesInternal
0x00000001f2e70000 	/System/Library/Frameworks/OpenGL.framework/Versions/A/Resources/GLEngine.bundle/GLEngine
0x00000001f2cf7000 	/System/Library/Frameworks/OpenGL.framework/Versions/A/Libraries/libGLProgrammability.dylib
0x0000000105190000 	/System/Library/Extensions/AppleMetalOpenGLRenderer.bundle/Contents/MacOS/AppleMetalOpenGLRenderer
0x00000001f2fdf000 	/System/Library/Frameworks/OpenGL.framework/Versions/A/Resources/GLRendererFloat.bundle/GLRendererFloat
0x00000001f3080000 	/System/Library/Extensions/AGXMetal13_3.bundle/Contents/MacOS/AGXMetal13_3
0x00000001b1701000 	/System/Library/PrivateFrameworks/GPURawCounter.framework/Versions/A/GPURawCounter
0x00000001ac1d6000 	/System/Library/PrivateFrameworks/IOGPU.framework/Versions/A/IOGPU
0x000000010ebc0000 	/Users/louislombard/.openjfx/cache/17.0.1/libglass.dylib
0x00000001a3aad000 	/System/Library/Frameworks/FileProvider.framework/Versions/A/FileProvider
0x0000000198319000 	/System/Library/Frameworks/Accounts.framework/Versions/A/Accounts
0x00000001a3c2d000 	/System/Library/PrivateFrameworks/GenerationalStorage.framework/Versions/A/GenerationalStorage
0x00000001a47dd000 	/System/Library/PrivateFrameworks/CoreSymbolication.framework/Versions/A/CoreSymbolication
0x00000001a384d000 	/System/Library/PrivateFrameworks/SymptomDiagnosticReporter.framework/Versions/A/SymptomDiagnosticReporter
0x0000000195998000 	/System/Library/PrivateFrameworks/DesktopServicesPriv.framework/Versions/A/DesktopServicesPriv
0x0000000194812000 	/usr/lib/libsandbox.1.dylib
0x0000000199330000 	/System/Library/PrivateFrameworks/UserManagement.framework/Versions/A/UserManagement
0x00000001a479e000 	/System/Library/PrivateFrameworks/DebugSymbols.framework/Versions/A/DebugSymbols
0x000000019f767000 	/System/Library/PrivateFrameworks/NetAuth.framework/Versions/A/NetAuth
0x00000001a0665000 	/System/Library/PrivateFrameworks/Sharing.framework/Versions/A/Sharing
0x0000000199300000 	/System/Library/PrivateFrameworks/login.framework/Versions/A/Frameworks/loginsupport.framework/Versions/A/loginsupport
0x00000001a594e000 	/System/Library/PrivateFrameworks/Apple80211.framework/Versions/A/Apple80211
0x000000019c457000 	/System/Library/PrivateFrameworks/AuthKit.framework/Versions/A/AuthKit
0x000000019baee000 	/System/Library/PrivateFrameworks/CoreUtils.framework/Versions/A/CoreUtils
0x000000019ba0e000 	/System/Library/Frameworks/CoreWLAN.framework/Versions/A/CoreWLAN
0x00000001a07ce000 	/System/Library/Frameworks/IOBluetooth.framework/Versions/A/IOBluetooth
0x00000001a59ae000 	/System/Library/PrivateFrameworks/CoreWiFi.framework/Versions/A/CoreWiFi
0x00000001a4385000 	/System/Library/PrivateFrameworks/FrontBoardServices.framework/Versions/A/FrontBoardServices
0x00000001a441d000 	/System/Library/PrivateFrameworks/BoardServices.framework/Versions/A/BoardServices
0x000000019bd09000 	/System/Library/PrivateFrameworks/AssertionServices.framework/Versions/A/AssertionServices
0x00000001a5b1c000 	/System/Library/PrivateFrameworks/BackBoardServices.framework/Versions/A/BackBoardServices
0x000000019fbd9000 	/System/Library/PrivateFrameworks/CorePhoneNumbers.framework/Versions/A/CorePhoneNumbers
0x00000001a397d000 	/System/Library/PrivateFrameworks/DiskManagement.framework/Versions/A/DiskManagement
0x00000001a3880000 	/System/Library/PrivateFrameworks/AppleIDAuthSupport.framework/Versions/A/AppleIDAuthSupport
0x00000001f6c11000 	/System/Library/PrivateFrameworks/AAAFoundation.framework/Versions/A/AAAFoundation
0x000000019fbb8000 	/System/Library/PrivateFrameworks/KeychainCircle.framework/Versions/A/KeychainCircle
0x00000001a3949000 	/System/Library/PrivateFrameworks/MediaKit.framework/Versions/A/MediaKit
0x00000001a388d000 	/System/Library/Frameworks/DiscRecording.framework/Versions/A/DiscRecording
0x000000019d2b2000 	/usr/lib/libCoreStorage.dylib
0x00000001a5e16000 	/usr/lib/libcsfde.dylib
0x00000001a08a3000 	/System/Library/PrivateFrameworks/ProtectedCloudStorage.framework/Versions/A/ProtectedCloudStorage
0x00000001a5e0e000 	/System/Library/PrivateFrameworks/EFILogin.framework/Versions/A/EFILogin
0x00000001a3c54000 	/System/Library/PrivateFrameworks/OctagonTrust.framework/Versions/A/OctagonTrust
0x00000001fb4f8000 	/System/Library/PrivateFrameworks/CoreUtilsExtras.framework/Versions/A/CoreUtilsExtras
0x00000001a37bf000 	/System/Library/Frameworks/CoreBluetooth.framework/Versions/A/CoreBluetooth
0x00000001a648d000 	/System/Library/Frameworks/AudioUnit.framework/Versions/A/AudioUnit
0x000000019d2aa000 	/usr/lib/libMatch.1.dylib
0x00000001b5968000 	/System/Library/Frameworks/Accelerate.framework/Versions/A/Frameworks/vImage.framework/Versions/A/Libraries/libCGInterfaces.dylib
0x000000013cfc8000 	/usr/lib/libobjc-trampolines.dylib
0x0000000198ffe000 	/System/Library/PrivateFrameworks/ViewBridge.framework/Versions/A/ViewBridge
0x000000019d171000 	/System/Library/PrivateFrameworks/CrashReporterSupport.framework/Versions/A/CrashReporterSupport
0x00000001bd277000 	/System/Library/PrivateFrameworks/OSAnalytics.framework/Versions/A/OSAnalytics
0x00000001c83c6000 	/System/Library/PrivateFrameworks/Symbolication.framework/Versions/A/Symbolication
0x00000001b16c2000 	/System/Library/PrivateFrameworks/MallocStackLogging.framework/Versions/A/MallocStackLogging
0x000000013fc98000 	/Users/louislombard/.openjfx/cache/17.0.1/libjavafx_font.dylib
0x000000019d9fa000 	/System/Library/PrivateFrameworks/login.framework/Versions/A/login
0x000000020e70e000 	/usr/lib/libRosetta.dylib
0x00000001f72b0000 	/System/Library/PrivateFrameworks/AccessibilityBundles.framework/Versions/A/AccessibilityBundles


VM Arguments:
jvm_args: --module-path=/Users/louislombard/Documents/Cours/4IF/TRUEAGILE/de/target/classes:/Users/louislombard/.m2/repository/org/openjfx/javafx-base/17.0.1/javafx-base-17.0.1-mac-aarch64.jar:/Users/louislombard/.m2/repository/org/openjfx/javafx-controls/17.0.1/javafx-controls-17.0.1-mac-aarch64.jar:/Users/louislombard/.m2/repository/org/openjfx/javafx-fxml/17.0.1/javafx-fxml-17.0.1-mac-aarch64.jar:/Users/louislombard/.m2/repository/org/openjfx/javafx-graphics/17.0.1/javafx-graphics-17.0.1-mac-aarch64.jar --add-modules=org.hexanome -Djdk.module.main=org.hexanome 
java_command: org.hexanome/org.hexanome.App
java_class_path (initial): /Users/louislombard/Documents/Cours/4IF/TRUEAGILE/de/target/classes:/Users/louislombard/.m2/repository/org/openjfx/javafx-base/17.0.1/javafx-base-17.0.1.jar:/Users/louislombard/.m2/repository/org/openjfx/javafx-controls/17.0.1/javafx-controls-17.0.1.jar:/Users/louislombard/.m2/repository/org/openjfx/javafx-fxml/17.0.1/javafx-fxml-17.0.1.jar:/Users/louislombard/.m2/repository/org/openjfx/javafx-graphics/17.0.1/javafx-graphics-17.0.1.jar
Launcher Type: SUN_STANDARD

[Global flags]
     intx CICompilerCount                          = 4                                         {product} {ergonomic}
     uint ConcGCThreads                            = 2                                         {product} {ergonomic}
     uint G1ConcRefinementThreads                  = 8                                         {product} {ergonomic}
   size_t G1HeapRegionSize                         = 2097152                                   {product} {ergonomic}
    uintx GCDrainStackTargetSize                   = 64                                        {product} {ergonomic}
   size_t InitialHeapSize                          = 268435456                                 {product} {ergonomic}
   size_t MarkStackSize                            = 4194304                                   {product} {ergonomic}
   size_t MaxHeapSize                              = 4294967296                                {product} {ergonomic}
   size_t MaxNewSize                               = 2575302656                                {product} {ergonomic}
   size_t MinHeapDeltaBytes                        = 2097152                                   {product} {ergonomic}
   size_t MinHeapSize                              = 8388608                                   {product} {ergonomic}
    uintx NonNMethodCodeHeapSize                   = 5839564                                {pd product} {ergonomic}
    uintx NonProfiledCodeHeapSize                  = 122909338                              {pd product} {ergonomic}
    uintx ProfiledCodeHeapSize                     = 122909338                              {pd product} {ergonomic}
    uintx ReservedCodeCacheSize                    = 251658240                              {pd product} {ergonomic}
     bool SegmentedCodeCache                       = true                                      {product} {ergonomic}
   size_t SoftMaxHeapSize                          = 4294967296                             {manageable} {ergonomic}
     bool UseCompressedClassPointers               = true                           {product lp64_product} {ergonomic}
     bool UseCompressedOops                        = true                           {product lp64_product} {ergonomic}
     bool UseG1GC                                  = true                                      {product} {ergonomic}
     bool UseNUMA                                  = false                                     {product} {ergonomic}
     bool UseNUMAInterleaving                      = false                                     {product} {ergonomic}

Logging:
Log output configuration:
 #0: stdout all=warning uptime,level,tags
 #1: stderr all=off uptime,level,tags

Environment Variables:
JAVA_HOME=/opt/homebrew/opt/openjdk/libexec/openjdk.jdk/Contents/Home
PATH=/opt/homebrew/bin:/opt/homebrew/sbin:/usr/local/bin:/usr/bin:/bin:/usr/sbin:/sbin:/Library/Apple/usr/bin
SHELL=/bin/zsh
LC_CTYPE=fr_FR.UTF-8

Signal Handlers:
   SIGSEGV: crash_handler in libjvm.dylib, mask=11100110000111110111111111111111, flags=SA_RESTART|SA_SIGINFO
    SIGBUS: crash_handler in libjvm.dylib, mask=11100110000111110111111111111111, flags=SA_RESTART|SA_SIGINFO
    SIGFPE: crash_handler in libjvm.dylib, mask=11100110000111110111111111111111, flags=SA_RESTART|SA_SIGINFO
   SIGPIPE: javaSignalHandler in libjvm.dylib, mask=11100110000111110111111111111111, flags=SA_RESTART|SA_SIGINFO
   SIGXFSZ: javaSignalHandler in libjvm.dylib, mask=11100110000111110111111111111111, flags=SA_RESTART|SA_SIGINFO
    SIGILL: crash_handler in libjvm.dylib, mask=11100110000111110111111111111111, flags=SA_RESTART|SA_SIGINFO
   SIGUSR2: SR_handler in libjvm.dylib, mask=00100000000000000000000000000000, flags=SA_RESTART|SA_SIGINFO
    SIGHUP: UserHandler in libjvm.dylib, mask=11100110000111110111111111111111, flags=SA_RESTART|SA_SIGINFO
    SIGINT: UserHandler in libjvm.dylib, mask=11100110000111110111111111111111, flags=SA_RESTART|SA_SIGINFO
   SIGTERM: UserHandler in libjvm.dylib, mask=11100110000111110111111111111111, flags=SA_RESTART|SA_SIGINFO
   SIGQUIT: UserHandler in libjvm.dylib, mask=11100110000111110111111111111111, flags=SA_RESTART|SA_SIGINFO
   SIGTRAP: crash_handler in libjvm.dylib, mask=11100110000111110111111111111111, flags=SA_RESTART|SA_SIGINFO


---------------  S Y S T E M  ---------------

OS:
uname: Darwin 21.1.0 Darwin Kernel Version 21.1.0: Wed Oct 13 17:33:24 PDT 2021; root:xnu-8019.41.5~1/RELEASE_ARM64_T8101 arm64
OS uptime: 3 days 1:34 hours
rlimit (soft/hard): STACK 8176k/65520k , CORE 0k/infinity , NPROC 2666/4000 , NOFILE 10240/infinity , AS infinity/infinity , CPU infinity/infinity , DATA infinity/infinity , FSIZE infinity/infinity , MEMLOCK infinity/infinity , RSS infinity/infinity
load average: 2.27 2.11 1.97

CPU: total 8 (initial active 8) 0x61:0x0:0x1b588bb3:0, fp, simd, crc, lse

Memory: 16k page, physical 16777216k(93888k free), swap 1048576k(1031168k free)

vm_info: OpenJDK 64-Bit Server VM (17+0) for bsd-aarch64 JRE (17+0), built on Sep 16 2021 10:05:54 by "brew" with clang Apple LLVM 12.0.5 (clang-1205.0.22.9)

END.
