#
# A fatal error has been detected by the Java Runtime Environment:
#
#  SIGBUS (0xa) at pc=0x000000010c9a14f0, pid=3937, tid=36879
#
# JRE version: OpenJDK Runtime Environment Homebrew (17.0) (build 17+0)
# Java VM: OpenJDK 64-Bit Server VM Homebrew (17+0, mixed mode, sharing, tiered, compressed oops, compressed class ptrs, g1 gc, bsd-aarch64)
# Problematic frame:
# v  ~StubRoutines::SafeFetchN
#
# Core dump will be written. Default location: /cores/core.3937
#
# If you would like to submit a bug report, please visit:
#   https://github.com/Homebrew/homebrew-core/issues
# The crash happened outside the Java Virtual Machine in native code.
# See problematic frame for where to report the bug.
#

---------------  S U M M A R Y ------------

Command Line: --module-path=/Users/louislombard/Documents/Cours/4IF/TRUEAGILE/de/target/classes:/Users/louislombard/.m2/repository/com/gluonhq/maps/2.0.0-ea+1/maps-2.0.0-ea+1.jar:/Users/louislombard/.m2/repository/com/gluonhq/attach/storage/4.0.11/storage-4.0.11-desktop.jar:/Users/louislombard/.m2/repository/com/gluonhq/attach/util/4.0.11/util-4.0.11.jar:/Users/louislombard/.m2/repository/org/openjfx/javafx-base/11.0.2/javafx-base-11.0.2-mac.jar:/Users/louislombard/.m2/repository/org/openjfx/javafx-controls/17.0.1/javafx-controls-17.0.1-mac-aarch64.jar:/Users/louislombard/.m2/repository/org/openjfx/javafx-fxml/17.0.1/javafx-fxml-17.0.1-mac-aarch64.jar:/Users/louislombard/.m2/repository/org/openjfx/javafx-graphics/17.0.1/javafx-graphics-17.0.1-mac-aarch64.jar --add-modules=org.hexanome -Djdk.module.main=org.hexanome org.hexanome/org.hexanome.vue.App

Host: "MacBookAir10,1" arm64 1 MHz, 8 cores, 16G, Darwin 21.1.0, macOS 12.0.1 (21A559)
Time: Tue Nov 23 09:40:19 2021 CET elapsed time: 0.509056 seconds (0d 0h 0m 0s)

---------------  T H R E A D  ---------------

Current thread (0x00000001560cac00):  JavaThread "InvokeLaterDispatcher" daemon [_thread_in_native, id=36879, stack(0x000000016f790000,0x000000016f993000)]

Stack: [0x000000016f790000,0x000000016f993000],  sp=0x000000016f992790,  free space=2057k
Native frames: (J=compiled Java code, j=interpreted, Vv=VM code, C=native code)
v  ~StubRoutines::SafeFetchN
V  [libjvm.dylib+0x6088b4]  _ZN10OopStorage7releaseEPKP7oopDesc+0x20
V  [libjvm.dylib+0x3c51ec]  jni_DeleteGlobalRef+0x88
C  [libglass.dylib+0xab08]  -[GlassRunnable dealloc]+0x34
C  [Foundation+0x85e0c]  -[_NSThreadPerformInfo dealloc]+0x30
C  [Foundation+0x525e8]  -[NSObject(NSThreadPerformAdditions) performSelectorOnMainThread:withObject:waitUntilDone:]+0x88
C  0x5d2a0001144dc1cc
J 1533 c1 com.sun.glass.ui.mac.MacApplication.submitForLaterInvocation(Ljava/lang/Runnable;)V javafx.graphics (6 bytes) @ 0x000000010d1c4158 [0x000000010d1c40c0+0x0000000000000098]
C  0x000000070e82aaa0

Java frames: (J=compiled Java code, j=interpreted, Vv=VM code)
J 1534  com.sun.glass.ui.mac.MacApplication._submitForLaterInvocation(Ljava/lang/Runnable;)V javafx.graphics (0 bytes) @ 0x00000001144dc1cc [0x00000001144dc140+0x000000000000008c]
J 1533 c1 com.sun.glass.ui.mac.MacApplication.submitForLaterInvocation(Ljava/lang/Runnable;)V javafx.graphics (6 bytes) @ 0x000000010d1c4158 [0x000000010d1c40c0+0x0000000000000098]
j  com.sun.glass.ui.InvokeLaterDispatcher.run()V+82 javafx.graphics
v  ~StubRoutines::call_stub

siginfo: si_signo: 10 (SIGBUS), si_code: 1 (BUS_ADRALN), si_addr: 0x000000010c9a14f0

Register to memory mapping:

 x0=0x000000015560bf88 is a global jni handle
 x1=0x0 is NULL
 x2=0x000000070f0cbc90 is an oop: com.sun.glass.ui.InvokeLaterDispatcher$Future 
{0x000000070f0cbc90} - klass: 'com/sun/glass/ui/InvokeLaterDispatcher$Future'
 - ---- fields (total size 3 words):
 - private 'done' 'Z' @12  true
 - private final 'runnable' 'Ljava/lang/Runnable;' @16  a 'com/sun/javafx/application/PlatformImpl$$Lambda$90+0x0000000800c85278'{0x000000070ebfc8f8} (e1d7f91f)
 - final synthetic 'this$0' 'Lcom/sun/glass/ui/InvokeLaterDispatcher;' @20  a 'com/sun/glass/ui/InvokeLaterDispatcher'{0x000000070e82aaa0} (e1d05554)
 x3=0x0 is NULL
 x4=0x00000000000130a8 is an unknown value
 x5=0x0 is NULL
 x6=0x0 is NULL
 x7=0x0 is NULL
 x8=0x000000010c9a14ec is at begin+0 in a stub
StubRoutines::SafeFetchN [0x000000010c9a14ec, 0x000000010c9a14f8] (12 bytes)
 x9=0x0 is NULL
x10=0x2010000030300000 is an unknown value
x11=0x0000000000000007 is an unknown value
x12=0x0 is NULL
x13=0x0000600002bba1f0 points into unknown readable memory: 0x6c654872656e6574 | 74 65 6e 65 72 48 65 6c
x14=0x0000000000000001 is an unknown value
x15=0x0000000103fd5f98: OBJC_CLASS_$_GlassRunnable+0 in /Users/louislombard/.openjfx/cache/11.0.2/libglass.dylib at 0x0000000103f90000
x16=0x00000001b25ec340: pthread_getspecific+0 in /usr/lib/system/libsystem_pthread.dylib at 0x00000001b25ea000
x17=0x00006000021a3300 points into unknown readable memory: 0xfffffffffffffffe | fe ff ff ff ff ff ff ff
x18=0x0 is NULL
x19=0x0000600002ea1500 points into unknown readable memory: 0x00006000007a4950 | 50 49 7a 00 00 60 00 00
x20=0x000000015560bf88 is a global jni handle
x21=0x00000001560cac00 is a thread
x22=0x0000000000000001 is an unknown value
x23=0x0 is NULL
x24=0x000000015560bf40 is a global jni handle
x25=0x0000000104b5fa18: _ZN12StubRoutines17_safefetchN_entryE+0 in /opt/homebrew/Cellar/openjdk/17/libexec/openjdk.jdk/Contents/Home/lib/server/libjvm.dylib at 0x0000000104154000
x26=0x0000000000000001 is an unknown value
x27=0x0 is NULL
x28=0x00000001560cac00 is a thread


Registers:
 x0=0x000000015560bf88  x1=0x0000000000000000  x2=0x000000070f0cbc90  x3=0x0000000000000000
 x4=0x00000000000130a8  x5=0x0000000000000000  x6=0x0000000000000000  x7=0x0000000000000000
 x8=0x000000010c9a14ec  x9=0x0000000000000000 x10=0x2010000030300000 x11=0x0000000000000007
x12=0x0000000000000000 x13=0x0000600002bba1f0 x14=0x0000000000000001 x15=0x0000000103fd5f98
x16=0x00000001b25ec340 x17=0x00006000021a3300 x18=0x0000000000000000 x19=0x0000600002ea1500
x20=0x000000015560bf88 x21=0x00000001560cac00 x22=0x0000000000000001 x23=0x0000000000000000
x24=0x000000015560bf40 x25=0x0000000104b5fa18 x26=0x0000000000000001 x27=0x0000000000000000
x28=0x00000001560cac00  fp=0x000000016f9927d0  lr=0x000000010475bc9c  sp=0x000000016f992790
pc=0x000000010c9a14f0 cpsr=0x0000000060001000
Top of Stack: (sp=0x000000016f992790)
0x000000016f992790:   0000000127118d98 000000016f992de0
0x000000016f9927a0:   0000000800c2b208 0000600000737980
0x000000016f9927b0:   0000000156049aa8 000000015560bf40
0x000000016f9927c0:   000000015560bf40 0000600002ea1500
0x000000016f9927d0:   000000016f992810 000000010475c8b4
0x000000016f9927e0:   0000000000000001 000000015560bf40
0x000000016f9927f0:   0000000156049aa8 000000015560bf40
0x000000016f992800:   0000000000000001 0000000156049800
0x000000016f992810:   000000016f992850 00000001045191ec
0x000000016f992820:   0000000156049800 0000600000737988
0x000000016f992830:   0000600000737990 00000001fc8199f4
0x000000016f992840:   0000000000000000 0000600000737990
0x000000016f992850:   000000016f992880 0000000103f9ab08
0x000000016f992860:   619b86d5b06c00a5 0000000000000000
0x000000016f992870:   0000000000000000 0000600001039c00
0x000000016f992880:   000000016f9928c0 00000001b35b4e0c
0x000000016f992890:   0000000800c2b208 0000600000737980
0x000000016f9928a0:   0000600000737990 619b86d5b06c00a5
0x000000016f9928b0:   0000000000000000 0000000000000000
0x000000016f9928c0:   000000016f992900 45110001b35815e8
0x000000016f9928d0:   0000000800c2b208 000000010c9a87c0
0x000000016f9928e0:   00000001271187d2 0000000104b673d0
0x000000016f9928f0:   000000016f9929e0 00000000000000b9
0x000000016f992900:   000000016f992960 5d2a0001144dc1cc
0x000000016f992910:   000000070e8216c0 000000070f0cbc90
0x000000016f992920:   000000016f992a88 00000001b25f8530
0x000000016f992930:   00000001560cac00 0000000104b44130
0x000000016f992940:   000000016f9929f0 0000000000000001
0x000000016f992950:   000000016f992990 000000070e9340c8
0x000000016f992960:   000000016f992a50 000000010d1c4158
0x000000016f992970:   000000070f0cbc90 000000070ebfc8f8
0x000000016f992980:   000000016f9929e8 00000000000000b6 

Instructions: (pc=0x000000010c9a14f0)
0x000000010c9a13f0:   f2a09649 f2c00029 6d425935 1e640886
0x000000010c9a1400:   0c402d31 1e6408c7 1f5654d0 1e6c1017
0x000000010c9a1410:   1f5050d0 1f504cd0 1f5048d0 1e650af6
0x000000010c9a1420:   1f50d8f6 1f5694d6 1f5158f6 1e762880
0x000000010c9a1430:   36000501 1e614000 14000026 2e251ca5
0x000000010c9a1440:   d2983009 f2a09649 f2c00029 6d425d36
0x000000010c9a1450:   1e600806 0c402d32 1f5758c7 1e6c101a
0x000000010c9a1460:   1f4754c7 1e650805 1f4750c7 d2866668
0x000000010c9a1470:   f2a7fa68 1f474cc7 1e6608c0 1f4748c7
0x000000010c9a1480:   1e6e1019 eb08007f 540000ac 1f479400
0x000000010c9a1490:   1f460340 1e603b20 1400000e d2a7fd29
0x000000010c9a14a0:   eb09007f 540000ac 51480069 d3607d29
0x000000010c9a14b0:   9e670121 14000002 1e6a5001 1f679417
0x000000010c9a14c0:   1f668742 1e613b23 1e773857 1e773860
0x000000010c9a14d0:   a8c17ff3 910003bf a8c17bfd d65f03c0
0x000000010c9a14e0:   b9400001 aa0103e0 d65f03c0 f9400001
0x000000010c9a14f0:   aa0103e0 d65f03c0 00000000 00000000
0x000000010c9a1500:   00000000 00000000 00000000 00000000
0x000000010c9a1510:   00000000 00000000 00000000 00000000
0x000000010c9a1520:   00000000 00000000 00000000 00000000
0x000000010c9a1530:   00000000 00000000 00000000 00000000
0x000000010c9a1540:   00000000 00000000 00000000 00000000
0x000000010c9a1550:   00000000 00000000 00000000 00000000
0x000000010c9a1560:   00000000 00000000 00000000 00000000
0x000000010c9a1570:   00000000 00000000 00000000 00000000
0x000000010c9a1580:   00000000 00000000 00000000 00000000
0x000000010c9a1590:   00000000 00000000 00000000 00000000
0x000000010c9a15a0:   00000000 00000000 00000000 00000000
0x000000010c9a15b0:   00000000 00000000 00000000 00000000
0x000000010c9a15c0:   00000000 00000000 00000000 00000000
0x000000010c9a15d0:   00000000 00000000 00000000 00000000
0x000000010c9a15e0:   00000000 00000000 00000000 00000000 


Stack slot to memory mapping:
stack at sp + 0 slots: 0x0000000127118d98 is pointing into metadata
stack at sp + 1 slots: 0x000000016f992de0 is pointing into the stack for thread: 0x00000001560cac00
stack at sp + 2 slots: 0x0000000800c2b208 is a pointer to class: 
com.sun.glass.ui.mac.MacApplication {0x0000000800c2b208}
 - instance size:     5
 - klass size:        136
 - access:            final synchronized 
 - state:             fully_initialized
 - name:              'com/sun/glass/ui/mac/MacApplication'
 - super:             'com/sun/glass/ui/Application'
 - sub:               
 - arrays:            NULL
 - methods:           Array<T>(0x00000001270ed8a8)
 - method ordering:   Array<T>(0x000000080091a9f8)
 - default_methods:   Array<T>(0x0000000000000000)
 - local interfaces:  Array<T>(0x00000001270f1168)
 - trans. interfaces: Array<T>(0x00000001270f1168)
 - constants:         constant pool [548]/operands[69] {0x00000001270f0000} for 'com/sun/glass/ui/mac/MacApplication' cache=0x0000000127116760
 - class loader data:  loader data: 0x00006000034a0e60 for instance a 'jdk/internal/loader/ClassLoaders$AppClassLoader'{0x000000070e835560}
 - source file:       'MacApplication.java'
 - class annotations:       Array<T>(0x0000000000000000)
 - class type annotations:  Array<T>(0x0000000000000000)
 - field annotations:       Array<T>(0x0000000000000000)
 - field type annotations:  Array<T>(0x0000000000000000)
 - inner classes:     Array<T>(0x00000001270f4030)
 - nest members:     Array<T>(0x00000001270f4088)
 - permitted subclasses:     Array<T>(0x00000008005beec8)
 - java mirror:       a 'java/lang/Class'{0x000000070e821648} = 'com/sun/glass/ui/mac/MacApplication'
 - vtable length      72  (start addr: 0x0000000800c2b3d8)
 - itable length      5 (start addr: 0x0000000800c2b618)
 - ---- static fields (1 words):
 - static final 'BROWSER_PARENT_ID' 'J' @112 
 - ---- non-static fields (7 words):
 - private 'initialActiveEventReceived' 'Z' @12 
 - private 'terminateWhenLastWindowClosed' 'Z' @13 
 - protected 'name' 'Ljava/lang/String;' @16 
 - private 'eventHandler' 'Lcom/sun/glass/ui/Application$EventHandler;' @20 
 - private 'initialOpenedFiles' '[Ljava/lang/String;' @24 
 - private 'isTaskbarApplication' 'Z' @14 
 - private 'firstDidResignActive' 'Z' @15 
 - private final 'invokeLaterDispatcher' 'Lcom/sun/glass/ui/InvokeLaterDispatcher;' @28 
 - private 'appleMenu' 'Lcom/sun/glass/ui/Menu;' @32 
 - private final 'reactivationLatch' 'Ljava/util/concurrent/CountDownLatch;' @36 
 - non-static oop maps: 16-36 
stack at sp + 3 slots: 0x0000600000737980 points into unknown readable memory: 0x010000020b2ce081 | 81 e0 2c 0b 02 00 00 01
stack at sp + 4 slots: 0x0000000156049aa8 points into unknown readable memory: 0x0000000104b1a918 | 18 a9 b1 04 01 00 00 00
stack at sp + 5 slots: 0x000000015560bf40 is a global jni handle
stack at sp + 6 slots: 0x000000015560bf40 is a global jni handle
stack at sp + 7 slots: 0x0000600002ea1500 points into unknown readable memory: 0x00006000007a4950 | 50 49 7a 00 00 60 00 00

StubRoutines::SafeFetchN [0x000000010c9a14ec, 0x000000010c9a14f8] (12 bytes)
[MachCode]
  0x000000010c9a14ec: 0100 40f9 | e003 01aa | c003 5fd6 
[/MachCode]

---------------  P R O C E S S  ---------------

Threads class SMR info:
_java_thread_list=0x0000600000502c60, length=21, elements={
0x0000000156008e00, 0x0000000156042600, 0x000000015583d600, 0x000000015583f000,
0x000000015583bc00, 0x000000015583c200, 0x000000015583c800, 0x000000015583ce00,
0x000000015584a600, 0x00000001358a8800, 0x0000000155842000, 0x0000000136014400,
0x00000001560cac00, 0x0000000156049800, 0x0000000155b39400, 0x0000000155b39a00,
0x00000001360ee400, 0x00000001360eb800, 0x0000000155b34200, 0x000000015619ec00,
0x0000000136008e00
}

Java Threads: ( => current thread )
  0x0000000156008e00 JavaThread "main" [_thread_blocked, id=10243, stack(0x000000016cf94000,0x000000016d197000)]
  0x0000000156042600 JavaThread "Reference Handler" daemon [_thread_blocked, id=16643, stack(0x000000016dde8000,0x000000016dfeb000)]
  0x000000015583d600 JavaThread "Finalizer" daemon [_thread_blocked, id=15363, stack(0x000000016dff4000,0x000000016e1f7000)]
  0x000000015583f000 JavaThread "Signal Dispatcher" daemon [_thread_blocked, id=23299, stack(0x000000016e318000,0x000000016e51b000)]
  0x000000015583bc00 JavaThread "Service Thread" daemon [_thread_blocked, id=42499, stack(0x000000016e524000,0x000000016e727000)]
  0x000000015583c200 JavaThread "Monitor Deflation Thread" daemon [_thread_blocked, id=23811, stack(0x000000016e730000,0x000000016e933000)]
  0x000000015583c800 JavaThread "C2 CompilerThread0" daemon [_thread_in_native, id=41987, stack(0x000000016e93c000,0x000000016eb3f000)]
  0x000000015583ce00 JavaThread "C1 CompilerThread0" daemon [_thread_blocked, id=41731, stack(0x000000016eb48000,0x000000016ed4b000)]
  0x000000015584a600 JavaThread "Sweeper thread" daemon [_thread_blocked, id=24323, stack(0x000000016ed54000,0x000000016ef57000)]
  0x00000001358a8800 JavaThread "Common-Cleaner" daemon [_thread_blocked, id=41219, stack(0x000000016ef60000,0x000000016f163000)]
  0x0000000155842000 JavaThread "Notification Thread" daemon [_thread_blocked, id=40963, stack(0x000000016f16c000,0x000000016f36f000)]
  0x0000000136014400 JavaThread "QuantumRenderer-0" daemon [_thread_blocked, id=25347, stack(0x000000016f584000,0x000000016f787000)]
=>0x00000001560cac00 JavaThread "InvokeLaterDispatcher" daemon [_thread_in_native, id=36879, stack(0x000000016f790000,0x000000016f993000)]
  0x0000000156049800 JavaThread "JavaFX Application Thread" [_thread_in_vm, id=259, stack(0x000000016c70c000,0x000000016cf08000)]
  0x0000000155b39400 JavaThread "JavaFX-Launcher" [_thread_blocked, id=75779, stack(0x000000016fc34000,0x000000016fe37000)]
  0x0000000155b39a00 JavaThread "PulseTimer-CVDisplayLink thread" daemon [_thread_in_native, id=79107, stack(0x000000016f99c000,0x000000016fa1f000)]
  0x00000001360ee400 JavaThread "TileType CacheImagesThread" daemon [_thread_blocked, id=57607, stack(0x000000017087c000,0x0000000170a7f000)]
  0x00000001360eb800 JavaThread "Thread-5" [_thread_in_vm, id=57859, stack(0x0000000170a88000,0x0000000170c8b000)]
  0x0000000155b34200 JavaThread "Thread-6" [_thread_blocked, id=70915, stack(0x0000000170c94000,0x0000000170e97000)]
  0x000000015619ec00 JavaThread "Thread-7" [_thread_blocked, id=58371, stack(0x0000000170ea0000,0x00000001710a3000)]
  0x0000000136008e00 JavaThread "Thread-8" [_thread_blocked, id=70403, stack(0x00000001710ac000,0x00000001712af000)]

Other Threads:
  0x000000015560ac70 VMThread "VM Thread" [stack: 0x000000016dbdc000,0x000000016dddf000] [id=17155]
  0x0000000155626550 WatcherThread [stack: 0x000000016f378000,0x000000016f57b000] [id=40451]
  0x0000000155706a40 GCTaskThread "GC Thread#0" [stack: 0x000000016d1a0000,0x000000016d3a3000] [id=12547]
  0x000000015563ade0 GCTaskThread "GC Thread#1" [stack: 0x000000016fe40000,0x0000000170043000] [id=75523]
  0x000000015563b260 GCTaskThread "GC Thread#2" [stack: 0x000000017004c000,0x000000017024f000] [id=75011]
  0x000000014560f000 GCTaskThread "GC Thread#3" [stack: 0x0000000170258000,0x000000017045b000] [id=55811]
  0x000000015572a640 GCTaskThread "GC Thread#4" [stack: 0x0000000170464000,0x0000000170667000] [id=56067]
  0x000000015572aac0 GCTaskThread "GC Thread#5" [stack: 0x0000000170670000,0x0000000170873000] [id=74243]
  0x00000001557070f0 ConcurrentGCThread "G1 Main Marker" [stack: 0x000000016d3ac000,0x000000016d5af000] [id=19971]
  0x0000000155707970 ConcurrentGCThread "G1 Conc#0" [stack: 0x000000016d5b8000,0x000000016d7bb000] [id=19203]
  0x0000000145605680 ConcurrentGCThread "G1 Refine#0" [stack: 0x000000016d7c4000,0x000000016d9c7000] [id=13571]
  0x00000001556072b0 ConcurrentGCThread "G1 Service" [stack: 0x000000016d9d0000,0x000000016dbd3000] [id=18691]

Threads with active compile tasks:
C2 CompilerThread0      514 1247       4       sun.util.locale.LocaleUtils::toLowerString (95 bytes)

VM state: not at safepoint (normal execution)

VM Mutex/Monitor currently owned by a thread: None

Heap address: 0x0000000700000000, size: 4096 MB, Compressed Oops mode: Zero based, Oop shift amount: 3

CDS archive(s) mapped at: [0x0000000800000000-0x0000000800bd0000-0x0000000800bd0000), size 12386304, SharedBaseAddress: 0x0000000800000000, ArchiveRelocationMode: 0.
Compressed class space mapped at: 0x0000000800c00000-0x0000000840c00000, reserved size: 1073741824
Narrow klass base: 0x0000000800000000, Narrow klass shift: 0, Narrow klass range: 0x100000000

GC Precious Log:
 CPUs: 8 total, 8 available
 Memory: 16384M
 Large Page Support: Disabled
 NUMA Support: Disabled
 Compressed Oops: Enabled (Zero based)
 Heap Region Size: 2M
 Heap Min Capacity: 8M
 Heap Initial Capacity: 256M
 Heap Max Capacity: 4G
 Pre-touch: Disabled
 Parallel Workers: 8
 Concurrent Workers: 2
 Concurrent Refinement Workers: 8
 Periodic GC: Disabled

Heap:
 garbage-first heap   total 266240K, used 27142K [0x0000000700000000, 0x0000000800000000)
  region size 2048K, 15 young (30720K), 2 survivors (4096K)
 Metaspace       used 10422K, committed 10688K, reserved 1064960K
  class space    used 1535K, committed 1664K, reserved 1048576K

Heap Regions: E=young(eden), S=young(survivor), O=old, HS=humongous(starts), HC=humongous(continues), CS=collection set, F=free, OA=open archive, CA=closed archive, TAMS=top-at-mark-start (previous, next)
|   0|0x0000000700000000, 0x0000000700000000, 0x0000000700200000|  0%| F|  |TAMS 0x0000000700000000, 0x0000000700000000| Untracked 
|   1|0x0000000700200000, 0x0000000700200000, 0x0000000700400000|  0%| F|  |TAMS 0x0000000700200000, 0x0000000700200000| Untracked 
|   2|0x0000000700400000, 0x0000000700400000, 0x0000000700600000|  0%| F|  |TAMS 0x0000000700400000, 0x0000000700400000| Untracked 
|   3|0x0000000700600000, 0x0000000700600000, 0x0000000700800000|  0%| F|  |TAMS 0x0000000700600000, 0x0000000700600000| Untracked 
|   4|0x0000000700800000, 0x0000000700800000, 0x0000000700a00000|  0%| F|  |TAMS 0x0000000700800000, 0x0000000700800000| Untracked 
|   5|0x0000000700a00000, 0x0000000700a00000, 0x0000000700c00000|  0%| F|  |TAMS 0x0000000700a00000, 0x0000000700a00000| Untracked 
|   6|0x0000000700c00000, 0x0000000700c00000, 0x0000000700e00000|  0%| F|  |TAMS 0x0000000700c00000, 0x0000000700c00000| Untracked 
|   7|0x0000000700e00000, 0x0000000700e00000, 0x0000000701000000|  0%| F|  |TAMS 0x0000000700e00000, 0x0000000700e00000| Untracked 
|   8|0x0000000701000000, 0x0000000701000000, 0x0000000701200000|  0%| F|  |TAMS 0x0000000701000000, 0x0000000701000000| Untracked 
|   9|0x0000000701200000, 0x0000000701200000, 0x0000000701400000|  0%| F|  |TAMS 0x0000000701200000, 0x0000000701200000| Untracked 
|  10|0x0000000701400000, 0x0000000701400000, 0x0000000701600000|  0%| F|  |TAMS 0x0000000701400000, 0x0000000701400000| Untracked 
|  11|0x0000000701600000, 0x0000000701600000, 0x0000000701800000|  0%| F|  |TAMS 0x0000000701600000, 0x0000000701600000| Untracked 
|  12|0x0000000701800000, 0x0000000701800000, 0x0000000701a00000|  0%| F|  |TAMS 0x0000000701800000, 0x0000000701800000| Untracked 
|  13|0x0000000701a00000, 0x0000000701a00000, 0x0000000701c00000|  0%| F|  |TAMS 0x0000000701a00000, 0x0000000701a00000| Untracked 
|  14|0x0000000701c00000, 0x0000000701c00000, 0x0000000701e00000|  0%| F|  |TAMS 0x0000000701c00000, 0x0000000701c00000| Untracked 
|  15|0x0000000701e00000, 0x0000000701e00000, 0x0000000702000000|  0%| F|  |TAMS 0x0000000701e00000, 0x0000000701e00000| Untracked 
|  16|0x0000000702000000, 0x0000000702000000, 0x0000000702200000|  0%| F|  |TAMS 0x0000000702000000, 0x0000000702000000| Untracked 
|  17|0x0000000702200000, 0x0000000702200000, 0x0000000702400000|  0%| F|  |TAMS 0x0000000702200000, 0x0000000702200000| Untracked 
|  18|0x0000000702400000, 0x0000000702400000, 0x0000000702600000|  0%| F|  |TAMS 0x0000000702400000, 0x0000000702400000| Untracked 
|  19|0x0000000702600000, 0x0000000702600000, 0x0000000702800000|  0%| F|  |TAMS 0x0000000702600000, 0x0000000702600000| Untracked 
|  20|0x0000000702800000, 0x0000000702800000, 0x0000000702a00000|  0%| F|  |TAMS 0x0000000702800000, 0x0000000702800000| Untracked 
|  21|0x0000000702a00000, 0x0000000702a00000, 0x0000000702c00000|  0%| F|  |TAMS 0x0000000702a00000, 0x0000000702a00000| Untracked 
|  22|0x0000000702c00000, 0x0000000702c00000, 0x0000000702e00000|  0%| F|  |TAMS 0x0000000702c00000, 0x0000000702c00000| Untracked 
|  23|0x0000000702e00000, 0x0000000702e00000, 0x0000000703000000|  0%| F|  |TAMS 0x0000000702e00000, 0x0000000702e00000| Untracked 
|  24|0x0000000703000000, 0x0000000703000000, 0x0000000703200000|  0%| F|  |TAMS 0x0000000703000000, 0x0000000703000000| Untracked 
|  25|0x0000000703200000, 0x0000000703200000, 0x0000000703400000|  0%| F|  |TAMS 0x0000000703200000, 0x0000000703200000| Untracked 
|  26|0x0000000703400000, 0x0000000703400000, 0x0000000703600000|  0%| F|  |TAMS 0x0000000703400000, 0x0000000703400000| Untracked 
|  27|0x0000000703600000, 0x0000000703600000, 0x0000000703800000|  0%| F|  |TAMS 0x0000000703600000, 0x0000000703600000| Untracked 
|  28|0x0000000703800000, 0x0000000703800000, 0x0000000703a00000|  0%| F|  |TAMS 0x0000000703800000, 0x0000000703800000| Untracked 
|  29|0x0000000703a00000, 0x0000000703a00000, 0x0000000703c00000|  0%| F|  |TAMS 0x0000000703a00000, 0x0000000703a00000| Untracked 
|  30|0x0000000703c00000, 0x0000000703c00000, 0x0000000703e00000|  0%| F|  |TAMS 0x0000000703c00000, 0x0000000703c00000| Untracked 
|  31|0x0000000703e00000, 0x0000000703e00000, 0x0000000704000000|  0%| F|  |TAMS 0x0000000703e00000, 0x0000000703e00000| Untracked 
|  32|0x0000000704000000, 0x0000000704000000, 0x0000000704200000|  0%| F|  |TAMS 0x0000000704000000, 0x0000000704000000| Untracked 
|  33|0x0000000704200000, 0x0000000704200000, 0x0000000704400000|  0%| F|  |TAMS 0x0000000704200000, 0x0000000704200000| Untracked 
|  34|0x0000000704400000, 0x0000000704400000, 0x0000000704600000|  0%| F|  |TAMS 0x0000000704400000, 0x0000000704400000| Untracked 
|  35|0x0000000704600000, 0x0000000704600000, 0x0000000704800000|  0%| F|  |TAMS 0x0000000704600000, 0x0000000704600000| Untracked 
|  36|0x0000000704800000, 0x0000000704800000, 0x0000000704a00000|  0%| F|  |TAMS 0x0000000704800000, 0x0000000704800000| Untracked 
|  37|0x0000000704a00000, 0x0000000704a00000, 0x0000000704c00000|  0%| F|  |TAMS 0x0000000704a00000, 0x0000000704a00000| Untracked 
|  38|0x0000000704c00000, 0x0000000704c00000, 0x0000000704e00000|  0%| F|  |TAMS 0x0000000704c00000, 0x0000000704c00000| Untracked 
|  39|0x0000000704e00000, 0x0000000704e00000, 0x0000000705000000|  0%| F|  |TAMS 0x0000000704e00000, 0x0000000704e00000| Untracked 
|  40|0x0000000705000000, 0x0000000705000000, 0x0000000705200000|  0%| F|  |TAMS 0x0000000705000000, 0x0000000705000000| Untracked 
|  41|0x0000000705200000, 0x0000000705200000, 0x0000000705400000|  0%| F|  |TAMS 0x0000000705200000, 0x0000000705200000| Untracked 
|  42|0x0000000705400000, 0x0000000705400000, 0x0000000705600000|  0%| F|  |TAMS 0x0000000705400000, 0x0000000705400000| Untracked 
|  43|0x0000000705600000, 0x0000000705600000, 0x0000000705800000|  0%| F|  |TAMS 0x0000000705600000, 0x0000000705600000| Untracked 
|  44|0x0000000705800000, 0x0000000705800000, 0x0000000705a00000|  0%| F|  |TAMS 0x0000000705800000, 0x0000000705800000| Untracked 
|  45|0x0000000705a00000, 0x0000000705a00000, 0x0000000705c00000|  0%| F|  |TAMS 0x0000000705a00000, 0x0000000705a00000| Untracked 
|  46|0x0000000705c00000, 0x0000000705c00000, 0x0000000705e00000|  0%| F|  |TAMS 0x0000000705c00000, 0x0000000705c00000| Untracked 
|  47|0x0000000705e00000, 0x0000000705e00000, 0x0000000706000000|  0%| F|  |TAMS 0x0000000705e00000, 0x0000000705e00000| Untracked 
|  48|0x0000000706000000, 0x0000000706000000, 0x0000000706200000|  0%| F|  |TAMS 0x0000000706000000, 0x0000000706000000| Untracked 
|  49|0x0000000706200000, 0x0000000706200000, 0x0000000706400000|  0%| F|  |TAMS 0x0000000706200000, 0x0000000706200000| Untracked 
|  50|0x0000000706400000, 0x0000000706400000, 0x0000000706600000|  0%| F|  |TAMS 0x0000000706400000, 0x0000000706400000| Untracked 
|  51|0x0000000706600000, 0x0000000706600000, 0x0000000706800000|  0%| F|  |TAMS 0x0000000706600000, 0x0000000706600000| Untracked 
|  52|0x0000000706800000, 0x0000000706800000, 0x0000000706a00000|  0%| F|  |TAMS 0x0000000706800000, 0x0000000706800000| Untracked 
|  53|0x0000000706a00000, 0x0000000706a00000, 0x0000000706c00000|  0%| F|  |TAMS 0x0000000706a00000, 0x0000000706a00000| Untracked 
|  54|0x0000000706c00000, 0x0000000706c00000, 0x0000000706e00000|  0%| F|  |TAMS 0x0000000706c00000, 0x0000000706c00000| Untracked 
|  55|0x0000000706e00000, 0x0000000706e00000, 0x0000000707000000|  0%| F|  |TAMS 0x0000000706e00000, 0x0000000706e00000| Untracked 
|  56|0x0000000707000000, 0x0000000707000000, 0x0000000707200000|  0%| F|  |TAMS 0x0000000707000000, 0x0000000707000000| Untracked 
|  57|0x0000000707200000, 0x0000000707200000, 0x0000000707400000|  0%| F|  |TAMS 0x0000000707200000, 0x0000000707200000| Untracked 
|  58|0x0000000707400000, 0x0000000707400000, 0x0000000707600000|  0%| F|  |TAMS 0x0000000707400000, 0x0000000707400000| Untracked 
|  59|0x0000000707600000, 0x0000000707600000, 0x0000000707800000|  0%| F|  |TAMS 0x0000000707600000, 0x0000000707600000| Untracked 
|  60|0x0000000707800000, 0x0000000707800000, 0x0000000707a00000|  0%| F|  |TAMS 0x0000000707800000, 0x0000000707800000| Untracked 
|  61|0x0000000707a00000, 0x0000000707a00000, 0x0000000707c00000|  0%| F|  |TAMS 0x0000000707a00000, 0x0000000707a00000| Untracked 
|  62|0x0000000707c00000, 0x0000000707c00000, 0x0000000707e00000|  0%| F|  |TAMS 0x0000000707c00000, 0x0000000707c00000| Untracked 
|  63|0x0000000707e00000, 0x0000000707e00000, 0x0000000708000000|  0%| F|  |TAMS 0x0000000707e00000, 0x0000000707e00000| Untracked 
|  64|0x0000000708000000, 0x0000000708000000, 0x0000000708200000|  0%| F|  |TAMS 0x0000000708000000, 0x0000000708000000| Untracked 
|  65|0x0000000708200000, 0x0000000708200000, 0x0000000708400000|  0%| F|  |TAMS 0x0000000708200000, 0x0000000708200000| Untracked 
|  66|0x0000000708400000, 0x0000000708400000, 0x0000000708600000|  0%| F|  |TAMS 0x0000000708400000, 0x0000000708400000| Untracked 
|  67|0x0000000708600000, 0x0000000708600000, 0x0000000708800000|  0%| F|  |TAMS 0x0000000708600000, 0x0000000708600000| Untracked 
|  68|0x0000000708800000, 0x0000000708800000, 0x0000000708a00000|  0%| F|  |TAMS 0x0000000708800000, 0x0000000708800000| Untracked 
|  69|0x0000000708a00000, 0x0000000708a00000, 0x0000000708c00000|  0%| F|  |TAMS 0x0000000708a00000, 0x0000000708a00000| Untracked 
|  70|0x0000000708c00000, 0x0000000708c00000, 0x0000000708e00000|  0%| F|  |TAMS 0x0000000708c00000, 0x0000000708c00000| Untracked 
|  71|0x0000000708e00000, 0x0000000708e00000, 0x0000000709000000|  0%| F|  |TAMS 0x0000000708e00000, 0x0000000708e00000| Untracked 
|  72|0x0000000709000000, 0x0000000709000000, 0x0000000709200000|  0%| F|  |TAMS 0x0000000709000000, 0x0000000709000000| Untracked 
|  73|0x0000000709200000, 0x0000000709200000, 0x0000000709400000|  0%| F|  |TAMS 0x0000000709200000, 0x0000000709200000| Untracked 
|  74|0x0000000709400000, 0x0000000709400000, 0x0000000709600000|  0%| F|  |TAMS 0x0000000709400000, 0x0000000709400000| Untracked 
|  75|0x0000000709600000, 0x0000000709600000, 0x0000000709800000|  0%| F|  |TAMS 0x0000000709600000, 0x0000000709600000| Untracked 
|  76|0x0000000709800000, 0x0000000709800000, 0x0000000709a00000|  0%| F|  |TAMS 0x0000000709800000, 0x0000000709800000| Untracked 
|  77|0x0000000709a00000, 0x0000000709a00000, 0x0000000709c00000|  0%| F|  |TAMS 0x0000000709a00000, 0x0000000709a00000| Untracked 
|  78|0x0000000709c00000, 0x0000000709c00000, 0x0000000709e00000|  0%| F|  |TAMS 0x0000000709c00000, 0x0000000709c00000| Untracked 
|  79|0x0000000709e00000, 0x0000000709e00000, 0x000000070a000000|  0%| F|  |TAMS 0x0000000709e00000, 0x0000000709e00000| Untracked 
|  80|0x000000070a000000, 0x000000070a000000, 0x000000070a200000|  0%| F|  |TAMS 0x000000070a000000, 0x000000070a000000| Untracked 
|  81|0x000000070a200000, 0x000000070a200000, 0x000000070a400000|  0%| F|  |TAMS 0x000000070a200000, 0x000000070a200000| Untracked 
|  82|0x000000070a400000, 0x000000070a400000, 0x000000070a600000|  0%| F|  |TAMS 0x000000070a400000, 0x000000070a400000| Untracked 
|  83|0x000000070a600000, 0x000000070a600000, 0x000000070a800000|  0%| F|  |TAMS 0x000000070a600000, 0x000000070a600000| Untracked 
|  84|0x000000070a800000, 0x000000070a800000, 0x000000070aa00000|  0%| F|  |TAMS 0x000000070a800000, 0x000000070a800000| Untracked 
|  85|0x000000070aa00000, 0x000000070aa00000, 0x000000070ac00000|  0%| F|  |TAMS 0x000000070aa00000, 0x000000070aa00000| Untracked 
|  86|0x000000070ac00000, 0x000000070ac00000, 0x000000070ae00000|  0%| F|  |TAMS 0x000000070ac00000, 0x000000070ac00000| Untracked 
|  87|0x000000070ae00000, 0x000000070ae00000, 0x000000070b000000|  0%| F|  |TAMS 0x000000070ae00000, 0x000000070ae00000| Untracked 
|  88|0x000000070b000000, 0x000000070b000000, 0x000000070b200000|  0%| F|  |TAMS 0x000000070b000000, 0x000000070b000000| Untracked 
|  89|0x000000070b200000, 0x000000070b200000, 0x000000070b400000|  0%| F|  |TAMS 0x000000070b200000, 0x000000070b200000| Untracked 
|  90|0x000000070b400000, 0x000000070b400000, 0x000000070b600000|  0%| F|  |TAMS 0x000000070b400000, 0x000000070b400000| Untracked 
|  91|0x000000070b600000, 0x000000070b600000, 0x000000070b800000|  0%| F|  |TAMS 0x000000070b600000, 0x000000070b600000| Untracked 
|  92|0x000000070b800000, 0x000000070b800000, 0x000000070ba00000|  0%| F|  |TAMS 0x000000070b800000, 0x000000070b800000| Untracked 
|  93|0x000000070ba00000, 0x000000070ba00000, 0x000000070bc00000|  0%| F|  |TAMS 0x000000070ba00000, 0x000000070ba00000| Untracked 
|  94|0x000000070bc00000, 0x000000070bc00000, 0x000000070be00000|  0%| F|  |TAMS 0x000000070bc00000, 0x000000070bc00000| Untracked 
|  95|0x000000070be00000, 0x000000070be00000, 0x000000070c000000|  0%| F|  |TAMS 0x000000070be00000, 0x000000070be00000| Untracked 
|  96|0x000000070c000000, 0x000000070c000000, 0x000000070c200000|  0%| F|  |TAMS 0x000000070c000000, 0x000000070c000000| Untracked 
|  97|0x000000070c200000, 0x000000070c200000, 0x000000070c400000|  0%| F|  |TAMS 0x000000070c200000, 0x000000070c200000| Untracked 
|  98|0x000000070c400000, 0x000000070c400000, 0x000000070c600000|  0%| F|  |TAMS 0x000000070c400000, 0x000000070c400000| Untracked 
|  99|0x000000070c600000, 0x000000070c600000, 0x000000070c800000|  0%| F|  |TAMS 0x000000070c600000, 0x000000070c600000| Untracked 
| 100|0x000000070c800000, 0x000000070c800000, 0x000000070ca00000|  0%| F|  |TAMS 0x000000070c800000, 0x000000070c800000| Untracked 
| 101|0x000000070ca00000, 0x000000070ca00000, 0x000000070cc00000|  0%| F|  |TAMS 0x000000070ca00000, 0x000000070ca00000| Untracked 
| 102|0x000000070cc00000, 0x000000070cc00000, 0x000000070ce00000|  0%| F|  |TAMS 0x000000070cc00000, 0x000000070cc00000| Untracked 
| 103|0x000000070ce00000, 0x000000070ce00000, 0x000000070d000000|  0%| F|  |TAMS 0x000000070ce00000, 0x000000070ce00000| Untracked 
| 104|0x000000070d000000, 0x000000070d000000, 0x000000070d200000|  0%| F|  |TAMS 0x000000070d000000, 0x000000070d000000| Untracked 
| 105|0x000000070d200000, 0x000000070d200000, 0x000000070d400000|  0%| F|  |TAMS 0x000000070d200000, 0x000000070d200000| Untracked 
| 106|0x000000070d400000, 0x000000070d400000, 0x000000070d600000|  0%| F|  |TAMS 0x000000070d400000, 0x000000070d400000| Untracked 
| 107|0x000000070d600000, 0x000000070d600000, 0x000000070d800000|  0%| F|  |TAMS 0x000000070d600000, 0x000000070d600000| Untracked 
| 108|0x000000070d800000, 0x000000070d800000, 0x000000070da00000|  0%| F|  |TAMS 0x000000070d800000, 0x000000070d800000| Untracked 
| 109|0x000000070da00000, 0x000000070da00000, 0x000000070dc00000|  0%| F|  |TAMS 0x000000070da00000, 0x000000070da00000| Untracked 
| 110|0x000000070dc00000, 0x000000070dc00000, 0x000000070de00000|  0%| F|  |TAMS 0x000000070dc00000, 0x000000070dc00000| Untracked 
| 111|0x000000070de00000, 0x000000070de00000, 0x000000070e000000|  0%| F|  |TAMS 0x000000070de00000, 0x000000070de00000| Untracked 
| 112|0x000000070e000000, 0x000000070e000000, 0x000000070e200000|  0%| F|  |TAMS 0x000000070e000000, 0x000000070e000000| Untracked 
| 113|0x000000070e200000, 0x000000070e2c0040, 0x000000070e400000| 37%| E|  |TAMS 0x000000070e200000, 0x000000070e200000| Complete 
| 114|0x000000070e400000, 0x000000070e5f99c0, 0x000000070e600000| 98%| E|  |TAMS 0x000000070e400000, 0x000000070e400000| Complete 
| 115|0x000000070e600000, 0x000000070e689b10, 0x000000070e800000| 26%| S|CS|TAMS 0x000000070e600000, 0x000000070e600000| Complete 
| 116|0x000000070e800000, 0x000000070ea00000, 0x000000070ea00000|100%| S|CS|TAMS 0x000000070e800000, 0x000000070e800000| Complete 
| 117|0x000000070ea00000, 0x000000070ec00000, 0x000000070ec00000|100%| E|CS|TAMS 0x000000070ea00000, 0x000000070ea00000| Complete 
| 118|0x000000070ec00000, 0x000000070ee00000, 0x000000070ee00000|100%| E|CS|TAMS 0x000000070ec00000, 0x000000070ec00000| Complete 
| 119|0x000000070ee00000, 0x000000070f000000, 0x000000070f000000|100%| E|CS|TAMS 0x000000070ee00000, 0x000000070ee00000| Complete 
| 120|0x000000070f000000, 0x000000070f200000, 0x000000070f200000|100%| E|CS|TAMS 0x000000070f000000, 0x000000070f000000| Complete 
| 121|0x000000070f200000, 0x000000070f400000, 0x000000070f400000|100%| E|CS|TAMS 0x000000070f200000, 0x000000070f200000| Complete 
| 122|0x000000070f400000, 0x000000070f600000, 0x000000070f600000|100%| E|CS|TAMS 0x000000070f400000, 0x000000070f400000| Complete 
| 123|0x000000070f600000, 0x000000070f800000, 0x000000070f800000|100%| E|CS|TAMS 0x000000070f600000, 0x000000070f600000| Complete 
| 124|0x000000070f800000, 0x000000070fa00000, 0x000000070fa00000|100%| E|CS|TAMS 0x000000070f800000, 0x000000070f800000| Complete 
| 125|0x000000070fa00000, 0x000000070fc00000, 0x000000070fc00000|100%| E|CS|TAMS 0x000000070fa00000, 0x000000070fa00000| Complete 
| 126|0x000000070fc00000, 0x000000070fe00000, 0x000000070fe00000|100%| E|CS|TAMS 0x000000070fc00000, 0x000000070fc00000| Complete 
| 127|0x000000070fe00000, 0x0000000710000000, 0x0000000710000000|100%| E|CS|TAMS 0x000000070fe00000, 0x000000070fe00000| Complete 
|2046|0x00000007ffc00000, 0x00000007ffd78000, 0x00000007ffe00000| 73%|OA|  |TAMS 0x00000007ffc00000, 0x00000007ffc00000| Untracked 
|2047|0x00000007ffe00000, 0x00000007ffe80000, 0x0000000800000000| 25%|CA|  |TAMS 0x00000007ffe00000, 0x00000007ffe00000| Untracked 

Card table byte_map: [0x000000011b9a0000,0x000000011c1a0000] _byte_map_base: 0x00000001181a0000

Marking Bits (Prev, Next): (CMBitMap*) 0x0000000156032010, (CMBitMap*) 0x0000000156032050
 Prev Bits: [0x000000011c9a0000, 0x00000001209a0000)
 Next Bits: [0x00000001209a0000, 0x00000001249a0000)

Polling page: 0x000000010307c000

Metaspace:

Usage:
  Non-class:      8.68 MB used.
      Class:      1.50 MB used.
       Both:     10.18 MB used.

Virtual space:
  Non-class space:       16.00 MB reserved,       8.81 MB ( 55%) committed,  2 nodes.
      Class space:        1.00 GB reserved,       1.62 MB ( <1%) committed,  1 nodes.
             Both:        1.02 GB reserved,      10.44 MB (  1%) committed. 

Chunk freelists:
   Non-Class:  2.06 MB
       Class:  2.35 MB
        Both:  4.41 MB

MaxMetaspaceSize: unlimited
CompressedClassSpaceSize: 1.00 GB
Initial GC threshold: 21.00 MB
Current GC threshold: 21.00 MB
CDS: on
MetaspaceReclaimPolicy: balanced
 - commit_granule_bytes: 65536.
 - commit_granule_words: 8192.
 - virtual_space_node_default_size: 1048576.
 - enlarge_chunks_in_place: 1.
 - new_chunks_are_fully_committed: 0.
 - uncommit_free_chunks: 1.
 - use_allocation_guard: 0.
 - handle_deallocations: 1.


Internal statistics:

num_allocs_failed_limit: 0.
num_arena_births: 304.
num_arena_deaths: 0.
num_vsnodes_births: 3.
num_vsnodes_deaths: 0.
num_space_committed: 167.
num_space_uncommitted: 0.
num_chunks_returned_to_freelist: 0.
num_chunks_taken_from_freelist: 662.
num_chunk_merges: 0.
num_chunk_splits: 442.
num_chunks_enlarged: 307.
num_purges: 0.
num_inconsistent_stats: 0.

CodeHeap 'non-profiled nmethods': size=120032Kb used=491Kb max_used=491Kb free=119540Kb
 bounds [0x0000000114468000, 0x00000001146d8000, 0x000000011b9a0000]
CodeHeap 'profiled nmethods': size=120016Kb used=2670Kb max_used=2670Kb free=117345Kb
 bounds [0x000000010cf34000, 0x000000010d1d4000, 0x0000000114468000]
CodeHeap 'non-nmethods': size=5712Kb used=1345Kb max_used=1466Kb free=4366Kb
 bounds [0x000000010c9a0000, 0x000000010cc10000, 0x000000010cf34000]
 total_blobs=2221 nmethods=1490 adapters=648
 compilation: enabled
              stopped_count=0, restarted_count=0
 full_count=0

Compilation events (20 events):
Event: 0.502 Thread 0x000000015583ce00 nmethod 1538 0x000000010d1c5810 code [0x000000010d1c59c0, 0x000000010d1c5b98]
Event: 0.502 Thread 0x000000015583ce00 1539       1       javafx.scene.Parent::isPerformingLayout (5 bytes)
Event: 0.502 Thread 0x000000015583ce00 nmethod 1539 0x00000001144dc310 code [0x00000001144dc480, 0x00000001144dc568]
Event: 0.502 Thread 0x000000015583ce00 1540       3       com.sun.javafx.runtime.async.AbstractAsyncOperation$$Lambda$198/0x0000000800d87cb0::run (16 bytes)
Event: 0.502 Thread 0x000000015583ce00 nmethod 1540 0x000000010d1c5c90 code [0x000000010d1c5e40, 0x000000010d1c60d8]
Event: 0.502 Thread 0x000000015583ce00 1541       3       com.sun.javafx.runtime.async.AbstractAsyncOperation::lambda$notifyProgress$1 (12 bytes)
Event: 0.502 Thread 0x000000015583ce00 nmethod 1541 0x000000010d1c6210 code [0x000000010d1c63c0, 0x000000010d1c6598]
Event: 0.502 Thread 0x000000015583ce00 1542       3       javafx.scene.image.Image$ImageTask::onProgress (41 bytes)
Event: 0.502 Thread 0x000000015583ce00 nmethod 1542 0x000000010d1c6690 code [0x000000010d1c6900, 0x000000010d1c6ff8]
Event: 0.503 Thread 0x000000015583ce00 1546       3       com.sun.javafx.runtime.async.AbstractAsyncOperation::notifyProgress (22 bytes)
Event: 0.503 Thread 0x000000015583ce00 nmethod 1546 0x000000010d1c7290 code [0x000000010d1c7500, 0x000000010d1c7d88]
Event: 0.503 Thread 0x000000015583ce00 1543       3       java.util.zip.InflaterInputStream::available (32 bytes)
Event: 0.503 Thread 0x000000015583ce00 nmethod 1543 0x000000010d1c8090 code [0x000000010d1c8280, 0x000000010d1c8758]
Event: 0.503 Thread 0x000000015583ce00 1545       3       java.util.zip.InflaterInputStream::fill (60 bytes)
Event: 0.503 Thread 0x000000015583ce00 nmethod 1545 0x000000010d1c8910 code [0x000000010d1c8b40, 0x000000010d1c90a8]
Event: 0.505 Thread 0x000000015583ce00 1547       3       java.util.concurrent.atomic.AtomicInteger::decrementAndGet (14 bytes)
Event: 0.505 Thread 0x000000015583ce00 nmethod 1547 0x000000010d1c9310 code [0x000000010d1c94c0, 0x000000010d1c9628]
Event: 0.506 Thread 0x000000015583ce00 1548       3       java.util.logging.Logger::log (25 bytes)
Event: 0.506 Thread 0x000000015583ce00 nmethod 1548 0x000000010d1c9690 code [0x000000010d1c9880, 0x000000010d1c9cc8]
Event: 0.509 Thread 0x000000015583ce00 1552       3       java.io.BufferedInputStream::fill (203 bytes)

GC Heap History (2 events):
Event: 0.275 GC heap before
{Heap before GC invocations=0 (full 0):
 garbage-first heap   total 266240K, used 24544K [0x0000000700000000, 0x0000000800000000)
  region size 2048K, 11 young (22528K), 0 survivors (0K)
 Metaspace       used 6304K, committed 6528K, reserved 1056768K
  class space    used 905K, committed 1024K, reserved 1048576K
}
Event: 0.277 GC heap after
{Heap after GC invocations=1 (full 0):
 garbage-first heap   total 266240K, used 4614K [0x0000000700000000, 0x0000000800000000)
  region size 2048K, 2 young (4096K), 2 survivors (4096K)
 Metaspace       used 6304K, committed 6528K, reserved 1056768K
  class space    used 905K, committed 1024K, reserved 1048576K
}

Deoptimization events (20 events):
Event: 0.391 Thread 0x0000000136008e00 DEOPT PACKING pc=0x00000001144b9054 sp=0x00000001712ada80
Event: 0.391 Thread 0x0000000136008e00 DEOPT UNPACKING pc=0x000000010c9ded1c sp=0x00000001712ada10 mode 2
Event: 0.391 Thread 0x0000000155b34200 Uncommon trap: trap_request=0xffffffde fr.pc=0x00000001144b9054 relative=0x0000000000000594
Event: 0.391 Thread 0x0000000155b34200 Uncommon trap: reason=class_check action=maybe_recompile pc=0x00000001144b9054 method=java.util.zip.InflaterInputStream.read([BII)I @ 100 c2
Event: 0.391 Thread 0x0000000155b34200 DEOPT PACKING pc=0x00000001144b9054 sp=0x0000000170e95a80
Event: 0.391 Thread 0x0000000155b34200 DEOPT UNPACKING pc=0x000000010c9ded1c sp=0x0000000170e95a10 mode 2
Event: 0.396 Thread 0x0000000136008e00 DEOPT PACKING pc=0x000000010d16460c sp=0x00000001712add60
Event: 0.396 Thread 0x0000000136008e00 DEOPT UNPACKING pc=0x000000010c9deb7c sp=0x00000001712ada60 mode 3
Event: 0.396 Thread 0x000000015619ec00 DEOPT PACKING pc=0x000000010d16460c sp=0x00000001710a1d60
Event: 0.396 Thread 0x000000015619ec00 DEOPT UNPACKING pc=0x000000010c9deb7c sp=0x00000001710a1a60 mode 3
Event: 0.396 Thread 0x00000001360eb800 DEOPT PACKING pc=0x000000010d16460c sp=0x0000000170c89d60
Event: 0.396 Thread 0x00000001360eb800 DEOPT UNPACKING pc=0x000000010c9deb7c sp=0x0000000170c89a60 mode 3
Event: 0.396 Thread 0x0000000155b34200 DEOPT PACKING pc=0x000000010d16460c sp=0x0000000170e95d60
Event: 0.396 Thread 0x0000000155b34200 DEOPT UNPACKING pc=0x000000010c9deb7c sp=0x0000000170e95a60 mode 3
Event: 0.454 Thread 0x00000001360eb800 DEOPT PACKING pc=0x000000010d1659c4 sp=0x0000000170c89d90
Event: 0.454 Thread 0x00000001360eb800 DEOPT UNPACKING pc=0x000000010c9deb7c sp=0x0000000170c89a60 mode 3
Event: 0.480 Thread 0x0000000155b34200 DEOPT PACKING pc=0x000000010d16345c sp=0x0000000170e95c80
Event: 0.480 Thread 0x0000000155b34200 DEOPT UNPACKING pc=0x000000010c9deb7c sp=0x0000000170e958c0 mode 0
Event: 0.480 Thread 0x0000000155b34200 DEOPT PACKING pc=0x000000010d16345c sp=0x0000000170e95c80
Event: 0.480 Thread 0x0000000155b34200 DEOPT UNPACKING pc=0x000000010c9deb7c sp=0x0000000170e958c0 mode 0

Classes unloaded (0 events):
No events

Classes redefined (0 events):
No events

Internal exceptions (20 events):
Event: 0.255 Thread 0x0000000156049800 Exception <a 'sun/nio/fs/UnixException'{0x000000070ec6ed30}> (0x000000070ec6ed30) 
thrown [src/hotspot/share/prims/jni.cpp, line 516]
Event: 0.257 Thread 0x0000000156049800 Exception <a 'java/lang/NoSuchMethodError'{0x000000070eca3730}: 'void java.lang.invoke.DirectMethodHandle$Holder.invokeSpecial(java.lang.Object, java.lang.Object, java.lang.Object, java.lang.Object, java.lang.Object)'> (0x000000070eca3730) 
thrown [src/hotspot/share/interpreter/linkResolver.cpp, line 766]
Event: 0.343 Thread 0x0000000156049800 Exception <a 'java/lang/NoSuchMethodError'{0x000000070f63adf8}: 'java.lang.Object java.lang.invoke.DirectMethodHandle$Holder.invokeSpecial(java.lang.Object, java.lang.Object, long, int, java.lang.Object, java.lang.Object, long, long, long, long)'> (0x000000070f63adf8) 
thrown [src/hotspot/share/interpreter/linkResolver.cpp, line 766]
Event: 0.344 Thread 0x0000000156049800 Exception <a 'java/lang/NoSuchMethodError'{0x000000070f63ede0}: 'java.lang.Object java.lang.invoke.DelegatingMethodHandle$Holder.reinvoke_L(java.lang.Object, long, int, java.lang.Object, java.lang.Object, long, long, long, long)'> (0x000000070f63ede0) 
thrown [src/hotspot/share/interpreter/linkResolver.cpp, line 766]
Event: 0.345 Thread 0x0000000156049800 Exception <a 'sun/nio/fs/UnixException'{0x000000070f66a750}> (0x000000070f66a750) 
thrown [src/hotspot/share/prims/jni.cpp, line 516]
Event: 0.346 Thread 0x0000000156049800 Exception <a 'java/lang/NoSuchMethodError'{0x000000070f68e650}: 'java.lang.Object java.lang.invoke.DirectMethodHandle$Holder.invokeInterface(java.lang.Object, java.lang.Object)'> (0x000000070f68e650) 
thrown [src/hotspot/share/interpreter/linkResolver.cpp, line 766]
Event: 0.351 Thread 0x0000000156049800 Exception <a 'sun/nio/fs/UnixException'{0x000000070f74bf28}> (0x000000070f74bf28) 
thrown [src/hotspot/share/prims/jni.cpp, line 516]
Event: 0.352 Thread 0x0000000156049800 Exception <a 'java/lang/NoSuchMethodError'{0x000000070f757738}: 'java.lang.Object java.lang.invoke.DirectMethodHandle$Holder.invokeStatic(java.lang.Object, int, java.lang.Object)'> (0x000000070f757738) 
thrown [src/hotspot/share/interpreter/linkResolver.cpp, line 766]
Event: 0.353 Thread 0x0000000156049800 Exception <a 'java/lang/ClassNotFoundException'{0x000000070f7683e0}: sun/util/logging/resources/spi/loggingProvider> (0x000000070f7683e0) 
thrown [src/hotspot/share/classfile/systemDictionary.cpp, line 256]
Event: 0.366 Thread 0x0000000156049800 Exception <a 'java/lang/NoSuchMethodError'{0x000000070f4cc6b0}: 'java.lang.Object java.lang.invoke.DirectMethodHandle$Holder.invokeStaticInit(java.lang.Object, java.lang.Object, java.lang.Object)'> (0x000000070f4cc6b0) 
thrown [src/hotspot/share/interpreter/linkResolver.cpp, line 766]
Event: 0.369 Thread 0x00000001360eb800 Implicit null exception at 0x000000011449d47c to 0x000000011449d898
Event: 0.369 Thread 0x0000000156049800 Exception <a 'java/lang/NoSuchMethodError'{0x000000070f50dae8}: 'java.lang.Object java.lang.invoke.DirectMethodHandle$Holder.invokeSpecial(java.lang.Object, java.lang.Object, java.lang.Object, int, java.lang.Object)'> (0x000000070f50dae8) 
thrown [src/hotspot/share/interpreter/linkResolver.cpp, line 766]
Event: 0.369 Thread 0x00000001360eb800 Implicit null exception at 0x00000001144a247c to 0x00000001144a2890
Event: 0.382 Thread 0x0000000156049800 Exception <a 'java/lang/NoSuchMethodError'{0x000000070f2f6008}: 'java.lang.Object java.lang.invoke.DirectMethodHandle$Holder.newInvokeSpecial(java.lang.Object, java.lang.Object, int)'> (0x000000070f2f6008) 
thrown [src/hotspot/share/interpreter/linkResolver.cpp, line 766]
Event: 0.387 Thread 0x000000015619ec00 Exception <a 'java/lang/NoSuchMethodError'{0x000000070f16f650}: 'java.lang.Object java.lang.invoke.DirectMethodHandle$Holder.newInvokeSpecial(java.lang.Object, java.lang.Object, int, int)'> (0x000000070f16f650) 
thrown [src/hotspot/share/interpreter/linkResolver.cpp, line 766]
Event: 0.435 Thread 0x0000000156049800 Exception <a 'java/lang/NoSuchMethodError'{0x000000070f312578}: 'long java.lang.invoke.DirectMethodHandle$Holder.invokeStatic(java.lang.Object, java.lang.Object, java.lang.Object)'> (0x000000070f312578) 
thrown [src/hotspot/share/interpreter/linkResolver.cpp, line 766]
Event: 0.436 Thread 0x0000000156049800 Exception <a 'java/lang/NoSuchMethodError'{0x000000070f315d20}: 'long java.lang.invoke.DirectMethodHandle$Holder.invokeStaticInit(java.lang.Object, java.lang.Object, java.lang.Object)'> (0x000000070f315d20) 
thrown [src/hotspot/share/interpreter/linkResolver.cpp, line 766]
Event: 0.436 Thread 0x0000000156049800 Exception <a 'java/lang/NoSuchMethodError'{0x000000070f32d928}: 'java.lang.Object java.lang.invoke.DirectMethodHandle$Holder.newInvokeSpecial(java.lang.Object, java.lang.Object, long)'> (0x000000070f32d928) 
thrown [src/hotspot/share/interpreter/linkResolver.cpp, line 766]
Event: 0.436 Thread 0x0000000156049800 Exception <a 'java/lang/NoSuchMethodError'{0x000000070f3311f0}: 'java.lang.Object java.lang.invoke.Invokers$Holder.linkToTargetMethod(java.lang.Object, long, java.lang.Object)'> (0x000000070f3311f0) 
thrown [src/hotspot/share/interpreter/linkResolver.cpp, line 766]
Event: 0.450 Thread 0x0000000136014400 Exception <a 'java/lang/NoSuchMethodError'{0x000000070ed2d108}: 'int java.lang.invoke.DirectMethodHandle$Holder.invokeStaticInit(java.lang.Object, java.lang.Object)'> (0x000000070ed2d108) 
thrown [src/hotspot/share/interpreter/linkResolver.cpp, line 766]

VM Operations (16 events):
Event: 0.048 Executing VM operation: HandshakeAllThreads
Event: 0.048 Executing VM operation: HandshakeAllThreads done
Event: 0.048 Executing VM operation: HandshakeAllThreads
Event: 0.048 Executing VM operation: HandshakeAllThreads done
Event: 0.059 Executing VM operation: HandshakeAllThreads
Event: 0.059 Executing VM operation: HandshakeAllThreads done
Event: 0.204 Executing VM operation: ICBufferFull
Event: 0.204 Executing VM operation: ICBufferFull done
Event: 0.275 Executing VM operation: G1CollectForAllocation
Event: 0.277 Executing VM operation: G1CollectForAllocation done
Event: 0.358 Executing VM operation: HandshakeAllThreads
Event: 0.358 Executing VM operation: HandshakeAllThreads done
Event: 0.365 Executing VM operation: HandshakeAllThreads
Event: 0.365 Executing VM operation: HandshakeAllThreads done
Event: 0.439 Executing VM operation: ICBufferFull
Event: 0.439 Executing VM operation: ICBufferFull done

Events (20 events):
Event: 0.388 loading class java/io/InterruptedIOException
Event: 0.388 loading class java/io/InterruptedIOException done
Event: 0.389 loading class java/io/SequenceInputStream
Event: 0.389 loading class java/io/SequenceInputStream done
Event: 0.390 loading class java/io/EOFException
Event: 0.390 loading class java/io/EOFException done
Event: 0.390 loading class java/util/Vector$1
Event: 0.390 loading class java/util/Vector$1 done
Event: 0.397 loading class java/nio/FloatBuffer
Event: 0.397 loading class java/nio/FloatBuffer done
Event: 0.435 loading class java/util/concurrent/ConcurrentLinkedQueue
Event: 0.435 loading class java/util/concurrent/ConcurrentLinkedQueue done
Event: 0.435 loading class java/util/concurrent/ConcurrentLinkedQueue$Node
Event: 0.435 loading class java/util/concurrent/ConcurrentLinkedQueue$Node done
Event: 0.459 loading class java/io/BufferedReader
Event: 0.459 loading class java/io/BufferedReader done
Event: 0.469 loading class java/nio/DirectShortBufferU
Event: 0.469 loading class java/nio/ShortBuffer
Event: 0.469 loading class java/nio/ShortBuffer done
Event: 0.469 loading class java/nio/DirectShortBufferU done


Dynamic libraries:
0x000000010302c000 	/opt/homebrew/Cellar/openjdk/17/libexec/openjdk.jdk/Contents/Home/lib/libjli.dylib
0x00000001bcfd6000 	/usr/lib/libz.1.dylib
0x00000001bd086000 	/usr/lib/libSystem.B.dylib
0x00000001bd080000 	/usr/lib/system/libcache.dylib
0x00000001bd03e000 	/usr/lib/system/libcommonCrypto.dylib
0x00000001bd067000 	/usr/lib/system/libcompiler_rt.dylib
0x00000001bd05e000 	/usr/lib/system/libcopyfile.dylib
0x00000001b238a000 	/usr/lib/system/libcorecrypto.dylib
0x00000001b242f000 	/usr/lib/system/libdispatch.dylib
0x00000001b25f7000 	/usr/lib/system/libdyld.dylib
0x00000001bd076000 	/usr/lib/system/libkeymgr.dylib
0x00000001bd020000 	/usr/lib/system/libmacho.dylib
0x00000001bc72c000 	/usr/lib/system/libquarantine.dylib
0x00000001bd073000 	/usr/lib/system/libremovefile.dylib
0x00000001b7779000 	/usr/lib/system/libsystem_asl.dylib
0x00000001b2334000 	/usr/lib/system/libsystem_blocks.dylib
0x00000001b24b5000 	/usr/lib/system/libsystem_c.dylib
0x00000001bd06b000 	/usr/lib/system/libsystem_collections.dylib
0x00000001bbb89000 	/usr/lib/system/libsystem_configuration.dylib
0x00000001bae0f000 	/usr/lib/system/libsystem_containermanager.dylib
0x00000001bcd8a000 	/usr/lib/system/libsystem_coreservices.dylib
0x00000001b4d1c000 	/usr/lib/system/libsystem_darwin.dylib
0x00000001bd077000 	/usr/lib/system/libsystem_dnssd.dylib
0x00000001b24b2000 	/usr/lib/system/libsystem_featureflags.dylib
0x00000001b260c000 	/usr/lib/system/libsystem_info.dylib
0x00000001bcfe8000 	/usr/lib/system/libsystem_m.dylib
0x00000001b2404000 	/usr/lib/system/libsystem_malloc.dylib
0x00000001b770a000 	/usr/lib/system/libsystem_networkextension.dylib
0x00000001b516f000 	/usr/lib/system/libsystem_notify.dylib
0x00000001c3253000 	/usr/lib/system/libsystem_product_info_filter.dylib
0x00000001bbb8e000 	/usr/lib/system/libsystem_sandbox.dylib
0x00000001bd070000 	/usr/lib/system/libsystem_secinit.dylib
0x00000001b25b4000 	/usr/lib/system/libsystem_kernel.dylib
0x00000001b2604000 	/usr/lib/system/libsystem_platform.dylib
0x00000001b25ea000 	/usr/lib/system/libsystem_pthread.dylib
0x00000001b8eaf000 	/usr/lib/system/libsystem_symptoms.dylib
0x00000001b2370000 	/usr/lib/system/libsystem_trace.dylib
0x00000001bd04b000 	/usr/lib/system/libunwind.dylib
0x00000001b2336000 	/usr/lib/system/libxpc.dylib
0x00000001b259a000 	/usr/lib/libc++abi.dylib
0x00000001b2476000 	/usr/lib/libobjc.A.dylib
0x00000001bd056000 	/usr/lib/liboah.dylib
0x00000001b2536000 	/usr/lib/libc++.1.dylib
0x00000001c8c30000 	/System/Library/Frameworks/Cocoa.framework/Versions/A/Cocoa
0x00000001b51ce000 	/System/Library/Frameworks/AppKit.framework/Versions/C/AppKit
0x00000001b86f0000 	/System/Library/Frameworks/CoreData.framework/Versions/A/CoreData
0x00000001b352f000 	/System/Library/Frameworks/Foundation.framework/Versions/C/Foundation
0x00000001b6080000 	/System/Library/PrivateFrameworks/UIFoundation.framework/Versions/A/UIFoundation
0x00000001c2f4d000 	/System/Library/PrivateFrameworks/RemoteViewServices.framework/Versions/A/RemoteViewServices
0x00000001bb548000 	/System/Library/PrivateFrameworks/XCTTargetBootstrap.framework/Versions/A/XCTTargetBootstrap
0x00000001bed88000 	/System/Library/PrivateFrameworks/InternationalSupport.framework/Versions/A/InternationalSupport
0x00000001bee11000 	/System/Library/PrivateFrameworks/UserActivity.framework/Versions/A/UserActivity
0x00000001be2b3000 	/usr/lib/libspindump.dylib
0x00000001b62f0000 	/System/Library/Frameworks/UniformTypeIdentifiers.framework/Versions/A/UniformTypeIdentifiers
0x00000001b9ad6000 	/usr/lib/libapp_launch_measurement.dylib
0x00000001b9053000 	/System/Library/PrivateFrameworks/CoreAnalytics.framework/Versions/A/CoreAnalytics
0x00000001b9ad9000 	/System/Library/PrivateFrameworks/CoreAutoLayout.framework/Versions/A/CoreAutoLayout
0x00000001bae4c000 	/System/Library/Frameworks/Metal.framework/Versions/A/Metal
0x00000001bbb99000 	/usr/lib/liblangid.dylib
0x00000001bb54c000 	/System/Library/PrivateFrameworks/CoreSVG.framework/Versions/A/CoreSVG
0x00000001b77ad000 	/System/Library/PrivateFrameworks/SkyLight.framework/Versions/A/SkyLight
0x00000001b7b75000 	/System/Library/Frameworks/CoreGraphics.framework/Versions/A/CoreGraphics
0x00000001c35c6000 	/System/Library/Frameworks/Accelerate.framework/Versions/A/Accelerate
0x00000001bdd28000 	/System/Library/PrivateFrameworks/IconServices.framework/Versions/A/IconServices
0x00000001bae2e000 	/System/Library/Frameworks/IOSurface.framework/Versions/A/IOSurface
0x00000001b9083000 	/usr/lib/libDiagnosticMessagesClient.dylib
0x00000001c69fe000 	/System/Library/Frameworks/ApplicationServices.framework/Versions/A/ApplicationServices
0x00000001bb530000 	/System/Library/PrivateFrameworks/DFRFoundation.framework/Versions/A/DFRFoundation
0x00000001b4a71000 	/usr/lib/libicucore.A.dylib
0x00000001bfb85000 	/System/Library/Frameworks/AudioToolbox.framework/Versions/A/AudioToolbox
0x00000001bed94000 	/System/Library/PrivateFrameworks/DataDetectorsCore.framework/Versions/A/DataDetectorsCore
0x00000001d4db0000 	/System/Library/PrivateFrameworks/TextInput.framework/Versions/A/TextInput
0x00000001b7724000 	/usr/lib/libMobileGestalt.dylib
0x00000001bb200000 	/System/Library/Frameworks/Carbon.framework/Versions/A/Frameworks/HIToolbox.framework/Versions/A/HIToolbox
0x00000001b94e0000 	/System/Library/Frameworks/QuartzCore.framework/Versions/A/QuartzCore
0x00000001b46ee000 	/System/Library/Frameworks/Security.framework/Versions/A/Security
0x00000001c2f8d000 	/System/Library/Frameworks/Carbon.framework/Versions/A/Frameworks/SpeechRecognition.framework/Versions/A/SpeechRecognition
0x00000001b982d000 	/System/Library/PrivateFrameworks/CoreUI.framework/Versions/A/CoreUI
0x00000001b3fc1000 	/System/Library/Frameworks/CoreAudio.framework/Versions/A/CoreAudio
0x00000001b9173000 	/System/Library/Frameworks/DiskArbitration.framework/Versions/A/DiskArbitration
0x00000001be69b000 	/System/Library/PrivateFrameworks/MultitouchSupport.framework/Versions/A/MultitouchSupport
0x00000001b7722000 	/usr/lib/libenergytrace.dylib
0x00000001b509a000 	/System/Library/Frameworks/IOKit.framework/Versions/A/IOKit
0x00000001c3374000 	/System/Library/Frameworks/CoreServices.framework/Versions/A/CoreServices
0x00000001b9a66000 	/System/Library/PrivateFrameworks/PerformanceAnalysis.framework/Versions/A/PerformanceAnalysis
0x00000002135d5000 	/System/Library/Frameworks/OpenGL.framework/Versions/A/OpenGL
0x00000001bc64c000 	/System/Library/PrivateFrameworks/MobileKeyBag.framework/Versions/A/MobileKeyBag
0x00000001b8185000 	/System/Library/Frameworks/ColorSync.framework/Versions/A/ColorSync
0x00000001b2638000 	/System/Library/Frameworks/CoreFoundation.framework/Versions/A/CoreFoundation
0x00000001bb7cd000 	/System/Library/Frameworks/CoreImage.framework/Versions/A/CoreImage
0x00000001b3de4000 	/System/Library/Frameworks/CoreText.framework/Versions/A/CoreText
0x00000001bb57c000 	/System/Library/Frameworks/ImageIO.framework/Versions/A/ImageIO
0x00000001bd08c000 	/System/Library/PrivateFrameworks/SoftLinking.framework/Versions/A/SoftLinking
0x00000001b9b23000 	/usr/lib/libxml2.2.dylib
0x00000001bd324000 	/usr/lib/libcompression.dylib
0x00000001bece1000 	/System/Library/PrivateFrameworks/TextureIO.framework/Versions/A/TextureIO
0x00000001bda42000 	/usr/lib/libate.dylib
0x00000001bd90a000 	/usr/lib/liblzma.5.dylib
0x00000001b3220000 	/System/Library/Frameworks/SystemConfiguration.framework/Versions/A/SystemConfiguration
0x00000001bd088000 	/usr/lib/libfakelink.dylib
0x00000001b7252000 	/System/Library/Frameworks/CFNetwork.framework/Versions/A/CFNetwork
0x00000001bd1cf000 	/usr/lib/libarchive.2.dylib
0x00000001bbb95000 	/System/Library/PrivateFrameworks/AppleSystemInfo.framework/Versions/A/AppleSystemInfo
0x00000001bc756000 	/usr/lib/libbsm.0.dylib
0x00000001b678f000 	/usr/lib/libnetwork.dylib
0x00000001bd026000 	/usr/lib/system/libkxld.dylib
0x00000001bc36e000 	/System/Library/PrivateFrameworks/IOMobileFramebuffer.framework/Versions/A/IOMobileFramebuffer
0x000000022ef00000 	/usr/lib/libCoreEntitlements.dylib
0x00000001bcd6c000 	/System/Library/PrivateFrameworks/AppleFSCompression.framework/Versions/A/AppleFSCompression
0x00000001bc73f000 	/usr/lib/libcoretls.dylib
0x00000001bd923000 	/usr/lib/libcoretls_cfhelpers.dylib
0x00000001bd31f000 	/usr/lib/libpam.2.dylib
0x00000001b8ad7000 	/usr/lib/libsqlite3.dylib
0x00000001bd98b000 	/usr/lib/libxar.1.dylib
0x00000001bcd7d000 	/usr/lib/libbz2.1.0.dylib
0x00000001bd08d000 	/usr/lib/libpcap.A.dylib
0x00000001b8ea6000 	/usr/lib/libdns_services.dylib
0x00000001bd2f2000 	/usr/lib/libapple_nghttp2.dylib
0x00000001bd0ca000 	/usr/lib/libiconv.2.dylib
0x00000001bd01f000 	/usr/lib/libcharset.1.dylib
0x00000001b9aa2000 	/System/Library/Frameworks/CoreServices.framework/Versions/A/Frameworks/FSEvents.framework/Versions/A/FSEvents
0x00000001b4d27000 	/System/Library/Frameworks/CoreServices.framework/Versions/A/Frameworks/CarbonCore.framework/Versions/A/CarbonCore
0x00000001b90d6000 	/System/Library/Frameworks/CoreServices.framework/Versions/A/Frameworks/Metadata.framework/Versions/A/Metadata
0x00000001bcd90000 	/System/Library/Frameworks/CoreServices.framework/Versions/A/Frameworks/OSServices.framework/Versions/A/OSServices
0x00000001bd254000 	/System/Library/Frameworks/CoreServices.framework/Versions/A/Frameworks/SearchKit.framework/Versions/A/SearchKit
0x00000001b8e34000 	/System/Library/Frameworks/CoreServices.framework/Versions/A/Frameworks/AE.framework/Versions/A/AE
0x00000001b2b7c000 	/System/Library/Frameworks/CoreServices.framework/Versions/A/Frameworks/LaunchServices.framework/Versions/A/LaunchServices
0x00000001bd8b3000 	/System/Library/Frameworks/CoreServices.framework/Versions/A/Frameworks/DictionaryServices.framework/Versions/A/DictionaryServices
0x00000001b9aaf000 	/System/Library/Frameworks/CoreServices.framework/Versions/A/Frameworks/SharedFileList.framework/Versions/A/SharedFileList
0x00000001bc72f000 	/usr/lib/libCheckFix.dylib
0x00000001b7791000 	/System/Library/PrivateFrameworks/TCC.framework/Versions/A/TCC
0x00000001bbb9b000 	/System/Library/PrivateFrameworks/CoreNLP.framework/Versions/A/CoreNLP
0x00000001b9086000 	/System/Library/PrivateFrameworks/MetadataUtilities.framework/Versions/A/MetadataUtilities
0x00000001b32d9000 	/usr/lib/libmecabra.dylib
0x00000001bc767000 	/usr/lib/libmecab.dylib
0x00000001b32a5000 	/usr/lib/libCRFSuite.dylib
0x00000001bc7c5000 	/usr/lib/libgermantok.dylib
0x00000001bd2cb000 	/usr/lib/libThaiTokenizer.dylib
0x00000001b917b000 	/System/Library/Frameworks/Accelerate.framework/Versions/A/Frameworks/vImage.framework/Versions/A/vImage
0x00000001c334b000 	/System/Library/Frameworks/Accelerate.framework/Versions/A/Frameworks/vecLib.framework/Versions/A/vecLib
0x00000001bd9cf000 	/System/Library/Frameworks/Accelerate.framework/Versions/A/Frameworks/vecLib.framework/Versions/A/libvMisc.dylib
0x00000001bc278000 	/System/Library/Frameworks/Accelerate.framework/Versions/A/Frameworks/vecLib.framework/Versions/A/libvDSP.dylib
0x00000001b2eff000 	/System/Library/Frameworks/Accelerate.framework/Versions/A/Frameworks/vecLib.framework/Versions/A/libBLAS.dylib
0x00000001bd3f3000 	/System/Library/Frameworks/Accelerate.framework/Versions/A/Frameworks/vecLib.framework/Versions/A/libLAPACK.dylib
0x00000001bc7c8000 	/System/Library/Frameworks/Accelerate.framework/Versions/A/Frameworks/vecLib.framework/Versions/A/libLinearAlgebra.dylib
0x00000001bd30a000 	/System/Library/Frameworks/Accelerate.framework/Versions/A/Frameworks/vecLib.framework/Versions/A/libSparseBLAS.dylib
0x00000001bd3ee000 	/System/Library/Frameworks/Accelerate.framework/Versions/A/Frameworks/vecLib.framework/Versions/A/libQuadrature.dylib
0x00000001bbc92000 	/System/Library/Frameworks/Accelerate.framework/Versions/A/Frameworks/vecLib.framework/Versions/A/libBNNS.dylib
0x00000001b31bd000 	/System/Library/Frameworks/Accelerate.framework/Versions/A/Frameworks/vecLib.framework/Versions/A/libSparse.dylib
0x00000001bbc8a000 	/System/Library/PrivateFrameworks/LinguisticData.framework/Versions/A/LinguisticData
0x00000001b3173000 	/System/Library/PrivateFrameworks/Lexicon.framework/Versions/A/Lexicon
0x00000001bd9c7000 	/usr/lib/libChineseTokenizer.dylib
0x00000001b391d000 	/System/Library/PrivateFrameworks/LanguageModeling.framework/Versions/A/LanguageModeling
0x00000001bd2cd000 	/System/Library/PrivateFrameworks/AppleSauce.framework/Versions/A/AppleSauce
0x00000001bc35b000 	/System/Library/PrivateFrameworks/CoreEmoji.framework/Versions/A/CoreEmoji
0x00000001bd1bd000 	/usr/lib/libcmph.dylib
0x00000001b9a82000 	/System/Library/Frameworks/OpenDirectory.framework/Versions/A/Frameworks/CFOpenDirectory.framework/Versions/A/CFOpenDirectory
0x00000001b9a72000 	/System/Library/Frameworks/OpenDirectory.framework/Versions/A/OpenDirectory
0x00000001bd925000 	/System/Library/PrivateFrameworks/APFS.framework/Versions/A/APFS
0x00000001bc687000 	/System/Library/Frameworks/SecurityFoundation.framework/Versions/A/SecurityFoundation
0x00000001bd999000 	/usr/lib/libutil.dylib
0x00000001b505c000 	/System/Library/PrivateFrameworks/CoreServicesStore.framework/Versions/A/CoreServicesStore
0x00000001bd99d000 	/usr/lib/libxslt.1.dylib
0x00000001bc71b000 	/System/Library/PrivateFrameworks/BackgroundTaskManagement.framework/Versions/A/BackgroundTaskManagement
0x00000001bec02000 	/System/Library/Frameworks/ImageIO.framework/Versions/A/Resources/libRadiance.dylib
0x00000001bec0b000 	/System/Library/Frameworks/ImageIO.framework/Versions/A/Resources/libJPEG.dylib
0x00000001beb5d000 	/System/Library/Frameworks/ImageIO.framework/Versions/A/Resources/libPng.dylib
0x00000001beb7f000 	/System/Library/Frameworks/ImageIO.framework/Versions/A/Resources/libTIFF.dylib
0x00000001bec66000 	/System/Library/Frameworks/ImageIO.framework/Versions/A/Resources/libGIF.dylib
0x00000001be5ab000 	/System/Library/Frameworks/ImageIO.framework/Versions/A/Resources/libJP2.dylib
0x00000001bdcee000 	/usr/lib/libexpat.1.dylib
0x00000001be566000 	/System/Library/PrivateFrameworks/AppleJPEG.framework/Versions/A/AppleJPEG
0x00000001bb0bf000 	/System/Library/PrivateFrameworks/FontServices.framework/libFontParser.dylib
0x00000001b8dd9000 	/System/Library/PrivateFrameworks/RunningBoardServices.framework/Versions/A/RunningBoardServices
0x00000001c929b000 	/System/Library/PrivateFrameworks/IOSurfaceAccelerator.framework/Versions/A/IOSurfaceAccelerator
0x00000001be697000 	/System/Library/PrivateFrameworks/WatchdogClient.framework/Versions/A/WatchdogClient
0x00000001b3a21000 	/System/Library/Frameworks/CoreDisplay.framework/Versions/A/CoreDisplay
0x00000001bafae000 	/System/Library/Frameworks/CoreMedia.framework/Versions/A/CoreMedia
0x00000001bae42000 	/System/Library/PrivateFrameworks/IOAccelerator.framework/Versions/A/IOAccelerator
0x00000001b9c10000 	/System/Library/Frameworks/CoreVideo.framework/Versions/A/CoreVideo
0x00000001bd31d000 	/System/Library/Frameworks/MetalPerformanceShaders.framework/Versions/A/MetalPerformanceShaders
0x00000001be6d4000 	/System/Library/Frameworks/VideoToolbox.framework/Versions/A/VideoToolbox
0x00000001b8d1d000 	/System/Library/PrivateFrameworks/BaseBoard.framework/Versions/A/BaseBoard
0x00000001b8abc000 	/System/Library/PrivateFrameworks/ProtocolBuffer.framework/Versions/A/ProtocolBuffer
0x00000001bebfd000 	/System/Library/PrivateFrameworks/GPUWrangler.framework/Versions/A/GPUWrangler
0x00000001bebdc000 	/System/Library/PrivateFrameworks/IOPresentment.framework/Versions/A/IOPresentment
0x00000001bec05000 	/System/Library/PrivateFrameworks/DSExternalDisplay.framework/Versions/A/DSExternalDisplay
0x00000002135c8000 	/System/Library/Frameworks/OpenGL.framework/Versions/A/Libraries/libCoreFSCache.dylib
0x000000021cce2000 	/System/Library/PrivateFrameworks/GPUCompiler.framework/Versions/31001/Libraries/libGPUCompilerUtils.dylib
0x00000001bec6b000 	/System/Library/PrivateFrameworks/CMCaptureCore.framework/Versions/A/CMCaptureCore
0x00000001be2a1000 	/System/Library/PrivateFrameworks/AppServerSupport.framework/Versions/A/AppServerSupport
0x00000001c0440000 	/System/Library/PrivateFrameworks/perfdata.framework/Versions/A/perfdata
0x00000001b3b41000 	/System/Library/PrivateFrameworks/AudioToolboxCore.framework/Versions/A/AudioToolboxCore
0x00000001baf86000 	/System/Library/PrivateFrameworks/caulk.framework/Versions/A/caulk
0x00000001bfd35000 	/usr/lib/libAudioStatistics.dylib
0x00000001d154e000 	/System/Library/PrivateFrameworks/SystemPolicy.framework/Versions/A/SystemPolicy
0x00000001bff95000 	/usr/lib/libSMC.dylib
0x00000001c8b12000 	/System/Library/Frameworks/CoreMIDI.framework/Versions/A/CoreMIDI
0x00000001beb2b000 	/usr/lib/libAudioToolboxUtility.dylib
0x00000001cd9f4000 	/System/Library/PrivateFrameworks/OSAServicesClient.framework/Versions/A/OSAServicesClient
0x00000001c044d000 	/usr/lib/libperfcheck.dylib
0x00000001d2051000 	/usr/lib/libmis.dylib
0x0000000213629000 	/System/Library/Frameworks/OpenGL.framework/Versions/A/Libraries/libGLU.dylib
0x00000002135e8000 	/System/Library/Frameworks/OpenGL.framework/Versions/A/Libraries/libGFXShared.dylib
0x00000002137d2000 	/System/Library/Frameworks/OpenGL.framework/Versions/A/Libraries/libGL.dylib
0x00000002135f1000 	/System/Library/Frameworks/OpenGL.framework/Versions/A/Libraries/libGLImage.dylib
0x00000002135e5000 	/System/Library/Frameworks/OpenGL.framework/Versions/A/Libraries/libCVMSPluginSupport.dylib
0x00000002135cf000 	/System/Library/Frameworks/OpenGL.framework/Versions/A/Libraries/libCoreVMClient.dylib
0x00000001bbb17000 	/System/Library/Frameworks/MetalPerformanceShaders.framework/Versions/A/Frameworks/MPSCore.framework/Versions/A/MPSCore
0x00000001bccdf000 	/System/Library/Frameworks/MetalPerformanceShaders.framework/Versions/A/Frameworks/MPSImage.framework/Versions/A/MPSImage
0x00000001bc7dd000 	/System/Library/Frameworks/MetalPerformanceShaders.framework/Versions/A/Frameworks/MPSNeuralNetwork.framework/Versions/A/MPSNeuralNetwork
0x00000001bcc1a000 	/System/Library/Frameworks/MetalPerformanceShaders.framework/Versions/A/Frameworks/MPSMatrix.framework/Versions/A/MPSMatrix
0x00000001bc9f5000 	/System/Library/Frameworks/MetalPerformanceShaders.framework/Versions/A/Frameworks/MPSRayIntersector.framework/Versions/A/MPSRayIntersector
0x00000001bcc4b000 	/System/Library/Frameworks/MetalPerformanceShaders.framework/Versions/A/Frameworks/MPSNDArray.framework/Versions/A/MPSNDArray
0x00000002152e4000 	/System/Library/Frameworks/MetalPerformanceShaders.framework/Versions/A/Frameworks/MPSFunctions.framework/Versions/A/MPSFunctions
0x00000001b2ddd000 	/System/Library/PrivateFrameworks/MetalTools.framework/Versions/A/MetalTools
0x00000001bbb93000 	/System/Library/PrivateFrameworks/AggregateDictionary.framework/Versions/A/AggregateDictionary
0x00000001bdad4000 	/usr/lib/libIOReport.dylib
0x00000001c7b00000 	/System/Library/PrivateFrameworks/ASEProcessing.framework/Versions/A/ASEProcessing
0x00000001bde46000 	/System/Library/PrivateFrameworks/FaceCore.framework/Versions/A/FaceCore
0x00000001bde38000 	/System/Library/PrivateFrameworks/GraphVisualizer.framework/Versions/A/GraphVisualizer
0x000000021cbf9000 	/System/Library/PrivateFrameworks/FontServices.framework/Versions/A/FontServices
0x00000001be25b000 	/System/Library/PrivateFrameworks/OTSVG.framework/Versions/A/OTSVG
0x00000001b97de000 	/System/Library/Frameworks/ApplicationServices.framework/Versions/A/Frameworks/ATS.framework/Versions/A/Resources/libFontRegistry.dylib
0x00000001be2aa000 	/System/Library/PrivateFrameworks/FontServices.framework/libhvf.dylib
0x000000021cbfa000 	/System/Library/PrivateFrameworks/FontServices.framework/libXTFontStaticRegistryData.dylib
0x0000000213974000 	/System/Library/Frameworks/OpenCL.framework/Versions/A/OpenCL
0x00000001bdca2000 	/System/Library/PrivateFrameworks/AppleVA.framework/Versions/A/AppleVA
0x00000001bfd5d000 	/System/Library/Frameworks/ApplicationServices.framework/Versions/A/Frameworks/ATS.framework/Versions/A/ATS
0x00000001b8282000 	/System/Library/Frameworks/ApplicationServices.framework/Versions/A/Frameworks/HIServices.framework/Versions/A/HIServices
0x00000001bec75000 	/System/Library/Frameworks/ApplicationServices.framework/Versions/A/Frameworks/PrintCore.framework/Versions/A/PrintCore
0x00000001c00e8000 	/System/Library/Frameworks/ApplicationServices.framework/Versions/A/Frameworks/QD.framework/Versions/A/QD
0x00000001c00e0000 	/System/Library/Frameworks/ApplicationServices.framework/Versions/A/Frameworks/ColorSyncLegacy.framework/Versions/A/ColorSyncLegacy
0x00000001bfd49000 	/System/Library/Frameworks/ApplicationServices.framework/Versions/A/Frameworks/SpeechSynthesis.framework/Versions/A/SpeechSynthesis
0x00000001bec36000 	/System/Library/Frameworks/ApplicationServices.framework/Versions/A/Frameworks/ATSUI.framework/Versions/A/ATSUI
0x00000001c0075000 	/usr/lib/libcups.2.dylib
0x00000001c045b000 	/System/Library/Frameworks/Kerberos.framework/Versions/A/Kerberos
0x00000001c046c000 	/System/Library/Frameworks/GSS.framework/Versions/A/GSS
0x00000001bfdcc000 	/usr/lib/libresolv.9.dylib
0x00000001be2b8000 	/System/Library/PrivateFrameworks/Heimdal.framework/Versions/A/Heimdal
0x00000001c6d74000 	/System/Library/Frameworks/Kerberos.framework/Versions/A/Libraries/libHeimdalProxy.dylib
0x00000001b8eb8000 	/System/Library/Frameworks/Network.framework/Versions/A/Network
0x00000001bdd09000 	/usr/lib/libheimdal-asn1.dylib
0x00000001c04b2000 	/System/Library/PrivateFrameworks/CommonAuth.framework/Versions/A/CommonAuth
0x00000001bfcc3000 	/System/Library/PrivateFrameworks/AudioSession.framework/Versions/A/AudioSession
0x00000001bdd9a000 	/System/Library/PrivateFrameworks/MediaExperience.framework/Versions/A/MediaExperience
0x00000001bfb4b000 	/System/Library/PrivateFrameworks/AudioSession.framework/libSessionUtility.dylib
0x00000001c00f4000 	/System/Library/PrivateFrameworks/AudioResourceArbitration.framework/Versions/A/AudioResourceArbitration
0x00000001bdd12000 	/System/Library/PrivateFrameworks/IconFoundation.framework/Versions/A/IconFoundation
0x00000001c2f79000 	/System/Library/PrivateFrameworks/SpeechRecognitionCore.framework/Versions/A/SpeechRecognitionCore
0x0000000104154000 	/opt/homebrew/Cellar/openjdk/17/libexec/openjdk.jdk/Contents/Home/lib/server/libjvm.dylib
0x0000000103090000 	/opt/homebrew/Cellar/openjdk/17/libexec/openjdk.jdk/Contents/Home/lib/libjimage.dylib
0x0000000103118000 	/opt/homebrew/Cellar/openjdk/17/libexec/openjdk.jdk/Contents/Home/lib/libjava.dylib
0x0000000103c70000 	/opt/homebrew/Cellar/openjdk/17/libexec/openjdk.jdk/Contents/Home/lib/libnio.dylib
0x0000000103cb4000 	/opt/homebrew/Cellar/openjdk/17/libexec/openjdk.jdk/Contents/Home/lib/libnet.dylib
0x00000001032a0000 	/opt/homebrew/Cellar/openjdk/17/libexec/openjdk.jdk/Contents/Home/lib/libzip.dylib
0x0000000103c50000 	/Users/louislombard/.openjfx/cache/11.0.2/libprism_es2.dylib
0x00000001b501f000 	/System/Library/PrivateFrameworks/CoreServicesInternal.framework/Versions/A/CoreServicesInternal
0x00000002137dc000 	/System/Library/Frameworks/OpenGL.framework/Versions/A/Resources/GLEngine.bundle/GLEngine
0x0000000213663000 	/System/Library/Frameworks/OpenGL.framework/Versions/A/Libraries/libGLProgrammability.dylib
0x0000000103e94000 	/System/Library/Extensions/AppleMetalOpenGLRenderer.bundle/Contents/MacOS/AppleMetalOpenGLRenderer
0x000000021394b000 	/System/Library/Frameworks/OpenGL.framework/Versions/A/Resources/GLRendererFloat.bundle/GLRendererFloat
0x00000002139ec000 	/System/Library/Extensions/AGXMetal13_3.bundle/Contents/MacOS/AGXMetal13_3
0x00000001d206d000 	/System/Library/PrivateFrameworks/GPURawCounter.framework/Versions/A/GPURawCounter
0x00000001ccb42000 	/System/Library/PrivateFrameworks/IOGPU.framework/Versions/A/IOGPU
0x0000000103f90000 	/Users/louislombard/.openjfx/cache/11.0.2/libglass.dylib
0x00000001c4419000 	/System/Library/Frameworks/FileProvider.framework/Versions/A/FileProvider
0x00000001b8c85000 	/System/Library/Frameworks/Accounts.framework/Versions/A/Accounts
0x00000001c4599000 	/System/Library/PrivateFrameworks/GenerationalStorage.framework/Versions/A/GenerationalStorage
0x00000001c5149000 	/System/Library/PrivateFrameworks/CoreSymbolication.framework/Versions/A/CoreSymbolication
0x00000001c41b9000 	/System/Library/PrivateFrameworks/SymptomDiagnosticReporter.framework/Versions/A/SymptomDiagnosticReporter
0x00000001b6304000 	/System/Library/PrivateFrameworks/DesktopServicesPriv.framework/Versions/A/DesktopServicesPriv
0x00000001b517e000 	/usr/lib/libsandbox.1.dylib
0x00000001b9c9c000 	/System/Library/PrivateFrameworks/UserManagement.framework/Versions/A/UserManagement
0x00000001c510a000 	/System/Library/PrivateFrameworks/DebugSymbols.framework/Versions/A/DebugSymbols
0x00000001c00d3000 	/System/Library/PrivateFrameworks/NetAuth.framework/Versions/A/NetAuth
0x00000001c0fd1000 	/System/Library/PrivateFrameworks/Sharing.framework/Versions/A/Sharing
0x00000001b9c6c000 	/System/Library/PrivateFrameworks/login.framework/Versions/A/Frameworks/loginsupport.framework/Versions/A/loginsupport
0x00000001c62ba000 	/System/Library/PrivateFrameworks/Apple80211.framework/Versions/A/Apple80211
0x00000001bcdc3000 	/System/Library/PrivateFrameworks/AuthKit.framework/Versions/A/AuthKit
0x00000001bc45a000 	/System/Library/PrivateFrameworks/CoreUtils.framework/Versions/A/CoreUtils
0x00000001bc37a000 	/System/Library/Frameworks/CoreWLAN.framework/Versions/A/CoreWLAN
0x00000001c113a000 	/System/Library/Frameworks/IOBluetooth.framework/Versions/A/IOBluetooth
0x00000001c631a000 	/System/Library/PrivateFrameworks/CoreWiFi.framework/Versions/A/CoreWiFi
0x00000001c4cf1000 	/System/Library/PrivateFrameworks/FrontBoardServices.framework/Versions/A/FrontBoardServices
0x00000001c4d89000 	/System/Library/PrivateFrameworks/BoardServices.framework/Versions/A/BoardServices
0x00000001bc675000 	/System/Library/PrivateFrameworks/AssertionServices.framework/Versions/A/AssertionServices
0x00000001c6488000 	/System/Library/PrivateFrameworks/BackBoardServices.framework/Versions/A/BackBoardServices
0x00000001c0545000 	/System/Library/PrivateFrameworks/CorePhoneNumbers.framework/Versions/A/CorePhoneNumbers
0x00000001c42e9000 	/System/Library/PrivateFrameworks/DiskManagement.framework/Versions/A/DiskManagement
0x00000001c41ec000 	/System/Library/PrivateFrameworks/AppleIDAuthSupport.framework/Versions/A/AppleIDAuthSupport
0x000000021757d000 	/System/Library/PrivateFrameworks/AAAFoundation.framework/Versions/A/AAAFoundation
0x00000001c0524000 	/System/Library/PrivateFrameworks/KeychainCircle.framework/Versions/A/KeychainCircle
0x00000001c42b5000 	/System/Library/PrivateFrameworks/MediaKit.framework/Versions/A/MediaKit
0x00000001c41f9000 	/System/Library/Frameworks/DiscRecording.framework/Versions/A/DiscRecording
0x00000001bdc1e000 	/usr/lib/libCoreStorage.dylib
0x00000001c6782000 	/usr/lib/libcsfde.dylib
0x00000001c120f000 	/System/Library/PrivateFrameworks/ProtectedCloudStorage.framework/Versions/A/ProtectedCloudStorage
0x00000001c677a000 	/System/Library/PrivateFrameworks/EFILogin.framework/Versions/A/EFILogin
0x00000001c45c0000 	/System/Library/PrivateFrameworks/OctagonTrust.framework/Versions/A/OctagonTrust
0x000000021be64000 	/System/Library/PrivateFrameworks/CoreUtilsExtras.framework/Versions/A/CoreUtilsExtras
0x00000001c412b000 	/System/Library/Frameworks/CoreBluetooth.framework/Versions/A/CoreBluetooth
0x00000001c6df9000 	/System/Library/Frameworks/AudioUnit.framework/Versions/A/AudioUnit
0x00000001bdc16000 	/usr/lib/libMatch.1.dylib
0x00000001d62d4000 	/System/Library/Frameworks/Accelerate.framework/Versions/A/Frameworks/vImage.framework/Versions/A/Libraries/libCGInterfaces.dylib
0x0000000126bd4000 	/usr/lib/libobjc-trampolines.dylib
0x00000001b996a000 	/System/Library/PrivateFrameworks/ViewBridge.framework/Versions/A/ViewBridge
0x00000001bdadd000 	/System/Library/PrivateFrameworks/CrashReporterSupport.framework/Versions/A/CrashReporterSupport
0x00000001ddbe3000 	/System/Library/PrivateFrameworks/OSAnalytics.framework/Versions/A/OSAnalytics
0x00000001e8d32000 	/System/Library/PrivateFrameworks/Symbolication.framework/Versions/A/Symbolication
0x00000001d202e000 	/System/Library/PrivateFrameworks/MallocStackLogging.framework/Versions/A/MallocStackLogging
0x000000012b68c000 	/Users/louislombard/.openjfx/cache/11.0.2/libjavafx_font.dylib
0x00000001be366000 	/System/Library/PrivateFrameworks/login.framework/Versions/A/login


VM Arguments:
jvm_args: --module-path=/Users/louislombard/Documents/Cours/4IF/TRUEAGILE/de/target/classes:/Users/louislombard/.m2/repository/com/gluonhq/maps/2.0.0-ea+1/maps-2.0.0-ea+1.jar:/Users/louislombard/.m2/repository/com/gluonhq/attach/storage/4.0.11/storage-4.0.11-desktop.jar:/Users/louislombard/.m2/repository/com/gluonhq/attach/util/4.0.11/util-4.0.11.jar:/Users/louislombard/.m2/repository/org/openjfx/javafx-base/11.0.2/javafx-base-11.0.2-mac.jar:/Users/louislombard/.m2/repository/org/openjfx/javafx-controls/17.0.1/javafx-controls-17.0.1-mac-aarch64.jar:/Users/louislombard/.m2/repository/org/openjfx/javafx-fxml/17.0.1/javafx-fxml-17.0.1-mac-aarch64.jar:/Users/louislombard/.m2/repository/org/openjfx/javafx-graphics/17.0.1/javafx-graphics-17.0.1-mac-aarch64.jar --add-modules=org.hexanome -Djdk.module.main=org.hexanome 
java_command: org.hexanome/org.hexanome.vue.App
java_class_path (initial): /Users/louislombard/Documents/Cours/4IF/TRUEAGILE/de/target/classes:/Users/louislombard/.m2/repository/org/openjfx/javafx-base/11.0.2/javafx-base-11.0.2.jar:/Users/louislombard/.m2/repository/org/openjfx/javafx-controls/17.0.1/javafx-controls-17.0.1.jar:/Users/louislombard/.m2/repository/org/openjfx/javafx-fxml/17.0.1/javafx-fxml-17.0.1.jar:/Users/louislombard/.m2/repository/org/openjfx/javafx-graphics/17.0.1/javafx-graphics-17.0.1.jar
Launcher Type: SUN_STANDARD

[Global flags]
     intx CICompilerCount                          = 4                                         {product} {ergonomic}
     uint ConcGCThreads                            = 2                                         {product} {ergonomic}
     uint G1ConcRefinementThreads                  = 8                                         {product} {ergonomic}
   size_t G1HeapRegionSize                         = 2097152                                   {product} {ergonomic}
    uintx GCDrainStackTargetSize                   = 64                                        {product} {ergonomic}
   size_t InitialHeapSize                          = 268435456                                 {product} {ergonomic}
   size_t MarkStackSize                            = 4194304                                   {product} {ergonomic}
   size_t MaxHeapSize                              = 4294967296                                {product} {ergonomic}
   size_t MaxNewSize                               = 2575302656                                {product} {ergonomic}
   size_t MinHeapDeltaBytes                        = 2097152                                   {product} {ergonomic}
   size_t MinHeapSize                              = 8388608                                   {product} {ergonomic}
    uintx NonNMethodCodeHeapSize                   = 5839564                                {pd product} {ergonomic}
    uintx NonProfiledCodeHeapSize                  = 122909338                              {pd product} {ergonomic}
    uintx ProfiledCodeHeapSize                     = 122909338                              {pd product} {ergonomic}
    uintx ReservedCodeCacheSize                    = 251658240                              {pd product} {ergonomic}
     bool SegmentedCodeCache                       = true                                      {product} {ergonomic}
   size_t SoftMaxHeapSize                          = 4294967296                             {manageable} {ergonomic}
     bool UseCompressedClassPointers               = true                           {product lp64_product} {ergonomic}
     bool UseCompressedOops                        = true                           {product lp64_product} {ergonomic}
     bool UseG1GC                                  = true                                      {product} {ergonomic}
     bool UseNUMA                                  = false                                     {product} {ergonomic}
     bool UseNUMAInterleaving                      = false                                     {product} {ergonomic}

Logging:
Log output configuration:
 #0: stdout all=warning uptime,level,tags
 #1: stderr all=off uptime,level,tags

Environment Variables:
JAVA_HOME=/opt/homebrew/opt/openjdk/libexec/openjdk.jdk/Contents/Home
PATH=/opt/homebrew/bin:/opt/homebrew/sbin:/usr/local/bin:/usr/bin:/bin:/usr/sbin:/sbin:/Library/Apple/usr/bin
SHELL=/bin/zsh
LC_CTYPE=fr_FR.UTF-8

Signal Handlers:
   SIGSEGV: _ZL13crash_handleriP9__siginfoPv in libjvm.dylib, mask=11100110000111110111111111111111, flags=SA_RESTART|SA_SIGINFO
    SIGBUS: _ZL13crash_handleriP9__siginfoPv in libjvm.dylib, mask=11100110000111110111111111111111, flags=SA_RESTART|SA_SIGINFO
    SIGFPE: _ZL13crash_handleriP9__siginfoPv in libjvm.dylib, mask=11100110000111110111111111111111, flags=SA_RESTART|SA_SIGINFO
   SIGPIPE: _ZL17javaSignalHandleriP9__siginfoPv in libjvm.dylib, mask=11100110000111110111111111111111, flags=SA_RESTART|SA_SIGINFO
   SIGXFSZ: _ZL17javaSignalHandleriP9__siginfoPv in libjvm.dylib, mask=11100110000111110111111111111111, flags=SA_RESTART|SA_SIGINFO
    SIGILL: _ZL13crash_handleriP9__siginfoPv in libjvm.dylib, mask=11100110000111110111111111111111, flags=SA_RESTART|SA_SIGINFO
   SIGUSR2: _ZL10SR_handleriP9__siginfoP17__darwin_ucontext in libjvm.dylib, mask=00100000000000000000000000000000, flags=SA_RESTART|SA_SIGINFO
    SIGHUP: _ZL11UserHandleriPvS_ in libjvm.dylib, mask=11100110000111110111111111111111, flags=SA_RESTART|SA_SIGINFO
    SIGINT: _ZL11UserHandleriPvS_ in libjvm.dylib, mask=11100110000111110111111111111111, flags=SA_RESTART|SA_SIGINFO
   SIGTERM: _ZL11UserHandleriPvS_ in libjvm.dylib, mask=11100110000111110111111111111111, flags=SA_RESTART|SA_SIGINFO
   SIGQUIT: _ZL11UserHandleriPvS_ in libjvm.dylib, mask=11100110000111110111111111111111, flags=SA_RESTART|SA_SIGINFO
   SIGTRAP: _ZL13crash_handleriP9__siginfoPv in libjvm.dylib, mask=11100110000111110111111111111111, flags=SA_RESTART|SA_SIGINFO


---------------  S Y S T E M  ---------------

OS:
uname: Darwin 21.1.0 Darwin Kernel Version 21.1.0: Wed Oct 13 17:33:24 PDT 2021; root:xnu-8019.41.5~1/RELEASE_ARM64_T8101 arm64
OS uptime: 0 days 1:42 hours
rlimit (soft/hard): STACK 8176k/65520k , CORE infinity/infinity , NPROC 2666/4000 , NOFILE 10240/infinity , AS infinity/infinity , CPU infinity/infinity , DATA infinity/infinity , FSIZE infinity/infinity , MEMLOCK infinity/infinity , RSS infinity/infinity
load average: 1.86 1.79 1.84

CPU: total 8 (initial active 8) 0x61:0x0:0x1b588bb3:0, fp, simd, crc, lse

Memory: 16k page, physical 16777216k(83712k free), swap 0k(0k free)

vm_info: OpenJDK 64-Bit Server VM (17+0) for bsd-aarch64 JRE (17+0), built on Sep 16 2021 10:05:54 by "brew" with clang Apple LLVM 12.0.5 (clang-1205.0.22.9)

END.
