#
# A fatal error has been detected by the Java Runtime Environment:
#
#  SIGBUS (0xa) at pc=0x00000001300014f0, pid=22648, tid=28687
#
# JRE version: OpenJDK Runtime Environment (16.0.2+7) (build 16.0.2+7)
# Java VM: OpenJDK 64-Bit Server VM (16.0.2+7, mixed mode, tiered, compressed oops, compressed class ptrs, g1 gc, bsd-aarch64)
# Problematic frame:
# v  ~StubRoutines::SafeFetchN
#
# No core dump will be written. Core dumps have been disabled. To enable core dumping, try "ulimit -c unlimited" before starting Java again
#
# If you would like to submit a bug report, please visit:
#   https://bell-sw.com/support
# The crash happened outside the Java Virtual Machine in native code.
# See problematic frame for where to report the bug.
#

---------------  S U M M A R Y ------------

Command Line: -javaagent:/Applications/IntelliJ IDEA.app/Contents/lib/idea_rt.jar=61500:/Applications/IntelliJ IDEA.app/Contents/bin -Dfile.encoding=UTF-8 --module-path=/Users/louislombard/Documents/Cours/4IF/TRUEAGILE/de/target/classes:/Users/louislombard/.m2/repository/org/openjfx/javafx-controls/15.0.1/javafx-controls-15.0.1.jar:/Users/louislombard/.m2/repository/org/openjfx/javafx-controls/15.0.1/javafx-controls-15.0.1-mac.jar:/Users/louislombard/.m2/repository/org/openjfx/javafx-graphics/15.0.1/javafx-graphics-15.0.1.jar:/Users/louislombard/.m2/repository/org/openjfx/javafx-graphics/15.0.1/javafx-graphics-15.0.1-mac.jar:/Users/louislombard/.m2/repository/org/openjfx/javafx-base/15.0.1/javafx-base-15.0.1.jar:/Users/louislombard/.m2/repository/org/openjfx/javafx-base/15.0.1/javafx-base-15.0.1-mac.jar:/Users/louislombard/.m2/repository/org/openjfx/javafx-fxml/15.0.1/javafx-fxml-15.0.1.jar:/Users/louislombard/.m2/repository/org/openjfx/javafx-fxml/15.0.1/javafx-fxml-15.0.1-mac.jar -Djdk.module.main=org.hexanome org.hexanome/org.hexanome.App

Host: MacBookAir10,1 arm64 1 MHz, 8 cores, 16G, Darwin 21.1.0, macOS 12.0.1 (21A559)
Time: Fri Nov 19 09:31:20 2021 CET elapsed time: 9.089557 seconds (0d 0h 0m 9s)

---------------  T H R E A D  ---------------

Current thread (0x00000001221ee400):  JavaThread "InvokeLaterDispatcher" daemon [_thread_in_native, id=28687, stack(0x000000016e788000,0x000000016e98b000)]

Stack: [0x000000016e788000,0x000000016e98b000],  sp=0x000000016e98a7e0,  free space=2057k
Native frames: (J=compiled Java code, A=aot compiled Java code, j=interpreted, Vv=VM code, C=native code)
v  ~StubRoutines::SafeFetchN
V  [libjvm.dylib+0x789a7c]  _ZN10OopStorage7releaseEPKP7oopDesc+0x20
V  [libjvm.dylib+0x49b370]  jni_DeleteGlobalRef+0xf0
C  [libglass.dylib+0xa7f4]  -[GlassRunnable dealloc]+0x34
C  [Foundation+0x85e0c]  -[_NSThreadPerformInfo dealloc]+0x30
C  [Foundation+0x525e8]  -[NSObject(NSThreadPerformAdditions) performSelectorOnMainThread:withObject:waitUntilDone:]+0x88
C  0xcf29800137c1d54c
J 3123 c1 com.sun.glass.ui.mac.MacApplication.submitForLaterInvocation(Ljava/lang/Runnable;)V javafx.graphics@16.0.2 (6 bytes) @ 0x0000000130bd0fd8 [0x0000000130bd0f40+0x0000000000000098]
C  0x00000006c0376fb0

Java frames: (J=compiled Java code, j=interpreted, Vv=VM code)
J 3124  com.sun.glass.ui.mac.MacApplication._submitForLaterInvocation(Ljava/lang/Runnable;)V javafx.graphics@16.0.2 (0 bytes) @ 0x0000000137c1d54c [0x0000000137c1d4c0+0x000000000000008c]
J 3123 c1 com.sun.glass.ui.mac.MacApplication.submitForLaterInvocation(Ljava/lang/Runnable;)V javafx.graphics@16.0.2 (6 bytes) @ 0x0000000130bd0fd8 [0x0000000130bd0f40+0x0000000000000098]
j  com.sun.glass.ui.InvokeLaterDispatcher.run()V+82 javafx.graphics@16.0.2
v  ~StubRoutines::call_stub

siginfo: si_signo: 10 (SIGBUS), si_code: 1 (BUS_ADRALN), si_addr: 0x00000001300014f0

Register to memory mapping:

 x0=0x0000000111706648 points into unknown readable memory: 0x0000000000000000 | 00 00 00 00 00 00 00 00
 x1=0x0 is NULL
 x2=0x0 is NULL
 x3=0x0 is NULL
 x4=0x00000000000130a8 is an unknown value
 x5=0x0 is NULL
 x6=0x0 is NULL
 x7=0x0 is NULL
 x8=0x00000001300014ec is at begin+0 in a stub
StubRoutines::SafeFetchN [0x00000001300014ec, 0x00000001300014f8] (12 bytes)
 x9=0x0 is NULL
x10=0x2010000030300000 is an unknown value
x11=0x0000000000000007 is an unknown value
x12=0x0 is NULL
x13=0x0000600002fa9f70 points into unknown readable memory: 0x0000000000000000 | 00 00 00 00 00 00 00 00
x14=0x0000000000000001 is an unknown value
x15=0x00000001112c5f90: OBJC_CLASS_$_GlassRunnable+0 in /Library/Java/JavaVirtualMachines/liberica-jdk-16-full.jdk/Contents/Home/lib/libglass.dylib at 0x0000000111280000
x16=0x0000000191c80340: pthread_getspecific+0 in /usr/lib/system/libsystem_pthread.dylib at 0x0000000191c7e000
x17=0x0000600000f8c810 points into unknown readable memory: 0x0000000000000000 | 00 00 00 00 00 00 00 00
x18=0x0 is NULL
x19=0x0000600002a98930 points into unknown readable memory: 0x00006000003b7a60 | 60 7a 3b 00 00 60 00 00
x20=0x0000000111706440 points into unknown readable memory: 0x00000001eb5c46c0 | c0 46 5c eb 01 00 00 00
x21=0x0000000111706648 points into unknown readable memory: 0x0000000000000000 | 00 00 00 00 00 00 00 00
x22=0x00000001221ee400 is a thread
x23=0x0000000000000001 is an unknown value
x24=0x0000000111706600 is a global jni handle
x25=0x00000001060b5938: _ZN12StubRoutines17_safefetchN_entryE+0 in /Library/Java/JavaVirtualMachines/liberica-jdk-16-full.jdk/Contents/Home/lib/server/libjvm.dylib at 0x00000001054f8000
x26=0x000000013f8bfac0 is pointing into metadata
x27=0x0 is NULL
x28=0x00000001221ee400 is a thread


Registers:
 x0=0x0000000111706648  x1=0x0000000000000000  x2=0x0000000000000000  x3=0x0000000000000000
 x4=0x00000000000130a8  x5=0x0000000000000000  x6=0x0000000000000000  x7=0x0000000000000000
 x8=0x00000001300014ec  x9=0x0000000000000000 x10=0x2010000030300000 x11=0x0000000000000007
x12=0x0000000000000000 x13=0x0000600002fa9f70 x14=0x0000000000000001 x15=0x00000001112c5f90
x16=0x0000000191c80340 x17=0x0000600000f8c810 x18=0x0000000000000000 x19=0x0000600002a98930
x20=0x0000000111706440 x21=0x0000000111706648 x22=0x00000001221ee400 x23=0x0000000000000001
x24=0x0000000111706600 x25=0x00000001060b5938 x26=0x000000013f8bfac0 x27=0x0000000000000000
x28=0x00000001221ee400  fp=0x000000016e98a820  lr=0x0000000105c80a24  sp=0x000000016e98a7e0
pc=0x00000001300014f0 cpsr=0x0000000060001000
Top of Stack: (sp=0x000000016e98a7e0)
0x000000016e98a7e0:   000000013f8bfac0 0000000000000001
0x000000016e98a7f0:   00000003000f6000 0000000111808800
0x000000016e98a800:   0000000111808b08 0000000111706608
0x000000016e98a810:   0000000111706608 0000600002a98930
0x000000016e98a820:   000000016e98a860 0000000105c81a7c
0x000000016e98a830:   0000000111808800 0000000111706608
0x000000016e98a840:   0000000111808b08 0000000111706608
0x000000016e98a850:   0000000111808800 0000000000000001
0x000000016e98a860:   000000016e98a8a0 0000000105993370
0x000000016e98a870:   00000003000f6000 00006000003eeb30
0x000000016e98a880:   00006000003eeb40 00000001dbead9f4
0x000000016e98a890:   0000000000000000 00006000003eeb40
0x000000016e98a8a0:   000000016e98a8d0 000000011128a7f4
0x000000016e98a8b0:   c24fa3dd305d0079 0000000000000000
0x000000016e98a8c0:   0000000000000000 0000600001440800
0x000000016e98a8d0:   000000016e98a910 0000000192c48e0c
0x000000016e98a8e0:   00000003000f6000 00006000003eeb30
0x000000016e98a8f0:   00006000003eeb40 c24fa3dd305d0079
0x000000016e98a900:   0000000000000000 0000000000000000
0x000000016e98a910:   000000016e98a950 e373000192c155e8
0x000000016e98a920:   00000003000f6000 0000000130008a00
0x000000016e98a930:   000000013f8bf482 00000001060bd198
0x000000016e98a940:   000000016e98aa30 00000000000000b9
0x000000016e98a950:   000000016e98a9b0 cf29800137c1d54c
0x000000016e98a960:   00000006c0396268 00000006cff55c00
0x000000016e98a970:   000000016e98aad8 0000000191c8c530
0x000000016e98a980:   00000001221ee400 000000010609a480
0x000000016e98a990:   000000016e98aa40 0000000000000001
0x000000016e98a9a0:   000000016e98a9e0 00000006c06314e8
0x000000016e98a9b0:   000000016e98aaa0 0000000130bd0fd8
0x000000016e98a9c0:   00000006cff55c00 00000006c1933188
0x000000016e98a9d0:   000000016e98aa38 00000000000000b6 

Instructions: (pc=0x00000001300014f0)
0x00000001300013f0:   f2a0c109 f2c00029 6d425935 1e640886
0x0000000130001400:   0c402d31 1e6408c7 1f5654d0 1e6c1017
0x0000000130001410:   1f5050d0 1f504cd0 1f5048d0 1e650af6
0x0000000130001420:   1f50d8f6 1f5694d6 1f5158f6 1e762880
0x0000000130001430:   36000501 1e614000 14000026 2e251ca5
0x0000000130001440:   d2863009 f2a0c109 f2c00029 6d425d36
0x0000000130001450:   1e600806 0c402d32 1f5758c7 1e6c101a
0x0000000130001460:   1f4754c7 1e650805 1f4750c7 d2866668
0x0000000130001470:   f2a7fa68 1f474cc7 1e6608c0 1f4748c7
0x0000000130001480:   1e6e1019 eb08007f 540000ac 1f479400
0x0000000130001490:   1f460340 1e603b20 1400000e d2a7fd29
0x00000001300014a0:   eb09007f 540000ac 51480069 d3607d29
0x00000001300014b0:   9e670121 14000002 1e6a5001 1f679417
0x00000001300014c0:   1f668742 1e613b23 1e773857 1e773860
0x00000001300014d0:   a8c17ff3 910003bf a8c17bfd d65f03c0
0x00000001300014e0:   b9400001 aa0103e0 d65f03c0 f9400001
0x00000001300014f0:   aa0103e0 d65f03c0 00000000 00000000
0x0000000130001500:   00000000 00000000 00000000 00000000
0x0000000130001510:   00000000 00000000 00000000 00000000
0x0000000130001520:   00000000 00000000 00000000 00000000
0x0000000130001530:   00000000 00000000 00000000 00000000
0x0000000130001540:   00000000 00000000 00000000 00000000
0x0000000130001550:   00000000 00000000 00000000 00000000
0x0000000130001560:   00000000 00000000 00000000 00000000
0x0000000130001570:   00000000 00000000 00000000 00000000
0x0000000130001580:   00000000 00000000 00000000 00000000
0x0000000130001590:   00000000 00000000 00000000 00000000
0x00000001300015a0:   00000000 00000000 00000000 00000000
0x00000001300015b0:   00000000 00000000 00000000 00000000
0x00000001300015c0:   00000000 00000000 00000000 00000000
0x00000001300015d0:   00000000 00000000 00000000 00000000
0x00000001300015e0:   00000000 00000000 00000000 00000000 


Stack slot to memory mapping:
stack at sp + 0 slots: 0x000000013f8bfac0 is pointing into metadata
stack at sp + 1 slots: 0x0000000000000001 is an unknown value
stack at sp + 2 slots: 0x00000003000f6000 is a pointer to class: 
com.sun.glass.ui.mac.MacApplication {0x00000003000f6000}
stack at sp + 3 slots: 0x0000000111808800 is a thread
stack at sp + 4 slots: 0x0000000111808b08 points into unknown readable memory: 0x0000000106071e00 | 00 1e 07 06 01 00 00 00
stack at sp + 5 slots: 0x0000000111706608 is a global jni handle
stack at sp + 6 slots: 0x0000000111706608 is a global jni handle
stack at sp + 7 slots: 0x0000600002a98930 points into unknown readable memory: 0x00006000003b7a60 | 60 7a 3b 00 00 60 00 00

StubRoutines::SafeFetchN [0x00000001300014ec, 0x00000001300014f8] (12 bytes)
[MachCode]
  0x00000001300014ec: 0100 40f9 | e003 01aa | c003 5fd6 
[/MachCode]

---------------  P R O C E S S  ---------------

Threads class SMR info:
_java_thread_list=0x0000600000158ba0, length=20, elements={
0x0000000111808200, 0x0000000120809200, 0x0000000122123400, 0x000000012080cc00,
0x000000012080a800, 0x000000012080ae00, 0x000000012080b400, 0x000000012080ba00,
0x0000000127010200, 0x000000012080c000, 0x0000000121808c00, 0x0000000121809200,
0x000000012193e800, 0x00000001221ee400, 0x0000000111808800, 0x000000012089b400,
0x0000000126b1fe00, 0x0000000111808e00, 0x0000000121ef2800, 0x0000000121989400
}

Java Threads: ( => current thread )
  0x0000000111808200 JavaThread "main" [_thread_blocked, id=6147, stack(0x000000016bb74000,0x000000016bd77000)]
  0x0000000120809200 JavaThread "Reference Handler" daemon [_thread_blocked, id=14851, stack(0x000000016c9c8000,0x000000016cbcb000)]
  0x0000000122123400 JavaThread "Finalizer" daemon [_thread_blocked, id=16899, stack(0x000000016cbd4000,0x000000016cdd7000)]
  0x000000012080cc00 JavaThread "Signal Dispatcher" daemon [_thread_blocked, id=42499, stack(0x000000016cef8000,0x000000016d0fb000)]
  0x000000012080a800 JavaThread "Service Thread" daemon [_thread_blocked, id=22531, stack(0x000000016d104000,0x000000016d307000)]
  0x000000012080ae00 JavaThread "Monitor Deflation Thread" daemon [_thread_blocked, id=41987, stack(0x000000016d310000,0x000000016d513000)]
  0x000000012080b400 JavaThread "C2 CompilerThread0" daemon [_thread_blocked, id=23043, stack(0x000000016d51c000,0x000000016d71f000)]
  0x000000012080ba00 JavaThread "C1 CompilerThread0" daemon [_thread_blocked, id=41731, stack(0x000000016d728000,0x000000016d92b000)]
  0x0000000127010200 JavaThread "Sweeper thread" daemon [_thread_blocked, id=41219, stack(0x000000016d934000,0x000000016db37000)]
  0x000000012080c000 JavaThread "Common-Cleaner" daemon [_thread_blocked, id=40963, stack(0x000000016db40000,0x000000016dd43000)]
  0x0000000121808c00 JavaThread "Monitor Ctrl-Break" daemon [_thread_in_native, id=40195, stack(0x000000016df58000,0x000000016e15b000)]
  0x0000000121809200 JavaThread "Notification Thread" daemon [_thread_blocked, id=39939, stack(0x000000016e164000,0x000000016e367000)]
  0x000000012193e800 JavaThread "QuantumRenderer-0" daemon [_thread_blocked, id=39683, stack(0x000000016e57c000,0x000000016e77f000)]
=>0x00000001221ee400 JavaThread "InvokeLaterDispatcher" daemon [_thread_in_native, id=28687, stack(0x000000016e788000,0x000000016e98b000)]
  0x0000000111808800 JavaThread "JavaFX Application Thread" [_thread_in_vm, id=259, stack(0x000000016b2ec000,0x000000016bae8000)]
  0x000000012089b400 JavaThread "JavaFX-Launcher" [_thread_blocked, id=55299, stack(0x000000016ec2c000,0x000000016ee2f000)]
  0x0000000126b1fe00 JavaThread "Prism Font Disposer" daemon [_thread_blocked, id=74355, stack(0x000000016ee38000,0x000000016f03b000)]
  0x0000000111808e00 JavaThread "Cleaner-0" daemon [_thread_blocked, id=70435, stack(0x000000016f0d0000,0x000000016f2d3000)]
  0x0000000121ef2800 JavaThread "Attach Listener" daemon [_thread_blocked, id=79651, stack(0x000000016dd4c000,0x000000016df4f000)]
  0x0000000121989400 JavaThread "PulseTimer-CVDisplayLink thread" daemon [_thread_in_native, id=85523, stack(0x000000016ce6c000,0x000000016ceef000)]

Other Threads:
  0x00000001217174f0 VMThread "VM Thread" [stack: 0x000000016c7bc000,0x000000016c9bf000] [id=14083]
  0x000000012171dd40 WatcherThread [stack: 0x000000016e370000,0x000000016e573000] [id=24579]
  0x0000000121707480 GCTaskThread "GC Thread#0" [stack: 0x000000016bd80000,0x000000016bf83000] [id=19203]
  0x0000000105157480 GCTaskThread "GC Thread#1" [stack: 0x000000016f2dc000,0x000000016f4df000] [id=23915]
  0x0000000105157790 GCTaskThread "GC Thread#2" [stack: 0x000000016f4e8000,0x000000016f6eb000] [id=1319]
  0x0000000105157aa0 GCTaskThread "GC Thread#3" [stack: 0x000000016f6f4000,0x000000016f8f7000] [id=62979]
  0x0000000121646630 GCTaskThread "GC Thread#4" [stack: 0x000000016f900000,0x000000016fb03000] [id=63491]
  0x0000000121646b10 GCTaskThread "GC Thread#5" [stack: 0x000000016fb0c000,0x000000016fd0f000] [id=69379]
  0x0000000121748760 GCTaskThread "GC Thread#6" [stack: 0x000000016fd18000,0x000000016ff1b000] [id=68867]
  0x0000000121748c40 GCTaskThread "GC Thread#7" [stack: 0x0000000288004000,0x0000000288207000] [id=64003]
  0x0000000121707b90 ConcurrentGCThread "G1 Main Marker" [stack: 0x000000016bf8c000,0x000000016c18f000] [id=11779]
  0x0000000121708470 ConcurrentGCThread "G1 Conc#0" [stack: 0x000000016c198000,0x000000016c39b000] [id=12035]
  0x0000000121649ee0 ConcurrentGCThread "G1 Conc#1" [stack: 0x0000000288628000,0x000000028882b000] [id=66819]
  0x0000000121713340 ConcurrentGCThread "G1 Refine#0" [stack: 0x000000016c3a4000,0x000000016c5a7000] [id=17923]
  0x0000000121746e50 ConcurrentGCThread "G1 Refine#1" [stack: 0x0000000288210000,0x0000000288413000] [id=68355]
  0x000000011173fca0 ConcurrentGCThread "G1 Refine#2" [stack: 0x000000028841c000,0x000000028861f000] [id=67843]
  0x0000000121713c40 ConcurrentGCThread "G1 Service" [stack: 0x000000016c5b0000,0x000000016c7b3000] [id=17667]

Threads with active compile tasks:

VM state: not at safepoint (normal execution)

VM Mutex/Monitor currently owned by a thread: None

Heap address: 0x00000006c0000000, size: 4096 MB, Compressed Oops mode: Zero based, Oop shift amount: 3

Compressed class space mapped at: 0x0000000300000000-0x0000000340000000, reserved size: 1073741824
Narrow klass base: 0x0000000000000000, Narrow klass shift: 3, Narrow klass range: 0x340000000

GC Precious Log:
 CPUs: 8 total, 8 available
 Memory: 16384M
 Large Page Support: Disabled
 NUMA Support: Disabled
 Compressed Oops: Enabled (Zero based)
 Heap Region Size: 2M
 Heap Min Capacity: 8M
 Heap Initial Capacity: 256M
 Heap Max Capacity: 4G
 Pre-touch: Disabled
 Parallel Workers: 8
 Concurrent Workers: 2
 Concurrent Refinement Workers: 8
 Periodic GC: Disabled

Heap:
 garbage-first heap   total 40960K, used 20586K [0x00000006c0000000, 0x00000007c0000000)
  region size 2048K, 8 young (16384K), 1 survivors (2048K)
 Metaspace       used 22820K, committed 23168K, reserved 1073152K
  class space    used 2475K, committed 2624K, reserved 1048576K

Heap Regions: E=young(eden), S=young(survivor), O=old, HS=humongous(starts), HC=humongous(continues), CS=collection set, F=free, OA=open archive, CA=closed archive, TAMS=top-at-mark-start (previous, next)
|   0|0x00000006c0000000, 0x00000006c0200000, 0x00000006c0200000|100%|HS|  |TAMS 0x00000006c0200000, 0x00000006c0000000| Complete 
|   1|0x00000006c0200000, 0x00000006c0400000, 0x00000006c0400000|100%| O|  |TAMS 0x00000006c0346400, 0x00000006c0200000| Untracked 
|   2|0x00000006c0400000, 0x00000006c0600000, 0x00000006c0600000|100%| O|  |TAMS 0x00000006c0400000, 0x00000006c0400000| Untracked 
|   3|0x00000006c0600000, 0x00000006c0754600, 0x00000006c0800000| 66%| O|  |TAMS 0x00000006c0600000, 0x00000006c0600000| Untracked 
|   4|0x00000006c0800000, 0x00000006c0800000, 0x00000006c0a00000|  0%| F|  |TAMS 0x00000006c0800000, 0x00000006c0800000| Untracked 
|   5|0x00000006c0a00000, 0x00000006c0a00000, 0x00000006c0c00000|  0%| F|  |TAMS 0x00000006c0a00000, 0x00000006c0a00000| Untracked 
|   6|0x00000006c0c00000, 0x00000006c0c00000, 0x00000006c0e00000|  0%| F|  |TAMS 0x00000006c0c00000, 0x00000006c0c00000| Untracked 
|   7|0x00000006c0e00000, 0x00000006c0e00000, 0x00000006c1000000|  0%| F|  |TAMS 0x00000006c0e00000, 0x00000006c0e00000| Untracked 
|   8|0x00000006c1000000, 0x00000006c1000000, 0x00000006c1200000|  0%| F|  |TAMS 0x00000006c1000000, 0x00000006c1000000| Untracked 
|   9|0x00000006c1200000, 0x00000006c1200000, 0x00000006c1400000|  0%| F|  |TAMS 0x00000006c1200000, 0x00000006c1200000| Untracked 
|  10|0x00000006c1400000, 0x00000006c1400000, 0x00000006c1600000|  0%| F|  |TAMS 0x00000006c1400000, 0x00000006c1400000| Untracked 
|  11|0x00000006c1600000, 0x00000006c1600000, 0x00000006c1800000|  0%| F|  |TAMS 0x00000006c1600000, 0x00000006c1600000| Untracked 
|  12|0x00000006c1800000, 0x00000006c1959998, 0x00000006c1a00000| 67%| E|  |TAMS 0x00000006c1800000, 0x00000006c1800000| Complete 
|  13|0x00000006c1a00000, 0x00000006c1c00000, 0x00000006c1c00000|100%| E|CS|TAMS 0x00000006c1a00000, 0x00000006c1a00000| Complete 
|  14|0x00000006c1c00000, 0x00000006c1e00000, 0x00000006c1e00000|100%| E|CS|TAMS 0x00000006c1c00000, 0x00000006c1c00000| Complete 
|  15|0x00000006c1e00000, 0x00000006c2000000, 0x00000006c2000000|100%| E|CS|TAMS 0x00000006c1e00000, 0x00000006c1e00000| Complete 
|  16|0x00000006c2000000, 0x00000006c2200000, 0x00000006c2200000|100%| E|CS|TAMS 0x00000006c2000000, 0x00000006c2000000| Complete 
|  17|0x00000006c2200000, 0x00000006c2400000, 0x00000006c2400000|100%| E|CS|TAMS 0x00000006c2200000, 0x00000006c2200000| Complete 
| 125|0x00000006cfa00000, 0x00000006cfac6480, 0x00000006cfc00000| 38%| S|CS|TAMS 0x00000006cfa00000, 0x00000006cfa00000| Complete 
| 127|0x00000006cfe00000, 0x00000006d0000000, 0x00000006d0000000|100%| E|CS|TAMS 0x00000006cfe00000, 0x00000006cfe00000| Complete 

Card table byte_map: [0x000000011007c000,0x000000011087c000] _byte_map_base: 0x000000010ca7c000

Marking Bits (Prev, Next): (CMBitMap*) 0x000000012203ce50, (CMBitMap*) 0x000000012203ce10
 Prev Bits: [0x0000000122800000, 0x0000000126800000)
 Next Bits: [0x0000000112000000, 0x0000000116000000)

Polling page: 0x000000010449c000

Metaspace:

Usage:
  Non-class:     19.87 MB used.
      Class:      2.42 MB used.
       Both:     22.29 MB used.

Virtual space:
  Non-class space:       24.00 MB reserved,      20.06 MB ( 84%) committed,  3 nodes.
      Class space:        1.00 GB reserved,       2.56 MB ( <1%) committed,  1 nodes.
              Both:        1.02 GB reserved,      22.62 MB (  2%) committed. 

Chunk freelists:
   Non-Class:  3.66 MB
       Class:  1.40 MB
        Both:  5.06 MB

MaxMetaspaceSize: 17179869184.00 GB
CompressedClassSpaceSize: 1.00 GB
 - commit_granule_bytes: 65536.
 - commit_granule_words: 8192.
 - virtual_space_node_default_size: 1048576.
 - enlarge_chunks_in_place: 1.
 - new_chunks_are_fully_committed: 0.
 - uncommit_free_chunks: 1.
 - use_allocation_guard: 0.
 - handle_deallocations: 1.


Internal statistics:

num_allocs_failed_limit: 3.
num_arena_births: 404.
num_arena_deaths: 0.
num_vsnodes_births: 4.
num_vsnodes_deaths: 0.
num_space_committed: 362.
num_space_uncommitted: 0.
num_chunks_returned_to_freelist: 3.
num_chunks_taken_from_freelist: 920.
num_chunk_merges: 3.
num_chunk_splits: 626.
num_chunks_enlarged: 435.
num_purges: 0.

CodeHeap 'non-profiled nmethods': size=120032Kb used=1410Kb max_used=1410Kb free=118622Kb
 bounds [0x0000000137ac8000, 0x0000000137d38000, 0x000000013f000000]
CodeHeap 'profiled nmethods': size=120016Kb used=6868Kb max_used=6868Kb free=113148Kb
 bounds [0x0000000130594000, 0x0000000130c54000, 0x0000000137ac8000]
CodeHeap 'non-nmethods': size=5712Kb used=1346Kb max_used=1505Kb free=4366Kb
 bounds [0x0000000130000000, 0x0000000130270000, 0x0000000130594000]
 total_blobs=4028 nmethods=3301 adapters=642
 compilation: enabled
              stopped_count=0, restarted_count=0
 full_count=0

Compilation events (20 events):
Event: 9.023 Thread 0x000000012080ba00 3302       1       com.sun.glass.ui.Window::getOutputScaleY (5 bytes)
Event: 9.023 Thread 0x000000012080ba00 nmethod 3302 0x0000000137c25f10 code [0x0000000137c26080, 0x0000000137c26168]
Event: 9.025 Thread 0x000000012080b400 3304       4       com.sun.javafx.geom.transform.GeneralTransform3D::isInfOrNaN (40 bytes)
Event: 9.025 Thread 0x000000012080ba00 3305       3       com.sun.prism.impl.BaseGraphics::setTransform3D (34 bytes)
Event: 9.025 Thread 0x000000012080ba00 nmethod 3305 0x0000000130c47510 code [0x0000000130c476c0, 0x0000000130c478c8]
Event: 9.028 Thread 0x000000012080b400 nmethod 3304 0x0000000137c26210 code [0x0000000137c263c0, 0x0000000137c26590]
Event: 9.037 Thread 0x000000012080b400 3306       4       javafx.scene.paint.Color::getOpacity (6 bytes)
Event: 9.037 Thread 0x000000012080b400 nmethod 3306 0x0000000137c26690 code [0x0000000137c26800, 0x0000000137c268a0]
Event: 9.037 Thread 0x000000012080ba00 3307       1       com.sun.javafx.tk.quantum.WindowStage::getPlatformWindow (5 bytes)
Event: 9.037 Thread 0x000000012080ba00 nmethod 3307 0x0000000137c26990 code [0x0000000137c26b00, 0x0000000137c26be8]
Event: 9.038 Thread 0x000000012080ba00 3308       1       com.sun.javafx.tk.quantum.WindowStage::getStyle (5 bytes)
Event: 9.038 Thread 0x000000012080ba00 nmethod 3308 0x0000000137c26c90 code [0x0000000137c26e00, 0x0000000137c26ee8]
Event: 9.038 Thread 0x000000012080ba00 3309       1       com.sun.glass.ui.Window::getRenderScaleX (5 bytes)
Event: 9.038 Thread 0x000000012080ba00 nmethod 3309 0x0000000137c26f90 code [0x0000000137c27100, 0x0000000137c271e8]
Event: 9.038 Thread 0x000000012080ba00 3310       1       com.sun.glass.ui.Window::getRenderScaleY (5 bytes)
Event: 9.038 Thread 0x000000012080ba00 nmethod 3310 0x0000000137c27290 code [0x0000000137c27400, 0x0000000137c274e8]
Event: 9.038 Thread 0x000000012080ba00 3311       1       com.sun.javafx.tk.quantum.GlassScene::getCamera (5 bytes)
Event: 9.038 Thread 0x000000012080ba00 nmethod 3311 0x0000000137c27590 code [0x0000000137c27700, 0x0000000137c277e8]
Event: 9.087 Thread 0x000000012080b400 3312       4       javafx.css.converter.DeriveColorConverter::convert (7 bytes)
Event: 9.088 Thread 0x000000012080ba00 3313       3       com.sun.javafx.tk.quantum.PaintCollector::setDirty (19 bytes)

GC Heap History (4 events):
Event: 1.114 GC heap before
{Heap before GC invocations=0 (full 0):
 garbage-first heap   total 262144K, used 22528K [0x00000006c0000000, 0x00000007c0000000)
  region size 2048K, 11 young (22528K), 0 survivors (0K)
 Metaspace       used 20185K, committed 20480K, reserved 1073152K
  class space    used 2310K, committed 2432K, reserved 1048576K
}
Event: 1.117 GC heap after
{Heap after GC invocations=1 (full 0):
 garbage-first heap   total 262144K, used 7449K [0x00000006c0000000, 0x00000007c0000000)
  region size 2048K, 2 young (4096K), 2 survivors (4096K)
 Metaspace       used 20185K, committed 20480K, reserved 1073152K
  class space    used 2310K, committed 2432K, reserved 1048576K
}
Event: 1.401 GC heap before
{Heap before GC invocations=1 (full 0):
 garbage-first heap   total 262144K, used 9497K [0x00000006c0000000, 0x00000007c0000000)
  region size 2048K, 4 young (8192K), 2 survivors (4096K)
 Metaspace       used 20943K, committed 21248K, reserved 1073152K
  class space    used 2385K, committed 2496K, reserved 1048576K
}
Event: 1.403 GC heap after
{Heap after GC invocations=2 (full 0):
 garbage-first heap   total 262144K, used 8298K [0x00000006c0000000, 0x00000007c0000000)
  region size 2048K, 1 young (2048K), 1 survivors (2048K)
 Metaspace       used 20943K, committed 21248K, reserved 1073152K
  class space    used 2385K, committed 2496K, reserved 1048576K
}

Deoptimization events (20 events):
Event: 6.986 Thread 0x0000000111808800 Uncommon trap: trap_request=0xffffffd6 fr.pc=0x0000000137c0952c relative=0x00000000000007ec
Event: 6.986 Thread 0x0000000111808800 Uncommon trap: reason=array_check action=maybe_recompile pc=0x0000000137c0952c method=javafx.css.SimpleSelector.applies(Ljavafx/css/Styleable;[Ljava/util/Set;I)Z @ 37 c2
Event: 6.986 Thread 0x0000000111808800 DEOPT PACKING pc=0x0000000137c0952c sp=0x000000016bae1400
Event: 6.986 Thread 0x0000000111808800 DEOPT UNPACKING pc=0x0000000130039d9c sp=0x000000016bae13b0 mode 2
Event: 7.535 Thread 0x0000000111808800 Uncommon trap: trap_request=0xffffffbe fr.pc=0x0000000137c11f40 relative=0x0000000000000b80
Event: 7.535 Thread 0x0000000111808800 Uncommon trap: reason=profile_predicate action=maybe_recompile pc=0x0000000137c11f40 method=javafx.css.CompoundSelector.applies(Ljavafx/css/Styleable;I[Ljava/util/Set;I)Z @ 103 c2
Event: 7.535 Thread 0x0000000111808800 DEOPT PACKING pc=0x0000000137c11f40 sp=0x000000016bae1390
Event: 7.535 Thread 0x0000000111808800 DEOPT UNPACKING pc=0x0000000130039d9c sp=0x000000016bae1320 mode 2
Event: 7.535 Thread 0x0000000111808800 Uncommon trap: trap_request=0xffffffbe fr.pc=0x0000000137c11f40 relative=0x0000000000000b80
Event: 7.535 Thread 0x0000000111808800 Uncommon trap: reason=profile_predicate action=maybe_recompile pc=0x0000000137c11f40 method=javafx.css.CompoundSelector.applies(Ljavafx/css/Styleable;I[Ljava/util/Set;I)Z @ 103 c2
Event: 7.535 Thread 0x0000000111808800 DEOPT PACKING pc=0x0000000137c11f40 sp=0x000000016bae13e0
Event: 7.535 Thread 0x0000000111808800 DEOPT UNPACKING pc=0x0000000130039d9c sp=0x000000016bae1370 mode 2
Event: 7.537 Thread 0x0000000111808800 Uncommon trap: trap_request=0xffffffbe fr.pc=0x0000000137c11f40 relative=0x0000000000000b80
Event: 7.537 Thread 0x0000000111808800 Uncommon trap: reason=profile_predicate action=maybe_recompile pc=0x0000000137c11f40 method=javafx.css.CompoundSelector.applies(Ljavafx/css/Styleable;I[Ljava/util/Set;I)Z @ 103 c2
Event: 7.537 Thread 0x0000000111808800 DEOPT PACKING pc=0x0000000137c11f40 sp=0x000000016bae2630
Event: 7.537 Thread 0x0000000111808800 DEOPT UNPACKING pc=0x0000000130039d9c sp=0x000000016bae25c0 mode 2
Event: 7.537 Thread 0x0000000111808800 Uncommon trap: trap_request=0xffffffbe fr.pc=0x0000000137c11f40 relative=0x0000000000000b80
Event: 7.537 Thread 0x0000000111808800 Uncommon trap: reason=profile_predicate action=maybe_recompile pc=0x0000000137c11f40 method=javafx.css.CompoundSelector.applies(Ljavafx/css/Styleable;I[Ljava/util/Set;I)Z @ 103 c2
Event: 7.537 Thread 0x0000000111808800 DEOPT PACKING pc=0x0000000137c11f40 sp=0x000000016bae2630
Event: 7.537 Thread 0x0000000111808800 DEOPT UNPACKING pc=0x0000000130039d9c sp=0x000000016bae25c0 mode 2

Classes unloaded (0 events):
No events

Classes redefined (0 events):
No events

Internal exceptions (20 events):
Event: 0.332 Thread 0x0000000111808800 Exception <a 'java/lang/NullPointerException'{0x00000006cf289d60}> (0x00000006cf289d60) 
thrown [src/hotspot/share/interpreter/linkResolver.cpp, line 1385]
Event: 0.333 Thread 0x0000000111808800 Exception <a 'java/lang/NoSuchMethodError'{0x00000006cf2977a0}: 'void java.lang.invoke.DirectMethodHandle$Holder.invokeSpecial(java.lang.Object, java.lang.Object, java.lang.Object, java.lang.Object, java.lang.Object)'> (0x00000006cf2977a0) 
thrown [src/hotspot/share/interpreter/linkResolver.cpp, line 790]
Event: 0.375 Thread 0x0000000111808800 Exception <a 'java/lang/NoSuchMethodError'{0x00000006cee08cb8}: 'void java.lang.invoke.DirectMethodHandle$Holder.invokeStaticInit(java.lang.Object, java.lang.Object)'> (0x00000006cee08cb8) 
thrown [src/hotspot/share/interpreter/linkResolver.cpp, line 790]
Event: 0.385 Thread 0x0000000111808800 Exception <a 'java/lang/NoSuchMethodError'{0x00000006cef0fac0}: 'java.lang.Object java.lang.invoke.DirectMethodHandle$Holder.invokeSpecial(java.lang.Object, java.lang.Object, int, java.lang.Object)'> (0x00000006cef0fac0) 
thrown [src/hotspot/share/interpreter/linkResolver.cpp, line 790]
Event: 0.385 Thread 0x0000000111808800 Exception <a 'java/lang/NoSuchMethodError'{0x00000006cef135a0}: 'java.lang.Object java.lang.invoke.Invokers$Holder.linkToTargetMethod(int, java.lang.Object, java.lang.Object)'> (0x00000006cef135a0) 
thrown [src/hotspot/share/interpreter/linkResolver.cpp, line 790]
Event: 0.392 Thread 0x0000000111808800 Exception <a 'sun/nio/fs/UnixException'{0x00000006cef2d840}> (0x00000006cef2d840) 
thrown [src/hotspot/share/prims/jni.cpp, line 579]
Event: 0.400 Thread 0x0000000111808800 Implicit null exception at 0x0000000137b17710 to 0x0000000137b17c18
Event: 0.518 Thread 0x0000000111808800 Exception <a 'java/lang/NoSuchMethodError'{0x00000006cecd4628}: 'java.lang.Object java.lang.invoke.Invokers$Holder.linkToTargetMethod(java.lang.Object, int, java.lang.Object)'> (0x00000006cecd4628) 
thrown [src/hotspot/share/interpreter/linkResolver.cpp, line 790]
Event: 0.523 Thread 0x0000000111808800 Exception <a 'java/lang/NoSuchMethodError'{0x00000006ced083f8}: 'java.lang.Object java.lang.invoke.DirectMethodHandle$Holder.invokeInterface(java.lang.Object, java.lang.Object, java.lang.Object)'> (0x00000006ced083f8) 
thrown [src/hotspot/share/interpreter/linkResolver.cpp, line 790]
Event: 0.523 Thread 0x0000000111808800 Exception <a 'java/lang/IncompatibleClassChangeError'{0x00000006ced0bc90}: Found class java.lang.Object, but interface was expected> (0x00000006ced0bc90) 
thrown [src/hotspot/share/interpreter/linkResolver.cpp, line 857]
Event: 0.531 Thread 0x0000000111808800 Exception <a 'java/lang/NoSuchMethodError'{0x00000006ced82a90}: 'void java.lang.invoke.DirectMethodHandle$Holder.invokeVirtual(java.lang.Object, java.lang.Object, java.lang.Object)'> (0x00000006ced82a90) 
thrown [src/hotspot/share/interpreter/linkResolver.cpp, line 790]
Event: 0.549 Thread 0x0000000111808800 Exception <a 'java/lang/NoSuchMethodError'{0x00000006cea0cf00}: 'java.lang.Object java.lang.invoke.DirectMethodHandle$Holder.newInvokeSpecial(java.lang.Object, java.lang.Object, int)'> (0x00000006cea0cf00) 
thrown [src/hotspot/share/interpreter/linkResolver.cpp, line 790]
Event: 0.605 Thread 0x000000012193e800 Exception <a 'java/lang/NoSuchMethodError'{0x00000006cf64a3c8}: 'int java.lang.invoke.DirectMethodHandle$Holder.invokeStaticInit(java.lang.Object, java.lang.Object)'> (0x00000006cf64a3c8) 
thrown [src/hotspot/share/interpreter/linkResolver.cpp, line 790]
Event: 0.628 Thread 0x000000012193e800 Exception <a 'java/lang/NoSuchMethodError'{0x00000006ceaecff0}: 'java.lang.Object java.lang.invoke.DirectMethodHandle$Holder.invokeStatic(java.lang.Object, double)'> (0x00000006ceaecff0) 
thrown [src/hotspot/share/interpreter/linkResolver.cpp, line 790]
Event: 1.416 Thread 0x0000000111808800 Exception <a 'java/lang/NoSuchMethodError'{0x00000006cfe91028}: 'long java.lang.invoke.DirectMethodHandle$Holder.invokeStatic(java.lang.Object, java.lang.Object)'> (0x00000006cfe91028) 
thrown [src/hotspot/share/interpreter/linkResolver.cpp, line 790]
Event: 1.416 Thread 0x0000000111808800 Exception <a 'java/lang/NoSuchMethodError'{0x00000006cfe97a50}: 'java.lang.Object java.lang.invoke.DirectMethodHandle$Holder.invokeStatic(java.lang.Object, int)'> (0x00000006cfe97a50) 
thrown [src/hotspot/share/interpreter/linkResolver.cpp, line 790]
Event: 1.420 Thread 0x0000000111808800 Exception <a 'java/lang/NoSuchMethodError'{0x00000006cfea1af0}: 'long java.lang.invoke.DirectMethodHandle$Holder.invokeStatic(java.lang.Object, java.lang.Object, java.lang.Object)'> (0x00000006cfea1af0) 
thrown [src/hotspot/share/interpreter/linkResolver.cpp, line 790]
Event: 1.421 Thread 0x0000000111808800 Exception <a 'java/lang/NoSuchMethodError'{0x00000006cfea5138}: 'long java.lang.invoke.DirectMethodHandle$Holder.invokeStaticInit(java.lang.Object, java.lang.Object, java.lang.Object)'> (0x00000006cfea5138) 
thrown [src/hotspot/share/interpreter/linkResolver.cpp, line 790]
Event: 1.421 Thread 0x0000000111808800 Exception <a 'java/lang/NoSuchMethodError'{0x00000006cffdc028}: 'java.lang.Object java.lang.invoke.DirectMethodHandle$Holder.newInvokeSpecial(java.lang.Object, java.lang.Object, long)'> (0x00000006cffdc028) 
thrown [src/hotspot/share/interpreter/linkResolver.cpp, line 790]
Event: 1.421 Thread 0x0000000111808800 Exception <a 'java/lang/NoSuchMethodError'{0x00000006cffdf9c0}: 'java.lang.Object java.lang.invoke.Invokers$Holder.linkToTargetMethod(java.lang.Object, long, java.lang.Object)'> (0x00000006cffdf9c0) 
thrown [src/hotspot/share/interpreter/linkResolver.cpp, line 790]

Events (20 events):
Event: 3.233 Executing  VM operation: ICBufferFull
Event: 3.233 Executing  VM operation: ICBufferFull done
Event: 4.238 Executing  VM operation: Cleanup
Event: 4.239 Executing  VM operation: Cleanup done
Event: 4.470 Protecting memory [0x000000016e994000,0x000000016e9a0000] with protection modes 3
Event: 4.470 Thread 0x0000000121989400 Thread exited: 0x0000000121989400
Event: 5.244 Executing  VM operation: Cleanup
Event: 5.244 Executing  VM operation: Cleanup done
Event: 5.836 Protecting memory [0x000000016ce6c000,0x000000016ce78000] with protection modes 0
Event: 5.836 Thread 0x000000011190de00 Thread added: 0x000000011190de00
Event: 6.136 Protecting memory [0x000000016ce6c000,0x000000016ce78000] with protection modes 3
Event: 6.137 Thread 0x000000011190de00 Thread exited: 0x000000011190de00
Event: 6.153 Protecting memory [0x000000016ce6c000,0x000000016ce78000] with protection modes 0
Event: 6.153 Thread 0x0000000121989400 Thread added: 0x0000000121989400
Event: 6.244 Executing  VM operation: Cleanup
Event: 6.244 Executing  VM operation: Cleanup done
Event: 7.249 Executing  VM operation: Cleanup
Event: 7.250 Executing  VM operation: Cleanup done
Event: 8.253 Executing  VM operation: Cleanup
Event: 8.254 Executing  VM operation: Cleanup done


Dynamic libraries:
0x000000010444c000 	/Library/Java/JavaVirtualMachines/liberica-jdk-16-full.jdk/Contents/Home/lib/libjli.dylib
0x000000019c66a000 	/usr/lib/libz.1.dylib
0x000000019c71a000 	/usr/lib/libSystem.B.dylib
0x000000019c714000 	/usr/lib/system/libcache.dylib
0x000000019c6d2000 	/usr/lib/system/libcommonCrypto.dylib
0x000000019c6fb000 	/usr/lib/system/libcompiler_rt.dylib
0x000000019c6f2000 	/usr/lib/system/libcopyfile.dylib
0x0000000191a1e000 	/usr/lib/system/libcorecrypto.dylib
0x0000000191ac3000 	/usr/lib/system/libdispatch.dylib
0x0000000191c8b000 	/usr/lib/system/libdyld.dylib
0x000000019c70a000 	/usr/lib/system/libkeymgr.dylib
0x000000019c6b4000 	/usr/lib/system/libmacho.dylib
0x000000019bdc0000 	/usr/lib/system/libquarantine.dylib
0x000000019c707000 	/usr/lib/system/libremovefile.dylib
0x0000000196e0d000 	/usr/lib/system/libsystem_asl.dylib
0x00000001919c8000 	/usr/lib/system/libsystem_blocks.dylib
0x0000000191b49000 	/usr/lib/system/libsystem_c.dylib
0x000000019c6ff000 	/usr/lib/system/libsystem_collections.dylib
0x000000019b21d000 	/usr/lib/system/libsystem_configuration.dylib
0x000000019a4a3000 	/usr/lib/system/libsystem_containermanager.dylib
0x000000019c41e000 	/usr/lib/system/libsystem_coreservices.dylib
0x00000001943b0000 	/usr/lib/system/libsystem_darwin.dylib
0x000000019c70b000 	/usr/lib/system/libsystem_dnssd.dylib
0x0000000191b46000 	/usr/lib/system/libsystem_featureflags.dylib
0x0000000191ca0000 	/usr/lib/system/libsystem_info.dylib
0x000000019c67c000 	/usr/lib/system/libsystem_m.dylib
0x0000000191a98000 	/usr/lib/system/libsystem_malloc.dylib
0x0000000196d9e000 	/usr/lib/system/libsystem_networkextension.dylib
0x0000000194803000 	/usr/lib/system/libsystem_notify.dylib
0x00000001a28e7000 	/usr/lib/system/libsystem_product_info_filter.dylib
0x000000019b222000 	/usr/lib/system/libsystem_sandbox.dylib
0x000000019c704000 	/usr/lib/system/libsystem_secinit.dylib
0x0000000191c48000 	/usr/lib/system/libsystem_kernel.dylib
0x0000000191c98000 	/usr/lib/system/libsystem_platform.dylib
0x0000000191c7e000 	/usr/lib/system/libsystem_pthread.dylib
0x0000000198543000 	/usr/lib/system/libsystem_symptoms.dylib
0x0000000191a04000 	/usr/lib/system/libsystem_trace.dylib
0x000000019c6df000 	/usr/lib/system/libunwind.dylib
0x00000001919ca000 	/usr/lib/system/libxpc.dylib
0x0000000191c2e000 	/usr/lib/libc++abi.dylib
0x0000000191b0a000 	/usr/lib/libobjc.A.dylib
0x000000019c6ea000 	/usr/lib/liboah.dylib
0x0000000191bca000 	/usr/lib/libc++.1.dylib
0x00000001a82c4000 	/System/Library/Frameworks/Cocoa.framework/Versions/A/Cocoa
0x0000000194862000 	/System/Library/Frameworks/AppKit.framework/Versions/C/AppKit
0x0000000197d84000 	/System/Library/Frameworks/CoreData.framework/Versions/A/CoreData
0x0000000192bc3000 	/System/Library/Frameworks/Foundation.framework/Versions/C/Foundation
0x0000000195714000 	/System/Library/PrivateFrameworks/UIFoundation.framework/Versions/A/UIFoundation
0x00000001a25e1000 	/System/Library/PrivateFrameworks/RemoteViewServices.framework/Versions/A/RemoteViewServices
0x000000019abdc000 	/System/Library/PrivateFrameworks/XCTTargetBootstrap.framework/Versions/A/XCTTargetBootstrap
0x000000019e41c000 	/System/Library/PrivateFrameworks/InternationalSupport.framework/Versions/A/InternationalSupport
0x000000019e4a5000 	/System/Library/PrivateFrameworks/UserActivity.framework/Versions/A/UserActivity
0x000000019d947000 	/usr/lib/libspindump.dylib
0x0000000195984000 	/System/Library/Frameworks/UniformTypeIdentifiers.framework/Versions/A/UniformTypeIdentifiers
0x000000019916a000 	/usr/lib/libapp_launch_measurement.dylib
0x00000001986e7000 	/System/Library/PrivateFrameworks/CoreAnalytics.framework/Versions/A/CoreAnalytics
0x000000019916d000 	/System/Library/PrivateFrameworks/CoreAutoLayout.framework/Versions/A/CoreAutoLayout
0x000000019a4e0000 	/System/Library/Frameworks/Metal.framework/Versions/A/Metal
0x000000019b22d000 	/usr/lib/liblangid.dylib
0x000000019abe0000 	/System/Library/PrivateFrameworks/CoreSVG.framework/Versions/A/CoreSVG
0x0000000196e41000 	/System/Library/PrivateFrameworks/SkyLight.framework/Versions/A/SkyLight
0x0000000197209000 	/System/Library/Frameworks/CoreGraphics.framework/Versions/A/CoreGraphics
0x00000001a2c5a000 	/System/Library/Frameworks/Accelerate.framework/Versions/A/Accelerate
0x000000019d3bc000 	/System/Library/PrivateFrameworks/IconServices.framework/Versions/A/IconServices
0x000000019a4c2000 	/System/Library/Frameworks/IOSurface.framework/Versions/A/IOSurface
0x0000000198717000 	/usr/lib/libDiagnosticMessagesClient.dylib
0x00000001a6092000 	/System/Library/Frameworks/ApplicationServices.framework/Versions/A/ApplicationServices
0x000000019abc4000 	/System/Library/PrivateFrameworks/DFRFoundation.framework/Versions/A/DFRFoundation
0x0000000194105000 	/usr/lib/libicucore.A.dylib
0x000000019f219000 	/System/Library/Frameworks/AudioToolbox.framework/Versions/A/AudioToolbox
0x000000019e428000 	/System/Library/PrivateFrameworks/DataDetectorsCore.framework/Versions/A/DataDetectorsCore
0x00000001b4444000 	/System/Library/PrivateFrameworks/TextInput.framework/Versions/A/TextInput
0x0000000196db8000 	/usr/lib/libMobileGestalt.dylib
0x000000019a894000 	/System/Library/Frameworks/Carbon.framework/Versions/A/Frameworks/HIToolbox.framework/Versions/A/HIToolbox
0x0000000198b74000 	/System/Library/Frameworks/QuartzCore.framework/Versions/A/QuartzCore
0x0000000193d82000 	/System/Library/Frameworks/Security.framework/Versions/A/Security
0x00000001a2621000 	/System/Library/Frameworks/Carbon.framework/Versions/A/Frameworks/SpeechRecognition.framework/Versions/A/SpeechRecognition
0x0000000198ec1000 	/System/Library/PrivateFrameworks/CoreUI.framework/Versions/A/CoreUI
0x0000000193655000 	/System/Library/Frameworks/CoreAudio.framework/Versions/A/CoreAudio
0x0000000198807000 	/System/Library/Frameworks/DiskArbitration.framework/Versions/A/DiskArbitration
0x000000019dd2f000 	/System/Library/PrivateFrameworks/MultitouchSupport.framework/Versions/A/MultitouchSupport
0x0000000196db6000 	/usr/lib/libenergytrace.dylib
0x000000019472e000 	/System/Library/Frameworks/IOKit.framework/Versions/A/IOKit
0x00000001a2a08000 	/System/Library/Frameworks/CoreServices.framework/Versions/A/CoreServices
0x00000001990fa000 	/System/Library/PrivateFrameworks/PerformanceAnalysis.framework/Versions/A/PerformanceAnalysis
0x00000001f2c69000 	/System/Library/Frameworks/OpenGL.framework/Versions/A/OpenGL
0x000000019bce0000 	/System/Library/PrivateFrameworks/MobileKeyBag.framework/Versions/A/MobileKeyBag
0x0000000197819000 	/System/Library/Frameworks/ColorSync.framework/Versions/A/ColorSync
0x0000000191ccc000 	/System/Library/Frameworks/CoreFoundation.framework/Versions/A/CoreFoundation
0x000000019ae61000 	/System/Library/Frameworks/CoreImage.framework/Versions/A/CoreImage
0x0000000193478000 	/System/Library/Frameworks/CoreText.framework/Versions/A/CoreText
0x000000019ac10000 	/System/Library/Frameworks/ImageIO.framework/Versions/A/ImageIO
0x000000019c720000 	/System/Library/PrivateFrameworks/SoftLinking.framework/Versions/A/SoftLinking
0x00000001991b7000 	/usr/lib/libxml2.2.dylib
0x000000019c9b8000 	/usr/lib/libcompression.dylib
0x000000019e375000 	/System/Library/PrivateFrameworks/TextureIO.framework/Versions/A/TextureIO
0x000000019d0d6000 	/usr/lib/libate.dylib
0x000000019cf9e000 	/usr/lib/liblzma.5.dylib
0x00000001928b4000 	/System/Library/Frameworks/SystemConfiguration.framework/Versions/A/SystemConfiguration
0x000000019c71c000 	/usr/lib/libfakelink.dylib
0x00000001968e6000 	/System/Library/Frameworks/CFNetwork.framework/Versions/A/CFNetwork
0x000000019c863000 	/usr/lib/libarchive.2.dylib
0x000000019b229000 	/System/Library/PrivateFrameworks/AppleSystemInfo.framework/Versions/A/AppleSystemInfo
0x000000019bdea000 	/usr/lib/libbsm.0.dylib
0x0000000195e23000 	/usr/lib/libnetwork.dylib
0x000000019c6ba000 	/usr/lib/system/libkxld.dylib
0x000000019ba02000 	/System/Library/PrivateFrameworks/IOMobileFramebuffer.framework/Versions/A/IOMobileFramebuffer
0x000000020e594000 	/usr/lib/libCoreEntitlements.dylib
0x000000019c400000 	/System/Library/PrivateFrameworks/AppleFSCompression.framework/Versions/A/AppleFSCompression
0x000000019bdd3000 	/usr/lib/libcoretls.dylib
0x000000019cfb7000 	/usr/lib/libcoretls_cfhelpers.dylib
0x000000019c9b3000 	/usr/lib/libpam.2.dylib
0x000000019816b000 	/usr/lib/libsqlite3.dylib
0x000000019d01f000 	/usr/lib/libxar.1.dylib
0x000000019c411000 	/usr/lib/libbz2.1.0.dylib
0x000000019c721000 	/usr/lib/libpcap.A.dylib
0x000000019853a000 	/usr/lib/libdns_services.dylib
0x000000019c986000 	/usr/lib/libapple_nghttp2.dylib
0x000000019c75e000 	/usr/lib/libiconv.2.dylib
0x000000019c6b3000 	/usr/lib/libcharset.1.dylib
0x0000000199136000 	/System/Library/Frameworks/CoreServices.framework/Versions/A/Frameworks/FSEvents.framework/Versions/A/FSEvents
0x00000001943bb000 	/System/Library/Frameworks/CoreServices.framework/Versions/A/Frameworks/CarbonCore.framework/Versions/A/CarbonCore
0x000000019876a000 	/System/Library/Frameworks/CoreServices.framework/Versions/A/Frameworks/Metadata.framework/Versions/A/Metadata
0x000000019c424000 	/System/Library/Frameworks/CoreServices.framework/Versions/A/Frameworks/OSServices.framework/Versions/A/OSServices
0x000000019c8e8000 	/System/Library/Frameworks/CoreServices.framework/Versions/A/Frameworks/SearchKit.framework/Versions/A/SearchKit
0x00000001984c8000 	/System/Library/Frameworks/CoreServices.framework/Versions/A/Frameworks/AE.framework/Versions/A/AE
0x0000000192210000 	/System/Library/Frameworks/CoreServices.framework/Versions/A/Frameworks/LaunchServices.framework/Versions/A/LaunchServices
0x000000019cf47000 	/System/Library/Frameworks/CoreServices.framework/Versions/A/Frameworks/DictionaryServices.framework/Versions/A/DictionaryServices
0x0000000199143000 	/System/Library/Frameworks/CoreServices.framework/Versions/A/Frameworks/SharedFileList.framework/Versions/A/SharedFileList
0x000000019bdc3000 	/usr/lib/libCheckFix.dylib
0x0000000196e25000 	/System/Library/PrivateFrameworks/TCC.framework/Versions/A/TCC
0x000000019b22f000 	/System/Library/PrivateFrameworks/CoreNLP.framework/Versions/A/CoreNLP
0x000000019871a000 	/System/Library/PrivateFrameworks/MetadataUtilities.framework/Versions/A/MetadataUtilities
0x000000019296d000 	/usr/lib/libmecabra.dylib
0x000000019bdfb000 	/usr/lib/libmecab.dylib
0x0000000192939000 	/usr/lib/libCRFSuite.dylib
0x000000019be59000 	/usr/lib/libgermantok.dylib
0x000000019c95f000 	/usr/lib/libThaiTokenizer.dylib
0x000000019880f000 	/System/Library/Frameworks/Accelerate.framework/Versions/A/Frameworks/vImage.framework/Versions/A/vImage
0x00000001a29df000 	/System/Library/Frameworks/Accelerate.framework/Versions/A/Frameworks/vecLib.framework/Versions/A/vecLib
0x000000019d063000 	/System/Library/Frameworks/Accelerate.framework/Versions/A/Frameworks/vecLib.framework/Versions/A/libvMisc.dylib
0x000000019b90c000 	/System/Library/Frameworks/Accelerate.framework/Versions/A/Frameworks/vecLib.framework/Versions/A/libvDSP.dylib
0x0000000192593000 	/System/Library/Frameworks/Accelerate.framework/Versions/A/Frameworks/vecLib.framework/Versions/A/libBLAS.dylib
0x000000019ca87000 	/System/Library/Frameworks/Accelerate.framework/Versions/A/Frameworks/vecLib.framework/Versions/A/libLAPACK.dylib
0x000000019be5c000 	/System/Library/Frameworks/Accelerate.framework/Versions/A/Frameworks/vecLib.framework/Versions/A/libLinearAlgebra.dylib
0x000000019c99e000 	/System/Library/Frameworks/Accelerate.framework/Versions/A/Frameworks/vecLib.framework/Versions/A/libSparseBLAS.dylib
0x000000019ca82000 	/System/Library/Frameworks/Accelerate.framework/Versions/A/Frameworks/vecLib.framework/Versions/A/libQuadrature.dylib
0x000000019b326000 	/System/Library/Frameworks/Accelerate.framework/Versions/A/Frameworks/vecLib.framework/Versions/A/libBNNS.dylib
0x0000000192851000 	/System/Library/Frameworks/Accelerate.framework/Versions/A/Frameworks/vecLib.framework/Versions/A/libSparse.dylib
0x000000019b31e000 	/System/Library/PrivateFrameworks/LinguisticData.framework/Versions/A/LinguisticData
0x0000000192807000 	/System/Library/PrivateFrameworks/Lexicon.framework/Versions/A/Lexicon
0x000000019d05b000 	/usr/lib/libChineseTokenizer.dylib
0x0000000192fb1000 	/System/Library/PrivateFrameworks/LanguageModeling.framework/Versions/A/LanguageModeling
0x000000019c961000 	/System/Library/PrivateFrameworks/AppleSauce.framework/Versions/A/AppleSauce
0x000000019b9ef000 	/System/Library/PrivateFrameworks/CoreEmoji.framework/Versions/A/CoreEmoji
0x000000019c851000 	/usr/lib/libcmph.dylib
0x0000000199116000 	/System/Library/Frameworks/OpenDirectory.framework/Versions/A/Frameworks/CFOpenDirectory.framework/Versions/A/CFOpenDirectory
0x0000000199106000 	/System/Library/Frameworks/OpenDirectory.framework/Versions/A/OpenDirectory
0x000000019cfb9000 	/System/Library/PrivateFrameworks/APFS.framework/Versions/A/APFS
0x000000019bd1b000 	/System/Library/Frameworks/SecurityFoundation.framework/Versions/A/SecurityFoundation
0x000000019d02d000 	/usr/lib/libutil.dylib
0x00000001946f0000 	/System/Library/PrivateFrameworks/CoreServicesStore.framework/Versions/A/CoreServicesStore
0x000000019d031000 	/usr/lib/libxslt.1.dylib
0x000000019bdaf000 	/System/Library/PrivateFrameworks/BackgroundTaskManagement.framework/Versions/A/BackgroundTaskManagement
0x000000019e296000 	/System/Library/Frameworks/ImageIO.framework/Versions/A/Resources/libRadiance.dylib
0x000000019e29f000 	/System/Library/Frameworks/ImageIO.framework/Versions/A/Resources/libJPEG.dylib
0x000000019e1f1000 	/System/Library/Frameworks/ImageIO.framework/Versions/A/Resources/libPng.dylib
0x000000019e213000 	/System/Library/Frameworks/ImageIO.framework/Versions/A/Resources/libTIFF.dylib
0x000000019e2fa000 	/System/Library/Frameworks/ImageIO.framework/Versions/A/Resources/libGIF.dylib
0x000000019dc3f000 	/System/Library/Frameworks/ImageIO.framework/Versions/A/Resources/libJP2.dylib
0x000000019d382000 	/usr/lib/libexpat.1.dylib
0x000000019dbfa000 	/System/Library/PrivateFrameworks/AppleJPEG.framework/Versions/A/AppleJPEG
0x000000019a753000 	/System/Library/PrivateFrameworks/FontServices.framework/libFontParser.dylib
0x000000019846d000 	/System/Library/PrivateFrameworks/RunningBoardServices.framework/Versions/A/RunningBoardServices
0x00000001a892f000 	/System/Library/PrivateFrameworks/IOSurfaceAccelerator.framework/Versions/A/IOSurfaceAccelerator
0x000000019dd2b000 	/System/Library/PrivateFrameworks/WatchdogClient.framework/Versions/A/WatchdogClient
0x00000001930b5000 	/System/Library/Frameworks/CoreDisplay.framework/Versions/A/CoreDisplay
0x000000019a642000 	/System/Library/Frameworks/CoreMedia.framework/Versions/A/CoreMedia
0x000000019a4d6000 	/System/Library/PrivateFrameworks/IOAccelerator.framework/Versions/A/IOAccelerator
0x00000001992a4000 	/System/Library/Frameworks/CoreVideo.framework/Versions/A/CoreVideo
0x000000019c9b1000 	/System/Library/Frameworks/MetalPerformanceShaders.framework/Versions/A/MetalPerformanceShaders
0x000000019dd68000 	/System/Library/Frameworks/VideoToolbox.framework/Versions/A/VideoToolbox
0x00000001983b1000 	/System/Library/PrivateFrameworks/BaseBoard.framework/Versions/A/BaseBoard
0x0000000198150000 	/System/Library/PrivateFrameworks/ProtocolBuffer.framework/Versions/A/ProtocolBuffer
0x000000019e291000 	/System/Library/PrivateFrameworks/GPUWrangler.framework/Versions/A/GPUWrangler
0x000000019e270000 	/System/Library/PrivateFrameworks/IOPresentment.framework/Versions/A/IOPresentment
0x000000019e299000 	/System/Library/PrivateFrameworks/DSExternalDisplay.framework/Versions/A/DSExternalDisplay
0x00000001f2c5c000 	/System/Library/Frameworks/OpenGL.framework/Versions/A/Libraries/libCoreFSCache.dylib
0x00000001fc376000 	/System/Library/PrivateFrameworks/GPUCompiler.framework/Versions/31001/Libraries/libGPUCompilerUtils.dylib
0x000000019e2ff000 	/System/Library/PrivateFrameworks/CMCaptureCore.framework/Versions/A/CMCaptureCore
0x000000019d935000 	/System/Library/PrivateFrameworks/AppServerSupport.framework/Versions/A/AppServerSupport
0x000000019fad4000 	/System/Library/PrivateFrameworks/perfdata.framework/Versions/A/perfdata
0x00000001931d5000 	/System/Library/PrivateFrameworks/AudioToolboxCore.framework/Versions/A/AudioToolboxCore
0x000000019a61a000 	/System/Library/PrivateFrameworks/caulk.framework/Versions/A/caulk
0x000000019f3c9000 	/usr/lib/libAudioStatistics.dylib
0x00000001b0be2000 	/System/Library/PrivateFrameworks/SystemPolicy.framework/Versions/A/SystemPolicy
0x000000019f629000 	/usr/lib/libSMC.dylib
0x00000001a81a6000 	/System/Library/Frameworks/CoreMIDI.framework/Versions/A/CoreMIDI
0x000000019e1bf000 	/usr/lib/libAudioToolboxUtility.dylib
0x00000001ad088000 	/System/Library/PrivateFrameworks/OSAServicesClient.framework/Versions/A/OSAServicesClient
0x000000019fae1000 	/usr/lib/libperfcheck.dylib
0x00000001b16e5000 	/usr/lib/libmis.dylib
0x00000001f2cbd000 	/System/Library/Frameworks/OpenGL.framework/Versions/A/Libraries/libGLU.dylib
0x00000001f2c7c000 	/System/Library/Frameworks/OpenGL.framework/Versions/A/Libraries/libGFXShared.dylib
0x00000001f2e66000 	/System/Library/Frameworks/OpenGL.framework/Versions/A/Libraries/libGL.dylib
0x00000001f2c85000 	/System/Library/Frameworks/OpenGL.framework/Versions/A/Libraries/libGLImage.dylib
0x00000001f2c79000 	/System/Library/Frameworks/OpenGL.framework/Versions/A/Libraries/libCVMSPluginSupport.dylib
0x00000001f2c63000 	/System/Library/Frameworks/OpenGL.framework/Versions/A/Libraries/libCoreVMClient.dylib
0x000000019b1ab000 	/System/Library/Frameworks/MetalPerformanceShaders.framework/Versions/A/Frameworks/MPSCore.framework/Versions/A/MPSCore
0x000000019c373000 	/System/Library/Frameworks/MetalPerformanceShaders.framework/Versions/A/Frameworks/MPSImage.framework/Versions/A/MPSImage
0x000000019be71000 	/System/Library/Frameworks/MetalPerformanceShaders.framework/Versions/A/Frameworks/MPSNeuralNetwork.framework/Versions/A/MPSNeuralNetwork
0x000000019c2ae000 	/System/Library/Frameworks/MetalPerformanceShaders.framework/Versions/A/Frameworks/MPSMatrix.framework/Versions/A/MPSMatrix
0x000000019c089000 	/System/Library/Frameworks/MetalPerformanceShaders.framework/Versions/A/Frameworks/MPSRayIntersector.framework/Versions/A/MPSRayIntersector
0x000000019c2df000 	/System/Library/Frameworks/MetalPerformanceShaders.framework/Versions/A/Frameworks/MPSNDArray.framework/Versions/A/MPSNDArray
0x00000001f4978000 	/System/Library/Frameworks/MetalPerformanceShaders.framework/Versions/A/Frameworks/MPSFunctions.framework/Versions/A/MPSFunctions
0x0000000192471000 	/System/Library/PrivateFrameworks/MetalTools.framework/Versions/A/MetalTools
0x000000019b227000 	/System/Library/PrivateFrameworks/AggregateDictionary.framework/Versions/A/AggregateDictionary
0x000000019d168000 	/usr/lib/libIOReport.dylib
0x00000001a7194000 	/System/Library/PrivateFrameworks/ASEProcessing.framework/Versions/A/ASEProcessing
0x000000019d4da000 	/System/Library/PrivateFrameworks/FaceCore.framework/Versions/A/FaceCore
0x000000019d4cc000 	/System/Library/PrivateFrameworks/GraphVisualizer.framework/Versions/A/GraphVisualizer
0x00000001fc28d000 	/System/Library/PrivateFrameworks/FontServices.framework/Versions/A/FontServices
0x000000019d8ef000 	/System/Library/PrivateFrameworks/OTSVG.framework/Versions/A/OTSVG
0x0000000198e72000 	/System/Library/Frameworks/ApplicationServices.framework/Versions/A/Frameworks/ATS.framework/Versions/A/Resources/libFontRegistry.dylib
0x000000019d93e000 	/System/Library/PrivateFrameworks/FontServices.framework/libhvf.dylib
0x00000001fc28e000 	/System/Library/PrivateFrameworks/FontServices.framework/libXTFontStaticRegistryData.dylib
0x00000001f3008000 	/System/Library/Frameworks/OpenCL.framework/Versions/A/OpenCL
0x000000019d336000 	/System/Library/PrivateFrameworks/AppleVA.framework/Versions/A/AppleVA
0x000000019f3f1000 	/System/Library/Frameworks/ApplicationServices.framework/Versions/A/Frameworks/ATS.framework/Versions/A/ATS
0x0000000197916000 	/System/Library/Frameworks/ApplicationServices.framework/Versions/A/Frameworks/HIServices.framework/Versions/A/HIServices
0x000000019e309000 	/System/Library/Frameworks/ApplicationServices.framework/Versions/A/Frameworks/PrintCore.framework/Versions/A/PrintCore
0x000000019f77c000 	/System/Library/Frameworks/ApplicationServices.framework/Versions/A/Frameworks/QD.framework/Versions/A/QD
0x000000019f774000 	/System/Library/Frameworks/ApplicationServices.framework/Versions/A/Frameworks/ColorSyncLegacy.framework/Versions/A/ColorSyncLegacy
0x000000019f3dd000 	/System/Library/Frameworks/ApplicationServices.framework/Versions/A/Frameworks/SpeechSynthesis.framework/Versions/A/SpeechSynthesis
0x000000019e2ca000 	/System/Library/Frameworks/ApplicationServices.framework/Versions/A/Frameworks/ATSUI.framework/Versions/A/ATSUI
0x000000019f709000 	/usr/lib/libcups.2.dylib
0x000000019faef000 	/System/Library/Frameworks/Kerberos.framework/Versions/A/Kerberos
0x000000019fb00000 	/System/Library/Frameworks/GSS.framework/Versions/A/GSS
0x000000019f460000 	/usr/lib/libresolv.9.dylib
0x000000019d94c000 	/System/Library/PrivateFrameworks/Heimdal.framework/Versions/A/Heimdal
0x00000001a6408000 	/System/Library/Frameworks/Kerberos.framework/Versions/A/Libraries/libHeimdalProxy.dylib
0x000000019854c000 	/System/Library/Frameworks/Network.framework/Versions/A/Network
0x000000019d39d000 	/usr/lib/libheimdal-asn1.dylib
0x000000019fb46000 	/System/Library/PrivateFrameworks/CommonAuth.framework/Versions/A/CommonAuth
0x000000019f357000 	/System/Library/PrivateFrameworks/AudioSession.framework/Versions/A/AudioSession
0x000000019d42e000 	/System/Library/PrivateFrameworks/MediaExperience.framework/Versions/A/MediaExperience
0x000000019f1df000 	/System/Library/PrivateFrameworks/AudioSession.framework/libSessionUtility.dylib
0x000000019f788000 	/System/Library/PrivateFrameworks/AudioResourceArbitration.framework/Versions/A/AudioResourceArbitration
0x000000019d3a6000 	/System/Library/PrivateFrameworks/IconFoundation.framework/Versions/A/IconFoundation
0x00000001a260d000 	/System/Library/PrivateFrameworks/SpeechRecognitionCore.framework/Versions/A/SpeechRecognitionCore
0x00000001054f8000 	/Library/Java/JavaVirtualMachines/liberica-jdk-16-full.jdk/Contents/Home/lib/server/libjvm.dylib
0x00000001044b0000 	/Library/Java/JavaVirtualMachines/liberica-jdk-16-full.jdk/Contents/Home/lib/libjimage.dylib
0x00000001044dc000 	/Library/Java/JavaVirtualMachines/liberica-jdk-16-full.jdk/Contents/Home/lib/libinstrument.dylib
0x00000001045e0000 	/Library/Java/JavaVirtualMachines/liberica-jdk-16-full.jdk/Contents/Home/lib/libjava.dylib
0x0000000105078000 	/Library/Java/JavaVirtualMachines/liberica-jdk-16-full.jdk/Contents/Home/lib/libnio.dylib
0x00000001050bc000 	/Library/Java/JavaVirtualMachines/liberica-jdk-16-full.jdk/Contents/Home/lib/libnet.dylib
0x0000000105098000 	/Library/Java/JavaVirtualMachines/liberica-jdk-16-full.jdk/Contents/Home/lib/libzip.dylib
0x00000001050e0000 	/Library/Java/JavaVirtualMachines/liberica-jdk-16-full.jdk/Contents/Home/lib/libprism_es2.dylib
0x00000001946b3000 	/System/Library/PrivateFrameworks/CoreServicesInternal.framework/Versions/A/CoreServicesInternal
0x00000001f2e70000 	/System/Library/Frameworks/OpenGL.framework/Versions/A/Resources/GLEngine.bundle/GLEngine
0x00000001f2cf7000 	/System/Library/Frameworks/OpenGL.framework/Versions/A/Libraries/libGLProgrammability.dylib
0x0000000111334000 	/System/Library/Extensions/AppleMetalOpenGLRenderer.bundle/Contents/MacOS/AppleMetalOpenGLRenderer
0x00000001f2fdf000 	/System/Library/Frameworks/OpenGL.framework/Versions/A/Resources/GLRendererFloat.bundle/GLRendererFloat
0x00000001f3080000 	/System/Library/Extensions/AGXMetal13_3.bundle/Contents/MacOS/AGXMetal13_3
0x00000001b1701000 	/System/Library/PrivateFrameworks/GPURawCounter.framework/Versions/A/GPURawCounter
0x00000001ac1d6000 	/System/Library/PrivateFrameworks/IOGPU.framework/Versions/A/IOGPU
0x0000000111280000 	/Library/Java/JavaVirtualMachines/liberica-jdk-16-full.jdk/Contents/Home/lib/libglass.dylib
0x00000001a3aad000 	/System/Library/Frameworks/FileProvider.framework/Versions/A/FileProvider
0x0000000198319000 	/System/Library/Frameworks/Accounts.framework/Versions/A/Accounts
0x00000001a3c2d000 	/System/Library/PrivateFrameworks/GenerationalStorage.framework/Versions/A/GenerationalStorage
0x00000001a47dd000 	/System/Library/PrivateFrameworks/CoreSymbolication.framework/Versions/A/CoreSymbolication
0x00000001a384d000 	/System/Library/PrivateFrameworks/SymptomDiagnosticReporter.framework/Versions/A/SymptomDiagnosticReporter
0x0000000195998000 	/System/Library/PrivateFrameworks/DesktopServicesPriv.framework/Versions/A/DesktopServicesPriv
0x0000000194812000 	/usr/lib/libsandbox.1.dylib
0x0000000199330000 	/System/Library/PrivateFrameworks/UserManagement.framework/Versions/A/UserManagement
0x00000001a479e000 	/System/Library/PrivateFrameworks/DebugSymbols.framework/Versions/A/DebugSymbols
0x000000019f767000 	/System/Library/PrivateFrameworks/NetAuth.framework/Versions/A/NetAuth
0x00000001a0665000 	/System/Library/PrivateFrameworks/Sharing.framework/Versions/A/Sharing
0x0000000199300000 	/System/Library/PrivateFrameworks/login.framework/Versions/A/Frameworks/loginsupport.framework/Versions/A/loginsupport
0x00000001a594e000 	/System/Library/PrivateFrameworks/Apple80211.framework/Versions/A/Apple80211
0x000000019c457000 	/System/Library/PrivateFrameworks/AuthKit.framework/Versions/A/AuthKit
0x000000019baee000 	/System/Library/PrivateFrameworks/CoreUtils.framework/Versions/A/CoreUtils
0x000000019ba0e000 	/System/Library/Frameworks/CoreWLAN.framework/Versions/A/CoreWLAN
0x00000001a07ce000 	/System/Library/Frameworks/IOBluetooth.framework/Versions/A/IOBluetooth
0x00000001a59ae000 	/System/Library/PrivateFrameworks/CoreWiFi.framework/Versions/A/CoreWiFi
0x00000001a4385000 	/System/Library/PrivateFrameworks/FrontBoardServices.framework/Versions/A/FrontBoardServices
0x00000001a441d000 	/System/Library/PrivateFrameworks/BoardServices.framework/Versions/A/BoardServices
0x000000019bd09000 	/System/Library/PrivateFrameworks/AssertionServices.framework/Versions/A/AssertionServices
0x00000001a5b1c000 	/System/Library/PrivateFrameworks/BackBoardServices.framework/Versions/A/BackBoardServices
0x000000019fbd9000 	/System/Library/PrivateFrameworks/CorePhoneNumbers.framework/Versions/A/CorePhoneNumbers
0x00000001a397d000 	/System/Library/PrivateFrameworks/DiskManagement.framework/Versions/A/DiskManagement
0x00000001a3880000 	/System/Library/PrivateFrameworks/AppleIDAuthSupport.framework/Versions/A/AppleIDAuthSupport
0x00000001f6c11000 	/System/Library/PrivateFrameworks/AAAFoundation.framework/Versions/A/AAAFoundation
0x000000019fbb8000 	/System/Library/PrivateFrameworks/KeychainCircle.framework/Versions/A/KeychainCircle
0x00000001a3949000 	/System/Library/PrivateFrameworks/MediaKit.framework/Versions/A/MediaKit
0x00000001a388d000 	/System/Library/Frameworks/DiscRecording.framework/Versions/A/DiscRecording
0x000000019d2b2000 	/usr/lib/libCoreStorage.dylib
0x00000001a5e16000 	/usr/lib/libcsfde.dylib
0x00000001a08a3000 	/System/Library/PrivateFrameworks/ProtectedCloudStorage.framework/Versions/A/ProtectedCloudStorage
0x00000001a5e0e000 	/System/Library/PrivateFrameworks/EFILogin.framework/Versions/A/EFILogin
0x00000001a3c54000 	/System/Library/PrivateFrameworks/OctagonTrust.framework/Versions/A/OctagonTrust
0x00000001fb4f8000 	/System/Library/PrivateFrameworks/CoreUtilsExtras.framework/Versions/A/CoreUtilsExtras
0x00000001a37bf000 	/System/Library/Frameworks/CoreBluetooth.framework/Versions/A/CoreBluetooth
0x00000001a648d000 	/System/Library/Frameworks/AudioUnit.framework/Versions/A/AudioUnit
0x000000019d2aa000 	/usr/lib/libMatch.1.dylib
0x00000001b5968000 	/System/Library/Frameworks/Accelerate.framework/Versions/A/Frameworks/vImage.framework/Versions/A/Libraries/libCGInterfaces.dylib
0x00000001115c4000 	/usr/lib/libobjc-trampolines.dylib
0x0000000198ffe000 	/System/Library/PrivateFrameworks/ViewBridge.framework/Versions/A/ViewBridge
0x000000014d000000 	/Library/Java/JavaVirtualMachines/liberica-jdk-16-full.jdk/Contents/Home/lib/libjavafx_font.dylib
0x000000019d9fa000 	/System/Library/PrivateFrameworks/login.framework/Versions/A/login
0x000000020e70e000 	/usr/lib/libRosetta.dylib
0x00000001f72b0000 	/System/Library/PrivateFrameworks/AccessibilityBundles.framework/Versions/A/AccessibilityBundles


VM Arguments:
jvm_args: -javaagent:/Applications/IntelliJ IDEA.app/Contents/lib/idea_rt.jar=61500:/Applications/IntelliJ IDEA.app/Contents/bin -Dfile.encoding=UTF-8 --module-path=/Users/louislombard/Documents/Cours/4IF/TRUEAGILE/de/target/classes:/Users/louislombard/.m2/repository/org/openjfx/javafx-controls/15.0.1/javafx-controls-15.0.1.jar:/Users/louislombard/.m2/repository/org/openjfx/javafx-controls/15.0.1/javafx-controls-15.0.1-mac.jar:/Users/louislombard/.m2/repository/org/openjfx/javafx-graphics/15.0.1/javafx-graphics-15.0.1.jar:/Users/louislombard/.m2/repository/org/openjfx/javafx-graphics/15.0.1/javafx-graphics-15.0.1-mac.jar:/Users/louislombard/.m2/repository/org/openjfx/javafx-base/15.0.1/javafx-base-15.0.1.jar:/Users/louislombard/.m2/repository/org/openjfx/javafx-base/15.0.1/javafx-base-15.0.1-mac.jar:/Users/louislombard/.m2/repository/org/openjfx/javafx-fxml/15.0.1/javafx-fxml-15.0.1.jar:/Users/louislombard/.m2/repository/org/openjfx/javafx-fxml/15.0.1/javafx-fxml-15.0.1-mac.jar -Djdk.module.main=org.hexanome 
java_command: org.hexanome/org.hexanome.App
java_class_path (initial): <not set>
Launcher Type: SUN_STANDARD

[Global flags]
     intx CICompilerCount                          = 4                                         {product} {ergonomic}
     uint ConcGCThreads                            = 2                                         {product} {ergonomic}
     uint G1ConcRefinementThreads                  = 8                                         {product} {ergonomic}
   size_t G1HeapRegionSize                         = 2097152                                   {product} {ergonomic}
    uintx GCDrainStackTargetSize                   = 64                                        {product} {ergonomic}
   size_t InitialHeapSize                          = 268435456                                 {product} {ergonomic}
   size_t MarkStackSize                            = 4194304                                   {product} {ergonomic}
   size_t MaxHeapSize                              = 4294967296                                {product} {ergonomic}
   size_t MaxNewSize                               = 2575302656                                {product} {ergonomic}
   size_t MinHeapDeltaBytes                        = 2097152                                   {product} {ergonomic}
   size_t MinHeapSize                              = 8388608                                   {product} {ergonomic}
    uintx NonNMethodCodeHeapSize                   = 5839564                                {pd product} {ergonomic}
    uintx NonProfiledCodeHeapSize                  = 122909338                              {pd product} {ergonomic}
    uintx ProfiledCodeHeapSize                     = 122909338                              {pd product} {ergonomic}
    uintx ReservedCodeCacheSize                    = 251658240                              {pd product} {ergonomic}
     bool SegmentedCodeCache                       = true                                      {product} {ergonomic}
   size_t SoftMaxHeapSize                          = 4294967296                             {manageable} {ergonomic}
     bool UseCompressedClassPointers               = true                           {product lp64_product} {ergonomic}
     bool UseCompressedOops                        = true                           {product lp64_product} {ergonomic}
     bool UseG1GC                                  = true                                      {product} {ergonomic}
     bool UseNUMA                                  = false                                     {product} {ergonomic}
     bool UseNUMAInterleaving                      = false                                     {product} {ergonomic}

Logging:
Log output configuration:
 #0: stdout all=warning uptime,level,tags
 #1: stderr all=off uptime,level,tags

Environment Variables:
PATH=/opt/homebrew/bin:/opt/homebrew/sbin:/usr/local/bin:/usr/bin:/bin:/usr/sbin:/sbin:/Library/Apple/usr/bin
SHELL=/bin/zsh
LC_CTYPE=fr_FR.UTF-8

Signal Handlers:
SIGSEGV: [libjvm.dylib+0x9bfc08], sa_mask[0]=11100110000111110111111111111111, sa_flags=SA_ONSTACK|SA_RESTART|SA_SIGINFO
SIGBUS: [libjvm.dylib+0x9bfc08], sa_mask[0]=11100110000111110111111111111111, sa_flags=SA_RESTART|SA_SIGINFO
SIGFPE: [libjvm.dylib+0x9bfc08], sa_mask[0]=11100110000111110111111111111111, sa_flags=SA_RESTART|SA_SIGINFO
SIGPIPE: [libjvm.dylib+0x8a7170], sa_mask[0]=11100110000111110111111111111111, sa_flags=SA_RESTART|SA_SIGINFO
SIGXFSZ: [libjvm.dylib+0x8a7170], sa_mask[0]=11100110000111110111111111111111, sa_flags=SA_RESTART|SA_SIGINFO
SIGILL: [libjvm.dylib+0x9bfc08], sa_mask[0]=11100110000111110111111111111111, sa_flags=SA_RESTART|SA_SIGINFO
SIGUSR2: [libjvm.dylib+0x8a7ba8], sa_mask[0]=00100000000000000000000000000000, sa_flags=SA_RESTART|SA_SIGINFO
SIGHUP: [libjvm.dylib+0x8a6220], sa_mask[0]=11100110000111110111111111111111, sa_flags=SA_RESTART|SA_SIGINFO
SIGINT: [libjvm.dylib+0x8a6220], sa_mask[0]=11100110000111110111111111111111, sa_flags=SA_RESTART|SA_SIGINFO
SIGTERM: [libjvm.dylib+0x8a6220], sa_mask[0]=11100110000111110111111111111111, sa_flags=SA_RESTART|SA_SIGINFO
SIGQUIT: [libjvm.dylib+0x8a6220], sa_mask[0]=11100110000111110111111111111111, sa_flags=SA_RESTART|SA_SIGINFO
SIGTRAP: [libjvm.dylib+0x9bfc08], sa_mask[0]=11100110000111110111111111111111, sa_flags=SA_RESTART|SA_SIGINFO


---------------  S Y S T E M  ---------------

OS:uname: Darwin 21.1.0 Darwin Kernel Version 21.1.0: Wed Oct 13 17:33:24 PDT 2021; root:xnu-8019.41.5~1/RELEASE_ARM64_T8101 arm64
OS uptime: 3 days 1:35 hours
rlimit (soft/hard): STACK 8176k/65520k , CORE 0k/infinity , NPROC 2666/4000 , NOFILE 10240/infinity , AS infinity/infinity , CPU infinity/infinity , DATA infinity/infinity , FSIZE infinity/infinity , MEMLOCK infinity/infinity , RSS infinity/infinity
load average: 2.81 2.29 2.04

CPU: total 8 (initial active 8) 0x61:0x0:0x1b588bb3:0, simd, crc, lse

Memory: 16k page, physical 16777216k(260608k free), swap 1048576k(1031168k free)

vm_info: OpenJDK 64-Bit Server VM (16.0.2+7) for bsd-aarch64 JRE (16.0.2+7), built on Jul 22 2021 03:27:58 by "bellsoft" with clang Apple LLVM 12.0.0 (clang-1200.0.32.28)

END.
