#
# A fatal error has been detected by the Java Runtime Environment:
#
#  SIGBUS (0xa) at pc=0x000000011048d4f0, pid=4660, tid=36111
#
# JRE version: OpenJDK Runtime Environment (16.0.2+7) (build 16.0.2+7)
# Java VM: OpenJDK 64-Bit Server VM (16.0.2+7, mixed mode, tiered, compressed oops, compressed class ptrs, g1 gc, bsd-aarch64)
# Problematic frame:
# v  ~StubRoutines::SafeFetchN
#
# No core dump will be written. Core dumps have been disabled. To enable core dumping, try "ulimit -c unlimited" before starting Java again
#
# If you would like to submit a bug report, please visit:
#   https://bell-sw.com/support
# The crash happened outside the Java Virtual Machine in native code.
# See problematic frame for where to report the bug.
#

---------------  S U M M A R Y ------------

Command Line: -javaagent:/Applications/IntelliJ IDEA.app/Contents/lib/idea_rt.jar=50675:/Applications/IntelliJ IDEA.app/Contents/bin -Dfile.encoding=UTF-8 --module-path=/Users/louislombard/Documents/Cours/4IF/TRUEAGILE/de/target/classes:/Users/louislombard/.m2/repository/org/openjfx/javafx-controls/17.0.1/javafx-controls-17.0.1.jar:/Users/louislombard/.m2/repository/org/openjfx/javafx-controls/17.0.1/javafx-controls-17.0.1-mac-aarch64.jar:/Users/louislombard/.m2/repository/org/openjfx/javafx-graphics/17.0.1/javafx-graphics-17.0.1.jar:/Users/louislombard/.m2/repository/org/openjfx/javafx-graphics/17.0.1/javafx-graphics-17.0.1-mac-aarch64.jar:/Users/louislombard/.m2/repository/org/openjfx/javafx-fxml/17.0.1/javafx-fxml-17.0.1.jar:/Users/louislombard/.m2/repository/org/openjfx/javafx-fxml/17.0.1/javafx-fxml-17.0.1-mac-aarch64.jar:/Users/louislombard/.m2/repository/com/gluonhq/attach/util/4.0.11/util-4.0.11.jar:/Users/louislombard/.m2/repository/com/gluonhq/attach/storage/4.0.11/storage-4.0.11-desktop.jar:/Users/louislombard/.m2/repository/com/gluonhq/maps/2.0.0-ea+1/maps-2.0.0-ea+1.jar:/Users/louislombard/.m2/repository/org/openjfx/javafx-base/11.0.2/javafx-base-11.0.2.jar:/Users/louislombard/.m2/repository/org/openjfx/javafx-base/11.0.2/javafx-base-11.0.2-mac.jar -Djdk.module.main=org.hexanome org.hexanome/org.hexanome.vue.App

Host: MacBookAir10,1 arm64 1 MHz, 8 cores, 16G, Darwin 21.1.0, macOS 12.0.1 (21A559)
Time: Tue Nov 23 10:00:31 2021 CET elapsed time: 0.566320 seconds (0d 0h 0m 0s)

---------------  T H R E A D  ---------------

Current thread (0x0000000133927400):  JavaThread "InvokeLaterDispatcher" daemon [_thread_in_native, id=36111, stack(0x000000016e478000,0x000000016e67b000)]

Stack: [0x000000016e478000,0x000000016e67b000],  sp=0x000000016e67a7e0,  free space=2057k
Native frames: (J=compiled Java code, A=aot compiled Java code, j=interpreted, Vv=VM code, C=native code)
v  ~StubRoutines::SafeFetchN
V  [libjvm.dylib+0x789a7c]  _ZN10OopStorage7releaseEPKP7oopDesc+0x20
V  [libjvm.dylib+0x49b370]  jni_DeleteGlobalRef+0xf0
C  [libglass.dylib+0xa7f4]  -[GlassRunnable dealloc]+0x34
C  [Foundation+0x85e0c]  -[_NSThreadPerformInfo dealloc]+0x30
C  [Foundation+0x525e8]  -[NSObject(NSThreadPerformAdditions) performSelectorOnMainThread:withObject:waitUntilDone:]+0x88
C  0x067e800117fc93cc
J 1482 c1 com.sun.glass.ui.mac.MacApplication.submitForLaterInvocation(Ljava/lang/Runnable;)V javafx.graphics@16.0.2 (6 bytes) @ 0x0000000110ca66d8 [0x0000000110ca6640+0x0000000000000098]
C  0x00000006ce802e20

Java frames: (J=compiled Java code, j=interpreted, Vv=VM code)
J 1487  com.sun.glass.ui.mac.MacApplication._submitForLaterInvocation(Ljava/lang/Runnable;)V javafx.graphics@16.0.2 (0 bytes) @ 0x0000000117fc93cc [0x0000000117fc9340+0x000000000000008c]
J 1482 c1 com.sun.glass.ui.mac.MacApplication.submitForLaterInvocation(Ljava/lang/Runnable;)V javafx.graphics@16.0.2 (6 bytes) @ 0x0000000110ca66d8 [0x0000000110ca6640+0x0000000000000098]
j  com.sun.glass.ui.InvokeLaterDispatcher.run()V+82 javafx.graphics@16.0.2
v  ~StubRoutines::call_stub

siginfo: si_signo: 10 (SIGBUS), si_code: 1 (BUS_ADRALN), si_addr: 0x000000011048d4f0

Register to memory mapping:

 x0=0x000000013360a3c8 is a global jni handle
 x1=0x0 is NULL
 x2=0x0 is NULL
 x3=0x0 is NULL
 x4=0x0 is NULL
 x5=0x0 is NULL
 x6=0x0 is NULL
 x7=0x0 is NULL
 x8=0x000000011048d4ec is at begin+0 in a stub
StubRoutines::SafeFetchN [0x000000011048d4ec, 0x000000011048d4f8] (12 bytes)
 x9=0x0 is NULL
x10=0x2010000030300000 is an unknown value
x11=0x0000000000000007 is an unknown value
x12=0x0 is NULL
x13=0x0000600002a6c1f0 points into unknown readable memory: 0x0000000000000000 | 00 00 00 00 00 00 00 00
x14=0x0000000000000001 is an unknown value
x15=0x00000001244d1f90: OBJC_CLASS_$_GlassRunnable+0 in /Library/Java/JavaVirtualMachines/liberica-jdk-16-full.jdk/Contents/Home/lib/libglass.dylib at 0x000000012448c000
x16=0x00000001b25ec340: pthread_getspecific+0 in /usr/lib/system/libsystem_pthread.dylib at 0x00000001b25ea000
x17=0x0000600000a44150 points into unknown readable memory: 0x0000000000000000 | 00 00 00 00 00 00 00 00
x18=0x0 is NULL
x19=0x0000600002f78000 points into unknown readable memory: 0x000060000067c130 | 30 c1 67 00 00 60 00 00
x20=0x000000013360a1c0 points into unknown readable memory: 0xa5861e2e53b4fdfc | fc fd b4 53 2e 1e 86 a5
x21=0x000000013360a3c8 is a global jni handle
x22=0x0000000133927400 is a thread
x23=0x0000000000000001 is an unknown value
x24=0x000000013360a380 is a global jni handle
x25=0x00000001064c5938: _ZN12StubRoutines17_safefetchN_entryE+0 in /Library/Java/JavaVirtualMachines/liberica-jdk-16-full.jdk/Contents/Home/lib/server/libjvm.dylib at 0x0000000105908000
x26=0x00000001328bf7e0 is pointing into metadata
x27=0x0 is NULL
x28=0x0000000133927400 is a thread


Registers:
 x0=0x000000013360a3c8  x1=0x0000000000000000  x2=0x0000000000000000  x3=0x0000000000000000
 x4=0x0000000000000000  x5=0x0000000000000000  x6=0x0000000000000000  x7=0x0000000000000000
 x8=0x000000011048d4ec  x9=0x0000000000000000 x10=0x2010000030300000 x11=0x0000000000000007
x12=0x0000000000000000 x13=0x0000600002a6c1f0 x14=0x0000000000000001 x15=0x00000001244d1f90
x16=0x00000001b25ec340 x17=0x0000600000a44150 x18=0x0000000000000000 x19=0x0000600002f78000
x20=0x000000013360a1c0 x21=0x000000013360a3c8 x22=0x0000000133927400 x23=0x0000000000000001
x24=0x000000013360a380 x25=0x00000001064c5938 x26=0x00000001328bf7e0 x27=0x0000000000000000
x28=0x0000000133927400  fp=0x000000016e67a820  lr=0x0000000106090a24  sp=0x000000016e67a7e0
pc=0x000000011048d4f0 cpsr=0x0000000060001000
Top of Stack: (sp=0x000000016e67a7e0)
0x000000016e67a7e0:   00000001328bf7e0 0000000000000001
0x000000016e67a7f0:   00000003000f6e18 000000013518c600
0x000000016e67a800:   000000013518c908 000000013360a3b8
0x000000016e67a810:   000000013360a3b8 0000600002f78000
0x000000016e67a820:   000000016e67a860 0000000106091a7c
0x000000016e67a830:   000000013518c600 000000013360a3b8
0x000000016e67a840:   000000013518c908 000000013360a3b8
0x000000016e67a850:   000000013518c600 0000000000000001
0x000000016e67a860:   000000016e67a8a0 0000000105da3370
0x000000016e67a870:   00000003000f6e18 0000600000736690
0x000000016e67a880:   0000600000736590 00000001fc8199f4
0x000000016e67a890:   0000000000000000 0000600000736590
0x000000016e67a8a0:   000000016e67a8d0 00000001244967f4
0x000000016e67a8b0:   813af8b5550700b0 0000000000000000
0x000000016e67a8c0:   0000000000000000 00006000011e3e40
0x000000016e67a8d0:   000000016e67a910 00000001b35b4e0c
0x000000016e67a8e0:   00000003000f6e18 0000600000736690
0x000000016e67a8f0:   0000600000736590 813af8b5550700b0
0x000000016e67a900:   0000000000000000 0000000000000000
0x000000016e67a910:   000000016e67a950 206f8001b35815e8
0x000000016e67a920:   00000003000f6e18 0000000110494a00
0x000000016e67a930:   00000001328bf71a 00000001064cd198
0x000000016e67a940:   000000016e67aa30 00000000000000b9
0x000000016e67a950:   000000016e67a9b0 067e800117fc93cc
0x000000016e67a960:   00000006ce950168 00000006cfcbb768
0x000000016e67a970:   000000016e67aad8 00000001b25f8530
0x000000016e67a980:   0000000133927400 00000001064aa480
0x000000016e67a990:   000000016e67aa40 0000000000000001
0x000000016e67a9a0:   000000016e67a9e0 00000006ce9500f8
0x000000016e67a9b0:   000000016e67aaa0 0000000110ca66d8
0x000000016e67a9c0:   00000006cfcbb768 00000006cf94d338
0x000000016e67a9d0:   000000016e67aa38 00000000000000b6 

Instructions: (pc=0x000000011048d4f0)
0x000000011048d3f0:   f2a0c929 f2c00029 6d425935 1e640886
0x000000011048d400:   0c402d31 1e6408c7 1f5654d0 1e6c1017
0x000000011048d410:   1f5050d0 1f504cd0 1f5048d0 1e650af6
0x000000011048d420:   1f50d8f6 1f5694d6 1f5158f6 1e762880
0x000000011048d430:   36000501 1e614000 14000026 2e251ca5
0x000000011048d440:   d2863009 f2a0c929 f2c00029 6d425d36
0x000000011048d450:   1e600806 0c402d32 1f5758c7 1e6c101a
0x000000011048d460:   1f4754c7 1e650805 1f4750c7 d2866668
0x000000011048d470:   f2a7fa68 1f474cc7 1e6608c0 1f4748c7
0x000000011048d480:   1e6e1019 eb08007f 540000ac 1f479400
0x000000011048d490:   1f460340 1e603b20 1400000e d2a7fd29
0x000000011048d4a0:   eb09007f 540000ac 51480069 d3607d29
0x000000011048d4b0:   9e670121 14000002 1e6a5001 1f679417
0x000000011048d4c0:   1f668742 1e613b23 1e773857 1e773860
0x000000011048d4d0:   a8c17ff3 910003bf a8c17bfd d65f03c0
0x000000011048d4e0:   b9400001 aa0103e0 d65f03c0 f9400001
0x000000011048d4f0:   aa0103e0 d65f03c0 00000000 00000000
0x000000011048d500:   00000000 00000000 00000000 00000000
0x000000011048d510:   00000000 00000000 00000000 00000000
0x000000011048d520:   00000000 00000000 00000000 00000000
0x000000011048d530:   00000000 00000000 00000000 00000000
0x000000011048d540:   00000000 00000000 00000000 00000000
0x000000011048d550:   00000000 00000000 00000000 00000000
0x000000011048d560:   00000000 00000000 00000000 00000000
0x000000011048d570:   00000000 00000000 00000000 00000000
0x000000011048d580:   00000000 00000000 00000000 00000000
0x000000011048d590:   00000000 00000000 00000000 00000000
0x000000011048d5a0:   00000000 00000000 00000000 00000000
0x000000011048d5b0:   00000000 00000000 00000000 00000000
0x000000011048d5c0:   00000000 00000000 00000000 00000000
0x000000011048d5d0:   00000000 00000000 00000000 00000000
0x000000011048d5e0:   00000000 00000000 00000000 00000000 


Stack slot to memory mapping:
stack at sp + 0 slots: 0x00000001328bf7e0 is pointing into metadata
stack at sp + 1 slots: 0x0000000000000001 is an unknown value
stack at sp + 2 slots: 0x00000003000f6e18 is a pointer to class: 
com.sun.glass.ui.mac.MacApplication {0x00000003000f6e18}
stack at sp + 3 slots: 0x000000013518c600 is a thread
stack at sp + 4 slots: 0x000000013518c908 points into unknown readable memory: 0x0000000106481e00 | 00 1e 48 06 01 00 00 00
stack at sp + 5 slots: 0x000000013360a3b8 is a global jni handle
stack at sp + 6 slots: 0x000000013360a3b8 is a global jni handle
stack at sp + 7 slots: 0x0000600002f78000 points into unknown readable memory: 0x000060000067c130 | 30 c1 67 00 00 60 00 00

StubRoutines::SafeFetchN [0x000000011048d4ec, 0x000000011048d4f8] (12 bytes)
[MachCode]
  0x000000011048d4ec: 0100 40f9 | e003 01aa | c003 5fd6 
[/MachCode]

---------------  P R O C E S S  ---------------

Threads class SMR info:
_java_thread_list=0x00006000004d08a0, length=23, elements={
0x0000000135808a00, 0x000000013384f800, 0x0000000133852000, 0x0000000134017000,
0x000000013400a400, 0x00000001358de000, 0x00000001358de600, 0x0000000133851600,
0x000000013384fe00, 0x000000013400aa00, 0x0000000134061800, 0x00000001358e1200,
0x0000000134061e00, 0x000000013406d400, 0x0000000133927400, 0x000000013518c600,
0x0000000133936200, 0x0000000135162600, 0x0000000133988600, 0x00000001359a7000,
0x00000001359a6200, 0x0000000133935a00, 0x00000001340f5e00
}

Java Threads: ( => current thread )
  0x0000000135808a00 JavaThread "main" [_thread_blocked, id=6147, stack(0x000000016b864000,0x000000016ba67000)]
  0x000000013384f800 JavaThread "Reference Handler" daemon [_thread_blocked, id=15363, stack(0x000000016c6b8000,0x000000016c8bb000)]
  0x0000000133852000 JavaThread "Finalizer" daemon [_thread_blocked, id=15875, stack(0x000000016c8c4000,0x000000016cac7000)]
  0x0000000134017000 JavaThread "Signal Dispatcher" daemon [_thread_blocked, id=42755, stack(0x000000016cbe8000,0x000000016cdeb000)]
  0x000000013400a400 JavaThread "Service Thread" daemon [_thread_blocked, id=22787, stack(0x000000016cdf4000,0x000000016cff7000)]
  0x00000001358de000 JavaThread "Monitor Deflation Thread" daemon [_thread_blocked, id=23299, stack(0x000000016d000000,0x000000016d203000)]
  0x00000001358de600 JavaThread "C2 CompilerThread0" daemon [_thread_in_native, id=42499, stack(0x000000016d20c000,0x000000016d40f000)]
  0x0000000133851600 JavaThread "C1 CompilerThread0" daemon [_thread_blocked, id=24067, stack(0x000000016d418000,0x000000016d61b000)]
  0x000000013384fe00 JavaThread "Sweeper thread" daemon [_thread_blocked, id=24323, stack(0x000000016d624000,0x000000016d827000)]
  0x000000013400aa00 JavaThread "Common-Cleaner" daemon [_thread_blocked, id=24579, stack(0x000000016d830000,0x000000016da33000)]
  0x0000000134061800 JavaThread "C2 CompilerThread1" daemon [_thread_in_native, id=41731, stack(0x000000016da3c000,0x000000016dc3f000)]
  0x00000001358e1200 JavaThread "Monitor Ctrl-Break" daemon [_thread_in_native, id=41219, stack(0x000000016dc48000,0x000000016de4b000)]
  0x0000000134061e00 JavaThread "Notification Thread" daemon [_thread_blocked, id=25091, stack(0x000000016de54000,0x000000016e057000)]
  0x000000013406d400 JavaThread "QuantumRenderer-0" daemon [_thread_blocked, id=25603, stack(0x000000016e26c000,0x000000016e46f000)]
=>0x0000000133927400 JavaThread "InvokeLaterDispatcher" daemon [_thread_in_native, id=36111, stack(0x000000016e478000,0x000000016e67b000)]
  0x000000013518c600 JavaThread "JavaFX Application Thread" [_thread_in_vm, id=259, stack(0x000000016afdc000,0x000000016b7d8000)]
  0x0000000133936200 JavaThread "PulseTimer-CVDisplayLink thread" daemon [_thread_in_native, id=78083, stack(0x000000016e684000,0x000000016e707000)]
  0x0000000135162600 JavaThread "JavaFX-Launcher" [_thread_blocked, id=75523, stack(0x000000016e9a8000,0x000000016ebab000)]
  0x0000000133988600 JavaThread "TileType CacheImagesThread" daemon [_thread_blocked, id=57095, stack(0x000000016ebb4000,0x000000016edb7000)]
  0x00000001359a7000 JavaThread "Thread-5" [_thread_blocked, id=72963, stack(0x000000016edc0000,0x000000016efc3000)]
  0x00000001359a6200 JavaThread "Thread-6" [_thread_blocked, id=57347, stack(0x000000016efcc000,0x000000016f1cf000)]
  0x0000000133935a00 JavaThread "Thread-7" [_thread_blocked, id=72451, stack(0x000000016f1d8000,0x000000016f3db000)]
  0x00000001340f5e00 JavaThread "Thread-8" [_thread_blocked, id=57859, stack(0x000000016f3e4000,0x000000016f5e7000)]

Other Threads:
  0x0000000126604b80 VMThread "VM Thread" [stack: 0x000000016c4ac000,0x000000016c6af000] [id=14851]
  0x0000000126621d00 WatcherThread [stack: 0x000000016e060000,0x000000016e263000] [id=40451]
  0x00000001348069a0 GCTaskThread "GC Thread#0" [stack: 0x000000016ba70000,0x000000016bc73000] [id=20739]
  0x000000012450ae50 GCTaskThread "GC Thread#1" [stack: 0x000000016f5f0000,0x000000016f7f3000] [id=59175]
  0x000000012450b330 GCTaskThread "GC Thread#2" [stack: 0x000000016f7fc000,0x000000016f9ff000] [id=71171]
  0x00000001054069a0 GCTaskThread "GC Thread#3" [stack: 0x000000016fa08000,0x000000016fc0b000] [id=70915]
  0x000000012450bc00 GCTaskThread "GC Thread#4" [stack: 0x000000016fc14000,0x000000016fe17000] [id=70659]
  0x000000012450c4d0 GCTaskThread "GC Thread#5" [stack: 0x0000000288004000,0x0000000288207000] [id=60163]
  0x000000012450cda0 GCTaskThread "GC Thread#6" [stack: 0x0000000288210000,0x0000000288413000] [id=60419]
  0x000000012450d670 GCTaskThread "GC Thread#7" [stack: 0x000000028841c000,0x000000028861f000] [id=69635]
  0x00000001348070b0 ConcurrentGCThread "G1 Main Marker" [stack: 0x000000016bc7c000,0x000000016be7f000] [id=20227]
  0x0000000134807990 ConcurrentGCThread "G1 Conc#0" [stack: 0x000000016be88000,0x000000016c08b000] [id=19715]
  0x00000001337042c0 ConcurrentGCThread "G1 Refine#0" [stack: 0x000000016c094000,0x000000016c297000] [id=13827]
  0x00000001336056b0 ConcurrentGCThread "G1 Service" [stack: 0x000000016c2a0000,0x000000016c4a3000] [id=18947]

Threads with active compile tasks:
C2 CompilerThread0      569 1012       4       jdk.internal.org.objectweb.asm.Frame::execute (2305 bytes)
C2 CompilerThread1      569 1243       4       sun.util.locale.BaseLocale::getInstance (186 bytes)

VM state: not at safepoint (normal execution)

VM Mutex/Monitor currently owned by a thread: None

Heap address: 0x00000006c0000000, size: 4096 MB, Compressed Oops mode: Zero based, Oop shift amount: 3

Compressed class space mapped at: 0x0000000300000000-0x0000000340000000, reserved size: 1073741824
Narrow klass base: 0x0000000000000000, Narrow klass shift: 3, Narrow klass range: 0x340000000

GC Precious Log:
 CPUs: 8 total, 8 available
 Memory: 16384M
 Large Page Support: Disabled
 NUMA Support: Disabled
 Compressed Oops: Enabled (Zero based)
 Heap Region Size: 2M
 Heap Min Capacity: 8M
 Heap Initial Capacity: 256M
 Heap Max Capacity: 4G
 Pre-touch: Disabled
 Parallel Workers: 8
 Concurrent Workers: 2
 Concurrent Refinement Workers: 8
 Periodic GC: Disabled

Heap:
 garbage-first heap   total 262144K, used 10307K [0x00000006c0000000, 0x00000007c0000000)
  region size 2048K, 7 young (14336K), 2 survivors (4096K)
 Metaspace       used 19940K, committed 20352K, reserved 1073152K
  class space    used 2328K, committed 2496K, reserved 1048576K

Heap Regions: E=young(eden), S=young(survivor), O=old, HS=humongous(starts), HC=humongous(continues), CS=collection set, F=free, OA=open archive, CA=closed archive, TAMS=top-at-mark-start (previous, next)
|   0|0x00000006c0000000, 0x00000006c0010c00, 0x00000006c0200000|  3%| O|  |TAMS 0x00000006c0000000, 0x00000006c0000000| Untracked 
|   1|0x00000006c0200000, 0x00000006c0200000, 0x00000006c0400000|  0%| F|  |TAMS 0x00000006c0200000, 0x00000006c0200000| Untracked 
|   2|0x00000006c0400000, 0x00000006c0400000, 0x00000006c0600000|  0%| F|  |TAMS 0x00000006c0400000, 0x00000006c0400000| Untracked 
|   3|0x00000006c0600000, 0x00000006c0600000, 0x00000006c0800000|  0%| F|  |TAMS 0x00000006c0600000, 0x00000006c0600000| Untracked 
|   4|0x00000006c0800000, 0x00000006c0800000, 0x00000006c0a00000|  0%| F|  |TAMS 0x00000006c0800000, 0x00000006c0800000| Untracked 
|   5|0x00000006c0a00000, 0x00000006c0a00000, 0x00000006c0c00000|  0%| F|  |TAMS 0x00000006c0a00000, 0x00000006c0a00000| Untracked 
|   6|0x00000006c0c00000, 0x00000006c0c00000, 0x00000006c0e00000|  0%| F|  |TAMS 0x00000006c0c00000, 0x00000006c0c00000| Untracked 
|   7|0x00000006c0e00000, 0x00000006c0e00000, 0x00000006c1000000|  0%| F|  |TAMS 0x00000006c0e00000, 0x00000006c0e00000| Untracked 
|   8|0x00000006c1000000, 0x00000006c1000000, 0x00000006c1200000|  0%| F|  |TAMS 0x00000006c1000000, 0x00000006c1000000| Untracked 
|   9|0x00000006c1200000, 0x00000006c1200000, 0x00000006c1400000|  0%| F|  |TAMS 0x00000006c1200000, 0x00000006c1200000| Untracked 
|  10|0x00000006c1400000, 0x00000006c1400000, 0x00000006c1600000|  0%| F|  |TAMS 0x00000006c1400000, 0x00000006c1400000| Untracked 
|  11|0x00000006c1600000, 0x00000006c1600000, 0x00000006c1800000|  0%| F|  |TAMS 0x00000006c1600000, 0x00000006c1600000| Untracked 
|  12|0x00000006c1800000, 0x00000006c1800000, 0x00000006c1a00000|  0%| F|  |TAMS 0x00000006c1800000, 0x00000006c1800000| Untracked 
|  13|0x00000006c1a00000, 0x00000006c1a00000, 0x00000006c1c00000|  0%| F|  |TAMS 0x00000006c1a00000, 0x00000006c1a00000| Untracked 
|  14|0x00000006c1c00000, 0x00000006c1c00000, 0x00000006c1e00000|  0%| F|  |TAMS 0x00000006c1c00000, 0x00000006c1c00000| Untracked 
|  15|0x00000006c1e00000, 0x00000006c1e00000, 0x00000006c2000000|  0%| F|  |TAMS 0x00000006c1e00000, 0x00000006c1e00000| Untracked 
|  16|0x00000006c2000000, 0x00000006c2000000, 0x00000006c2200000|  0%| F|  |TAMS 0x00000006c2000000, 0x00000006c2000000| Untracked 
|  17|0x00000006c2200000, 0x00000006c2200000, 0x00000006c2400000|  0%| F|  |TAMS 0x00000006c2200000, 0x00000006c2200000| Untracked 
|  18|0x00000006c2400000, 0x00000006c2400000, 0x00000006c2600000|  0%| F|  |TAMS 0x00000006c2400000, 0x00000006c2400000| Untracked 
|  19|0x00000006c2600000, 0x00000006c2600000, 0x00000006c2800000|  0%| F|  |TAMS 0x00000006c2600000, 0x00000006c2600000| Untracked 
|  20|0x00000006c2800000, 0x00000006c2800000, 0x00000006c2a00000|  0%| F|  |TAMS 0x00000006c2800000, 0x00000006c2800000| Untracked 
|  21|0x00000006c2a00000, 0x00000006c2a00000, 0x00000006c2c00000|  0%| F|  |TAMS 0x00000006c2a00000, 0x00000006c2a00000| Untracked 
|  22|0x00000006c2c00000, 0x00000006c2c00000, 0x00000006c2e00000|  0%| F|  |TAMS 0x00000006c2c00000, 0x00000006c2c00000| Untracked 
|  23|0x00000006c2e00000, 0x00000006c2e00000, 0x00000006c3000000|  0%| F|  |TAMS 0x00000006c2e00000, 0x00000006c2e00000| Untracked 
|  24|0x00000006c3000000, 0x00000006c3000000, 0x00000006c3200000|  0%| F|  |TAMS 0x00000006c3000000, 0x00000006c3000000| Untracked 
|  25|0x00000006c3200000, 0x00000006c3200000, 0x00000006c3400000|  0%| F|  |TAMS 0x00000006c3200000, 0x00000006c3200000| Untracked 
|  26|0x00000006c3400000, 0x00000006c3400000, 0x00000006c3600000|  0%| F|  |TAMS 0x00000006c3400000, 0x00000006c3400000| Untracked 
|  27|0x00000006c3600000, 0x00000006c3600000, 0x00000006c3800000|  0%| F|  |TAMS 0x00000006c3600000, 0x00000006c3600000| Untracked 
|  28|0x00000006c3800000, 0x00000006c3800000, 0x00000006c3a00000|  0%| F|  |TAMS 0x00000006c3800000, 0x00000006c3800000| Untracked 
|  29|0x00000006c3a00000, 0x00000006c3a00000, 0x00000006c3c00000|  0%| F|  |TAMS 0x00000006c3a00000, 0x00000006c3a00000| Untracked 
|  30|0x00000006c3c00000, 0x00000006c3c00000, 0x00000006c3e00000|  0%| F|  |TAMS 0x00000006c3c00000, 0x00000006c3c00000| Untracked 
|  31|0x00000006c3e00000, 0x00000006c3e00000, 0x00000006c4000000|  0%| F|  |TAMS 0x00000006c3e00000, 0x00000006c3e00000| Untracked 
|  32|0x00000006c4000000, 0x00000006c4000000, 0x00000006c4200000|  0%| F|  |TAMS 0x00000006c4000000, 0x00000006c4000000| Untracked 
|  33|0x00000006c4200000, 0x00000006c4200000, 0x00000006c4400000|  0%| F|  |TAMS 0x00000006c4200000, 0x00000006c4200000| Untracked 
|  34|0x00000006c4400000, 0x00000006c4400000, 0x00000006c4600000|  0%| F|  |TAMS 0x00000006c4400000, 0x00000006c4400000| Untracked 
|  35|0x00000006c4600000, 0x00000006c4600000, 0x00000006c4800000|  0%| F|  |TAMS 0x00000006c4600000, 0x00000006c4600000| Untracked 
|  36|0x00000006c4800000, 0x00000006c4800000, 0x00000006c4a00000|  0%| F|  |TAMS 0x00000006c4800000, 0x00000006c4800000| Untracked 
|  37|0x00000006c4a00000, 0x00000006c4a00000, 0x00000006c4c00000|  0%| F|  |TAMS 0x00000006c4a00000, 0x00000006c4a00000| Untracked 
|  38|0x00000006c4c00000, 0x00000006c4c00000, 0x00000006c4e00000|  0%| F|  |TAMS 0x00000006c4c00000, 0x00000006c4c00000| Untracked 
|  39|0x00000006c4e00000, 0x00000006c4e00000, 0x00000006c5000000|  0%| F|  |TAMS 0x00000006c4e00000, 0x00000006c4e00000| Untracked 
|  40|0x00000006c5000000, 0x00000006c5000000, 0x00000006c5200000|  0%| F|  |TAMS 0x00000006c5000000, 0x00000006c5000000| Untracked 
|  41|0x00000006c5200000, 0x00000006c5200000, 0x00000006c5400000|  0%| F|  |TAMS 0x00000006c5200000, 0x00000006c5200000| Untracked 
|  42|0x00000006c5400000, 0x00000006c5400000, 0x00000006c5600000|  0%| F|  |TAMS 0x00000006c5400000, 0x00000006c5400000| Untracked 
|  43|0x00000006c5600000, 0x00000006c5600000, 0x00000006c5800000|  0%| F|  |TAMS 0x00000006c5600000, 0x00000006c5600000| Untracked 
|  44|0x00000006c5800000, 0x00000006c5800000, 0x00000006c5a00000|  0%| F|  |TAMS 0x00000006c5800000, 0x00000006c5800000| Untracked 
|  45|0x00000006c5a00000, 0x00000006c5a00000, 0x00000006c5c00000|  0%| F|  |TAMS 0x00000006c5a00000, 0x00000006c5a00000| Untracked 
|  46|0x00000006c5c00000, 0x00000006c5c00000, 0x00000006c5e00000|  0%| F|  |TAMS 0x00000006c5c00000, 0x00000006c5c00000| Untracked 
|  47|0x00000006c5e00000, 0x00000006c5e00000, 0x00000006c6000000|  0%| F|  |TAMS 0x00000006c5e00000, 0x00000006c5e00000| Untracked 
|  48|0x00000006c6000000, 0x00000006c6000000, 0x00000006c6200000|  0%| F|  |TAMS 0x00000006c6000000, 0x00000006c6000000| Untracked 
|  49|0x00000006c6200000, 0x00000006c6200000, 0x00000006c6400000|  0%| F|  |TAMS 0x00000006c6200000, 0x00000006c6200000| Untracked 
|  50|0x00000006c6400000, 0x00000006c6400000, 0x00000006c6600000|  0%| F|  |TAMS 0x00000006c6400000, 0x00000006c6400000| Untracked 
|  51|0x00000006c6600000, 0x00000006c6600000, 0x00000006c6800000|  0%| F|  |TAMS 0x00000006c6600000, 0x00000006c6600000| Untracked 
|  52|0x00000006c6800000, 0x00000006c6800000, 0x00000006c6a00000|  0%| F|  |TAMS 0x00000006c6800000, 0x00000006c6800000| Untracked 
|  53|0x00000006c6a00000, 0x00000006c6a00000, 0x00000006c6c00000|  0%| F|  |TAMS 0x00000006c6a00000, 0x00000006c6a00000| Untracked 
|  54|0x00000006c6c00000, 0x00000006c6c00000, 0x00000006c6e00000|  0%| F|  |TAMS 0x00000006c6c00000, 0x00000006c6c00000| Untracked 
|  55|0x00000006c6e00000, 0x00000006c6e00000, 0x00000006c7000000|  0%| F|  |TAMS 0x00000006c6e00000, 0x00000006c6e00000| Untracked 
|  56|0x00000006c7000000, 0x00000006c7000000, 0x00000006c7200000|  0%| F|  |TAMS 0x00000006c7000000, 0x00000006c7000000| Untracked 
|  57|0x00000006c7200000, 0x00000006c7200000, 0x00000006c7400000|  0%| F|  |TAMS 0x00000006c7200000, 0x00000006c7200000| Untracked 
|  58|0x00000006c7400000, 0x00000006c7400000, 0x00000006c7600000|  0%| F|  |TAMS 0x00000006c7400000, 0x00000006c7400000| Untracked 
|  59|0x00000006c7600000, 0x00000006c7600000, 0x00000006c7800000|  0%| F|  |TAMS 0x00000006c7600000, 0x00000006c7600000| Untracked 
|  60|0x00000006c7800000, 0x00000006c7800000, 0x00000006c7a00000|  0%| F|  |TAMS 0x00000006c7800000, 0x00000006c7800000| Untracked 
|  61|0x00000006c7a00000, 0x00000006c7a00000, 0x00000006c7c00000|  0%| F|  |TAMS 0x00000006c7a00000, 0x00000006c7a00000| Untracked 
|  62|0x00000006c7c00000, 0x00000006c7c00000, 0x00000006c7e00000|  0%| F|  |TAMS 0x00000006c7c00000, 0x00000006c7c00000| Untracked 
|  63|0x00000006c7e00000, 0x00000006c7e00000, 0x00000006c8000000|  0%| F|  |TAMS 0x00000006c7e00000, 0x00000006c7e00000| Untracked 
|  64|0x00000006c8000000, 0x00000006c8000000, 0x00000006c8200000|  0%| F|  |TAMS 0x00000006c8000000, 0x00000006c8000000| Untracked 
|  65|0x00000006c8200000, 0x00000006c8200000, 0x00000006c8400000|  0%| F|  |TAMS 0x00000006c8200000, 0x00000006c8200000| Untracked 
|  66|0x00000006c8400000, 0x00000006c8400000, 0x00000006c8600000|  0%| F|  |TAMS 0x00000006c8400000, 0x00000006c8400000| Untracked 
|  67|0x00000006c8600000, 0x00000006c8600000, 0x00000006c8800000|  0%| F|  |TAMS 0x00000006c8600000, 0x00000006c8600000| Untracked 
|  68|0x00000006c8800000, 0x00000006c8800000, 0x00000006c8a00000|  0%| F|  |TAMS 0x00000006c8800000, 0x00000006c8800000| Untracked 
|  69|0x00000006c8a00000, 0x00000006c8a00000, 0x00000006c8c00000|  0%| F|  |TAMS 0x00000006c8a00000, 0x00000006c8a00000| Untracked 
|  70|0x00000006c8c00000, 0x00000006c8c00000, 0x00000006c8e00000|  0%| F|  |TAMS 0x00000006c8c00000, 0x00000006c8c00000| Untracked 
|  71|0x00000006c8e00000, 0x00000006c8e00000, 0x00000006c9000000|  0%| F|  |TAMS 0x00000006c8e00000, 0x00000006c8e00000| Untracked 
|  72|0x00000006c9000000, 0x00000006c9000000, 0x00000006c9200000|  0%| F|  |TAMS 0x00000006c9000000, 0x00000006c9000000| Untracked 
|  73|0x00000006c9200000, 0x00000006c9200000, 0x00000006c9400000|  0%| F|  |TAMS 0x00000006c9200000, 0x00000006c9200000| Untracked 
|  74|0x00000006c9400000, 0x00000006c9400000, 0x00000006c9600000|  0%| F|  |TAMS 0x00000006c9400000, 0x00000006c9400000| Untracked 
|  75|0x00000006c9600000, 0x00000006c9600000, 0x00000006c9800000|  0%| F|  |TAMS 0x00000006c9600000, 0x00000006c9600000| Untracked 
|  76|0x00000006c9800000, 0x00000006c9800000, 0x00000006c9a00000|  0%| F|  |TAMS 0x00000006c9800000, 0x00000006c9800000| Untracked 
|  77|0x00000006c9a00000, 0x00000006c9a00000, 0x00000006c9c00000|  0%| F|  |TAMS 0x00000006c9a00000, 0x00000006c9a00000| Untracked 
|  78|0x00000006c9c00000, 0x00000006c9c00000, 0x00000006c9e00000|  0%| F|  |TAMS 0x00000006c9c00000, 0x00000006c9c00000| Untracked 
|  79|0x00000006c9e00000, 0x00000006c9e00000, 0x00000006ca000000|  0%| F|  |TAMS 0x00000006c9e00000, 0x00000006c9e00000| Untracked 
|  80|0x00000006ca000000, 0x00000006ca000000, 0x00000006ca200000|  0%| F|  |TAMS 0x00000006ca000000, 0x00000006ca000000| Untracked 
|  81|0x00000006ca200000, 0x00000006ca200000, 0x00000006ca400000|  0%| F|  |TAMS 0x00000006ca200000, 0x00000006ca200000| Untracked 
|  82|0x00000006ca400000, 0x00000006ca400000, 0x00000006ca600000|  0%| F|  |TAMS 0x00000006ca400000, 0x00000006ca400000| Untracked 
|  83|0x00000006ca600000, 0x00000006ca600000, 0x00000006ca800000|  0%| F|  |TAMS 0x00000006ca600000, 0x00000006ca600000| Untracked 
|  84|0x00000006ca800000, 0x00000006ca800000, 0x00000006caa00000|  0%| F|  |TAMS 0x00000006ca800000, 0x00000006ca800000| Untracked 
|  85|0x00000006caa00000, 0x00000006caa00000, 0x00000006cac00000|  0%| F|  |TAMS 0x00000006caa00000, 0x00000006caa00000| Untracked 
|  86|0x00000006cac00000, 0x00000006cac00000, 0x00000006cae00000|  0%| F|  |TAMS 0x00000006cac00000, 0x00000006cac00000| Untracked 
|  87|0x00000006cae00000, 0x00000006cae00000, 0x00000006cb000000|  0%| F|  |TAMS 0x00000006cae00000, 0x00000006cae00000| Untracked 
|  88|0x00000006cb000000, 0x00000006cb000000, 0x00000006cb200000|  0%| F|  |TAMS 0x00000006cb000000, 0x00000006cb000000| Untracked 
|  89|0x00000006cb200000, 0x00000006cb200000, 0x00000006cb400000|  0%| F|  |TAMS 0x00000006cb200000, 0x00000006cb200000| Untracked 
|  90|0x00000006cb400000, 0x00000006cb400000, 0x00000006cb600000|  0%| F|  |TAMS 0x00000006cb400000, 0x00000006cb400000| Untracked 
|  91|0x00000006cb600000, 0x00000006cb600000, 0x00000006cb800000|  0%| F|  |TAMS 0x00000006cb600000, 0x00000006cb600000| Untracked 
|  92|0x00000006cb800000, 0x00000006cb800000, 0x00000006cba00000|  0%| F|  |TAMS 0x00000006cb800000, 0x00000006cb800000| Untracked 
|  93|0x00000006cba00000, 0x00000006cba00000, 0x00000006cbc00000|  0%| F|  |TAMS 0x00000006cba00000, 0x00000006cba00000| Untracked 
|  94|0x00000006cbc00000, 0x00000006cbc00000, 0x00000006cbe00000|  0%| F|  |TAMS 0x00000006cbc00000, 0x00000006cbc00000| Untracked 
|  95|0x00000006cbe00000, 0x00000006cbe00000, 0x00000006cc000000|  0%| F|  |TAMS 0x00000006cbe00000, 0x00000006cbe00000| Untracked 
|  96|0x00000006cc000000, 0x00000006cc000000, 0x00000006cc200000|  0%| F|  |TAMS 0x00000006cc000000, 0x00000006cc000000| Untracked 
|  97|0x00000006cc200000, 0x00000006cc200000, 0x00000006cc400000|  0%| F|  |TAMS 0x00000006cc200000, 0x00000006cc200000| Untracked 
|  98|0x00000006cc400000, 0x00000006cc400000, 0x00000006cc600000|  0%| F|  |TAMS 0x00000006cc400000, 0x00000006cc400000| Untracked 
|  99|0x00000006cc600000, 0x00000006cc600000, 0x00000006cc800000|  0%| F|  |TAMS 0x00000006cc600000, 0x00000006cc600000| Untracked 
| 100|0x00000006cc800000, 0x00000006cc800000, 0x00000006cca00000|  0%| F|  |TAMS 0x00000006cc800000, 0x00000006cc800000| Untracked 
| 101|0x00000006cca00000, 0x00000006cca00000, 0x00000006ccc00000|  0%| F|  |TAMS 0x00000006cca00000, 0x00000006cca00000| Untracked 
| 102|0x00000006ccc00000, 0x00000006ccc00000, 0x00000006cce00000|  0%| F|  |TAMS 0x00000006ccc00000, 0x00000006ccc00000| Untracked 
| 103|0x00000006cce00000, 0x00000006cce00000, 0x00000006cd000000|  0%| F|  |TAMS 0x00000006cce00000, 0x00000006cce00000| Untracked 
| 104|0x00000006cd000000, 0x00000006cd000000, 0x00000006cd200000|  0%| F|  |TAMS 0x00000006cd000000, 0x00000006cd000000| Untracked 
| 105|0x00000006cd200000, 0x00000006cd200000, 0x00000006cd400000|  0%| F|  |TAMS 0x00000006cd200000, 0x00000006cd200000| Untracked 
| 106|0x00000006cd400000, 0x00000006cd400000, 0x00000006cd600000|  0%| F|  |TAMS 0x00000006cd400000, 0x00000006cd400000| Untracked 
| 107|0x00000006cd600000, 0x00000006cd600000, 0x00000006cd800000|  0%| F|  |TAMS 0x00000006cd600000, 0x00000006cd600000| Untracked 
| 108|0x00000006cd800000, 0x00000006cd800000, 0x00000006cda00000|  0%| F|  |TAMS 0x00000006cd800000, 0x00000006cd800000| Untracked 
| 109|0x00000006cda00000, 0x00000006cda00000, 0x00000006cdc00000|  0%| F|  |TAMS 0x00000006cda00000, 0x00000006cda00000| Untracked 
| 110|0x00000006cdc00000, 0x00000006cdc00000, 0x00000006cde00000|  0%| F|  |TAMS 0x00000006cdc00000, 0x00000006cdc00000| Untracked 
| 111|0x00000006cde00000, 0x00000006cde00000, 0x00000006ce000000|  0%| F|  |TAMS 0x00000006cde00000, 0x00000006cde00000| Untracked 
| 112|0x00000006ce000000, 0x00000006ce000000, 0x00000006ce200000|  0%| F|  |TAMS 0x00000006ce000000, 0x00000006ce000000| Untracked 
| 113|0x00000006ce200000, 0x00000006ce200000, 0x00000006ce400000|  0%| F|  |TAMS 0x00000006ce200000, 0x00000006ce200000| Untracked 
| 114|0x00000006ce400000, 0x00000006ce400000, 0x00000006ce600000|  0%| F|  |TAMS 0x00000006ce400000, 0x00000006ce400000| Untracked 
| 115|0x00000006ce600000, 0x00000006ce800000, 0x00000006ce800000|100%| S|CS|TAMS 0x00000006ce600000, 0x00000006ce600000| Complete 
| 116|0x00000006ce800000, 0x00000006cea00000, 0x00000006cea00000|100%| S|CS|TAMS 0x00000006ce800000, 0x00000006ce800000| Complete 
| 117|0x00000006cea00000, 0x00000006cea00000, 0x00000006cec00000|  0%| F|  |TAMS 0x00000006cea00000, 0x00000006cea00000| Untracked 
| 118|0x00000006cec00000, 0x00000006cec00000, 0x00000006cee00000|  0%| F|  |TAMS 0x00000006cec00000, 0x00000006cec00000| Untracked 
| 119|0x00000006cee00000, 0x00000006cee00000, 0x00000006cf000000|  0%| F|  |TAMS 0x00000006cee00000, 0x00000006cee00000| Untracked 
| 120|0x00000006cf000000, 0x00000006cf000000, 0x00000006cf200000|  0%| F|  |TAMS 0x00000006cf000000, 0x00000006cf000000| Untracked 
| 121|0x00000006cf200000, 0x00000006cf200000, 0x00000006cf400000|  0%| F|  |TAMS 0x00000006cf200000, 0x00000006cf200000| Untracked 
| 122|0x00000006cf400000, 0x00000006cf400000, 0x00000006cf600000|  0%| F|  |TAMS 0x00000006cf400000, 0x00000006cf400000| Untracked 
| 123|0x00000006cf600000, 0x00000006cf670030, 0x00000006cf800000| 21%| E|  |TAMS 0x00000006cf600000, 0x00000006cf600000| Complete 
| 124|0x00000006cf800000, 0x00000006cfa00000, 0x00000006cfa00000|100%| E|CS|TAMS 0x00000006cf800000, 0x00000006cf800000| Complete 
| 125|0x00000006cfa00000, 0x00000006cfc00000, 0x00000006cfc00000|100%| E|CS|TAMS 0x00000006cfa00000, 0x00000006cfa00000| Complete 
| 126|0x00000006cfc00000, 0x00000006cfe00000, 0x00000006cfe00000|100%| E|  |TAMS 0x00000006cfc00000, 0x00000006cfc00000| Complete 
| 127|0x00000006cfe00000, 0x00000006d0000000, 0x00000006d0000000|100%| E|CS|TAMS 0x00000006cfe00000, 0x00000006cfe00000| Complete 

Card table byte_map: [0x000000011f48c000,0x000000011fc8c000] _byte_map_base: 0x000000011be8c000

Marking Bits (Prev, Next): (CMBitMap*) 0x0000000135831a10, (CMBitMap*) 0x0000000135831a50
 Prev Bits: [0x000000012048c000, 0x000000012448c000)
 Next Bits: [0x0000000140000000, 0x0000000144000000)

Polling page: 0x00000001047ac000

Metaspace:

Usage:
  Non-class:     17.20 MB used.
      Class:      2.27 MB used.
       Both:     19.47 MB used.

Virtual space:
  Non-class space:       24.00 MB reserved,      17.44 MB ( 73%) committed,  3 nodes.
      Class space:        1.00 GB reserved,       2.44 MB ( <1%) committed,  1 nodes.
              Both:        1.02 GB reserved,      19.88 MB (  2%) committed. 

Chunk freelists:
   Non-Class:  2.28 MB
       Class:  1.50 MB
        Both:  3.78 MB

MaxMetaspaceSize: 17179869184.00 GB
CompressedClassSpaceSize: 1.00 GB
 - commit_granule_bytes: 65536.
 - commit_granule_words: 8192.
 - virtual_space_node_default_size: 1048576.
 - enlarge_chunks_in_place: 1.
 - new_chunks_are_fully_committed: 0.
 - uncommit_free_chunks: 1.
 - use_allocation_guard: 0.
 - handle_deallocations: 1.


Internal statistics:

num_allocs_failed_limit: 0.
num_arena_births: 502.
num_arena_deaths: 0.
num_vsnodes_births: 4.
num_vsnodes_deaths: 0.
num_space_committed: 318.
num_space_uncommitted: 0.
num_chunks_returned_to_freelist: 0.
num_chunks_taken_from_freelist: 912.
num_chunk_merges: 0.
num_chunk_splits: 618.
num_chunks_enlarged: 417.
num_purges: 0.

CodeHeap 'non-profiled nmethods': size=120032Kb used=472Kb max_used=472Kb free=119559Kb
 bounds [0x0000000117f54000, 0x00000001181c4000, 0x000000011f48c000]
CodeHeap 'profiled nmethods': size=120016Kb used=2649Kb max_used=2649Kb free=117366Kb
 bounds [0x0000000110a20000, 0x0000000110cc0000, 0x0000000117f54000]
CodeHeap 'non-nmethods': size=5712Kb used=1346Kb max_used=1350Kb free=4365Kb
 bounds [0x000000011048c000, 0x00000001106fc000, 0x0000000110a20000]
 total_blobs=2210 nmethods=1480 adapters=647
 compilation: enabled
              stopped_count=0, restarted_count=0
 full_count=0

Compilation events (20 events):
Event: 0.562 Thread 0x0000000133851600 1511       3       java.util.Calendar::internalGet (7 bytes)
Event: 0.562 Thread 0x0000000133851600 nmethod 1511 0x0000000110cb2e90 code [0x0000000110cb3040, 0x0000000110cb31a8]
Event: 0.562 Thread 0x0000000133851600 1510       3       com.sun.prism.impl.BaseGraphics::validateTransformAndPaint (71 bytes)
Event: 0.562 Thread 0x0000000133851600 nmethod 1510 0x0000000110cb3290 code [0x0000000110cb3480, 0x0000000110cb3a98]
Event: 0.562 Thread 0x0000000133851600 1514       3       java.security.AccessController::getContext (23 bytes)
Event: 0.562 Thread 0x0000000133851600 nmethod 1514 0x0000000110cb3c10 code [0x0000000110cb3e00, 0x0000000110cb4148]
Event: 0.562 Thread 0x0000000133851600 1513   !   3       com.sun.javafx.application.PlatformImpl::waitForStart (26 bytes)
Event: 0.562 Thread 0x0000000133851600 nmethod 1513 0x0000000110cb4290 code [0x0000000110cb44c0, 0x0000000110cb4948]
Event: 0.562 Thread 0x0000000133851600 1512       1       java.util.Calendar::getZone (5 bytes)
Event: 0.562 Thread 0x0000000133851600 nmethod 1512 0x0000000117fc9b10 code [0x0000000117fc9c80, 0x0000000117fc9d68]
Event: 0.564 Thread 0x0000000133851600 1515       3       java.io.File::isInvalid (48 bytes)
Event: 0.565 Thread 0x0000000133851600 nmethod 1515 0x0000000110cb4b90 code [0x0000000110cb4dc0, 0x0000000110cb5308]
Event: 0.565 Thread 0x0000000133851600 1518       3       com.sun.javafx.application.PlatformImpl$$Lambda$107/0x0000000300113400::run (8 bytes)
Event: 0.565 Thread 0x0000000133851600 nmethod 1518 0x0000000110cb5490 code [0x0000000110cb5640, 0x0000000110cb58d8]
Event: 0.565 Thread 0x0000000133851600 1519       3       com.sun.javafx.application.PlatformImpl::lambda$runLater$10 (8 bytes)
Event: 0.565 Thread 0x0000000133851600 nmethod 1519 0x0000000110cb5a10 code [0x0000000110cb5bc0, 0x0000000110cb5d98]
Event: 0.565 Thread 0x0000000133851600 1517       3       java.util.Calendar::complete (40 bytes)
Event: 0.565 Thread 0x0000000133851600 nmethod 1517 0x0000000110cb5e90 code [0x0000000110cb6080, 0x0000000110cb64c8]
Event: 0.566 Thread 0x0000000133851600 1520       1       com.sun.prism.PixelFormat$DataType::getSizeInBytes (5 bytes)
Event: 0.566 Thread 0x0000000133851600 nmethod 1520 0x0000000117fc9e10 code [0x0000000117fc9f80, 0x0000000117fca068]

GC Heap History (2 events):
Event: 0.482 GC heap before
{Heap before GC invocations=0 (full 0):
 garbage-first heap   total 262144K, used 20480K [0x00000006c0000000, 0x00000007c0000000)
  region size 2048K, 11 young (22528K), 0 survivors (0K)
 Metaspace       used 19079K, committed 19456K, reserved 1073152K
  class space    used 2236K, committed 2432K, reserved 1048576K
}
Event: 0.487 GC heap after
{Heap after GC invocations=1 (full 0):
 garbage-first heap   total 262144K, used 4163K [0x00000006c0000000, 0x00000007c0000000)
  region size 2048K, 2 young (4096K), 2 survivors (4096K)
 Metaspace       used 19079K, committed 19456K, reserved 1073152K
  class space    used 2236K, committed 2432K, reserved 1048576K
}

Deoptimization events (20 events):
Event: 0.437 Thread 0x000000013518c600 Uncommon trap: trap_request=0xffffff45 fr.pc=0x0000000117f5db64 relative=0x0000000000000064
Event: 0.437 Thread 0x000000013518c600 Uncommon trap: reason=unstable_if action=reinterpret pc=0x0000000117f5db64 method=java.lang.String.isLatin1()Z @ 10 c2
Event: 0.437 Thread 0x000000013518c600 DEOPT PACKING pc=0x0000000117f5db64 sp=0x000000016b7d0a80
Event: 0.437 Thread 0x000000013518c600 DEOPT UNPACKING pc=0x00000001104c5d9c sp=0x000000016b7d0a20 mode 2
Event: 0.437 Thread 0x000000013518c600 Uncommon trap: trap_request=0xffffff45 fr.pc=0x0000000117f65790 relative=0x0000000000000050
Event: 0.437 Thread 0x000000013518c600 Uncommon trap: reason=unstable_if action=reinterpret pc=0x0000000117f65790 method=java.lang.CharacterData.of(I)Ljava/lang/CharacterData; @ 4 c2
Event: 0.437 Thread 0x000000013518c600 DEOPT PACKING pc=0x0000000117f65790 sp=0x000000016b7d0530
Event: 0.437 Thread 0x000000013518c600 DEOPT UNPACKING pc=0x00000001104c5d9c sp=0x000000016b7d04d0 mode 2
Event: 0.453 Thread 0x00000001359a7000 Uncommon trap: trap_request=0xffffff45 fr.pc=0x0000000117f8e728 relative=0x0000000000000468
Event: 0.453 Thread 0x00000001359a7000 Uncommon trap: reason=unstable_if action=reinterpret pc=0x0000000117f8e728 method=java.lang.AbstractStringBuilder.append(Ljava/lang/String;)Ljava/lang/AbstractStringBuilder; @ 1 c2
Event: 0.453 Thread 0x00000001359a7000 DEOPT PACKING pc=0x0000000117f8e728 sp=0x000000016efc12e0
Event: 0.453 Thread 0x00000001359a7000 DEOPT UNPACKING pc=0x00000001104c5d9c sp=0x000000016efc1240 mode 2
Event: 0.453 Thread 0x00000001359a7000 Uncommon trap: trap_request=0xffffff45 fr.pc=0x0000000117f89d20 relative=0x0000000000000460
Event: 0.453 Thread 0x00000001359a7000 Uncommon trap: reason=unstable_if action=reinterpret pc=0x0000000117f89d20 method=java.lang.AbstractStringBuilder.append(Ljava/lang/String;)Ljava/lang/AbstractStringBuilder; @ 1 c2
Event: 0.453 Thread 0x00000001359a7000 DEOPT PACKING pc=0x0000000117f89d20 sp=0x000000016efc1280
Event: 0.453 Thread 0x00000001359a7000 DEOPT UNPACKING pc=0x00000001104c5d9c sp=0x000000016efc1240 mode 2
Event: 0.469 Thread 0x00000001359a6200 Uncommon trap: trap_request=0xffffff45 fr.pc=0x0000000117fb4208 relative=0x0000000000000208
Event: 0.469 Thread 0x00000001359a6200 Uncommon trap: reason=unstable_if action=reinterpret pc=0x0000000117fb4208 method=java.util.concurrent.ConcurrentHashMap.get(Ljava/lang/Object;)Ljava/lang/Object; @ 86 c2
Event: 0.469 Thread 0x00000001359a6200 DEOPT PACKING pc=0x0000000117fb4208 sp=0x000000016f1cd6c0
Event: 0.469 Thread 0x00000001359a6200 DEOPT UNPACKING pc=0x00000001104c5d9c sp=0x000000016f1cd620 mode 2

Classes unloaded (0 events):
No events

Classes redefined (0 events):
No events

Internal exceptions (20 events):
Event: 0.412 Thread 0x000000013518c600 Exception <a 'java/lang/NoSuchMethodError'{0x00000006cf13d378}: 'java.lang.Object java.lang.invoke.DirectMethodHandle$Holder.invokeStatic(java.lang.Object, java.lang.Object, java.lang.Object, java.lang.Object, java.lang.Object, java.lang.Object, java.lang.Object, java.lang.Object, java.lang.Object, java.lang.Object, java.lang.Object, java.lang.Object, java.lang.Object, java.lang.Object)'> (0x00000006cf13d378) 
thrown [src/hotspot/share/interpreter/linkResolver.cpp, line 790]
Event: 0.413 Thread 0x000000013518c600 Exception <a 'java/lang/NoSuchMethodError'{0x00000006cf15df70}: 'java.lang.Object java.lang.invoke.DirectMethodHandle$Holder.invokeStatic(java.lang.Object, java.lang.Object, java.lang.Object, java.lang.Object, java.lang.Object, java.lang.Object, java.lang.Object, java.lang.Object, java.lang.Object, java.lang.Object, java.lang.Object, java.lang.Object, java.lang.Object, java.lang.Object, java.lang.Object)'> (0x00000006cf15df70) 
thrown [src/hotspot/share/interpreter/linkResolver.cpp, line 790]
Event: 0.413 Thread 0x000000013518c600 Exception <a 'java/lang/NoSuchMethodError'{0x00000006cf16b5a8}: 'long java.lang.invoke.DirectMethodHandle$Holder.invokeStatic(java.lang.Object, long, long)'> (0x00000006cf16b5a8) 
thrown [src/hotspot/share/interpreter/linkResolver.cpp, line 790]
Event: 0.414 Thread 0x000000013518c600 Exception <a 'java/lang/NoSuchMethodError'{0x00000006cf18b100}: 'java.lang.Object java.lang.invoke.DirectMethodHandle$Holder.invokeStatic(java.lang.Object, java.lang.Object, java.lang.Object, java.lang.Object, java.lang.Object, java.lang.Object, java.lang.Object, java.lang.Object, java.lang.Object, java.lang.Object, java.lang.Object, java.lang.Object, java.lang.Object, java.lang.Object, java.lang.Object, java.lang.Object)'> (0x00000006cf18b100) 
thrown [src/hotspot/share/interpreter/linkResolver.cpp, line 
Event: 0.414 Thread 0x000000013518c600 Exception <a 'java/lang/NoSuchMethodError'{0x00000006cf199360}: 'java.lang.Object java.lang.invoke.DirectMethodHandle$Holder.invokeSpecial(java.lang.Object, java.lang.Object, long, int, java.lang.Object, java.lang.Object, long, long, long, long)'> (0x00000006cf199360) 
thrown [src/hotspot/share/interpreter/linkResolver.cpp, line 790]
Event: 0.416 Thread 0x000000013518c600 Exception <a 'sun/nio/fs/UnixException'{0x00000006cf1cfdf0}> (0x00000006cf1cfdf0) 
thrown [src/hotspot/share/prims/jni.cpp, line 579]
Event: 0.417 Thread 0x000000013518c600 Exception <a 'java/lang/NoSuchMethodError'{0x00000006cf1f4270}: 'java.lang.Object java.lang.invoke.DirectMethodHandle$Holder.invokeInterface(java.lang.Object, java.lang.Object)'> (0x00000006cf1f4270) 
thrown [src/hotspot/share/interpreter/linkResolver.cpp, line 790]
Event: 0.424 Thread 0x000000013518c600 Exception <a 'sun/nio/fs/UnixException'{0x00000006ceeee630}> (0x00000006ceeee630) 
thrown [src/hotspot/share/prims/jni.cpp, line 579]
Event: 0.429 Thread 0x000000013518c600 Exception <a 'java/lang/ClassNotFoundException'{0x00000006cef0cca8}: sun/util/logging/resources/spi/loggingProvider> (0x00000006cef0cca8) 
thrown [src/hotspot/share/classfile/systemDictionary.cpp, line 256]
Event: 0.447 Thread 0x000000013518c600 Exception <a 'java/lang/NoSuchMethodError'{0x00000006cec29e60}: 'java.lang.Object java.lang.invoke.DirectMethodHandle$Holder.invokeStaticInit(java.lang.Object, java.lang.Object, java.lang.Object)'> (0x00000006cec29e60) 
thrown [src/hotspot/share/interpreter/linkResolver.cpp, line 790]
Event: 0.453 Thread 0x00000001359a7000 Implicit null exception at 0x0000000117f8e2fc to 0x0000000117f8e718
Event: 0.453 Thread 0x00000001359a7000 Implicit null exception at 0x0000000117f898fc to 0x0000000117f89d10
Event: 0.456 Thread 0x000000013518c600 Exception <a 'java/lang/NoSuchMethodError'{0x00000006cea809d0}: 'java.lang.Object java.lang.invoke.Invokers$Holder.linkToTargetMethod(java.lang.Object, int, java.lang.Object)'> (0x00000006cea809d0) 
thrown [src/hotspot/share/interpreter/linkResolver.cpp, line 790]
Event: 0.465 Thread 0x000000013518c600 Exception <a 'java/lang/NoSuchMethodError'{0x00000006ceaac4e0}: 'java.lang.Object java.lang.invoke.DirectMethodHandle$Holder.newInvokeSpecial(java.lang.Object, java.lang.Object, int)'> (0x00000006ceaac4e0) 
thrown [src/hotspot/share/interpreter/linkResolver.cpp, line 790]
Event: 0.481 Thread 0x00000001340f5e00 Exception <a 'java/lang/NoSuchMethodError'{0x00000006ceb43c98}: 'java.lang.Object java.lang.invoke.DirectMethodHandle$Holder.newInvokeSpecial(java.lang.Object, java.lang.Object, int, int)'> (0x00000006ceb43c98) 
thrown [src/hotspot/share/interpreter/linkResolver.cpp, line 790]
Event: 0.507 Thread 0x000000013518c600 Exception <a 'java/lang/NoSuchMethodError'{0x00000006cffea358}: 'long java.lang.invoke.DirectMethodHandle$Holder.invokeStatic(java.lang.Object, java.lang.Object, java.lang.Object)'> (0x00000006cffea358) 
thrown [src/hotspot/share/interpreter/linkResolver.cpp, line 790]
Event: 0.507 Thread 0x000000013518c600 Exception <a 'java/lang/NoSuchMethodError'{0x00000006cffed9a0}: 'long java.lang.invoke.DirectMethodHandle$Holder.invokeStaticInit(java.lang.Object, java.lang.Object, java.lang.Object)'> (0x00000006cffed9a0) 
thrown [src/hotspot/share/interpreter/linkResolver.cpp, line 790]
Event: 0.508 Thread 0x000000013518c600 Exception <a 'java/lang/NoSuchMethodError'{0x00000006cfc06108}: 'java.lang.Object java.lang.invoke.DirectMethodHandle$Holder.newInvokeSpecial(java.lang.Object, java.lang.Object, long)'> (0x00000006cfc06108) 
thrown [src/hotspot/share/interpreter/linkResolver.cpp, line 790]
Event: 0.508 Thread 0x000000013518c600 Exception <a 'java/lang/NoSuchMethodError'{0x00000006cfc09aa0}: 'java.lang.Object java.lang.invoke.Invokers$Holder.linkToTargetMethod(java.lang.Object, long, java.lang.Object)'> (0x00000006cfc09aa0) 
thrown [src/hotspot/share/interpreter/linkResolver.cpp, line 790]
Event: 0.523 Thread 0x000000013406d400 Exception <a 'java/lang/NoSuchMethodError'{0x00000006cfc75d90}: 'int java.lang.invoke.DirectMethodHandle$Holder.invokeStaticInit(java.lang.Object, java.lang.Object)'> (0x00000006cfc75d90) 
thrown [src/hotspot/share/interpreter/linkResolver.cpp, line 790]

Events (20 events):
Event: 0.481 loading class java/io/InterruptedIOException
Event: 0.481 loading class java/io/InterruptedIOException done
Event: 0.482 Executing  VM operation: G1CollectForAllocation
Event: 0.488 Executing  VM operation: G1CollectForAllocation done
Event: 0.489 loading class java/io/SequenceInputStream
Event: 0.489 loading class java/io/SequenceInputStream done
Event: 0.491 loading class java/io/EOFException
Event: 0.491 loading class java/io/EOFException done
Event: 0.491 loading class java/util/Vector$1
Event: 0.491 loading class java/util/Vector$1 done
Event: 0.500 loading class java/nio/FloatBuffer
Event: 0.501 loading class java/nio/FloatBuffer done
Event: 0.507 loading class java/util/concurrent/ConcurrentLinkedQueue
Event: 0.507 loading class java/util/concurrent/ConcurrentLinkedQueue done
Event: 0.507 loading class java/util/concurrent/ConcurrentLinkedQueue$Node
Event: 0.507 loading class java/util/concurrent/ConcurrentLinkedQueue$Node done
Event: 0.536 loading class java/nio/DirectShortBufferU
Event: 0.536 loading class java/nio/ShortBuffer
Event: 0.536 loading class java/nio/ShortBuffer done
Event: 0.537 loading class java/nio/DirectShortBufferU done


Dynamic libraries:
0x000000010475c000 	/Library/Java/JavaVirtualMachines/liberica-jdk-16-full.jdk/Contents/Home/lib/libjli.dylib
0x00000001bcfd6000 	/usr/lib/libz.1.dylib
0x00000001bd086000 	/usr/lib/libSystem.B.dylib
0x00000001bd080000 	/usr/lib/system/libcache.dylib
0x00000001bd03e000 	/usr/lib/system/libcommonCrypto.dylib
0x00000001bd067000 	/usr/lib/system/libcompiler_rt.dylib
0x00000001bd05e000 	/usr/lib/system/libcopyfile.dylib
0x00000001b238a000 	/usr/lib/system/libcorecrypto.dylib
0x00000001b242f000 	/usr/lib/system/libdispatch.dylib
0x00000001b25f7000 	/usr/lib/system/libdyld.dylib
0x00000001bd076000 	/usr/lib/system/libkeymgr.dylib
0x00000001bd020000 	/usr/lib/system/libmacho.dylib
0x00000001bc72c000 	/usr/lib/system/libquarantine.dylib
0x00000001bd073000 	/usr/lib/system/libremovefile.dylib
0x00000001b7779000 	/usr/lib/system/libsystem_asl.dylib
0x00000001b2334000 	/usr/lib/system/libsystem_blocks.dylib
0x00000001b24b5000 	/usr/lib/system/libsystem_c.dylib
0x00000001bd06b000 	/usr/lib/system/libsystem_collections.dylib
0x00000001bbb89000 	/usr/lib/system/libsystem_configuration.dylib
0x00000001bae0f000 	/usr/lib/system/libsystem_containermanager.dylib
0x00000001bcd8a000 	/usr/lib/system/libsystem_coreservices.dylib
0x00000001b4d1c000 	/usr/lib/system/libsystem_darwin.dylib
0x00000001bd077000 	/usr/lib/system/libsystem_dnssd.dylib
0x00000001b24b2000 	/usr/lib/system/libsystem_featureflags.dylib
0x00000001b260c000 	/usr/lib/system/libsystem_info.dylib
0x00000001bcfe8000 	/usr/lib/system/libsystem_m.dylib
0x00000001b2404000 	/usr/lib/system/libsystem_malloc.dylib
0x00000001b770a000 	/usr/lib/system/libsystem_networkextension.dylib
0x00000001b516f000 	/usr/lib/system/libsystem_notify.dylib
0x00000001c3253000 	/usr/lib/system/libsystem_product_info_filter.dylib
0x00000001bbb8e000 	/usr/lib/system/libsystem_sandbox.dylib
0x00000001bd070000 	/usr/lib/system/libsystem_secinit.dylib
0x00000001b25b4000 	/usr/lib/system/libsystem_kernel.dylib
0x00000001b2604000 	/usr/lib/system/libsystem_platform.dylib
0x00000001b25ea000 	/usr/lib/system/libsystem_pthread.dylib
0x00000001b8eaf000 	/usr/lib/system/libsystem_symptoms.dylib
0x00000001b2370000 	/usr/lib/system/libsystem_trace.dylib
0x00000001bd04b000 	/usr/lib/system/libunwind.dylib
0x00000001b2336000 	/usr/lib/system/libxpc.dylib
0x00000001b259a000 	/usr/lib/libc++abi.dylib
0x00000001b2476000 	/usr/lib/libobjc.A.dylib
0x00000001bd056000 	/usr/lib/liboah.dylib
0x00000001b2536000 	/usr/lib/libc++.1.dylib
0x00000001c8c30000 	/System/Library/Frameworks/Cocoa.framework/Versions/A/Cocoa
0x00000001b51ce000 	/System/Library/Frameworks/AppKit.framework/Versions/C/AppKit
0x00000001b86f0000 	/System/Library/Frameworks/CoreData.framework/Versions/A/CoreData
0x00000001b352f000 	/System/Library/Frameworks/Foundation.framework/Versions/C/Foundation
0x00000001b6080000 	/System/Library/PrivateFrameworks/UIFoundation.framework/Versions/A/UIFoundation
0x00000001c2f4d000 	/System/Library/PrivateFrameworks/RemoteViewServices.framework/Versions/A/RemoteViewServices
0x00000001bb548000 	/System/Library/PrivateFrameworks/XCTTargetBootstrap.framework/Versions/A/XCTTargetBootstrap
0x00000001bed88000 	/System/Library/PrivateFrameworks/InternationalSupport.framework/Versions/A/InternationalSupport
0x00000001bee11000 	/System/Library/PrivateFrameworks/UserActivity.framework/Versions/A/UserActivity
0x00000001be2b3000 	/usr/lib/libspindump.dylib
0x00000001b62f0000 	/System/Library/Frameworks/UniformTypeIdentifiers.framework/Versions/A/UniformTypeIdentifiers
0x00000001b9ad6000 	/usr/lib/libapp_launch_measurement.dylib
0x00000001b9053000 	/System/Library/PrivateFrameworks/CoreAnalytics.framework/Versions/A/CoreAnalytics
0x00000001b9ad9000 	/System/Library/PrivateFrameworks/CoreAutoLayout.framework/Versions/A/CoreAutoLayout
0x00000001bae4c000 	/System/Library/Frameworks/Metal.framework/Versions/A/Metal
0x00000001bbb99000 	/usr/lib/liblangid.dylib
0x00000001bb54c000 	/System/Library/PrivateFrameworks/CoreSVG.framework/Versions/A/CoreSVG
0x00000001b77ad000 	/System/Library/PrivateFrameworks/SkyLight.framework/Versions/A/SkyLight
0x00000001b7b75000 	/System/Library/Frameworks/CoreGraphics.framework/Versions/A/CoreGraphics
0x00000001c35c6000 	/System/Library/Frameworks/Accelerate.framework/Versions/A/Accelerate
0x00000001bdd28000 	/System/Library/PrivateFrameworks/IconServices.framework/Versions/A/IconServices
0x00000001bae2e000 	/System/Library/Frameworks/IOSurface.framework/Versions/A/IOSurface
0x00000001b9083000 	/usr/lib/libDiagnosticMessagesClient.dylib
0x00000001c69fe000 	/System/Library/Frameworks/ApplicationServices.framework/Versions/A/ApplicationServices
0x00000001bb530000 	/System/Library/PrivateFrameworks/DFRFoundation.framework/Versions/A/DFRFoundation
0x00000001b4a71000 	/usr/lib/libicucore.A.dylib
0x00000001bfb85000 	/System/Library/Frameworks/AudioToolbox.framework/Versions/A/AudioToolbox
0x00000001bed94000 	/System/Library/PrivateFrameworks/DataDetectorsCore.framework/Versions/A/DataDetectorsCore
0x00000001d4db0000 	/System/Library/PrivateFrameworks/TextInput.framework/Versions/A/TextInput
0x00000001b7724000 	/usr/lib/libMobileGestalt.dylib
0x00000001bb200000 	/System/Library/Frameworks/Carbon.framework/Versions/A/Frameworks/HIToolbox.framework/Versions/A/HIToolbox
0x00000001b94e0000 	/System/Library/Frameworks/QuartzCore.framework/Versions/A/QuartzCore
0x00000001b46ee000 	/System/Library/Frameworks/Security.framework/Versions/A/Security
0x00000001c2f8d000 	/System/Library/Frameworks/Carbon.framework/Versions/A/Frameworks/SpeechRecognition.framework/Versions/A/SpeechRecognition
0x00000001b982d000 	/System/Library/PrivateFrameworks/CoreUI.framework/Versions/A/CoreUI
0x00000001b3fc1000 	/System/Library/Frameworks/CoreAudio.framework/Versions/A/CoreAudio
0x00000001b9173000 	/System/Library/Frameworks/DiskArbitration.framework/Versions/A/DiskArbitration
0x00000001be69b000 	/System/Library/PrivateFrameworks/MultitouchSupport.framework/Versions/A/MultitouchSupport
0x00000001b7722000 	/usr/lib/libenergytrace.dylib
0x00000001b509a000 	/System/Library/Frameworks/IOKit.framework/Versions/A/IOKit
0x00000001c3374000 	/System/Library/Frameworks/CoreServices.framework/Versions/A/CoreServices
0x00000001b9a66000 	/System/Library/PrivateFrameworks/PerformanceAnalysis.framework/Versions/A/PerformanceAnalysis
0x00000002135d5000 	/System/Library/Frameworks/OpenGL.framework/Versions/A/OpenGL
0x00000001bc64c000 	/System/Library/PrivateFrameworks/MobileKeyBag.framework/Versions/A/MobileKeyBag
0x00000001b8185000 	/System/Library/Frameworks/ColorSync.framework/Versions/A/ColorSync
0x00000001b2638000 	/System/Library/Frameworks/CoreFoundation.framework/Versions/A/CoreFoundation
0x00000001bb7cd000 	/System/Library/Frameworks/CoreImage.framework/Versions/A/CoreImage
0x00000001b3de4000 	/System/Library/Frameworks/CoreText.framework/Versions/A/CoreText
0x00000001bb57c000 	/System/Library/Frameworks/ImageIO.framework/Versions/A/ImageIO
0x00000001bd08c000 	/System/Library/PrivateFrameworks/SoftLinking.framework/Versions/A/SoftLinking
0x00000001b9b23000 	/usr/lib/libxml2.2.dylib
0x00000001bd324000 	/usr/lib/libcompression.dylib
0x00000001bece1000 	/System/Library/PrivateFrameworks/TextureIO.framework/Versions/A/TextureIO
0x00000001bda42000 	/usr/lib/libate.dylib
0x00000001bd90a000 	/usr/lib/liblzma.5.dylib
0x00000001b3220000 	/System/Library/Frameworks/SystemConfiguration.framework/Versions/A/SystemConfiguration
0x00000001bd088000 	/usr/lib/libfakelink.dylib
0x00000001b7252000 	/System/Library/Frameworks/CFNetwork.framework/Versions/A/CFNetwork
0x00000001bd1cf000 	/usr/lib/libarchive.2.dylib
0x00000001bbb95000 	/System/Library/PrivateFrameworks/AppleSystemInfo.framework/Versions/A/AppleSystemInfo
0x00000001bc756000 	/usr/lib/libbsm.0.dylib
0x00000001b678f000 	/usr/lib/libnetwork.dylib
0x00000001bd026000 	/usr/lib/system/libkxld.dylib
0x00000001bc36e000 	/System/Library/PrivateFrameworks/IOMobileFramebuffer.framework/Versions/A/IOMobileFramebuffer
0x000000022ef00000 	/usr/lib/libCoreEntitlements.dylib
0x00000001bcd6c000 	/System/Library/PrivateFrameworks/AppleFSCompression.framework/Versions/A/AppleFSCompression
0x00000001bc73f000 	/usr/lib/libcoretls.dylib
0x00000001bd923000 	/usr/lib/libcoretls_cfhelpers.dylib
0x00000001bd31f000 	/usr/lib/libpam.2.dylib
0x00000001b8ad7000 	/usr/lib/libsqlite3.dylib
0x00000001bd98b000 	/usr/lib/libxar.1.dylib
0x00000001bcd7d000 	/usr/lib/libbz2.1.0.dylib
0x00000001bd08d000 	/usr/lib/libpcap.A.dylib
0x00000001b8ea6000 	/usr/lib/libdns_services.dylib
0x00000001bd2f2000 	/usr/lib/libapple_nghttp2.dylib
0x00000001bd0ca000 	/usr/lib/libiconv.2.dylib
0x00000001bd01f000 	/usr/lib/libcharset.1.dylib
0x00000001b9aa2000 	/System/Library/Frameworks/CoreServices.framework/Versions/A/Frameworks/FSEvents.framework/Versions/A/FSEvents
0x00000001b4d27000 	/System/Library/Frameworks/CoreServices.framework/Versions/A/Frameworks/CarbonCore.framework/Versions/A/CarbonCore
0x00000001b90d6000 	/System/Library/Frameworks/CoreServices.framework/Versions/A/Frameworks/Metadata.framework/Versions/A/Metadata
0x00000001bcd90000 	/System/Library/Frameworks/CoreServices.framework/Versions/A/Frameworks/OSServices.framework/Versions/A/OSServices
0x00000001bd254000 	/System/Library/Frameworks/CoreServices.framework/Versions/A/Frameworks/SearchKit.framework/Versions/A/SearchKit
0x00000001b8e34000 	/System/Library/Frameworks/CoreServices.framework/Versions/A/Frameworks/AE.framework/Versions/A/AE
0x00000001b2b7c000 	/System/Library/Frameworks/CoreServices.framework/Versions/A/Frameworks/LaunchServices.framework/Versions/A/LaunchServices
0x00000001bd8b3000 	/System/Library/Frameworks/CoreServices.framework/Versions/A/Frameworks/DictionaryServices.framework/Versions/A/DictionaryServices
0x00000001b9aaf000 	/System/Library/Frameworks/CoreServices.framework/Versions/A/Frameworks/SharedFileList.framework/Versions/A/SharedFileList
0x00000001bc72f000 	/usr/lib/libCheckFix.dylib
0x00000001b7791000 	/System/Library/PrivateFrameworks/TCC.framework/Versions/A/TCC
0x00000001bbb9b000 	/System/Library/PrivateFrameworks/CoreNLP.framework/Versions/A/CoreNLP
0x00000001b9086000 	/System/Library/PrivateFrameworks/MetadataUtilities.framework/Versions/A/MetadataUtilities
0x00000001b32d9000 	/usr/lib/libmecabra.dylib
0x00000001bc767000 	/usr/lib/libmecab.dylib
0x00000001b32a5000 	/usr/lib/libCRFSuite.dylib
0x00000001bc7c5000 	/usr/lib/libgermantok.dylib
0x00000001bd2cb000 	/usr/lib/libThaiTokenizer.dylib
0x00000001b917b000 	/System/Library/Frameworks/Accelerate.framework/Versions/A/Frameworks/vImage.framework/Versions/A/vImage
0x00000001c334b000 	/System/Library/Frameworks/Accelerate.framework/Versions/A/Frameworks/vecLib.framework/Versions/A/vecLib
0x00000001bd9cf000 	/System/Library/Frameworks/Accelerate.framework/Versions/A/Frameworks/vecLib.framework/Versions/A/libvMisc.dylib
0x00000001bc278000 	/System/Library/Frameworks/Accelerate.framework/Versions/A/Frameworks/vecLib.framework/Versions/A/libvDSP.dylib
0x00000001b2eff000 	/System/Library/Frameworks/Accelerate.framework/Versions/A/Frameworks/vecLib.framework/Versions/A/libBLAS.dylib
0x00000001bd3f3000 	/System/Library/Frameworks/Accelerate.framework/Versions/A/Frameworks/vecLib.framework/Versions/A/libLAPACK.dylib
0x00000001bc7c8000 	/System/Library/Frameworks/Accelerate.framework/Versions/A/Frameworks/vecLib.framework/Versions/A/libLinearAlgebra.dylib
0x00000001bd30a000 	/System/Library/Frameworks/Accelerate.framework/Versions/A/Frameworks/vecLib.framework/Versions/A/libSparseBLAS.dylib
0x00000001bd3ee000 	/System/Library/Frameworks/Accelerate.framework/Versions/A/Frameworks/vecLib.framework/Versions/A/libQuadrature.dylib
0x00000001bbc92000 	/System/Library/Frameworks/Accelerate.framework/Versions/A/Frameworks/vecLib.framework/Versions/A/libBNNS.dylib
0x00000001b31bd000 	/System/Library/Frameworks/Accelerate.framework/Versions/A/Frameworks/vecLib.framework/Versions/A/libSparse.dylib
0x00000001bbc8a000 	/System/Library/PrivateFrameworks/LinguisticData.framework/Versions/A/LinguisticData
0x00000001b3173000 	/System/Library/PrivateFrameworks/Lexicon.framework/Versions/A/Lexicon
0x00000001bd9c7000 	/usr/lib/libChineseTokenizer.dylib
0x00000001b391d000 	/System/Library/PrivateFrameworks/LanguageModeling.framework/Versions/A/LanguageModeling
0x00000001bd2cd000 	/System/Library/PrivateFrameworks/AppleSauce.framework/Versions/A/AppleSauce
0x00000001bc35b000 	/System/Library/PrivateFrameworks/CoreEmoji.framework/Versions/A/CoreEmoji
0x00000001bd1bd000 	/usr/lib/libcmph.dylib
0x00000001b9a82000 	/System/Library/Frameworks/OpenDirectory.framework/Versions/A/Frameworks/CFOpenDirectory.framework/Versions/A/CFOpenDirectory
0x00000001b9a72000 	/System/Library/Frameworks/OpenDirectory.framework/Versions/A/OpenDirectory
0x00000001bd925000 	/System/Library/PrivateFrameworks/APFS.framework/Versions/A/APFS
0x00000001bc687000 	/System/Library/Frameworks/SecurityFoundation.framework/Versions/A/SecurityFoundation
0x00000001bd999000 	/usr/lib/libutil.dylib
0x00000001b505c000 	/System/Library/PrivateFrameworks/CoreServicesStore.framework/Versions/A/CoreServicesStore
0x00000001bd99d000 	/usr/lib/libxslt.1.dylib
0x00000001bc71b000 	/System/Library/PrivateFrameworks/BackgroundTaskManagement.framework/Versions/A/BackgroundTaskManagement
0x00000001bec02000 	/System/Library/Frameworks/ImageIO.framework/Versions/A/Resources/libRadiance.dylib
0x00000001bec0b000 	/System/Library/Frameworks/ImageIO.framework/Versions/A/Resources/libJPEG.dylib
0x00000001beb5d000 	/System/Library/Frameworks/ImageIO.framework/Versions/A/Resources/libPng.dylib
0x00000001beb7f000 	/System/Library/Frameworks/ImageIO.framework/Versions/A/Resources/libTIFF.dylib
0x00000001bec66000 	/System/Library/Frameworks/ImageIO.framework/Versions/A/Resources/libGIF.dylib
0x00000001be5ab000 	/System/Library/Frameworks/ImageIO.framework/Versions/A/Resources/libJP2.dylib
0x00000001bdcee000 	/usr/lib/libexpat.1.dylib
0x00000001be566000 	/System/Library/PrivateFrameworks/AppleJPEG.framework/Versions/A/AppleJPEG
0x00000001bb0bf000 	/System/Library/PrivateFrameworks/FontServices.framework/libFontParser.dylib
0x00000001b8dd9000 	/System/Library/PrivateFrameworks/RunningBoardServices.framework/Versions/A/RunningBoardServices
0x00000001c929b000 	/System/Library/PrivateFrameworks/IOSurfaceAccelerator.framework/Versions/A/IOSurfaceAccelerator
0x00000001be697000 	/System/Library/PrivateFrameworks/WatchdogClient.framework/Versions/A/WatchdogClient
0x00000001b3a21000 	/System/Library/Frameworks/CoreDisplay.framework/Versions/A/CoreDisplay
0x00000001bafae000 	/System/Library/Frameworks/CoreMedia.framework/Versions/A/CoreMedia
0x00000001bae42000 	/System/Library/PrivateFrameworks/IOAccelerator.framework/Versions/A/IOAccelerator
0x00000001b9c10000 	/System/Library/Frameworks/CoreVideo.framework/Versions/A/CoreVideo
0x00000001bd31d000 	/System/Library/Frameworks/MetalPerformanceShaders.framework/Versions/A/MetalPerformanceShaders
0x00000001be6d4000 	/System/Library/Frameworks/VideoToolbox.framework/Versions/A/VideoToolbox
0x00000001b8d1d000 	/System/Library/PrivateFrameworks/BaseBoard.framework/Versions/A/BaseBoard
0x00000001b8abc000 	/System/Library/PrivateFrameworks/ProtocolBuffer.framework/Versions/A/ProtocolBuffer
0x00000001bebfd000 	/System/Library/PrivateFrameworks/GPUWrangler.framework/Versions/A/GPUWrangler
0x00000001bebdc000 	/System/Library/PrivateFrameworks/IOPresentment.framework/Versions/A/IOPresentment
0x00000001bec05000 	/System/Library/PrivateFrameworks/DSExternalDisplay.framework/Versions/A/DSExternalDisplay
0x00000002135c8000 	/System/Library/Frameworks/OpenGL.framework/Versions/A/Libraries/libCoreFSCache.dylib
0x000000021cce2000 	/System/Library/PrivateFrameworks/GPUCompiler.framework/Versions/31001/Libraries/libGPUCompilerUtils.dylib
0x00000001bec6b000 	/System/Library/PrivateFrameworks/CMCaptureCore.framework/Versions/A/CMCaptureCore
0x00000001be2a1000 	/System/Library/PrivateFrameworks/AppServerSupport.framework/Versions/A/AppServerSupport
0x00000001c0440000 	/System/Library/PrivateFrameworks/perfdata.framework/Versions/A/perfdata
0x00000001b3b41000 	/System/Library/PrivateFrameworks/AudioToolboxCore.framework/Versions/A/AudioToolboxCore
0x00000001baf86000 	/System/Library/PrivateFrameworks/caulk.framework/Versions/A/caulk
0x00000001bfd35000 	/usr/lib/libAudioStatistics.dylib
0x00000001d154e000 	/System/Library/PrivateFrameworks/SystemPolicy.framework/Versions/A/SystemPolicy
0x00000001bff95000 	/usr/lib/libSMC.dylib
0x00000001c8b12000 	/System/Library/Frameworks/CoreMIDI.framework/Versions/A/CoreMIDI
0x00000001beb2b000 	/usr/lib/libAudioToolboxUtility.dylib
0x00000001cd9f4000 	/System/Library/PrivateFrameworks/OSAServicesClient.framework/Versions/A/OSAServicesClient
0x00000001c044d000 	/usr/lib/libperfcheck.dylib
0x00000001d2051000 	/usr/lib/libmis.dylib
0x0000000213629000 	/System/Library/Frameworks/OpenGL.framework/Versions/A/Libraries/libGLU.dylib
0x00000002135e8000 	/System/Library/Frameworks/OpenGL.framework/Versions/A/Libraries/libGFXShared.dylib
0x00000002137d2000 	/System/Library/Frameworks/OpenGL.framework/Versions/A/Libraries/libGL.dylib
0x00000002135f1000 	/System/Library/Frameworks/OpenGL.framework/Versions/A/Libraries/libGLImage.dylib
0x00000002135e5000 	/System/Library/Frameworks/OpenGL.framework/Versions/A/Libraries/libCVMSPluginSupport.dylib
0x00000002135cf000 	/System/Library/Frameworks/OpenGL.framework/Versions/A/Libraries/libCoreVMClient.dylib
0x00000001bbb17000 	/System/Library/Frameworks/MetalPerformanceShaders.framework/Versions/A/Frameworks/MPSCore.framework/Versions/A/MPSCore
0x00000001bccdf000 	/System/Library/Frameworks/MetalPerformanceShaders.framework/Versions/A/Frameworks/MPSImage.framework/Versions/A/MPSImage
0x00000001bc7dd000 	/System/Library/Frameworks/MetalPerformanceShaders.framework/Versions/A/Frameworks/MPSNeuralNetwork.framework/Versions/A/MPSNeuralNetwork
0x00000001bcc1a000 	/System/Library/Frameworks/MetalPerformanceShaders.framework/Versions/A/Frameworks/MPSMatrix.framework/Versions/A/MPSMatrix
0x00000001bc9f5000 	/System/Library/Frameworks/MetalPerformanceShaders.framework/Versions/A/Frameworks/MPSRayIntersector.framework/Versions/A/MPSRayIntersector
0x00000001bcc4b000 	/System/Library/Frameworks/MetalPerformanceShaders.framework/Versions/A/Frameworks/MPSNDArray.framework/Versions/A/MPSNDArray
0x00000002152e4000 	/System/Library/Frameworks/MetalPerformanceShaders.framework/Versions/A/Frameworks/MPSFunctions.framework/Versions/A/MPSFunctions
0x00000001b2ddd000 	/System/Library/PrivateFrameworks/MetalTools.framework/Versions/A/MetalTools
0x00000001bbb93000 	/System/Library/PrivateFrameworks/AggregateDictionary.framework/Versions/A/AggregateDictionary
0x00000001bdad4000 	/usr/lib/libIOReport.dylib
0x00000001c7b00000 	/System/Library/PrivateFrameworks/ASEProcessing.framework/Versions/A/ASEProcessing
0x00000001bde46000 	/System/Library/PrivateFrameworks/FaceCore.framework/Versions/A/FaceCore
0x00000001bde38000 	/System/Library/PrivateFrameworks/GraphVisualizer.framework/Versions/A/GraphVisualizer
0x000000021cbf9000 	/System/Library/PrivateFrameworks/FontServices.framework/Versions/A/FontServices
0x00000001be25b000 	/System/Library/PrivateFrameworks/OTSVG.framework/Versions/A/OTSVG
0x00000001b97de000 	/System/Library/Frameworks/ApplicationServices.framework/Versions/A/Frameworks/ATS.framework/Versions/A/Resources/libFontRegistry.dylib
0x00000001be2aa000 	/System/Library/PrivateFrameworks/FontServices.framework/libhvf.dylib
0x000000021cbfa000 	/System/Library/PrivateFrameworks/FontServices.framework/libXTFontStaticRegistryData.dylib
0x0000000213974000 	/System/Library/Frameworks/OpenCL.framework/Versions/A/OpenCL
0x00000001bdca2000 	/System/Library/PrivateFrameworks/AppleVA.framework/Versions/A/AppleVA
0x00000001bfd5d000 	/System/Library/Frameworks/ApplicationServices.framework/Versions/A/Frameworks/ATS.framework/Versions/A/ATS
0x00000001b8282000 	/System/Library/Frameworks/ApplicationServices.framework/Versions/A/Frameworks/HIServices.framework/Versions/A/HIServices
0x00000001bec75000 	/System/Library/Frameworks/ApplicationServices.framework/Versions/A/Frameworks/PrintCore.framework/Versions/A/PrintCore
0x00000001c00e8000 	/System/Library/Frameworks/ApplicationServices.framework/Versions/A/Frameworks/QD.framework/Versions/A/QD
0x00000001c00e0000 	/System/Library/Frameworks/ApplicationServices.framework/Versions/A/Frameworks/ColorSyncLegacy.framework/Versions/A/ColorSyncLegacy
0x00000001bfd49000 	/System/Library/Frameworks/ApplicationServices.framework/Versions/A/Frameworks/SpeechSynthesis.framework/Versions/A/SpeechSynthesis
0x00000001bec36000 	/System/Library/Frameworks/ApplicationServices.framework/Versions/A/Frameworks/ATSUI.framework/Versions/A/ATSUI
0x00000001c0075000 	/usr/lib/libcups.2.dylib
0x00000001c045b000 	/System/Library/Frameworks/Kerberos.framework/Versions/A/Kerberos
0x00000001c046c000 	/System/Library/Frameworks/GSS.framework/Versions/A/GSS
0x00000001bfdcc000 	/usr/lib/libresolv.9.dylib
0x00000001be2b8000 	/System/Library/PrivateFrameworks/Heimdal.framework/Versions/A/Heimdal
0x00000001c6d74000 	/System/Library/Frameworks/Kerberos.framework/Versions/A/Libraries/libHeimdalProxy.dylib
0x00000001b8eb8000 	/System/Library/Frameworks/Network.framework/Versions/A/Network
0x00000001bdd09000 	/usr/lib/libheimdal-asn1.dylib
0x00000001c04b2000 	/System/Library/PrivateFrameworks/CommonAuth.framework/Versions/A/CommonAuth
0x00000001bfcc3000 	/System/Library/PrivateFrameworks/AudioSession.framework/Versions/A/AudioSession
0x00000001bdd9a000 	/System/Library/PrivateFrameworks/MediaExperience.framework/Versions/A/MediaExperience
0x00000001bfb4b000 	/System/Library/PrivateFrameworks/AudioSession.framework/libSessionUtility.dylib
0x00000001c00f4000 	/System/Library/PrivateFrameworks/AudioResourceArbitration.framework/Versions/A/AudioResourceArbitration
0x00000001bdd12000 	/System/Library/PrivateFrameworks/IconFoundation.framework/Versions/A/IconFoundation
0x00000001c2f79000 	/System/Library/PrivateFrameworks/SpeechRecognitionCore.framework/Versions/A/SpeechRecognitionCore
0x0000000105908000 	/Library/Java/JavaVirtualMachines/liberica-jdk-16-full.jdk/Contents/Home/lib/server/libjvm.dylib
0x00000001047c0000 	/Library/Java/JavaVirtualMachines/liberica-jdk-16-full.jdk/Contents/Home/lib/libjimage.dylib
0x00000001047ec000 	/Library/Java/JavaVirtualMachines/liberica-jdk-16-full.jdk/Contents/Home/lib/libinstrument.dylib
0x0000000104838000 	/Library/Java/JavaVirtualMachines/liberica-jdk-16-full.jdk/Contents/Home/lib/libjava.dylib
0x0000000104914000 	/Library/Java/JavaVirtualMachines/liberica-jdk-16-full.jdk/Contents/Home/lib/libnio.dylib
0x00000001053c8000 	/Library/Java/JavaVirtualMachines/liberica-jdk-16-full.jdk/Contents/Home/lib/libnet.dylib
0x0000000104820000 	/Library/Java/JavaVirtualMachines/liberica-jdk-16-full.jdk/Contents/Home/lib/libzip.dylib
0x000000010561c000 	/Library/Java/JavaVirtualMachines/liberica-jdk-16-full.jdk/Contents/Home/lib/libprism_es2.dylib
0x00000001b501f000 	/System/Library/PrivateFrameworks/CoreServicesInternal.framework/Versions/A/CoreServicesInternal
0x00000002137dc000 	/System/Library/Frameworks/OpenGL.framework/Versions/A/Resources/GLEngine.bundle/GLEngine
0x0000000213663000 	/System/Library/Frameworks/OpenGL.framework/Versions/A/Libraries/libGLProgrammability.dylib
0x00000001057ec000 	/System/Library/Extensions/AppleMetalOpenGLRenderer.bundle/Contents/MacOS/AppleMetalOpenGLRenderer
0x000000021394b000 	/System/Library/Frameworks/OpenGL.framework/Versions/A/Resources/GLRendererFloat.bundle/GLRendererFloat
0x00000002139ec000 	/System/Library/Extensions/AGXMetal13_3.bundle/Contents/MacOS/AGXMetal13_3
0x00000001d206d000 	/System/Library/PrivateFrameworks/GPURawCounter.framework/Versions/A/GPURawCounter
0x00000001ccb42000 	/System/Library/PrivateFrameworks/IOGPU.framework/Versions/A/IOGPU
0x000000012448c000 	/Library/Java/JavaVirtualMachines/liberica-jdk-16-full.jdk/Contents/Home/lib/libglass.dylib
0x00000001c4419000 	/System/Library/Frameworks/FileProvider.framework/Versions/A/FileProvider
0x00000001b8c85000 	/System/Library/Frameworks/Accounts.framework/Versions/A/Accounts
0x00000001c4599000 	/System/Library/PrivateFrameworks/GenerationalStorage.framework/Versions/A/GenerationalStorage
0x00000001c5149000 	/System/Library/PrivateFrameworks/CoreSymbolication.framework/Versions/A/CoreSymbolication
0x00000001c41b9000 	/System/Library/PrivateFrameworks/SymptomDiagnosticReporter.framework/Versions/A/SymptomDiagnosticReporter
0x00000001b6304000 	/System/Library/PrivateFrameworks/DesktopServicesPriv.framework/Versions/A/DesktopServicesPriv
0x00000001b517e000 	/usr/lib/libsandbox.1.dylib
0x00000001b9c9c000 	/System/Library/PrivateFrameworks/UserManagement.framework/Versions/A/UserManagement
0x00000001c510a000 	/System/Library/PrivateFrameworks/DebugSymbols.framework/Versions/A/DebugSymbols
0x00000001c00d3000 	/System/Library/PrivateFrameworks/NetAuth.framework/Versions/A/NetAuth
0x00000001c0fd1000 	/System/Library/PrivateFrameworks/Sharing.framework/Versions/A/Sharing
0x00000001b9c6c000 	/System/Library/PrivateFrameworks/login.framework/Versions/A/Frameworks/loginsupport.framework/Versions/A/loginsupport
0x00000001c62ba000 	/System/Library/PrivateFrameworks/Apple80211.framework/Versions/A/Apple80211
0x00000001bcdc3000 	/System/Library/PrivateFrameworks/AuthKit.framework/Versions/A/AuthKit
0x00000001bc45a000 	/System/Library/PrivateFrameworks/CoreUtils.framework/Versions/A/CoreUtils
0x00000001bc37a000 	/System/Library/Frameworks/CoreWLAN.framework/Versions/A/CoreWLAN
0x00000001c113a000 	/System/Library/Frameworks/IOBluetooth.framework/Versions/A/IOBluetooth
0x00000001c631a000 	/System/Library/PrivateFrameworks/CoreWiFi.framework/Versions/A/CoreWiFi
0x00000001c4cf1000 	/System/Library/PrivateFrameworks/FrontBoardServices.framework/Versions/A/FrontBoardServices
0x00000001c4d89000 	/System/Library/PrivateFrameworks/BoardServices.framework/Versions/A/BoardServices
0x00000001bc675000 	/System/Library/PrivateFrameworks/AssertionServices.framework/Versions/A/AssertionServices
0x00000001c6488000 	/System/Library/PrivateFrameworks/BackBoardServices.framework/Versions/A/BackBoardServices
0x00000001c0545000 	/System/Library/PrivateFrameworks/CorePhoneNumbers.framework/Versions/A/CorePhoneNumbers
0x00000001c42e9000 	/System/Library/PrivateFrameworks/DiskManagement.framework/Versions/A/DiskManagement
0x00000001c41ec000 	/System/Library/PrivateFrameworks/AppleIDAuthSupport.framework/Versions/A/AppleIDAuthSupport
0x000000021757d000 	/System/Library/PrivateFrameworks/AAAFoundation.framework/Versions/A/AAAFoundation
0x00000001c0524000 	/System/Library/PrivateFrameworks/KeychainCircle.framework/Versions/A/KeychainCircle
0x00000001c42b5000 	/System/Library/PrivateFrameworks/MediaKit.framework/Versions/A/MediaKit
0x00000001c41f9000 	/System/Library/Frameworks/DiscRecording.framework/Versions/A/DiscRecording
0x00000001bdc1e000 	/usr/lib/libCoreStorage.dylib
0x00000001c6782000 	/usr/lib/libcsfde.dylib
0x00000001c120f000 	/System/Library/PrivateFrameworks/ProtectedCloudStorage.framework/Versions/A/ProtectedCloudStorage
0x00000001c677a000 	/System/Library/PrivateFrameworks/EFILogin.framework/Versions/A/EFILogin
0x00000001c45c0000 	/System/Library/PrivateFrameworks/OctagonTrust.framework/Versions/A/OctagonTrust
0x000000021be64000 	/System/Library/PrivateFrameworks/CoreUtilsExtras.framework/Versions/A/CoreUtilsExtras
0x00000001c412b000 	/System/Library/Frameworks/CoreBluetooth.framework/Versions/A/CoreBluetooth
0x00000001c6df9000 	/System/Library/Frameworks/AudioUnit.framework/Versions/A/AudioUnit
0x00000001bdc16000 	/usr/lib/libMatch.1.dylib
0x00000001d62d4000 	/System/Library/Frameworks/Accelerate.framework/Versions/A/Frameworks/vImage.framework/Versions/A/Libraries/libCGInterfaces.dylib
0x0000000131fc4000 	/usr/lib/libobjc-trampolines.dylib
0x00000001b996a000 	/System/Library/PrivateFrameworks/ViewBridge.framework/Versions/A/ViewBridge
0x00000001bdadd000 	/System/Library/PrivateFrameworks/CrashReporterSupport.framework/Versions/A/CrashReporterSupport
0x00000001ddbe3000 	/System/Library/PrivateFrameworks/OSAnalytics.framework/Versions/A/OSAnalytics
0x00000001e8d32000 	/System/Library/PrivateFrameworks/Symbolication.framework/Versions/A/Symbolication
0x00000001d202e000 	/System/Library/PrivateFrameworks/MallocStackLogging.framework/Versions/A/MallocStackLogging
0x0000000134fbc000 	/Library/Java/JavaVirtualMachines/liberica-jdk-16-full.jdk/Contents/Home/lib/libjavafx_font.dylib
0x00000001be366000 	/System/Library/PrivateFrameworks/login.framework/Versions/A/login


VM Arguments:
jvm_args: -javaagent:/Applications/IntelliJ IDEA.app/Contents/lib/idea_rt.jar=50675:/Applications/IntelliJ IDEA.app/Contents/bin -Dfile.encoding=UTF-8 --module-path=/Users/louislombard/Documents/Cours/4IF/TRUEAGILE/de/target/classes:/Users/louislombard/.m2/repository/org/openjfx/javafx-controls/17.0.1/javafx-controls-17.0.1.jar:/Users/louislombard/.m2/repository/org/openjfx/javafx-controls/17.0.1/javafx-controls-17.0.1-mac-aarch64.jar:/Users/louislombard/.m2/repository/org/openjfx/javafx-graphics/17.0.1/javafx-graphics-17.0.1.jar:/Users/louislombard/.m2/repository/org/openjfx/javafx-graphics/17.0.1/javafx-graphics-17.0.1-mac-aarch64.jar:/Users/louislombard/.m2/repository/org/openjfx/javafx-fxml/17.0.1/javafx-fxml-17.0.1.jar:/Users/louislombard/.m2/repository/org/openjfx/javafx-fxml/17.0.1/javafx-fxml-17.0.1-mac-aarch64.jar:/Users/louislombard/.m2/repository/com/gluonhq/attach/util/4.0.11/util-4.0.11.jar:/Users/louislombard/.m2/repository/com/gluonhq/attach/storage/4.0.11/storage-4.0.11-desktop.jar:/Users/louislombard/.m2/repository/com/gluonhq/maps/2.0.0-ea+1/maps-2.0.0-ea+1.jar:/Users/louislombard/.m2/repository/org/openjfx/javafx-base/11.0.2/javafx-base-11.0.2.jar:/Users/louislombard/.m2/repository/org/openjfx/javafx-base/11.0.2/javafx-base-11.0.2-mac.jar -Djdk.module.main=org.hexanome 
java_command: org.hexanome/org.hexanome.vue.App
java_class_path (initial): <not set>
Launcher Type: SUN_STANDARD

[Global flags]
     intx CICompilerCount                          = 4                                         {product} {ergonomic}
     uint ConcGCThreads                            = 2                                         {product} {ergonomic}
     uint G1ConcRefinementThreads                  = 8                                         {product} {ergonomic}
   size_t G1HeapRegionSize                         = 2097152                                   {product} {ergonomic}
    uintx GCDrainStackTargetSize                   = 64                                        {product} {ergonomic}
   size_t InitialHeapSize                          = 268435456                                 {product} {ergonomic}
   size_t MarkStackSize                            = 4194304                                   {product} {ergonomic}
   size_t MaxHeapSize                              = 4294967296                                {product} {ergonomic}
   size_t MaxNewSize                               = 2575302656                                {product} {ergonomic}
   size_t MinHeapDeltaBytes                        = 2097152                                   {product} {ergonomic}
   size_t MinHeapSize                              = 8388608                                   {product} {ergonomic}
    uintx NonNMethodCodeHeapSize                   = 5839564                                {pd product} {ergonomic}
    uintx NonProfiledCodeHeapSize                  = 122909338                              {pd product} {ergonomic}
    uintx ProfiledCodeHeapSize                     = 122909338                              {pd product} {ergonomic}
    uintx ReservedCodeCacheSize                    = 251658240                              {pd product} {ergonomic}
     bool SegmentedCodeCache                       = true                                      {product} {ergonomic}
   size_t SoftMaxHeapSize                          = 4294967296                             {manageable} {ergonomic}
     bool UseCompressedClassPointers               = true                           {product lp64_product} {ergonomic}
     bool UseCompressedOops                        = true                           {product lp64_product} {ergonomic}
     bool UseG1GC                                  = true                                      {product} {ergonomic}
     bool UseNUMA                                  = false                                     {product} {ergonomic}
     bool UseNUMAInterleaving                      = false                                     {product} {ergonomic}

Logging:
Log output configuration:
 #0: stdout all=warning uptime,level,tags
 #1: stderr all=off uptime,level,tags

Environment Variables:
PATH=/opt/homebrew/bin:/opt/homebrew/sbin:/usr/local/bin:/usr/bin:/bin:/usr/sbin:/sbin:/Library/Apple/usr/bin
SHELL=/bin/zsh
LC_CTYPE=fr_FR.UTF-8

Signal Handlers:
SIGSEGV: [libjvm.dylib+0x9bfc08], sa_mask[0]=11100110000111110111111111111111, sa_flags=SA_ONSTACK|SA_RESTART|SA_SIGINFO
SIGBUS: [libjvm.dylib+0x9bfc08], sa_mask[0]=11100110000111110111111111111111, sa_flags=SA_RESTART|SA_SIGINFO
SIGFPE: [libjvm.dylib+0x9bfc08], sa_mask[0]=11100110000111110111111111111111, sa_flags=SA_RESTART|SA_SIGINFO
SIGPIPE: [libjvm.dylib+0x8a7170], sa_mask[0]=11100110000111110111111111111111, sa_flags=SA_RESTART|SA_SIGINFO
SIGXFSZ: [libjvm.dylib+0x8a7170], sa_mask[0]=11100110000111110111111111111111, sa_flags=SA_RESTART|SA_SIGINFO
SIGILL: [libjvm.dylib+0x9bfc08], sa_mask[0]=11100110000111110111111111111111, sa_flags=SA_RESTART|SA_SIGINFO
SIGUSR2: [libjvm.dylib+0x8a7ba8], sa_mask[0]=00100000000000000000000000000000, sa_flags=SA_RESTART|SA_SIGINFO
SIGHUP: [libjvm.dylib+0x8a6220], sa_mask[0]=11100110000111110111111111111111, sa_flags=SA_RESTART|SA_SIGINFO
SIGINT: [libjvm.dylib+0x8a6220], sa_mask[0]=11100110000111110111111111111111, sa_flags=SA_RESTART|SA_SIGINFO
SIGTERM: [libjvm.dylib+0x8a6220], sa_mask[0]=11100110000111110111111111111111, sa_flags=SA_RESTART|SA_SIGINFO
SIGQUIT: [libjvm.dylib+0x8a6220], sa_mask[0]=11100110000111110111111111111111, sa_flags=SA_RESTART|SA_SIGINFO
SIGTRAP: [libjvm.dylib+0x9bfc08], sa_mask[0]=11100110000111110111111111111111, sa_flags=SA_RESTART|SA_SIGINFO


---------------  S Y S T E M  ---------------

OS:uname: Darwin 21.1.0 Darwin Kernel Version 21.1.0: Wed Oct 13 17:33:24 PDT 2021; root:xnu-8019.41.5~1/RELEASE_ARM64_T8101 arm64
OS uptime: 0 days 2:03 hours
rlimit (soft/hard): STACK 8176k/65520k , CORE 0k/infinity , NPROC 2666/4000 , NOFILE 10240/infinity , AS infinity/infinity , CPU infinity/infinity , DATA infinity/infinity , FSIZE infinity/infinity , MEMLOCK infinity/infinity , RSS infinity/infinity
load average: 1.85 1.79 1.80

CPU: total 8 (initial active 8) 0x61:0x0:0x1b588bb3:0, simd, crc, lse

Memory: 16k page, physical 16777216k(298880k free), swap 0k(0k free)

vm_info: OpenJDK 64-Bit Server VM (16.0.2+7) for bsd-aarch64 JRE (16.0.2+7), built on Jul 22 2021 03:27:58 by "bellsoft" with clang Apple LLVM 12.0.0 (clang-1200.0.32.28)

END.
