#
# A fatal error has been detected by the Java Runtime Environment:
#
#  SIGBUS (0xa) at pc=0x000000010df554f0, pid=4529, tid=31247
#
# JRE version: OpenJDK Runtime Environment Homebrew (17.0) (build 17+0)
# Java VM: OpenJDK 64-Bit Server VM Homebrew (17+0, mixed mode, sharing, tiered, compressed oops, compressed class ptrs, g1 gc, bsd-aarch64)
# Problematic frame:
# v  ~StubRoutines::SafeFetchN
#
# Core dump will be written. Default location: /cores/core.4529
#
# If you would like to submit a bug report, please visit:
#   https://github.com/Homebrew/homebrew-core/issues
# The crash happened outside the Java Virtual Machine in native code.
# See problematic frame for where to report the bug.
#

---------------  S U M M A R Y ------------

Command Line: --module-path=/Users/louislombard/Documents/Cours/4IF/TRUEAGILE/de/target/classes:/Users/louislombard/.m2/repository/com/gluonhq/maps/2.0.0-ea+1/maps-2.0.0-ea+1.jar:/Users/louislombard/.m2/repository/com/gluonhq/attach/storage/4.0.11/storage-4.0.11-desktop.jar:/Users/louislombard/.m2/repository/com/gluonhq/attach/util/4.0.11/util-4.0.11.jar:/Users/louislombard/.m2/repository/org/openjfx/javafx-base/11.0.2/javafx-base-11.0.2-mac.jar:/Users/louislombard/.m2/repository/org/openjfx/javafx-controls/17.0.1/javafx-controls-17.0.1-mac-aarch64.jar:/Users/louislombard/.m2/repository/org/openjfx/javafx-fxml/17.0.1/javafx-fxml-17.0.1-mac-aarch64.jar:/Users/louislombard/.m2/repository/org/openjfx/javafx-graphics/17.0.1/javafx-graphics-17.0.1-mac-aarch64.jar --add-modules=org.hexanome -Djdk.module.main=org.hexanome org.hexanome/org.hexanome.vue.App

Host: "MacBookAir10,1" arm64 1 MHz, 8 cores, 16G, Darwin 21.1.0, macOS 12.0.1 (21A559)
Time: Tue Nov 23 09:59:51 2021 CET elapsed time: 0.445340 seconds (0d 0h 0m 0s)

---------------  T H R E A D  ---------------

Current thread (0x0000000140914800):  JavaThread "InvokeLaterDispatcher" daemon [_thread_in_native, id=31247, stack(0x000000016e050000,0x000000016e253000)]

Stack: [0x000000016e050000,0x000000016e253000],  sp=0x000000016e252770,  free space=2057k
Native frames: (J=compiled Java code, j=interpreted, Vv=VM code, C=native code)
v  ~StubRoutines::SafeFetchN
V  [libjvm.dylib+0x6088b4]  _ZN10OopStorage7releaseEPKP7oopDesc+0x20
V  [libjvm.dylib+0x3c51ec]  jni_DeleteGlobalRef+0x88
C  [libglass.dylib+0xab08]  -[GlassRunnable dealloc]+0x34
C  [Foundation+0x85e0c]  -[_NSThreadPerformInfo dealloc]+0x30
C  [Foundation+0x525e8]  -[NSObject(NSThreadPerformAdditions) performSelectorOnMainThread:withObject:waitUntilDone:]+0x88
C  0xc75480010df5d8ac
j  com.sun.glass.ui.mac.MacApplication.submitForLaterInvocation(Ljava/lang/Runnable;)V+2 javafx.graphics
j  com.sun.glass.ui.InvokeLaterDispatcher.run()V+82 javafx.graphics
v  ~StubRoutines::call_stub
V  [libjvm.dylib+0x374da0]  _ZN9JavaCalls11call_helperEP9JavaValueRK12methodHandleP17JavaCallArgumentsP10JavaThread+0x234
V  [libjvm.dylib+0x374140]  _ZN9JavaCalls12call_virtualEP9JavaValueP5KlassP6SymbolS5_P17JavaCallArgumentsP10JavaThread+0x11c
V  [libjvm.dylib+0x37420c]  _ZN9JavaCalls12call_virtualEP9JavaValue6HandleP5KlassP6SymbolS6_P10JavaThread+0x64
V  [libjvm.dylib+0x415bb0]  _ZL12thread_entryP10JavaThreadS0_+0x80
V  [libjvm.dylib+0x782000]  _ZN10JavaThread17thread_main_innerEv+0xbc
V  [libjvm.dylib+0x781edc]  _ZN10JavaThread3runEv+0x164
V  [libjvm.dylib+0x780b48]  _ZN6Thread8call_runEv+0x8c
V  [libjvm.dylib+0x60e8e0]  _ZL19thread_native_entryP6Thread+0xcc
C  [libsystem_pthread.dylib+0x74ec]  _pthread_start+0x94

Java frames: (J=compiled Java code, j=interpreted, Vv=VM code)
j  com.sun.glass.ui.mac.MacApplication._submitForLaterInvocation(Ljava/lang/Runnable;)V+0 javafx.graphics
j  com.sun.glass.ui.mac.MacApplication.submitForLaterInvocation(Ljava/lang/Runnable;)V+2 javafx.graphics
j  com.sun.glass.ui.InvokeLaterDispatcher.run()V+82 javafx.graphics
v  ~StubRoutines::call_stub

siginfo: si_signo: 10 (SIGBUS), si_code: 1 (BUS_ADRALN), si_addr: 0x000000010df554f0

Register to memory mapping:

 x0=0x000000013ff10d88 is a global jni handle
 x1=0x0 is NULL
 x2=0x000000070f103c48 is an oop: com.sun.glass.ui.InvokeLaterDispatcher$Future 
{0x000000070f103c48} - klass: 'com/sun/glass/ui/InvokeLaterDispatcher$Future'
 - ---- fields (total size 3 words):
 - private 'done' 'Z' @12  true
 - private final 'runnable' 'Ljava/lang/Runnable;' @16  a 'com/sun/javafx/application/PlatformImpl$$Lambda$90+0x0000000800c85920'{0x000000070eea7340} (e1dd4e68)
 - final synthetic 'this$0' 'Lcom/sun/glass/ui/InvokeLaterDispatcher;' @20  a 'com/sun/glass/ui/InvokeLaterDispatcher'{0x000000070e80ac18} (e1d01583)
 x3=0x0 is NULL
 x4=0x00000000000130a8 is an unknown value
 x5=0x0 is NULL
 x6=0x0 is NULL
 x7=0x0 is NULL
 x8=0x000000010df554ec is at begin+0 in a stub
StubRoutines::SafeFetchN [0x000000010df554ec, 0x000000010df554f8] (12 bytes)
 x9=0x0 is NULL
x10=0x2010000030300000 is an unknown value
x11=0x0000000000000007 is an unknown value
x12=0x0 is NULL
x13=0x0000600000886b70 points into unknown readable memory: 0x001813d000000002 | 02 00 00 00 d0 13 18 00
x14=0x0000000000000001 is an unknown value
x15=0x0000000127f99f98: OBJC_CLASS_$_GlassRunnable+0 in /Users/louislombard/.openjfx/cache/11.0.2/libglass.dylib at 0x0000000127f54000
x16=0x00000001b25ec340: pthread_getspecific+0 in /usr/lib/system/libsystem_pthread.dylib at 0x00000001b25ea000
x17=0x0000600000291020 points into unknown readable memory: 0xfffffffffffffffe | fe ff ff ff ff ff ff ff
x18=0x0 is NULL
x19=0x0000600000d98850 points into unknown readable memory: 0x00006000024959a0 | a0 59 49 02 00 60 00 00
x20=0x000000013ff10d88 is a global jni handle
x21=0x0000000140914800 is a thread
x22=0x0000000000000001 is an unknown value
x23=0x0 is NULL
x24=0x000000013ff10d40 is a global jni handle
x25=0x0000000106113a18: _ZN12StubRoutines17_safefetchN_entryE+0 in /opt/homebrew/Cellar/openjdk/17/libexec/openjdk.jdk/Contents/Home/lib/server/libjvm.dylib at 0x0000000105708000
x26=0x0000000000000001 is an unknown value
x27=0x0 is NULL
x28=0x0000000140914800 is a thread


Registers:
 x0=0x000000013ff10d88  x1=0x0000000000000000  x2=0x000000070f103c48  x3=0x0000000000000000
 x4=0x00000000000130a8  x5=0x0000000000000000  x6=0x0000000000000000  x7=0x0000000000000000
 x8=0x000000010df554ec  x9=0x0000000000000000 x10=0x2010000030300000 x11=0x0000000000000007
x12=0x0000000000000000 x13=0x0000600000886b70 x14=0x0000000000000001 x15=0x0000000127f99f98
x16=0x00000001b25ec340 x17=0x0000600000291020 x18=0x0000000000000000 x19=0x0000600000d98850
x20=0x000000013ff10d88 x21=0x0000000140914800 x22=0x0000000000000001 x23=0x0000000000000000
x24=0x000000013ff10d40 x25=0x0000000106113a18 x26=0x0000000000000001 x27=0x0000000000000000
x28=0x0000000140914800  fp=0x000000016e2527b0  lr=0x0000000105d0fc9c  sp=0x000000016e252770
pc=0x000000010df554f0 cpsr=0x0000000060001000
Top of Stack: (sp=0x000000016e252770)
0x000000016e252770:   0000000128516800 000000016e252de0
0x000000016e252780:   000000016e252978 00006000024396b0
0x000000016e252790:   00000001381a46a8 000000013ff10d40
0x000000016e2527a0:   000000013ff10d40 0000600000d98850
0x000000016e2527b0:   000000016e2527f0 0000000105d108b4
0x000000016e2527c0:   0000000000000001 000000013ff10d40
0x000000016e2527d0:   00000001381a46a8 000000013ff10d40
0x000000016e2527e0:   0000000000000001 00000001381a4400
0x000000016e2527f0:   000000016e252830 0000000105acd1ec
0x000000016e252800:   00000001381a4400 00006000024396b8
0x000000016e252810:   0000600002439680 00000001fc8199f4
0x000000016e252820:   0000000000000000 0000600002439680
0x000000016e252830:   000000016e252860 0000000127f5eb08
0x000000016e252840:   57d2ea41327c00f5 0000000000000000
0x000000016e252850:   0000000000000000 000060000330b9c0
0x000000016e252860:   000000016e2528a0 00000001b35b4e0c
0x000000016e252870:   000000016e252978 00006000024396b0
0x000000016e252880:   0000600002439680 57d2ea41327c00f5
0x000000016e252890:   0000000000000000 0000000000000000
0x000000016e2528a0:   000000016e2528e0 422a0001b35815e8
0x000000016e2528b0:   000000016e252978 000000010df5c7c0
0x000000016e2528c0:   0000000000000000 000000010611b3d0
0x000000016e2528d0:   000000016e2528f0 000000010df5b730
0x000000016e2528e0:   000000016e252950 c75480010df5d8ac
0x000000016e2528f0:   000000016e252958 0000000128171e68
0x000000016e252900:   000000016e252900 0000000000000000
0x000000016e252910:   000000016e252978 0000000128516800
0x000000016e252920:   000000070e80b548 0000000000000000
0x000000016e252930:   0000000000000000 00000001284f3138
0x000000016e252940:   0000000000000000 000000016e252950
0x000000016e252950:   000000016e2529d0 000000010df59fc8
0x000000016e252960:   0000000000000000 0000000000000000 

Instructions: (pc=0x000000010df554f0)
0x000000010df553f0:   f2a0c1c9 f2c00029 6d425935 1e640886
0x000000010df55400:   0c402d31 1e6408c7 1f5654d0 1e6c1017
0x000000010df55410:   1f5050d0 1f504cd0 1f5048d0 1e650af6
0x000000010df55420:   1f50d8f6 1f5694d6 1f5158f6 1e762880
0x000000010df55430:   36000501 1e614000 14000026 2e251ca5
0x000000010df55440:   d2803009 f2a0c1c9 f2c00029 6d425d36
0x000000010df55450:   1e600806 0c402d32 1f5758c7 1e6c101a
0x000000010df55460:   1f4754c7 1e650805 1f4750c7 d2866668
0x000000010df55470:   f2a7fa68 1f474cc7 1e6608c0 1f4748c7
0x000000010df55480:   1e6e1019 eb08007f 540000ac 1f479400
0x000000010df55490:   1f460340 1e603b20 1400000e d2a7fd29
0x000000010df554a0:   eb09007f 540000ac 51480069 d3607d29
0x000000010df554b0:   9e670121 14000002 1e6a5001 1f679417
0x000000010df554c0:   1f668742 1e613b23 1e773857 1e773860
0x000000010df554d0:   a8c17ff3 910003bf a8c17bfd d65f03c0
0x000000010df554e0:   b9400001 aa0103e0 d65f03c0 f9400001
0x000000010df554f0:   aa0103e0 d65f03c0 00000000 00000000
0x000000010df55500:   00000000 00000000 00000000 00000000
0x000000010df55510:   00000000 00000000 00000000 00000000
0x000000010df55520:   00000000 00000000 00000000 00000000
0x000000010df55530:   00000000 00000000 00000000 00000000
0x000000010df55540:   00000000 00000000 00000000 00000000
0x000000010df55550:   00000000 00000000 00000000 00000000
0x000000010df55560:   00000000 00000000 00000000 00000000
0x000000010df55570:   00000000 00000000 00000000 00000000
0x000000010df55580:   00000000 00000000 00000000 00000000
0x000000010df55590:   00000000 00000000 00000000 00000000
0x000000010df555a0:   00000000 00000000 00000000 00000000
0x000000010df555b0:   00000000 00000000 00000000 00000000
0x000000010df555c0:   00000000 00000000 00000000 00000000
0x000000010df555d0:   00000000 00000000 00000000 00000000
0x000000010df555e0:   00000000 00000000 00000000 00000000 


Stack slot to memory mapping:
stack at sp + 0 slots: 0x0000000128516800 is pointing into metadata
stack at sp + 1 slots: 0x000000016e252de0 is pointing into the stack for thread: 0x0000000140914800
stack at sp + 2 slots: 0x000000016e252978 is pointing into the stack for thread: 0x0000000140914800
stack at sp + 3 slots: 0x00006000024396b0 points into unknown readable memory: 0x010000020b2ce081 | 81 e0 2c 0b 02 00 00 01
stack at sp + 4 slots: 0x00000001381a46a8 points into unknown readable memory: 0x00000001060ce918 | 18 e9 0c 06 01 00 00 00
stack at sp + 5 slots: 0x000000013ff10d40 is a global jni handle
stack at sp + 6 slots: 0x000000013ff10d40 is a global jni handle
stack at sp + 7 slots: 0x0000600000d98850 points into unknown readable memory: 0x00006000024959a0 | a0 59 49 02 00 60 00 00

StubRoutines::SafeFetchN [0x000000010df554ec, 0x000000010df554f8] (12 bytes)
[MachCode]
  0x000000010df554ec: 0100 40f9 | e003 01aa | c003 5fd6 
[/MachCode]

---------------  P R O C E S S  ---------------

Threads class SMR info:
_java_thread_list=0x00006000026017c0, length=21, elements={
0x000000014080a200, 0x0000000138008200, 0x000000013800aa00, 0x0000000140918a00,
0x000000013800e400, 0x000000013800ea00, 0x0000000138008e00, 0x0000000138009400,
0x0000000138009a00, 0x0000000140916800, 0x000000013800c000, 0x0000000138098600,
0x0000000140914800, 0x00000001381a4400, 0x00000001381d9800, 0x00000001400dd600,
0x0000000140135a00, 0x0000000138184200, 0x00000001388bae00, 0x00000001388bb400,
0x00000001381a0800
}

Java Threads: ( => current thread )
  0x000000014080a200 JavaThread "main" [_thread_blocked, id=9731, stack(0x000000016b854000,0x000000016ba57000)]
  0x0000000138008200 JavaThread "Reference Handler" daemon [_thread_blocked, id=16899, stack(0x000000016c6a8000,0x000000016c8ab000)]
  0x000000013800aa00 JavaThread "Finalizer" daemon [_thread_blocked, id=18179, stack(0x000000016c8b4000,0x000000016cab7000)]
  0x0000000140918a00 JavaThread "Signal Dispatcher" daemon [_thread_blocked, id=23043, stack(0x000000016cbd8000,0x000000016cddb000)]
  0x000000013800e400 JavaThread "Service Thread" daemon [_thread_blocked, id=23299, stack(0x000000016cde4000,0x000000016cfe7000)]
  0x000000013800ea00 JavaThread "Monitor Deflation Thread" daemon [_thread_blocked, id=23811, stack(0x000000016cff0000,0x000000016d1f3000)]
  0x0000000138008e00 JavaThread "C2 CompilerThread0" daemon [_thread_in_vm, id=24067, stack(0x000000016d1fc000,0x000000016d3ff000)]
  0x0000000138009400 JavaThread "C1 CompilerThread0" daemon [_thread_blocked, id=41731, stack(0x000000016d408000,0x000000016d60b000)]
  0x0000000138009a00 JavaThread "Sweeper thread" daemon [_thread_blocked, id=41475, stack(0x000000016d614000,0x000000016d817000)]
  0x0000000140916800 JavaThread "Common-Cleaner" daemon [_thread_blocked, id=24579, stack(0x000000016d820000,0x000000016da23000)]
  0x000000013800c000 JavaThread "Notification Thread" daemon [_thread_blocked, id=40963, stack(0x000000016da2c000,0x000000016dc2f000)]
  0x0000000138098600 JavaThread "QuantumRenderer-0" daemon [_thread_blocked, id=40451, stack(0x000000016de44000,0x000000016e047000)]
=>0x0000000140914800 JavaThread "InvokeLaterDispatcher" daemon [_thread_in_native, id=31247, stack(0x000000016e050000,0x000000016e253000)]
  0x00000001381a4400 JavaThread "JavaFX Application Thread" [_thread_in_vm, id=259, stack(0x000000016afcc000,0x000000016b7c8000)]
  0x00000001381d9800 JavaThread "JavaFX-Launcher" [_thread_blocked, id=54791, stack(0x000000016e4f4000,0x000000016e6f7000)]
  0x00000001400dd600 JavaThread "PulseTimer-CVDisplayLink thread" daemon [_thread_in_native, id=78083, stack(0x000000016e25c000,0x000000016e2df000)]
  0x0000000140135a00 JavaThread "TileType CacheImagesThread" daemon [_thread_blocked, id=58631, stack(0x000000016f13c000,0x000000016f33f000)]
  0x0000000138184200 JavaThread "Thread-5" [_thread_blocked, id=58883, stack(0x000000016f348000,0x000000016f54b000)]
  0x00000001388bae00 JavaThread "Thread-6" [_thread_blocked, id=72451, stack(0x000000016f554000,0x000000016f757000)]
  0x00000001388bb400 JavaThread "Thread-7" [_thread_blocked, id=71939, stack(0x000000016f760000,0x000000016f963000)]
  0x00000001381a0800 JavaThread "Thread-8" [_thread_blocked, id=59395, stack(0x000000016f96c000,0x000000016fb6f000)]

Other Threads:
  0x000000013ff0f760 VMThread "VM Thread" [stack: 0x000000016c49c000,0x000000016c69f000] [id=16387]
  0x000000012fe21700 WatcherThread [stack: 0x000000016dc38000,0x000000016de3b000] [id=40707]
  0x000000013ff084d0 GCTaskThread "GC Thread#0" [stack: 0x000000016ba60000,0x000000016bc63000] [id=12547]
  0x000000013ff34a00 GCTaskThread "GC Thread#1" [stack: 0x000000016e700000,0x000000016e903000] [id=55555]
  0x000000013ff34e80 GCTaskThread "GC Thread#2" [stack: 0x000000016e90c000,0x000000016eb0f000] [id=75011]
  0x000000013fe0fb20 GCTaskThread "GC Thread#3" [stack: 0x000000016eb18000,0x000000016ed1b000] [id=56067]
  0x000000013ff35300 GCTaskThread "GC Thread#4" [stack: 0x000000016ed24000,0x000000016ef27000] [id=74499]
  0x000000013ff35780 GCTaskThread "GC Thread#5" [stack: 0x000000016ef30000,0x000000016f133000] [id=74243]
  0x000000013ff08b80 ConcurrentGCThread "G1 Main Marker" [stack: 0x000000016bc6c000,0x000000016be6f000] [id=13059]
  0x000000013ff09400 ConcurrentGCThread "G1 Conc#0" [stack: 0x000000016be78000,0x000000016c07b000] [id=19971]
  0x000000013ff0b270 ConcurrentGCThread "G1 Refine#0" [stack: 0x000000016c084000,0x000000016c287000] [id=14595]
  0x000000013ff0bb10 ConcurrentGCThread "G1 Service" [stack: 0x000000016c290000,0x000000016c493000] [id=19715]

Threads with active compile tasks:
C2 CompilerThread0      450 1126       4       jdk.internal.org.objectweb.asm.Frame::execute (2305 bytes)

VM state: not at safepoint (normal execution)

VM Mutex/Monitor currently owned by a thread:  ([mutex/lock_event])
[0x0000600003398ac0] CodeCache_lock - owner thread: 0x0000000138008e00
[0x000060000339a340] Compile_lock - owner thread: 0x0000000138008e00
[0x000060000339a4c0] MethodCompileQueue_lock - owner thread: 0x0000000138008e00

Heap address: 0x0000000700000000, size: 4096 MB, Compressed Oops mode: Zero based, Oop shift amount: 3

CDS archive(s) mapped at: [0x0000000800000000-0x0000000800bd0000-0x0000000800bd0000), size 12386304, SharedBaseAddress: 0x0000000800000000, ArchiveRelocationMode: 0.
Compressed class space mapped at: 0x0000000800c00000-0x0000000840c00000, reserved size: 1073741824
Narrow klass base: 0x0000000800000000, Narrow klass shift: 0, Narrow klass range: 0x100000000

GC Precious Log:
 CPUs: 8 total, 8 available
 Memory: 16384M
 Large Page Support: Disabled
 NUMA Support: Disabled
 Compressed Oops: Enabled (Zero based)
 Heap Region Size: 2M
 Heap Min Capacity: 8M
 Heap Initial Capacity: 256M
 Heap Max Capacity: 4G
 Pre-touch: Disabled
 Parallel Workers: 8
 Concurrent Workers: 2
 Concurrent Refinement Workers: 8
 Periodic GC: Disabled

Heap:
 garbage-first heap   total 266240K, used 25013K [0x0000000700000000, 0x0000000800000000)
  region size 2048K, 13 young (26624K), 2 survivors (4096K)
 Metaspace       used 10480K, committed 10752K, reserved 1064960K
  class space    used 1546K, committed 1664K, reserved 1048576K

Heap Regions: E=young(eden), S=young(survivor), O=old, HS=humongous(starts), HC=humongous(continues), CS=collection set, F=free, OA=open archive, CA=closed archive, TAMS=top-at-mark-start (previous, next)
|   0|0x0000000700000000, 0x0000000700000000, 0x0000000700200000|  0%| F|  |TAMS 0x0000000700000000, 0x0000000700000000| Untracked 
|   1|0x0000000700200000, 0x0000000700200000, 0x0000000700400000|  0%| F|  |TAMS 0x0000000700200000, 0x0000000700200000| Untracked 
|   2|0x0000000700400000, 0x0000000700400000, 0x0000000700600000|  0%| F|  |TAMS 0x0000000700400000, 0x0000000700400000| Untracked 
|   3|0x0000000700600000, 0x0000000700600000, 0x0000000700800000|  0%| F|  |TAMS 0x0000000700600000, 0x0000000700600000| Untracked 
|   4|0x0000000700800000, 0x0000000700800000, 0x0000000700a00000|  0%| F|  |TAMS 0x0000000700800000, 0x0000000700800000| Untracked 
|   5|0x0000000700a00000, 0x0000000700a00000, 0x0000000700c00000|  0%| F|  |TAMS 0x0000000700a00000, 0x0000000700a00000| Untracked 
|   6|0x0000000700c00000, 0x0000000700c00000, 0x0000000700e00000|  0%| F|  |TAMS 0x0000000700c00000, 0x0000000700c00000| Untracked 
|   7|0x0000000700e00000, 0x0000000700e00000, 0x0000000701000000|  0%| F|  |TAMS 0x0000000700e00000, 0x0000000700e00000| Untracked 
|   8|0x0000000701000000, 0x0000000701000000, 0x0000000701200000|  0%| F|  |TAMS 0x0000000701000000, 0x0000000701000000| Untracked 
|   9|0x0000000701200000, 0x0000000701200000, 0x0000000701400000|  0%| F|  |TAMS 0x0000000701200000, 0x0000000701200000| Untracked 
|  10|0x0000000701400000, 0x0000000701400000, 0x0000000701600000|  0%| F|  |TAMS 0x0000000701400000, 0x0000000701400000| Untracked 
|  11|0x0000000701600000, 0x0000000701600000, 0x0000000701800000|  0%| F|  |TAMS 0x0000000701600000, 0x0000000701600000| Untracked 
|  12|0x0000000701800000, 0x0000000701800000, 0x0000000701a00000|  0%| F|  |TAMS 0x0000000701800000, 0x0000000701800000| Untracked 
|  13|0x0000000701a00000, 0x0000000701a00000, 0x0000000701c00000|  0%| F|  |TAMS 0x0000000701a00000, 0x0000000701a00000| Untracked 
|  14|0x0000000701c00000, 0x0000000701c00000, 0x0000000701e00000|  0%| F|  |TAMS 0x0000000701c00000, 0x0000000701c00000| Untracked 
|  15|0x0000000701e00000, 0x0000000701e00000, 0x0000000702000000|  0%| F|  |TAMS 0x0000000701e00000, 0x0000000701e00000| Untracked 
|  16|0x0000000702000000, 0x0000000702000000, 0x0000000702200000|  0%| F|  |TAMS 0x0000000702000000, 0x0000000702000000| Untracked 
|  17|0x0000000702200000, 0x0000000702200000, 0x0000000702400000|  0%| F|  |TAMS 0x0000000702200000, 0x0000000702200000| Untracked 
|  18|0x0000000702400000, 0x0000000702400000, 0x0000000702600000|  0%| F|  |TAMS 0x0000000702400000, 0x0000000702400000| Untracked 
|  19|0x0000000702600000, 0x0000000702600000, 0x0000000702800000|  0%| F|  |TAMS 0x0000000702600000, 0x0000000702600000| Untracked 
|  20|0x0000000702800000, 0x0000000702800000, 0x0000000702a00000|  0%| F|  |TAMS 0x0000000702800000, 0x0000000702800000| Untracked 
|  21|0x0000000702a00000, 0x0000000702a00000, 0x0000000702c00000|  0%| F|  |TAMS 0x0000000702a00000, 0x0000000702a00000| Untracked 
|  22|0x0000000702c00000, 0x0000000702c00000, 0x0000000702e00000|  0%| F|  |TAMS 0x0000000702c00000, 0x0000000702c00000| Untracked 
|  23|0x0000000702e00000, 0x0000000702e00000, 0x0000000703000000|  0%| F|  |TAMS 0x0000000702e00000, 0x0000000702e00000| Untracked 
|  24|0x0000000703000000, 0x0000000703000000, 0x0000000703200000|  0%| F|  |TAMS 0x0000000703000000, 0x0000000703000000| Untracked 
|  25|0x0000000703200000, 0x0000000703200000, 0x0000000703400000|  0%| F|  |TAMS 0x0000000703200000, 0x0000000703200000| Untracked 
|  26|0x0000000703400000, 0x0000000703400000, 0x0000000703600000|  0%| F|  |TAMS 0x0000000703400000, 0x0000000703400000| Untracked 
|  27|0x0000000703600000, 0x0000000703600000, 0x0000000703800000|  0%| F|  |TAMS 0x0000000703600000, 0x0000000703600000| Untracked 
|  28|0x0000000703800000, 0x0000000703800000, 0x0000000703a00000|  0%| F|  |TAMS 0x0000000703800000, 0x0000000703800000| Untracked 
|  29|0x0000000703a00000, 0x0000000703a00000, 0x0000000703c00000|  0%| F|  |TAMS 0x0000000703a00000, 0x0000000703a00000| Untracked 
|  30|0x0000000703c00000, 0x0000000703c00000, 0x0000000703e00000|  0%| F|  |TAMS 0x0000000703c00000, 0x0000000703c00000| Untracked 
|  31|0x0000000703e00000, 0x0000000703e00000, 0x0000000704000000|  0%| F|  |TAMS 0x0000000703e00000, 0x0000000703e00000| Untracked 
|  32|0x0000000704000000, 0x0000000704000000, 0x0000000704200000|  0%| F|  |TAMS 0x0000000704000000, 0x0000000704000000| Untracked 
|  33|0x0000000704200000, 0x0000000704200000, 0x0000000704400000|  0%| F|  |TAMS 0x0000000704200000, 0x0000000704200000| Untracked 
|  34|0x0000000704400000, 0x0000000704400000, 0x0000000704600000|  0%| F|  |TAMS 0x0000000704400000, 0x0000000704400000| Untracked 
|  35|0x0000000704600000, 0x0000000704600000, 0x0000000704800000|  0%| F|  |TAMS 0x0000000704600000, 0x0000000704600000| Untracked 
|  36|0x0000000704800000, 0x0000000704800000, 0x0000000704a00000|  0%| F|  |TAMS 0x0000000704800000, 0x0000000704800000| Untracked 
|  37|0x0000000704a00000, 0x0000000704a00000, 0x0000000704c00000|  0%| F|  |TAMS 0x0000000704a00000, 0x0000000704a00000| Untracked 
|  38|0x0000000704c00000, 0x0000000704c00000, 0x0000000704e00000|  0%| F|  |TAMS 0x0000000704c00000, 0x0000000704c00000| Untracked 
|  39|0x0000000704e00000, 0x0000000704e00000, 0x0000000705000000|  0%| F|  |TAMS 0x0000000704e00000, 0x0000000704e00000| Untracked 
|  40|0x0000000705000000, 0x0000000705000000, 0x0000000705200000|  0%| F|  |TAMS 0x0000000705000000, 0x0000000705000000| Untracked 
|  41|0x0000000705200000, 0x0000000705200000, 0x0000000705400000|  0%| F|  |TAMS 0x0000000705200000, 0x0000000705200000| Untracked 
|  42|0x0000000705400000, 0x0000000705400000, 0x0000000705600000|  0%| F|  |TAMS 0x0000000705400000, 0x0000000705400000| Untracked 
|  43|0x0000000705600000, 0x0000000705600000, 0x0000000705800000|  0%| F|  |TAMS 0x0000000705600000, 0x0000000705600000| Untracked 
|  44|0x0000000705800000, 0x0000000705800000, 0x0000000705a00000|  0%| F|  |TAMS 0x0000000705800000, 0x0000000705800000| Untracked 
|  45|0x0000000705a00000, 0x0000000705a00000, 0x0000000705c00000|  0%| F|  |TAMS 0x0000000705a00000, 0x0000000705a00000| Untracked 
|  46|0x0000000705c00000, 0x0000000705c00000, 0x0000000705e00000|  0%| F|  |TAMS 0x0000000705c00000, 0x0000000705c00000| Untracked 
|  47|0x0000000705e00000, 0x0000000705e00000, 0x0000000706000000|  0%| F|  |TAMS 0x0000000705e00000, 0x0000000705e00000| Untracked 
|  48|0x0000000706000000, 0x0000000706000000, 0x0000000706200000|  0%| F|  |TAMS 0x0000000706000000, 0x0000000706000000| Untracked 
|  49|0x0000000706200000, 0x0000000706200000, 0x0000000706400000|  0%| F|  |TAMS 0x0000000706200000, 0x0000000706200000| Untracked 
|  50|0x0000000706400000, 0x0000000706400000, 0x0000000706600000|  0%| F|  |TAMS 0x0000000706400000, 0x0000000706400000| Untracked 
|  51|0x0000000706600000, 0x0000000706600000, 0x0000000706800000|  0%| F|  |TAMS 0x0000000706600000, 0x0000000706600000| Untracked 
|  52|0x0000000706800000, 0x0000000706800000, 0x0000000706a00000|  0%| F|  |TAMS 0x0000000706800000, 0x0000000706800000| Untracked 
|  53|0x0000000706a00000, 0x0000000706a00000, 0x0000000706c00000|  0%| F|  |TAMS 0x0000000706a00000, 0x0000000706a00000| Untracked 
|  54|0x0000000706c00000, 0x0000000706c00000, 0x0000000706e00000|  0%| F|  |TAMS 0x0000000706c00000, 0x0000000706c00000| Untracked 
|  55|0x0000000706e00000, 0x0000000706e00000, 0x0000000707000000|  0%| F|  |TAMS 0x0000000706e00000, 0x0000000706e00000| Untracked 
|  56|0x0000000707000000, 0x0000000707000000, 0x0000000707200000|  0%| F|  |TAMS 0x0000000707000000, 0x0000000707000000| Untracked 
|  57|0x0000000707200000, 0x0000000707200000, 0x0000000707400000|  0%| F|  |TAMS 0x0000000707200000, 0x0000000707200000| Untracked 
|  58|0x0000000707400000, 0x0000000707400000, 0x0000000707600000|  0%| F|  |TAMS 0x0000000707400000, 0x0000000707400000| Untracked 
|  59|0x0000000707600000, 0x0000000707600000, 0x0000000707800000|  0%| F|  |TAMS 0x0000000707600000, 0x0000000707600000| Untracked 
|  60|0x0000000707800000, 0x0000000707800000, 0x0000000707a00000|  0%| F|  |TAMS 0x0000000707800000, 0x0000000707800000| Untracked 
|  61|0x0000000707a00000, 0x0000000707a00000, 0x0000000707c00000|  0%| F|  |TAMS 0x0000000707a00000, 0x0000000707a00000| Untracked 
|  62|0x0000000707c00000, 0x0000000707c00000, 0x0000000707e00000|  0%| F|  |TAMS 0x0000000707c00000, 0x0000000707c00000| Untracked 
|  63|0x0000000707e00000, 0x0000000707e00000, 0x0000000708000000|  0%| F|  |TAMS 0x0000000707e00000, 0x0000000707e00000| Untracked 
|  64|0x0000000708000000, 0x0000000708000000, 0x0000000708200000|  0%| F|  |TAMS 0x0000000708000000, 0x0000000708000000| Untracked 
|  65|0x0000000708200000, 0x0000000708200000, 0x0000000708400000|  0%| F|  |TAMS 0x0000000708200000, 0x0000000708200000| Untracked 
|  66|0x0000000708400000, 0x0000000708400000, 0x0000000708600000|  0%| F|  |TAMS 0x0000000708400000, 0x0000000708400000| Untracked 
|  67|0x0000000708600000, 0x0000000708600000, 0x0000000708800000|  0%| F|  |TAMS 0x0000000708600000, 0x0000000708600000| Untracked 
|  68|0x0000000708800000, 0x0000000708800000, 0x0000000708a00000|  0%| F|  |TAMS 0x0000000708800000, 0x0000000708800000| Untracked 
|  69|0x0000000708a00000, 0x0000000708a00000, 0x0000000708c00000|  0%| F|  |TAMS 0x0000000708a00000, 0x0000000708a00000| Untracked 
|  70|0x0000000708c00000, 0x0000000708c00000, 0x0000000708e00000|  0%| F|  |TAMS 0x0000000708c00000, 0x0000000708c00000| Untracked 
|  71|0x0000000708e00000, 0x0000000708e00000, 0x0000000709000000|  0%| F|  |TAMS 0x0000000708e00000, 0x0000000708e00000| Untracked 
|  72|0x0000000709000000, 0x0000000709000000, 0x0000000709200000|  0%| F|  |TAMS 0x0000000709000000, 0x0000000709000000| Untracked 
|  73|0x0000000709200000, 0x0000000709200000, 0x0000000709400000|  0%| F|  |TAMS 0x0000000709200000, 0x0000000709200000| Untracked 
|  74|0x0000000709400000, 0x0000000709400000, 0x0000000709600000|  0%| F|  |TAMS 0x0000000709400000, 0x0000000709400000| Untracked 
|  75|0x0000000709600000, 0x0000000709600000, 0x0000000709800000|  0%| F|  |TAMS 0x0000000709600000, 0x0000000709600000| Untracked 
|  76|0x0000000709800000, 0x0000000709800000, 0x0000000709a00000|  0%| F|  |TAMS 0x0000000709800000, 0x0000000709800000| Untracked 
|  77|0x0000000709a00000, 0x0000000709a00000, 0x0000000709c00000|  0%| F|  |TAMS 0x0000000709a00000, 0x0000000709a00000| Untracked 
|  78|0x0000000709c00000, 0x0000000709c00000, 0x0000000709e00000|  0%| F|  |TAMS 0x0000000709c00000, 0x0000000709c00000| Untracked 
|  79|0x0000000709e00000, 0x0000000709e00000, 0x000000070a000000|  0%| F|  |TAMS 0x0000000709e00000, 0x0000000709e00000| Untracked 
|  80|0x000000070a000000, 0x000000070a000000, 0x000000070a200000|  0%| F|  |TAMS 0x000000070a000000, 0x000000070a000000| Untracked 
|  81|0x000000070a200000, 0x000000070a200000, 0x000000070a400000|  0%| F|  |TAMS 0x000000070a200000, 0x000000070a200000| Untracked 
|  82|0x000000070a400000, 0x000000070a400000, 0x000000070a600000|  0%| F|  |TAMS 0x000000070a400000, 0x000000070a400000| Untracked 
|  83|0x000000070a600000, 0x000000070a600000, 0x000000070a800000|  0%| F|  |TAMS 0x000000070a600000, 0x000000070a600000| Untracked 
|  84|0x000000070a800000, 0x000000070a800000, 0x000000070aa00000|  0%| F|  |TAMS 0x000000070a800000, 0x000000070a800000| Untracked 
|  85|0x000000070aa00000, 0x000000070aa00000, 0x000000070ac00000|  0%| F|  |TAMS 0x000000070aa00000, 0x000000070aa00000| Untracked 
|  86|0x000000070ac00000, 0x000000070ac00000, 0x000000070ae00000|  0%| F|  |TAMS 0x000000070ac00000, 0x000000070ac00000| Untracked 
|  87|0x000000070ae00000, 0x000000070ae00000, 0x000000070b000000|  0%| F|  |TAMS 0x000000070ae00000, 0x000000070ae00000| Untracked 
|  88|0x000000070b000000, 0x000000070b000000, 0x000000070b200000|  0%| F|  |TAMS 0x000000070b000000, 0x000000070b000000| Untracked 
|  89|0x000000070b200000, 0x000000070b200000, 0x000000070b400000|  0%| F|  |TAMS 0x000000070b200000, 0x000000070b200000| Untracked 
|  90|0x000000070b400000, 0x000000070b400000, 0x000000070b600000|  0%| F|  |TAMS 0x000000070b400000, 0x000000070b400000| Untracked 
|  91|0x000000070b600000, 0x000000070b600000, 0x000000070b800000|  0%| F|  |TAMS 0x000000070b600000, 0x000000070b600000| Untracked 
|  92|0x000000070b800000, 0x000000070b800000, 0x000000070ba00000|  0%| F|  |TAMS 0x000000070b800000, 0x000000070b800000| Untracked 
|  93|0x000000070ba00000, 0x000000070ba00000, 0x000000070bc00000|  0%| F|  |TAMS 0x000000070ba00000, 0x000000070ba00000| Untracked 
|  94|0x000000070bc00000, 0x000000070bc00000, 0x000000070be00000|  0%| F|  |TAMS 0x000000070bc00000, 0x000000070bc00000| Untracked 
|  95|0x000000070be00000, 0x000000070be00000, 0x000000070c000000|  0%| F|  |TAMS 0x000000070be00000, 0x000000070be00000| Untracked 
|  96|0x000000070c000000, 0x000000070c000000, 0x000000070c200000|  0%| F|  |TAMS 0x000000070c000000, 0x000000070c000000| Untracked 
|  97|0x000000070c200000, 0x000000070c200000, 0x000000070c400000|  0%| F|  |TAMS 0x000000070c200000, 0x000000070c200000| Untracked 
|  98|0x000000070c400000, 0x000000070c400000, 0x000000070c600000|  0%| F|  |TAMS 0x000000070c400000, 0x000000070c400000| Untracked 
|  99|0x000000070c600000, 0x000000070c600000, 0x000000070c800000|  0%| F|  |TAMS 0x000000070c600000, 0x000000070c600000| Untracked 
| 100|0x000000070c800000, 0x000000070c800000, 0x000000070ca00000|  0%| F|  |TAMS 0x000000070c800000, 0x000000070c800000| Untracked 
| 101|0x000000070ca00000, 0x000000070ca00000, 0x000000070cc00000|  0%| F|  |TAMS 0x000000070ca00000, 0x000000070ca00000| Untracked 
| 102|0x000000070cc00000, 0x000000070cc00000, 0x000000070ce00000|  0%| F|  |TAMS 0x000000070cc00000, 0x000000070cc00000| Untracked 
| 103|0x000000070ce00000, 0x000000070ce00000, 0x000000070d000000|  0%| F|  |TAMS 0x000000070ce00000, 0x000000070ce00000| Untracked 
| 104|0x000000070d000000, 0x000000070d000000, 0x000000070d200000|  0%| F|  |TAMS 0x000000070d000000, 0x000000070d000000| Untracked 
| 105|0x000000070d200000, 0x000000070d200000, 0x000000070d400000|  0%| F|  |TAMS 0x000000070d200000, 0x000000070d200000| Untracked 
| 106|0x000000070d400000, 0x000000070d400000, 0x000000070d600000|  0%| F|  |TAMS 0x000000070d400000, 0x000000070d400000| Untracked 
| 107|0x000000070d600000, 0x000000070d600000, 0x000000070d800000|  0%| F|  |TAMS 0x000000070d600000, 0x000000070d600000| Untracked 
| 108|0x000000070d800000, 0x000000070d800000, 0x000000070da00000|  0%| F|  |TAMS 0x000000070d800000, 0x000000070d800000| Untracked 
| 109|0x000000070da00000, 0x000000070da00000, 0x000000070dc00000|  0%| F|  |TAMS 0x000000070da00000, 0x000000070da00000| Untracked 
| 110|0x000000070dc00000, 0x000000070dc00000, 0x000000070de00000|  0%| F|  |TAMS 0x000000070dc00000, 0x000000070dc00000| Untracked 
| 111|0x000000070de00000, 0x000000070de00000, 0x000000070e000000|  0%| F|  |TAMS 0x000000070de00000, 0x000000070de00000| Untracked 
| 112|0x000000070e000000, 0x000000070e000000, 0x000000070e200000|  0%| F|  |TAMS 0x000000070e000000, 0x000000070e000000| Untracked 
| 113|0x000000070e200000, 0x000000070e200000, 0x000000070e400000|  0%| F|  |TAMS 0x000000070e200000, 0x000000070e200000| Untracked 
| 114|0x000000070e400000, 0x000000070e400000, 0x000000070e600000|  0%| F|  |TAMS 0x000000070e400000, 0x000000070e400000| Untracked 
| 115|0x000000070e600000, 0x000000070e675538, 0x000000070e800000| 22%| S|CS|TAMS 0x000000070e600000, 0x000000070e600000| Complete 
| 116|0x000000070e800000, 0x000000070ea00000, 0x000000070ea00000|100%| S|CS|TAMS 0x000000070e800000, 0x000000070e800000| Complete 
| 117|0x000000070ea00000, 0x000000070eba4c30, 0x000000070ec00000| 82%| E|  |TAMS 0x000000070ea00000, 0x000000070ea00000| Complete 
| 118|0x000000070ec00000, 0x000000070ee00000, 0x000000070ee00000|100%| E|CS|TAMS 0x000000070ec00000, 0x000000070ec00000| Complete 
| 119|0x000000070ee00000, 0x000000070f000000, 0x000000070f000000|100%| E|CS|TAMS 0x000000070ee00000, 0x000000070ee00000| Complete 
| 120|0x000000070f000000, 0x000000070f200000, 0x000000070f200000|100%| E|CS|TAMS 0x000000070f000000, 0x000000070f000000| Complete 
| 121|0x000000070f200000, 0x000000070f400000, 0x000000070f400000|100%| E|CS|TAMS 0x000000070f200000, 0x000000070f200000| Complete 
| 122|0x000000070f400000, 0x000000070f600000, 0x000000070f600000|100%| E|CS|TAMS 0x000000070f400000, 0x000000070f400000| Complete 
| 123|0x000000070f600000, 0x000000070f800000, 0x000000070f800000|100%| E|CS|TAMS 0x000000070f600000, 0x000000070f600000| Complete 
| 124|0x000000070f800000, 0x000000070fa00000, 0x000000070fa00000|100%| E|CS|TAMS 0x000000070f800000, 0x000000070f800000| Complete 
| 125|0x000000070fa00000, 0x000000070fc00000, 0x000000070fc00000|100%| E|CS|TAMS 0x000000070fa00000, 0x000000070fa00000| Complete 
| 126|0x000000070fc00000, 0x000000070fe00000, 0x000000070fe00000|100%| E|CS|TAMS 0x000000070fc00000, 0x000000070fc00000| Complete 
| 127|0x000000070fe00000, 0x0000000710000000, 0x0000000710000000|100%| E|CS|TAMS 0x000000070fe00000, 0x000000070fe00000| Complete 
|2046|0x00000007ffc00000, 0x00000007ffd78000, 0x00000007ffe00000| 73%|OA|  |TAMS 0x00000007ffc00000, 0x00000007ffc00000| Untracked 
|2047|0x00000007ffe00000, 0x00000007ffe80000, 0x0000000800000000| 25%|CA|  |TAMS 0x00000007ffe00000, 0x00000007ffe00000| Untracked 

Card table byte_map: [0x000000011cf54000,0x000000011d754000] _byte_map_base: 0x0000000119754000

Marking Bits (Prev, Next): (CMBitMap*) 0x0000000140842210, (CMBitMap*) 0x0000000140842250
 Prev Bits: [0x000000011df54000, 0x0000000121f54000)
 Next Bits: [0x0000000121f54000, 0x0000000125f54000)

Polling page: 0x00000001047bc000

Metaspace:

Usage:
  Non-class:      8.72 MB used.
      Class:      1.51 MB used.
       Both:     10.23 MB used.

Virtual space:
  Non-class space:       16.00 MB reserved,       8.88 MB ( 55%) committed,  2 nodes.
      Class space:        1.00 GB reserved,       1.62 MB ( <1%) committed,  1 nodes.
             Both:        1.02 GB reserved,      10.50 MB (  1%) committed. 

Chunk freelists:
   Non-Class:  2.02 MB
       Class:  2.35 MB
        Both:  4.36 MB

MaxMetaspaceSize: unlimited
CompressedClassSpaceSize: 1.00 GB
Initial GC threshold: 21.00 MB
Current GC threshold: 21.00 MB
CDS: on
MetaspaceReclaimPolicy: balanced
 - commit_granule_bytes: 65536.
 - commit_granule_words: 8192.
 - virtual_space_node_default_size: 1048576.
 - enlarge_chunks_in_place: 1.
 - new_chunks_are_fully_committed: 0.
 - uncommit_free_chunks: 1.
 - use_allocation_guard: 0.
 - handle_deallocations: 1.


Internal statistics:

num_allocs_failed_limit: 0.
num_arena_births: 304.
num_arena_deaths: 0.
num_vsnodes_births: 3.
num_vsnodes_deaths: 0.
num_space_committed: 168.
num_space_uncommitted: 0.
num_chunks_returned_to_freelist: 0.
num_chunks_taken_from_freelist: 664.
num_chunk_merges: 0.
num_chunk_splits: 447.
num_chunks_enlarged: 310.
num_purges: 0.
num_inconsistent_stats: 0.

CodeHeap 'non-profiled nmethods': size=120032Kb used=430Kb max_used=430Kb free=119601Kb
 bounds [0x0000000115a1c000, 0x0000000115c8c000, 0x000000011cf54000]
CodeHeap 'profiled nmethods': size=120016Kb used=2580Kb max_used=2580Kb free=117435Kb
 bounds [0x000000010e4e8000, 0x000000010e778000, 0x0000000115a1c000]
CodeHeap 'non-nmethods': size=5712Kb used=1475Kb max_used=1475Kb free=4236Kb
 bounds [0x000000010df54000, 0x000000010e1c4000, 0x000000010e4e8000]
 total_blobs=2141 nmethods=1393 adapters=660
 compilation: enabled
              stopped_count=0, restarted_count=0
 full_count=0

Compilation events (20 events):
Event: 0.442 Thread 0x0000000138009400 nmethod 1453 0x000000010e769190 code [0x000000010e769380, 0x000000010e7698e8]
Event: 0.442 Thread 0x0000000138009400 1454       2       java.util.Hashtable::addEntry (87 bytes)
Event: 0.442 Thread 0x0000000138009400 nmethod 1454 0x000000010e769b10 code [0x000000010e769d00, 0x000000010e76a1c8]
Event: 0.442 Thread 0x0000000138009400 1455       1       com.sun.prism.impl.BaseGraphics::getTransformNoClone (5 bytes)
Event: 0.442 Thread 0x0000000138009400 nmethod 1455 0x0000000115a7bc10 code [0x0000000115a7bd80, 0x0000000115a7be68]
Event: 0.442 Thread 0x0000000138009400 1456       1       com.sun.prism.impl.BaseGraphics::setDepthTest (6 bytes)
Event: 0.442 Thread 0x0000000138009400 nmethod 1456 0x0000000115a7bf10 code [0x0000000115a7c080, 0x0000000115a7c168]
Event: 0.443 Thread 0x0000000138009400 1457  s    1       java.lang.StringBuffer::length (5 bytes)
Event: 0.443 Thread 0x0000000138009400 nmethod 1457 0x0000000115a7c210 code [0x0000000115a7c380, 0x0000000115a7c568]
Event: 0.443 Thread 0x0000000138009400 1458       2       com.sun.glass.ui.Application::invokeLater (13 bytes)
Event: 0.443 Thread 0x0000000138009400 nmethod 1458 0x000000010e76a390 code [0x000000010e76a580, 0x000000010e76a878]
Event: 0.443 Thread 0x0000000138009400 1459       2       com.sun.glass.ui.mac.MacApplication::_invokeLater (24 bytes)
Event: 0.444 Thread 0x0000000138009400 nmethod 1459 0x000000010e76aa90 code [0x000000010e76ac80, 0x000000010e76af38]
Event: 0.444 Thread 0x0000000138009400 1460   !   2       com.sun.javafx.application.PlatformImpl::runLater (89 bytes)
Event: 0.444 Thread 0x0000000138009400 nmethod 1460 0x000000010e76b110 code [0x000000010e76b3c0, 0x000000010e76bc48]
Event: 0.444 Thread 0x0000000138009400 1461   !   2       com.sun.javafx.application.PlatformImpl::waitForStart (26 bytes)
Event: 0.444 Thread 0x0000000138009400 nmethod 1461 0x000000010e76c390 code [0x000000010e76c540, 0x000000010e76c788]
Event: 0.445 Thread 0x0000000138009400 1462       2       com.sun.javafx.tk.Toolkit::isFxUserThread (15 bytes)
Event: 0.445 Thread 0x0000000138009400 nmethod 1462 0x000000010e76c910 code [0x000000010e76cac0, 0x000000010e76cc28]
Event: 0.445 Thread 0x0000000138009400 1463       2       java.security.AccessController::checkContext (49 bytes)

GC Heap History (2 events):
Event: 0.258 GC heap before
{Heap before GC invocations=0 (full 0):
 garbage-first heap   total 266240K, used 24544K [0x0000000700000000, 0x0000000800000000)
  region size 2048K, 11 young (22528K), 0 survivors (0K)
 Metaspace       used 6297K, committed 6528K, reserved 1056768K
  class space    used 903K, committed 1024K, reserved 1048576K
}
Event: 0.260 GC heap after
{Heap after GC invocations=1 (full 0):
 garbage-first heap   total 266240K, used 4533K [0x0000000700000000, 0x0000000800000000)
  region size 2048K, 2 young (4096K), 2 survivors (4096K)
 Metaspace       used 6297K, committed 6528K, reserved 1056768K
  class space    used 903K, committed 1024K, reserved 1048576K
}

Deoptimization events (20 events):
Event: 0.377 Thread 0x00000001381a0800 Uncommon trap: trap_request=0xffffffde fr.pc=0x0000000115a6bc54 relative=0x0000000000000594
Event: 0.377 Thread 0x00000001381a0800 Uncommon trap: reason=class_check action=maybe_recompile pc=0x0000000115a6bc54 method=java.util.zip.InflaterInputStream.read([BII)I @ 100 c2
Event: 0.377 Thread 0x00000001381a0800 DEOPT PACKING pc=0x0000000115a6bc54 sp=0x000000016fb6dbc0
Event: 0.377 Thread 0x00000001388bae00 Uncommon trap: trap_request=0xffffffde fr.pc=0x0000000115a6bc54 relative=0x0000000000000594
Event: 0.377 Thread 0x00000001381a0800 DEOPT UNPACKING pc=0x000000010df92d1c sp=0x000000016fb6db50 mode 2
Event: 0.377 Thread 0x00000001388bae00 Uncommon trap: reason=class_check action=maybe_recompile pc=0x0000000115a6bc54 method=java.util.zip.InflaterInputStream.read([BII)I @ 100 c2
Event: 0.377 Thread 0x00000001388bae00 DEOPT PACKING pc=0x0000000115a6bc54 sp=0x000000016f755bc0
Event: 0.377 Thread 0x00000001388bae00 DEOPT UNPACKING pc=0x000000010df92d1c sp=0x000000016f755b50 mode 2
Event: 0.377 Thread 0x00000001388bae00 Uncommon trap: trap_request=0xffffffde fr.pc=0x0000000115a6bc54 relative=0x0000000000000594
Event: 0.377 Thread 0x00000001388bae00 Uncommon trap: reason=class_check action=maybe_recompile pc=0x0000000115a6bc54 method=java.util.zip.InflaterInputStream.read([BII)I @ 100 c2
Event: 0.377 Thread 0x00000001388bae00 DEOPT PACKING pc=0x0000000115a6bc54 sp=0x000000016f755a80
Event: 0.377 Thread 0x00000001388bae00 DEOPT UNPACKING pc=0x000000010df92d1c sp=0x000000016f755a10 mode 2
Event: 0.377 Thread 0x00000001388bae00 Uncommon trap: trap_request=0xffffffde fr.pc=0x0000000115a6bc54 relative=0x0000000000000594
Event: 0.377 Thread 0x00000001388bae00 Uncommon trap: reason=class_check action=maybe_recompile pc=0x0000000115a6bc54 method=java.util.zip.InflaterInputStream.read([BII)I @ 100 c2
Event: 0.377 Thread 0x00000001388bae00 DEOPT PACKING pc=0x0000000115a6bc54 sp=0x000000016f755a80
Event: 0.377 Thread 0x00000001388bae00 DEOPT UNPACKING pc=0x000000010df92d1c sp=0x000000016f755a10 mode 2
Event: 0.421 Thread 0x0000000138098600 DEOPT PACKING pc=0x000000010e62fb14 sp=0x000000016e0425c0
Event: 0.421 Thread 0x0000000138098600 DEOPT UNPACKING pc=0x000000010df92b7c sp=0x000000016e042290 mode 3
Event: 0.421 Thread 0x0000000138098600 DEOPT PACKING pc=0x000000010e631360 sp=0x000000016e042620
Event: 0.421 Thread 0x0000000138098600 DEOPT UNPACKING pc=0x000000010df92b7c sp=0x000000016e0422f0 mode 3

Classes unloaded (0 events):
No events

Classes redefined (0 events):
No events

Internal exceptions (20 events):
Event: 0.238 Thread 0x00000001381a4400 Exception <a 'sun/nio/fs/UnixException'{0x000000070ec70048}> (0x000000070ec70048) 
thrown [src/hotspot/share/prims/jni.cpp, line 516]
Event: 0.240 Thread 0x00000001381a4400 Exception <a 'java/lang/NoSuchMethodError'{0x000000070eca3730}: 'void java.lang.invoke.DirectMethodHandle$Holder.invokeSpecial(java.lang.Object, java.lang.Object, java.lang.Object, java.lang.Object, java.lang.Object)'> (0x000000070eca3730) 
thrown [src/hotspot/share/interpreter/linkResolver.cpp, line 766]
Event: 0.327 Thread 0x00000001381a4400 Exception <a 'java/lang/NoSuchMethodError'{0x000000070f9c8070}: 'java.lang.Object java.lang.invoke.DirectMethodHandle$Holder.invokeSpecial(java.lang.Object, java.lang.Object, long, int, java.lang.Object, java.lang.Object, long, long, long, long)'> (0x000000070f9c8070) 
thrown [src/hotspot/share/interpreter/linkResolver.cpp, line 766]
Event: 0.327 Thread 0x00000001381a4400 Exception <a 'java/lang/NoSuchMethodError'{0x000000070f9cc058}: 'java.lang.Object java.lang.invoke.DelegatingMethodHandle$Holder.reinvoke_L(java.lang.Object, long, int, java.lang.Object, java.lang.Object, long, long, long, long)'> (0x000000070f9cc058) 
thrown [src/hotspot/share/interpreter/linkResolver.cpp, line 766]
Event: 0.329 Thread 0x00000001381a4400 Exception <a 'sun/nio/fs/UnixException'{0x000000070f9f79c8}> (0x000000070f9f79c8) 
thrown [src/hotspot/share/prims/jni.cpp, line 516]
Event: 0.330 Thread 0x00000001381a4400 Exception <a 'java/lang/NoSuchMethodError'{0x000000070f61d4c8}: 'java.lang.Object java.lang.invoke.DirectMethodHandle$Holder.invokeInterface(java.lang.Object, java.lang.Object)'> (0x000000070f61d4c8) 
thrown [src/hotspot/share/interpreter/linkResolver.cpp, line 766]
Event: 0.335 Thread 0x00000001381a4400 Exception <a 'sun/nio/fs/UnixException'{0x000000070f6a1180}> (0x000000070f6a1180) 
thrown [src/hotspot/share/prims/jni.cpp, line 516]
Event: 0.337 Thread 0x00000001381a4400 Exception <a 'java/lang/NoSuchMethodError'{0x000000070f6ac990}: 'java.lang.Object java.lang.invoke.DirectMethodHandle$Holder.invokeStatic(java.lang.Object, int, java.lang.Object)'> (0x000000070f6ac990) 
thrown [src/hotspot/share/interpreter/linkResolver.cpp, line 766]
Event: 0.338 Thread 0x00000001381a4400 Exception <a 'java/lang/ClassNotFoundException'{0x000000070f6bd638}: sun/util/logging/resources/spi/loggingProvider> (0x000000070f6bd638) 
thrown [src/hotspot/share/classfile/systemDictionary.cpp, line 256]
Event: 0.351 Thread 0x00000001381a4400 Exception <a 'java/lang/NoSuchMethodError'{0x000000070f4e9548}: 'java.lang.Object java.lang.invoke.DirectMethodHandle$Holder.invokeStaticInit(java.lang.Object, java.lang.Object, java.lang.Object)'> (0x000000070f4e9548) 
thrown [src/hotspot/share/interpreter/linkResolver.cpp, line 766]
Event: 0.354 Thread 0x00000001381a4400 Exception <a 'java/lang/NoSuchMethodError'{0x000000070f52a9c0}: 'java.lang.Object java.lang.invoke.DirectMethodHandle$Holder.invokeSpecial(java.lang.Object, java.lang.Object, java.lang.Object, int, java.lang.Object)'> (0x000000070f52a9c0) 
thrown [src/hotspot/share/interpreter/linkResolver.cpp, line 766]
Event: 0.354 Thread 0x0000000138184200 Implicit null exception at 0x0000000115a50e7c to 0x0000000115a5129c
Event: 0.354 Thread 0x0000000138184200 Implicit null exception at 0x0000000115a55afc to 0x0000000115a55f14
Event: 0.368 Thread 0x00000001381a4400 Exception <a 'java/lang/NoSuchMethodError'{0x000000070f317ee8}: 'java.lang.Object java.lang.invoke.DirectMethodHandle$Holder.newInvokeSpecial(java.lang.Object, java.lang.Object, int)'> (0x000000070f317ee8) 
thrown [src/hotspot/share/interpreter/linkResolver.cpp, line 766]
Event: 0.373 Thread 0x00000001381a0800 Exception <a 'java/lang/NoSuchMethodError'{0x000000070ee02580}: 'java.lang.Object java.lang.invoke.DirectMethodHandle$Holder.newInvokeSpecial(java.lang.Object, java.lang.Object, int, int)'> (0x000000070ee02580) 
thrown [src/hotspot/share/interpreter/linkResolver.cpp, line 766]
Event: 0.409 Thread 0x00000001381a4400 Exception <a 'java/lang/NoSuchMethodError'{0x000000070f334458}: 'long java.lang.invoke.DirectMethodHandle$Holder.invokeStatic(java.lang.Object, java.lang.Object, java.lang.Object)'> (0x000000070f334458) 
thrown [src/hotspot/share/interpreter/linkResolver.cpp, line 766]
Event: 0.409 Thread 0x00000001381a4400 Exception <a 'java/lang/NoSuchMethodError'{0x000000070f337c00}: 'long java.lang.invoke.DirectMethodHandle$Holder.invokeStaticInit(java.lang.Object, java.lang.Object, java.lang.Object)'> (0x000000070f337c00) 
thrown [src/hotspot/share/interpreter/linkResolver.cpp, line 766]
Event: 0.410 Thread 0x00000001381a4400 Exception <a 'java/lang/NoSuchMethodError'{0x000000070f34f808}: 'java.lang.Object java.lang.invoke.DirectMethodHandle$Holder.newInvokeSpecial(java.lang.Object, java.lang.Object, long)'> (0x000000070f34f808) 
thrown [src/hotspot/share/interpreter/linkResolver.cpp, line 766]
Event: 0.410 Thread 0x00000001381a4400 Exception <a 'java/lang/NoSuchMethodError'{0x000000070f3530d0}: 'java.lang.Object java.lang.invoke.Invokers$Holder.linkToTargetMethod(java.lang.Object, long, java.lang.Object)'> (0x000000070f3530d0) 
thrown [src/hotspot/share/interpreter/linkResolver.cpp, line 766]
Event: 0.423 Thread 0x0000000138098600 Exception <a 'java/lang/NoSuchMethodError'{0x000000070ed64fd0}: 'int java.lang.invoke.DirectMethodHandle$Holder.invokeStaticInit(java.lang.Object, java.lang.Object)'> (0x000000070ed64fd0) 
thrown [src/hotspot/share/interpreter/linkResolver.cpp, line 766]

VM Operations (16 events):
Event: 0.046 Executing VM operation: HandshakeAllThreads
Event: 0.046 Executing VM operation: HandshakeAllThreads done
Event: 0.046 Executing VM operation: HandshakeAllThreads
Event: 0.046 Executing VM operation: HandshakeAllThreads done
Event: 0.057 Executing VM operation: HandshakeAllThreads
Event: 0.057 Executing VM operation: HandshakeAllThreads done
Event: 0.187 Executing VM operation: ICBufferFull
Event: 0.191 Executing VM operation: ICBufferFull done
Event: 0.258 Executing VM operation: G1CollectForAllocation
Event: 0.260 Executing VM operation: G1CollectForAllocation done
Event: 0.343 Executing VM operation: HandshakeAllThreads
Event: 0.343 Executing VM operation: HandshakeAllThreads done
Event: 0.350 Executing VM operation: HandshakeAllThreads
Event: 0.350 Executing VM operation: HandshakeAllThreads done
Event: 0.415 Executing VM operation: ICBufferFull
Event: 0.415 Executing VM operation: ICBufferFull done

Events (20 events):
Event: 0.383 loading class java/nio/FloatBuffer
Event: 0.384 loading class java/nio/FloatBuffer done
Event: 0.408 loading class java/util/concurrent/ConcurrentLinkedQueue
Event: 0.408 loading class java/util/concurrent/ConcurrentLinkedQueue done
Event: 0.408 loading class java/util/concurrent/ConcurrentLinkedQueue$Node
Event: 0.408 loading class java/util/concurrent/ConcurrentLinkedQueue$Node done
Event: 0.421 loading class java/util/concurrent/locks/ReentrantReadWriteLock$Sync$HoldCounter
Event: 0.421 loading class java/util/concurrent/locks/ReentrantReadWriteLock$Sync$HoldCounter done
Event: 0.422 loading class java/util/EnumMap$Values
Event: 0.422 loading class java/util/EnumMap$Values done
Event: 0.422 loading class java/util/EnumMap$ValueIterator
Event: 0.422 loading class java/util/EnumMap$EnumMapIterator
Event: 0.422 loading class java/util/EnumMap$EnumMapIterator done
Event: 0.422 loading class java/util/EnumMap$ValueIterator done
Event: 0.428 loading class java/io/BufferedReader
Event: 0.428 loading class java/io/BufferedReader done
Event: 0.438 loading class java/nio/DirectShortBufferU
Event: 0.438 loading class java/nio/ShortBuffer
Event: 0.438 loading class java/nio/ShortBuffer done
Event: 0.438 loading class java/nio/DirectShortBufferU done


Dynamic libraries:
0x000000010476c000 	/opt/homebrew/Cellar/openjdk/17/libexec/openjdk.jdk/Contents/Home/lib/libjli.dylib
0x00000001bcfd6000 	/usr/lib/libz.1.dylib
0x00000001bd086000 	/usr/lib/libSystem.B.dylib
0x00000001bd080000 	/usr/lib/system/libcache.dylib
0x00000001bd03e000 	/usr/lib/system/libcommonCrypto.dylib
0x00000001bd067000 	/usr/lib/system/libcompiler_rt.dylib
0x00000001bd05e000 	/usr/lib/system/libcopyfile.dylib
0x00000001b238a000 	/usr/lib/system/libcorecrypto.dylib
0x00000001b242f000 	/usr/lib/system/libdispatch.dylib
0x00000001b25f7000 	/usr/lib/system/libdyld.dylib
0x00000001bd076000 	/usr/lib/system/libkeymgr.dylib
0x00000001bd020000 	/usr/lib/system/libmacho.dylib
0x00000001bc72c000 	/usr/lib/system/libquarantine.dylib
0x00000001bd073000 	/usr/lib/system/libremovefile.dylib
0x00000001b7779000 	/usr/lib/system/libsystem_asl.dylib
0x00000001b2334000 	/usr/lib/system/libsystem_blocks.dylib
0x00000001b24b5000 	/usr/lib/system/libsystem_c.dylib
0x00000001bd06b000 	/usr/lib/system/libsystem_collections.dylib
0x00000001bbb89000 	/usr/lib/system/libsystem_configuration.dylib
0x00000001bae0f000 	/usr/lib/system/libsystem_containermanager.dylib
0x00000001bcd8a000 	/usr/lib/system/libsystem_coreservices.dylib
0x00000001b4d1c000 	/usr/lib/system/libsystem_darwin.dylib
0x00000001bd077000 	/usr/lib/system/libsystem_dnssd.dylib
0x00000001b24b2000 	/usr/lib/system/libsystem_featureflags.dylib
0x00000001b260c000 	/usr/lib/system/libsystem_info.dylib
0x00000001bcfe8000 	/usr/lib/system/libsystem_m.dylib
0x00000001b2404000 	/usr/lib/system/libsystem_malloc.dylib
0x00000001b770a000 	/usr/lib/system/libsystem_networkextension.dylib
0x00000001b516f000 	/usr/lib/system/libsystem_notify.dylib
0x00000001c3253000 	/usr/lib/system/libsystem_product_info_filter.dylib
0x00000001bbb8e000 	/usr/lib/system/libsystem_sandbox.dylib
0x00000001bd070000 	/usr/lib/system/libsystem_secinit.dylib
0x00000001b25b4000 	/usr/lib/system/libsystem_kernel.dylib
0x00000001b2604000 	/usr/lib/system/libsystem_platform.dylib
0x00000001b25ea000 	/usr/lib/system/libsystem_pthread.dylib
0x00000001b8eaf000 	/usr/lib/system/libsystem_symptoms.dylib
0x00000001b2370000 	/usr/lib/system/libsystem_trace.dylib
0x00000001bd04b000 	/usr/lib/system/libunwind.dylib
0x00000001b2336000 	/usr/lib/system/libxpc.dylib
0x00000001b259a000 	/usr/lib/libc++abi.dylib
0x00000001b2476000 	/usr/lib/libobjc.A.dylib
0x00000001bd056000 	/usr/lib/liboah.dylib
0x00000001b2536000 	/usr/lib/libc++.1.dylib
0x00000001c8c30000 	/System/Library/Frameworks/Cocoa.framework/Versions/A/Cocoa
0x00000001b51ce000 	/System/Library/Frameworks/AppKit.framework/Versions/C/AppKit
0x00000001b86f0000 	/System/Library/Frameworks/CoreData.framework/Versions/A/CoreData
0x00000001b352f000 	/System/Library/Frameworks/Foundation.framework/Versions/C/Foundation
0x00000001b6080000 	/System/Library/PrivateFrameworks/UIFoundation.framework/Versions/A/UIFoundation
0x00000001c2f4d000 	/System/Library/PrivateFrameworks/RemoteViewServices.framework/Versions/A/RemoteViewServices
0x00000001bb548000 	/System/Library/PrivateFrameworks/XCTTargetBootstrap.framework/Versions/A/XCTTargetBootstrap
0x00000001bed88000 	/System/Library/PrivateFrameworks/InternationalSupport.framework/Versions/A/InternationalSupport
0x00000001bee11000 	/System/Library/PrivateFrameworks/UserActivity.framework/Versions/A/UserActivity
0x00000001be2b3000 	/usr/lib/libspindump.dylib
0x00000001b62f0000 	/System/Library/Frameworks/UniformTypeIdentifiers.framework/Versions/A/UniformTypeIdentifiers
0x00000001b9ad6000 	/usr/lib/libapp_launch_measurement.dylib
0x00000001b9053000 	/System/Library/PrivateFrameworks/CoreAnalytics.framework/Versions/A/CoreAnalytics
0x00000001b9ad9000 	/System/Library/PrivateFrameworks/CoreAutoLayout.framework/Versions/A/CoreAutoLayout
0x00000001bae4c000 	/System/Library/Frameworks/Metal.framework/Versions/A/Metal
0x00000001bbb99000 	/usr/lib/liblangid.dylib
0x00000001bb54c000 	/System/Library/PrivateFrameworks/CoreSVG.framework/Versions/A/CoreSVG
0x00000001b77ad000 	/System/Library/PrivateFrameworks/SkyLight.framework/Versions/A/SkyLight
0x00000001b7b75000 	/System/Library/Frameworks/CoreGraphics.framework/Versions/A/CoreGraphics
0x00000001c35c6000 	/System/Library/Frameworks/Accelerate.framework/Versions/A/Accelerate
0x00000001bdd28000 	/System/Library/PrivateFrameworks/IconServices.framework/Versions/A/IconServices
0x00000001bae2e000 	/System/Library/Frameworks/IOSurface.framework/Versions/A/IOSurface
0x00000001b9083000 	/usr/lib/libDiagnosticMessagesClient.dylib
0x00000001c69fe000 	/System/Library/Frameworks/ApplicationServices.framework/Versions/A/ApplicationServices
0x00000001bb530000 	/System/Library/PrivateFrameworks/DFRFoundation.framework/Versions/A/DFRFoundation
0x00000001b4a71000 	/usr/lib/libicucore.A.dylib
0x00000001bfb85000 	/System/Library/Frameworks/AudioToolbox.framework/Versions/A/AudioToolbox
0x00000001bed94000 	/System/Library/PrivateFrameworks/DataDetectorsCore.framework/Versions/A/DataDetectorsCore
0x00000001d4db0000 	/System/Library/PrivateFrameworks/TextInput.framework/Versions/A/TextInput
0x00000001b7724000 	/usr/lib/libMobileGestalt.dylib
0x00000001bb200000 	/System/Library/Frameworks/Carbon.framework/Versions/A/Frameworks/HIToolbox.framework/Versions/A/HIToolbox
0x00000001b94e0000 	/System/Library/Frameworks/QuartzCore.framework/Versions/A/QuartzCore
0x00000001b46ee000 	/System/Library/Frameworks/Security.framework/Versions/A/Security
0x00000001c2f8d000 	/System/Library/Frameworks/Carbon.framework/Versions/A/Frameworks/SpeechRecognition.framework/Versions/A/SpeechRecognition
0x00000001b982d000 	/System/Library/PrivateFrameworks/CoreUI.framework/Versions/A/CoreUI
0x00000001b3fc1000 	/System/Library/Frameworks/CoreAudio.framework/Versions/A/CoreAudio
0x00000001b9173000 	/System/Library/Frameworks/DiskArbitration.framework/Versions/A/DiskArbitration
0x00000001be69b000 	/System/Library/PrivateFrameworks/MultitouchSupport.framework/Versions/A/MultitouchSupport
0x00000001b7722000 	/usr/lib/libenergytrace.dylib
0x00000001b509a000 	/System/Library/Frameworks/IOKit.framework/Versions/A/IOKit
0x00000001c3374000 	/System/Library/Frameworks/CoreServices.framework/Versions/A/CoreServices
0x00000001b9a66000 	/System/Library/PrivateFrameworks/PerformanceAnalysis.framework/Versions/A/PerformanceAnalysis
0x00000002135d5000 	/System/Library/Frameworks/OpenGL.framework/Versions/A/OpenGL
0x00000001bc64c000 	/System/Library/PrivateFrameworks/MobileKeyBag.framework/Versions/A/MobileKeyBag
0x00000001b8185000 	/System/Library/Frameworks/ColorSync.framework/Versions/A/ColorSync
0x00000001b2638000 	/System/Library/Frameworks/CoreFoundation.framework/Versions/A/CoreFoundation
0x00000001bb7cd000 	/System/Library/Frameworks/CoreImage.framework/Versions/A/CoreImage
0x00000001b3de4000 	/System/Library/Frameworks/CoreText.framework/Versions/A/CoreText
0x00000001bb57c000 	/System/Library/Frameworks/ImageIO.framework/Versions/A/ImageIO
0x00000001bd08c000 	/System/Library/PrivateFrameworks/SoftLinking.framework/Versions/A/SoftLinking
0x00000001b9b23000 	/usr/lib/libxml2.2.dylib
0x00000001bd324000 	/usr/lib/libcompression.dylib
0x00000001bece1000 	/System/Library/PrivateFrameworks/TextureIO.framework/Versions/A/TextureIO
0x00000001bda42000 	/usr/lib/libate.dylib
0x00000001bd90a000 	/usr/lib/liblzma.5.dylib
0x00000001b3220000 	/System/Library/Frameworks/SystemConfiguration.framework/Versions/A/SystemConfiguration
0x00000001bd088000 	/usr/lib/libfakelink.dylib
0x00000001b7252000 	/System/Library/Frameworks/CFNetwork.framework/Versions/A/CFNetwork
0x00000001bd1cf000 	/usr/lib/libarchive.2.dylib
0x00000001bbb95000 	/System/Library/PrivateFrameworks/AppleSystemInfo.framework/Versions/A/AppleSystemInfo
0x00000001bc756000 	/usr/lib/libbsm.0.dylib
0x00000001b678f000 	/usr/lib/libnetwork.dylib
0x00000001bd026000 	/usr/lib/system/libkxld.dylib
0x00000001bc36e000 	/System/Library/PrivateFrameworks/IOMobileFramebuffer.framework/Versions/A/IOMobileFramebuffer
0x000000022ef00000 	/usr/lib/libCoreEntitlements.dylib
0x00000001bcd6c000 	/System/Library/PrivateFrameworks/AppleFSCompression.framework/Versions/A/AppleFSCompression
0x00000001bc73f000 	/usr/lib/libcoretls.dylib
0x00000001bd923000 	/usr/lib/libcoretls_cfhelpers.dylib
0x00000001bd31f000 	/usr/lib/libpam.2.dylib
0x00000001b8ad7000 	/usr/lib/libsqlite3.dylib
0x00000001bd98b000 	/usr/lib/libxar.1.dylib
0x00000001bcd7d000 	/usr/lib/libbz2.1.0.dylib
0x00000001bd08d000 	/usr/lib/libpcap.A.dylib
0x00000001b8ea6000 	/usr/lib/libdns_services.dylib
0x00000001bd2f2000 	/usr/lib/libapple_nghttp2.dylib
0x00000001bd0ca000 	/usr/lib/libiconv.2.dylib
0x00000001bd01f000 	/usr/lib/libcharset.1.dylib
0x00000001b9aa2000 	/System/Library/Frameworks/CoreServices.framework/Versions/A/Frameworks/FSEvents.framework/Versions/A/FSEvents
0x00000001b4d27000 	/System/Library/Frameworks/CoreServices.framework/Versions/A/Frameworks/CarbonCore.framework/Versions/A/CarbonCore
0x00000001b90d6000 	/System/Library/Frameworks/CoreServices.framework/Versions/A/Frameworks/Metadata.framework/Versions/A/Metadata
0x00000001bcd90000 	/System/Library/Frameworks/CoreServices.framework/Versions/A/Frameworks/OSServices.framework/Versions/A/OSServices
0x00000001bd254000 	/System/Library/Frameworks/CoreServices.framework/Versions/A/Frameworks/SearchKit.framework/Versions/A/SearchKit
0x00000001b8e34000 	/System/Library/Frameworks/CoreServices.framework/Versions/A/Frameworks/AE.framework/Versions/A/AE
0x00000001b2b7c000 	/System/Library/Frameworks/CoreServices.framework/Versions/A/Frameworks/LaunchServices.framework/Versions/A/LaunchServices
0x00000001bd8b3000 	/System/Library/Frameworks/CoreServices.framework/Versions/A/Frameworks/DictionaryServices.framework/Versions/A/DictionaryServices
0x00000001b9aaf000 	/System/Library/Frameworks/CoreServices.framework/Versions/A/Frameworks/SharedFileList.framework/Versions/A/SharedFileList
0x00000001bc72f000 	/usr/lib/libCheckFix.dylib
0x00000001b7791000 	/System/Library/PrivateFrameworks/TCC.framework/Versions/A/TCC
0x00000001bbb9b000 	/System/Library/PrivateFrameworks/CoreNLP.framework/Versions/A/CoreNLP
0x00000001b9086000 	/System/Library/PrivateFrameworks/MetadataUtilities.framework/Versions/A/MetadataUtilities
0x00000001b32d9000 	/usr/lib/libmecabra.dylib
0x00000001bc767000 	/usr/lib/libmecab.dylib
0x00000001b32a5000 	/usr/lib/libCRFSuite.dylib
0x00000001bc7c5000 	/usr/lib/libgermantok.dylib
0x00000001bd2cb000 	/usr/lib/libThaiTokenizer.dylib
0x00000001b917b000 	/System/Library/Frameworks/Accelerate.framework/Versions/A/Frameworks/vImage.framework/Versions/A/vImage
0x00000001c334b000 	/System/Library/Frameworks/Accelerate.framework/Versions/A/Frameworks/vecLib.framework/Versions/A/vecLib
0x00000001bd9cf000 	/System/Library/Frameworks/Accelerate.framework/Versions/A/Frameworks/vecLib.framework/Versions/A/libvMisc.dylib
0x00000001bc278000 	/System/Library/Frameworks/Accelerate.framework/Versions/A/Frameworks/vecLib.framework/Versions/A/libvDSP.dylib
0x00000001b2eff000 	/System/Library/Frameworks/Accelerate.framework/Versions/A/Frameworks/vecLib.framework/Versions/A/libBLAS.dylib
0x00000001bd3f3000 	/System/Library/Frameworks/Accelerate.framework/Versions/A/Frameworks/vecLib.framework/Versions/A/libLAPACK.dylib
0x00000001bc7c8000 	/System/Library/Frameworks/Accelerate.framework/Versions/A/Frameworks/vecLib.framework/Versions/A/libLinearAlgebra.dylib
0x00000001bd30a000 	/System/Library/Frameworks/Accelerate.framework/Versions/A/Frameworks/vecLib.framework/Versions/A/libSparseBLAS.dylib
0x00000001bd3ee000 	/System/Library/Frameworks/Accelerate.framework/Versions/A/Frameworks/vecLib.framework/Versions/A/libQuadrature.dylib
0x00000001bbc92000 	/System/Library/Frameworks/Accelerate.framework/Versions/A/Frameworks/vecLib.framework/Versions/A/libBNNS.dylib
0x00000001b31bd000 	/System/Library/Frameworks/Accelerate.framework/Versions/A/Frameworks/vecLib.framework/Versions/A/libSparse.dylib
0x00000001bbc8a000 	/System/Library/PrivateFrameworks/LinguisticData.framework/Versions/A/LinguisticData
0x00000001b3173000 	/System/Library/PrivateFrameworks/Lexicon.framework/Versions/A/Lexicon
0x00000001bd9c7000 	/usr/lib/libChineseTokenizer.dylib
0x00000001b391d000 	/System/Library/PrivateFrameworks/LanguageModeling.framework/Versions/A/LanguageModeling
0x00000001bd2cd000 	/System/Library/PrivateFrameworks/AppleSauce.framework/Versions/A/AppleSauce
0x00000001bc35b000 	/System/Library/PrivateFrameworks/CoreEmoji.framework/Versions/A/CoreEmoji
0x00000001bd1bd000 	/usr/lib/libcmph.dylib
0x00000001b9a82000 	/System/Library/Frameworks/OpenDirectory.framework/Versions/A/Frameworks/CFOpenDirectory.framework/Versions/A/CFOpenDirectory
0x00000001b9a72000 	/System/Library/Frameworks/OpenDirectory.framework/Versions/A/OpenDirectory
0x00000001bd925000 	/System/Library/PrivateFrameworks/APFS.framework/Versions/A/APFS
0x00000001bc687000 	/System/Library/Frameworks/SecurityFoundation.framework/Versions/A/SecurityFoundation
0x00000001bd999000 	/usr/lib/libutil.dylib
0x00000001b505c000 	/System/Library/PrivateFrameworks/CoreServicesStore.framework/Versions/A/CoreServicesStore
0x00000001bd99d000 	/usr/lib/libxslt.1.dylib
0x00000001bc71b000 	/System/Library/PrivateFrameworks/BackgroundTaskManagement.framework/Versions/A/BackgroundTaskManagement
0x00000001bec02000 	/System/Library/Frameworks/ImageIO.framework/Versions/A/Resources/libRadiance.dylib
0x00000001bec0b000 	/System/Library/Frameworks/ImageIO.framework/Versions/A/Resources/libJPEG.dylib
0x00000001beb5d000 	/System/Library/Frameworks/ImageIO.framework/Versions/A/Resources/libPng.dylib
0x00000001beb7f000 	/System/Library/Frameworks/ImageIO.framework/Versions/A/Resources/libTIFF.dylib
0x00000001bec66000 	/System/Library/Frameworks/ImageIO.framework/Versions/A/Resources/libGIF.dylib
0x00000001be5ab000 	/System/Library/Frameworks/ImageIO.framework/Versions/A/Resources/libJP2.dylib
0x00000001bdcee000 	/usr/lib/libexpat.1.dylib
0x00000001be566000 	/System/Library/PrivateFrameworks/AppleJPEG.framework/Versions/A/AppleJPEG
0x00000001bb0bf000 	/System/Library/PrivateFrameworks/FontServices.framework/libFontParser.dylib
0x00000001b8dd9000 	/System/Library/PrivateFrameworks/RunningBoardServices.framework/Versions/A/RunningBoardServices
0x00000001c929b000 	/System/Library/PrivateFrameworks/IOSurfaceAccelerator.framework/Versions/A/IOSurfaceAccelerator
0x00000001be697000 	/System/Library/PrivateFrameworks/WatchdogClient.framework/Versions/A/WatchdogClient
0x00000001b3a21000 	/System/Library/Frameworks/CoreDisplay.framework/Versions/A/CoreDisplay
0x00000001bafae000 	/System/Library/Frameworks/CoreMedia.framework/Versions/A/CoreMedia
0x00000001bae42000 	/System/Library/PrivateFrameworks/IOAccelerator.framework/Versions/A/IOAccelerator
0x00000001b9c10000 	/System/Library/Frameworks/CoreVideo.framework/Versions/A/CoreVideo
0x00000001bd31d000 	/System/Library/Frameworks/MetalPerformanceShaders.framework/Versions/A/MetalPerformanceShaders
0x00000001be6d4000 	/System/Library/Frameworks/VideoToolbox.framework/Versions/A/VideoToolbox
0x00000001b8d1d000 	/System/Library/PrivateFrameworks/BaseBoard.framework/Versions/A/BaseBoard
0x00000001b8abc000 	/System/Library/PrivateFrameworks/ProtocolBuffer.framework/Versions/A/ProtocolBuffer
0x00000001bebfd000 	/System/Library/PrivateFrameworks/GPUWrangler.framework/Versions/A/GPUWrangler
0x00000001bebdc000 	/System/Library/PrivateFrameworks/IOPresentment.framework/Versions/A/IOPresentment
0x00000001bec05000 	/System/Library/PrivateFrameworks/DSExternalDisplay.framework/Versions/A/DSExternalDisplay
0x00000002135c8000 	/System/Library/Frameworks/OpenGL.framework/Versions/A/Libraries/libCoreFSCache.dylib
0x000000021cce2000 	/System/Library/PrivateFrameworks/GPUCompiler.framework/Versions/31001/Libraries/libGPUCompilerUtils.dylib
0x00000001bec6b000 	/System/Library/PrivateFrameworks/CMCaptureCore.framework/Versions/A/CMCaptureCore
0x00000001be2a1000 	/System/Library/PrivateFrameworks/AppServerSupport.framework/Versions/A/AppServerSupport
0x00000001c0440000 	/System/Library/PrivateFrameworks/perfdata.framework/Versions/A/perfdata
0x00000001b3b41000 	/System/Library/PrivateFrameworks/AudioToolboxCore.framework/Versions/A/AudioToolboxCore
0x00000001baf86000 	/System/Library/PrivateFrameworks/caulk.framework/Versions/A/caulk
0x00000001bfd35000 	/usr/lib/libAudioStatistics.dylib
0x00000001d154e000 	/System/Library/PrivateFrameworks/SystemPolicy.framework/Versions/A/SystemPolicy
0x00000001bff95000 	/usr/lib/libSMC.dylib
0x00000001c8b12000 	/System/Library/Frameworks/CoreMIDI.framework/Versions/A/CoreMIDI
0x00000001beb2b000 	/usr/lib/libAudioToolboxUtility.dylib
0x00000001cd9f4000 	/System/Library/PrivateFrameworks/OSAServicesClient.framework/Versions/A/OSAServicesClient
0x00000001c044d000 	/usr/lib/libperfcheck.dylib
0x00000001d2051000 	/usr/lib/libmis.dylib
0x0000000213629000 	/System/Library/Frameworks/OpenGL.framework/Versions/A/Libraries/libGLU.dylib
0x00000002135e8000 	/System/Library/Frameworks/OpenGL.framework/Versions/A/Libraries/libGFXShared.dylib
0x00000002137d2000 	/System/Library/Frameworks/OpenGL.framework/Versions/A/Libraries/libGL.dylib
0x00000002135f1000 	/System/Library/Frameworks/OpenGL.framework/Versions/A/Libraries/libGLImage.dylib
0x00000002135e5000 	/System/Library/Frameworks/OpenGL.framework/Versions/A/Libraries/libCVMSPluginSupport.dylib
0x00000002135cf000 	/System/Library/Frameworks/OpenGL.framework/Versions/A/Libraries/libCoreVMClient.dylib
0x00000001bbb17000 	/System/Library/Frameworks/MetalPerformanceShaders.framework/Versions/A/Frameworks/MPSCore.framework/Versions/A/MPSCore
0x00000001bccdf000 	/System/Library/Frameworks/MetalPerformanceShaders.framework/Versions/A/Frameworks/MPSImage.framework/Versions/A/MPSImage
0x00000001bc7dd000 	/System/Library/Frameworks/MetalPerformanceShaders.framework/Versions/A/Frameworks/MPSNeuralNetwork.framework/Versions/A/MPSNeuralNetwork
0x00000001bcc1a000 	/System/Library/Frameworks/MetalPerformanceShaders.framework/Versions/A/Frameworks/MPSMatrix.framework/Versions/A/MPSMatrix
0x00000001bc9f5000 	/System/Library/Frameworks/MetalPerformanceShaders.framework/Versions/A/Frameworks/MPSRayIntersector.framework/Versions/A/MPSRayIntersector
0x00000001bcc4b000 	/System/Library/Frameworks/MetalPerformanceShaders.framework/Versions/A/Frameworks/MPSNDArray.framework/Versions/A/MPSNDArray
0x00000002152e4000 	/System/Library/Frameworks/MetalPerformanceShaders.framework/Versions/A/Frameworks/MPSFunctions.framework/Versions/A/MPSFunctions
0x00000001b2ddd000 	/System/Library/PrivateFrameworks/MetalTools.framework/Versions/A/MetalTools
0x00000001bbb93000 	/System/Library/PrivateFrameworks/AggregateDictionary.framework/Versions/A/AggregateDictionary
0x00000001bdad4000 	/usr/lib/libIOReport.dylib
0x00000001c7b00000 	/System/Library/PrivateFrameworks/ASEProcessing.framework/Versions/A/ASEProcessing
0x00000001bde46000 	/System/Library/PrivateFrameworks/FaceCore.framework/Versions/A/FaceCore
0x00000001bde38000 	/System/Library/PrivateFrameworks/GraphVisualizer.framework/Versions/A/GraphVisualizer
0x000000021cbf9000 	/System/Library/PrivateFrameworks/FontServices.framework/Versions/A/FontServices
0x00000001be25b000 	/System/Library/PrivateFrameworks/OTSVG.framework/Versions/A/OTSVG
0x00000001b97de000 	/System/Library/Frameworks/ApplicationServices.framework/Versions/A/Frameworks/ATS.framework/Versions/A/Resources/libFontRegistry.dylib
0x00000001be2aa000 	/System/Library/PrivateFrameworks/FontServices.framework/libhvf.dylib
0x000000021cbfa000 	/System/Library/PrivateFrameworks/FontServices.framework/libXTFontStaticRegistryData.dylib
0x0000000213974000 	/System/Library/Frameworks/OpenCL.framework/Versions/A/OpenCL
0x00000001bdca2000 	/System/Library/PrivateFrameworks/AppleVA.framework/Versions/A/AppleVA
0x00000001bfd5d000 	/System/Library/Frameworks/ApplicationServices.framework/Versions/A/Frameworks/ATS.framework/Versions/A/ATS
0x00000001b8282000 	/System/Library/Frameworks/ApplicationServices.framework/Versions/A/Frameworks/HIServices.framework/Versions/A/HIServices
0x00000001bec75000 	/System/Library/Frameworks/ApplicationServices.framework/Versions/A/Frameworks/PrintCore.framework/Versions/A/PrintCore
0x00000001c00e8000 	/System/Library/Frameworks/ApplicationServices.framework/Versions/A/Frameworks/QD.framework/Versions/A/QD
0x00000001c00e0000 	/System/Library/Frameworks/ApplicationServices.framework/Versions/A/Frameworks/ColorSyncLegacy.framework/Versions/A/ColorSyncLegacy
0x00000001bfd49000 	/System/Library/Frameworks/ApplicationServices.framework/Versions/A/Frameworks/SpeechSynthesis.framework/Versions/A/SpeechSynthesis
0x00000001bec36000 	/System/Library/Frameworks/ApplicationServices.framework/Versions/A/Frameworks/ATSUI.framework/Versions/A/ATSUI
0x00000001c0075000 	/usr/lib/libcups.2.dylib
0x00000001c045b000 	/System/Library/Frameworks/Kerberos.framework/Versions/A/Kerberos
0x00000001c046c000 	/System/Library/Frameworks/GSS.framework/Versions/A/GSS
0x00000001bfdcc000 	/usr/lib/libresolv.9.dylib
0x00000001be2b8000 	/System/Library/PrivateFrameworks/Heimdal.framework/Versions/A/Heimdal
0x00000001c6d74000 	/System/Library/Frameworks/Kerberos.framework/Versions/A/Libraries/libHeimdalProxy.dylib
0x00000001b8eb8000 	/System/Library/Frameworks/Network.framework/Versions/A/Network
0x00000001bdd09000 	/usr/lib/libheimdal-asn1.dylib
0x00000001c04b2000 	/System/Library/PrivateFrameworks/CommonAuth.framework/Versions/A/CommonAuth
0x00000001bfcc3000 	/System/Library/PrivateFrameworks/AudioSession.framework/Versions/A/AudioSession
0x00000001bdd9a000 	/System/Library/PrivateFrameworks/MediaExperience.framework/Versions/A/MediaExperience
0x00000001bfb4b000 	/System/Library/PrivateFrameworks/AudioSession.framework/libSessionUtility.dylib
0x00000001c00f4000 	/System/Library/PrivateFrameworks/AudioResourceArbitration.framework/Versions/A/AudioResourceArbitration
0x00000001bdd12000 	/System/Library/PrivateFrameworks/IconFoundation.framework/Versions/A/IconFoundation
0x00000001c2f79000 	/System/Library/PrivateFrameworks/SpeechRecognitionCore.framework/Versions/A/SpeechRecognitionCore
0x0000000105708000 	/opt/homebrew/Cellar/openjdk/17/libexec/openjdk.jdk/Contents/Home/lib/server/libjvm.dylib
0x00000001047d0000 	/opt/homebrew/Cellar/openjdk/17/libexec/openjdk.jdk/Contents/Home/lib/libjimage.dylib
0x0000000104918000 	/opt/homebrew/Cellar/openjdk/17/libexec/openjdk.jdk/Contents/Home/lib/libjava.dylib
0x000000010538c000 	/opt/homebrew/Cellar/openjdk/17/libexec/openjdk.jdk/Contents/Home/lib/libnio.dylib
0x00000001053ac000 	/opt/homebrew/Cellar/openjdk/17/libexec/openjdk.jdk/Contents/Home/lib/libnet.dylib
0x00000001053d0000 	/opt/homebrew/Cellar/openjdk/17/libexec/openjdk.jdk/Contents/Home/lib/libzip.dylib
0x00000001053e8000 	/Users/louislombard/.openjfx/cache/11.0.2/libprism_es2.dylib
0x00000001b501f000 	/System/Library/PrivateFrameworks/CoreServicesInternal.framework/Versions/A/CoreServicesInternal
0x00000002137dc000 	/System/Library/Frameworks/OpenGL.framework/Versions/A/Resources/GLEngine.bundle/GLEngine
0x0000000213663000 	/System/Library/Frameworks/OpenGL.framework/Versions/A/Libraries/libGLProgrammability.dylib
0x00000001055d4000 	/System/Library/Extensions/AppleMetalOpenGLRenderer.bundle/Contents/MacOS/AppleMetalOpenGLRenderer
0x000000021394b000 	/System/Library/Frameworks/OpenGL.framework/Versions/A/Resources/GLRendererFloat.bundle/GLRendererFloat
0x00000002139ec000 	/System/Library/Extensions/AGXMetal13_3.bundle/Contents/MacOS/AGXMetal13_3
0x00000001d206d000 	/System/Library/PrivateFrameworks/GPURawCounter.framework/Versions/A/GPURawCounter
0x00000001ccb42000 	/System/Library/PrivateFrameworks/IOGPU.framework/Versions/A/IOGPU
0x0000000127f54000 	/Users/louislombard/.openjfx/cache/11.0.2/libglass.dylib
0x00000001c4419000 	/System/Library/Frameworks/FileProvider.framework/Versions/A/FileProvider
0x00000001b8c85000 	/System/Library/Frameworks/Accounts.framework/Versions/A/Accounts
0x00000001c4599000 	/System/Library/PrivateFrameworks/GenerationalStorage.framework/Versions/A/GenerationalStorage
0x00000001c5149000 	/System/Library/PrivateFrameworks/CoreSymbolication.framework/Versions/A/CoreSymbolication
0x00000001c41b9000 	/System/Library/PrivateFrameworks/SymptomDiagnosticReporter.framework/Versions/A/SymptomDiagnosticReporter
0x00000001b6304000 	/System/Library/PrivateFrameworks/DesktopServicesPriv.framework/Versions/A/DesktopServicesPriv
0x00000001b517e000 	/usr/lib/libsandbox.1.dylib
0x00000001b9c9c000 	/System/Library/PrivateFrameworks/UserManagement.framework/Versions/A/UserManagement
0x00000001c510a000 	/System/Library/PrivateFrameworks/DebugSymbols.framework/Versions/A/DebugSymbols
0x00000001c00d3000 	/System/Library/PrivateFrameworks/NetAuth.framework/Versions/A/NetAuth
0x00000001c0fd1000 	/System/Library/PrivateFrameworks/Sharing.framework/Versions/A/Sharing
0x00000001b9c6c000 	/System/Library/PrivateFrameworks/login.framework/Versions/A/Frameworks/loginsupport.framework/Versions/A/loginsupport
0x00000001c62ba000 	/System/Library/PrivateFrameworks/Apple80211.framework/Versions/A/Apple80211
0x00000001bcdc3000 	/System/Library/PrivateFrameworks/AuthKit.framework/Versions/A/AuthKit
0x00000001bc45a000 	/System/Library/PrivateFrameworks/CoreUtils.framework/Versions/A/CoreUtils
0x00000001bc37a000 	/System/Library/Frameworks/CoreWLAN.framework/Versions/A/CoreWLAN
0x00000001c113a000 	/System/Library/Frameworks/IOBluetooth.framework/Versions/A/IOBluetooth
0x00000001c631a000 	/System/Library/PrivateFrameworks/CoreWiFi.framework/Versions/A/CoreWiFi
0x00000001c4cf1000 	/System/Library/PrivateFrameworks/FrontBoardServices.framework/Versions/A/FrontBoardServices
0x00000001c4d89000 	/System/Library/PrivateFrameworks/BoardServices.framework/Versions/A/BoardServices
0x00000001bc675000 	/System/Library/PrivateFrameworks/AssertionServices.framework/Versions/A/AssertionServices
0x00000001c6488000 	/System/Library/PrivateFrameworks/BackBoardServices.framework/Versions/A/BackBoardServices
0x00000001c0545000 	/System/Library/PrivateFrameworks/CorePhoneNumbers.framework/Versions/A/CorePhoneNumbers
0x00000001c42e9000 	/System/Library/PrivateFrameworks/DiskManagement.framework/Versions/A/DiskManagement
0x00000001c41ec000 	/System/Library/PrivateFrameworks/AppleIDAuthSupport.framework/Versions/A/AppleIDAuthSupport
0x000000021757d000 	/System/Library/PrivateFrameworks/AAAFoundation.framework/Versions/A/AAAFoundation
0x00000001c0524000 	/System/Library/PrivateFrameworks/KeychainCircle.framework/Versions/A/KeychainCircle
0x00000001c42b5000 	/System/Library/PrivateFrameworks/MediaKit.framework/Versions/A/MediaKit
0x00000001c41f9000 	/System/Library/Frameworks/DiscRecording.framework/Versions/A/DiscRecording
0x00000001bdc1e000 	/usr/lib/libCoreStorage.dylib
0x00000001c6782000 	/usr/lib/libcsfde.dylib
0x00000001c120f000 	/System/Library/PrivateFrameworks/ProtectedCloudStorage.framework/Versions/A/ProtectedCloudStorage
0x00000001c677a000 	/System/Library/PrivateFrameworks/EFILogin.framework/Versions/A/EFILogin
0x00000001c45c0000 	/System/Library/PrivateFrameworks/OctagonTrust.framework/Versions/A/OctagonTrust
0x000000021be64000 	/System/Library/PrivateFrameworks/CoreUtilsExtras.framework/Versions/A/CoreUtilsExtras
0x00000001c412b000 	/System/Library/Frameworks/CoreBluetooth.framework/Versions/A/CoreBluetooth
0x00000001c6df9000 	/System/Library/Frameworks/AudioUnit.framework/Versions/A/AudioUnit
0x00000001bdc16000 	/usr/lib/libMatch.1.dylib
0x00000001d62d4000 	/System/Library/Frameworks/Accelerate.framework/Versions/A/Frameworks/vImage.framework/Versions/A/Libraries/libCGInterfaces.dylib
0x0000000127fec000 	/usr/lib/libobjc-trampolines.dylib
0x000000022f07a000 	/usr/lib/libRosetta.dylib
0x00000001b996a000 	/System/Library/PrivateFrameworks/ViewBridge.framework/Versions/A/ViewBridge
0x00000001bdadd000 	/System/Library/PrivateFrameworks/CrashReporterSupport.framework/Versions/A/CrashReporterSupport
0x00000001ddbe3000 	/System/Library/PrivateFrameworks/OSAnalytics.framework/Versions/A/OSAnalytics
0x00000001e8d32000 	/System/Library/PrivateFrameworks/Symbolication.framework/Versions/A/Symbolication
0x00000001d202e000 	/System/Library/PrivateFrameworks/MallocStackLogging.framework/Versions/A/MallocStackLogging
0x000000012cdcc000 	/Users/louislombard/.openjfx/cache/11.0.2/libjavafx_font.dylib
0x00000001be366000 	/System/Library/PrivateFrameworks/login.framework/Versions/A/login


VM Arguments:
jvm_args: --module-path=/Users/louislombard/Documents/Cours/4IF/TRUEAGILE/de/target/classes:/Users/louislombard/.m2/repository/com/gluonhq/maps/2.0.0-ea+1/maps-2.0.0-ea+1.jar:/Users/louislombard/.m2/repository/com/gluonhq/attach/storage/4.0.11/storage-4.0.11-desktop.jar:/Users/louislombard/.m2/repository/com/gluonhq/attach/util/4.0.11/util-4.0.11.jar:/Users/louislombard/.m2/repository/org/openjfx/javafx-base/11.0.2/javafx-base-11.0.2-mac.jar:/Users/louislombard/.m2/repository/org/openjfx/javafx-controls/17.0.1/javafx-controls-17.0.1-mac-aarch64.jar:/Users/louislombard/.m2/repository/org/openjfx/javafx-fxml/17.0.1/javafx-fxml-17.0.1-mac-aarch64.jar:/Users/louislombard/.m2/repository/org/openjfx/javafx-graphics/17.0.1/javafx-graphics-17.0.1-mac-aarch64.jar --add-modules=org.hexanome -Djdk.module.main=org.hexanome 
java_command: org.hexanome/org.hexanome.vue.App
java_class_path (initial): /Users/louislombard/Documents/Cours/4IF/TRUEAGILE/de/target/classes:/Users/louislombard/.m2/repository/org/openjfx/javafx-base/11.0.2/javafx-base-11.0.2.jar:/Users/louislombard/.m2/repository/org/openjfx/javafx-controls/17.0.1/javafx-controls-17.0.1.jar:/Users/louislombard/.m2/repository/org/openjfx/javafx-fxml/17.0.1/javafx-fxml-17.0.1.jar:/Users/louislombard/.m2/repository/org/openjfx/javafx-graphics/17.0.1/javafx-graphics-17.0.1.jar
Launcher Type: SUN_STANDARD

[Global flags]
     intx CICompilerCount                          = 4                                         {product} {ergonomic}
     uint ConcGCThreads                            = 2                                         {product} {ergonomic}
     uint G1ConcRefinementThreads                  = 8                                         {product} {ergonomic}
   size_t G1HeapRegionSize                         = 2097152                                   {product} {ergonomic}
    uintx GCDrainStackTargetSize                   = 64                                        {product} {ergonomic}
   size_t InitialHeapSize                          = 268435456                                 {product} {ergonomic}
   size_t MarkStackSize                            = 4194304                                   {product} {ergonomic}
   size_t MaxHeapSize                              = 4294967296                                {product} {ergonomic}
   size_t MaxNewSize                               = 2575302656                                {product} {ergonomic}
   size_t MinHeapDeltaBytes                        = 2097152                                   {product} {ergonomic}
   size_t MinHeapSize                              = 8388608                                   {product} {ergonomic}
    uintx NonNMethodCodeHeapSize                   = 5839564                                {pd product} {ergonomic}
    uintx NonProfiledCodeHeapSize                  = 122909338                              {pd product} {ergonomic}
    uintx ProfiledCodeHeapSize                     = 122909338                              {pd product} {ergonomic}
    uintx ReservedCodeCacheSize                    = 251658240                              {pd product} {ergonomic}
     bool SegmentedCodeCache                       = true                                      {product} {ergonomic}
   size_t SoftMaxHeapSize                          = 4294967296                             {manageable} {ergonomic}
     bool UseCompressedClassPointers               = true                           {product lp64_product} {ergonomic}
     bool UseCompressedOops                        = true                           {product lp64_product} {ergonomic}
     bool UseG1GC                                  = true                                      {product} {ergonomic}
     bool UseNUMA                                  = false                                     {product} {ergonomic}
     bool UseNUMAInterleaving                      = false                                     {product} {ergonomic}

Logging:
Log output configuration:
 #0: stdout all=warning uptime,level,tags
 #1: stderr all=off uptime,level,tags

Environment Variables:
JAVA_HOME=/opt/homebrew/opt/openjdk/libexec/openjdk.jdk/Contents/Home
PATH=/opt/homebrew/bin:/opt/homebrew/sbin:/usr/local/bin:/usr/bin:/bin:/usr/sbin:/sbin:/Library/Apple/usr/bin
SHELL=/bin/zsh
LC_CTYPE=fr_FR.UTF-8

Signal Handlers:
   SIGSEGV: _ZL13crash_handleriP9__siginfoPv in libjvm.dylib, mask=11100110000111110111111111111111, flags=SA_RESTART|SA_SIGINFO
    SIGBUS: _ZL13crash_handleriP9__siginfoPv in libjvm.dylib, mask=11100110000111110111111111111111, flags=SA_RESTART|SA_SIGINFO
    SIGFPE: _ZL13crash_handleriP9__siginfoPv in libjvm.dylib, mask=11100110000111110111111111111111, flags=SA_RESTART|SA_SIGINFO
   SIGPIPE: _ZL17javaSignalHandleriP9__siginfoPv in libjvm.dylib, mask=11100110000111110111111111111111, flags=SA_RESTART|SA_SIGINFO
   SIGXFSZ: _ZL17javaSignalHandleriP9__siginfoPv in libjvm.dylib, mask=11100110000111110111111111111111, flags=SA_RESTART|SA_SIGINFO
    SIGILL: _ZL13crash_handleriP9__siginfoPv in libjvm.dylib, mask=11100110000111110111111111111111, flags=SA_RESTART|SA_SIGINFO
   SIGUSR2: _ZL10SR_handleriP9__siginfoP17__darwin_ucontext in libjvm.dylib, mask=00100000000000000000000000000000, flags=SA_RESTART|SA_SIGINFO
    SIGHUP: _ZL11UserHandleriPvS_ in libjvm.dylib, mask=11100110000111110111111111111111, flags=SA_RESTART|SA_SIGINFO
    SIGINT: _ZL11UserHandleriPvS_ in libjvm.dylib, mask=11100110000111110111111111111111, flags=SA_RESTART|SA_SIGINFO
   SIGTERM: _ZL11UserHandleriPvS_ in libjvm.dylib, mask=11100110000111110111111111111111, flags=SA_RESTART|SA_SIGINFO
   SIGQUIT: _ZL11UserHandleriPvS_ in libjvm.dylib, mask=11100110000111110111111111111111, flags=SA_RESTART|SA_SIGINFO
   SIGTRAP: _ZL13crash_handleriP9__siginfoPv in libjvm.dylib, mask=11100110000111110111111111111111, flags=SA_RESTART|SA_SIGINFO


---------------  S Y S T E M  ---------------

OS:
uname: Darwin 21.1.0 Darwin Kernel Version 21.1.0: Wed Oct 13 17:33:24 PDT 2021; root:xnu-8019.41.5~1/RELEASE_ARM64_T8101 arm64
OS uptime: 0 days 2:02 hours
rlimit (soft/hard): STACK 8176k/65520k , CORE infinity/infinity , NPROC 2666/4000 , NOFILE 10240/infinity , AS infinity/infinity , CPU infinity/infinity , DATA infinity/infinity , FSIZE infinity/infinity , MEMLOCK infinity/infinity , RSS infinity/infinity
load average: 1.60 1.73 1.79

CPU: total 8 (initial active 8) 0x61:0x0:0x1b588bb3:0, fp, simd, crc, lse

Memory: 16k page, physical 16777216k(134960k free), swap 0k(0k free)

vm_info: OpenJDK 64-Bit Server VM (17+0) for bsd-aarch64 JRE (17+0), built on Sep 16 2021 10:05:54 by "brew" with clang Apple LLVM 12.0.5 (clang-1205.0.22.9)

END.
